Removed Pin From Net: NetName=1.25V Pin=C1-0
Removed Pin From Net: NetName=VCC+ Pin=C1-1
Removed Pin From Net: NetName=1.25V Pin=C2-0
Removed Pin From Net: NetName=VCC+ Pin=C2-1
Removed Pin From Net: NetName=GND Pin=C3-0
Removed Pin From Net: NetName=1.25V Pin=C3-1
Removed Pin From Net: NetName=GND Pin=C4-0
Removed Pin From Net: NetName=1.25V Pin=C4-1
Removed Pin From Net: NetName=GND Pin=C5-0
Removed Pin From Net: NetName=VCC+ Pin=C5-1
Removed Pin From Net: NetName=GND Pin=C6-0
Removed Pin From Net: NetName=VCC+ Pin=C6-1
Removed Pin From Net: NetName=GND Pin=C7-0
Removed Pin From Net: NetName=VCC- Pin=C7-1
Removed Pin From Net: NetName=GND Pin=C8-0
Removed Pin From Net: NetName=GND Pin=C9-0
Removed Pin From Net: NetName=-1.25V Pin=C9-1
Removed Pin From Net: NetName=GND Pin=C10_C1-0
Removed Pin From Net: NetName=VCC+ Pin=C10_C1-1
Removed Pin From Net: NetName=GND Pin=C10_C2-0
Removed Pin From Net: NetName=VCC+ Pin=C10_C2-1
Removed Pin From Net: NetName=GND Pin=C10_C3-0
Removed Pin From Net: NetName=VCC+ Pin=C10_C3-1
Removed Pin From Net: NetName=GND Pin=C10_C4-0
Removed Pin From Net: NetName=VCC+ Pin=C10_C4-1
Removed Pin From Net: NetName=GND Pin=C10_C5-0
Removed Pin From Net: NetName=VCC+ Pin=C10_C5-1
Removed Pin From Net: NetName=GND Pin=C10_C6-0
Removed Pin From Net: NetName=VCC+ Pin=C10_C6-1
Removed Pin From Net: NetName=GND Pin=C10_C7-0
Removed Pin From Net: NetName=VCC+ Pin=C10_C7-1
Removed Pin From Net: NetName=GND Pin=C10_C8-0
Removed Pin From Net: NetName=VCC+ Pin=C10_C8-1
Removed Pin From Net: NetName=GND Pin=C10_C9-0
Removed Pin From Net: NetName=VCC+ Pin=C10_C9-1
Removed Pin From Net: NetName=GND Pin=C10_C10-0
Removed Pin From Net: NetName=VCC+ Pin=C10_C10-1
Removed Pin From Net: NetName=GND Pin=C10_C13-0
Removed Pin From Net: NetName=VCC+ Pin=C10_C13-1
Removed Pin From Net: NetName=GND Pin=C10_C14-0
Removed Pin From Net: NetName=VCC+ Pin=C10_C14-1
Removed Pin From Net: NetName=GND Pin=C10_C15-0
Removed Pin From Net: NetName=VCC+ Pin=C10_C15-1
Removed Pin From Net: NetName=GND Pin=C10_C16-0
Removed Pin From Net: NetName=VCC+ Pin=C10_C16-1
Removed Pin From Net: NetName=GND Pin=C10_C17-0
Removed Pin From Net: NetName=VCC+ Pin=C10_C17-1
Removed Pin From Net: NetName=GND Pin=C10_C18-0
Removed Pin From Net: NetName=VCC+ Pin=C10_C18-1
Removed Pin From Net: NetName=GND Pin=C10_C19-0
Removed Pin From Net: NetName=VCC+ Pin=C10_C19-1
Removed Pin From Net: NetName=GND Pin=C10_C20-0
Removed Pin From Net: NetName=VCC+ Pin=C10_C20-1
Removed Pin From Net: NetName=GND Pin=C11_C1-0
Removed Pin From Net: NetName=GND Pin=C11_C2-0
Removed Pin From Net: NetName=GND Pin=C11_C3-0
Removed Pin From Net: NetName=GND Pin=C11_C4-0
Removed Pin From Net: NetName=GND Pin=C11_C5-0
Removed Pin From Net: NetName=GND Pin=C11_C6-0
Removed Pin From Net: NetName=GND Pin=C11_C7-0
Removed Pin From Net: NetName=GND Pin=C11_C8-0
Removed Pin From Net: NetName=GND Pin=C11_C9-0
Removed Pin From Net: NetName=GND Pin=C11_C10-0
Removed Pin From Net: NetName=GND Pin=C11_C13-0
Removed Pin From Net: NetName=GND Pin=C11_C14-0
Removed Pin From Net: NetName=GND Pin=C11_C15-0
Removed Pin From Net: NetName=GND Pin=C11_C16-0
Removed Pin From Net: NetName=GND Pin=C11_C17-0
Removed Pin From Net: NetName=GND Pin=C11_C18-0
Removed Pin From Net: NetName=GND Pin=C11_C19-0
Removed Pin From Net: NetName=GND Pin=C11_C20-0
Removed Pin From Net: NetName=GND Pin=C12_C1-0
Removed Pin From Net: NetName=VCC- Pin=C12_C1-1
Removed Pin From Net: NetName=GND Pin=C12_C2-0
Removed Pin From Net: NetName=VCC- Pin=C12_C2-1
Removed Pin From Net: NetName=GND Pin=C12_C3-0
Removed Pin From Net: NetName=VCC- Pin=C12_C3-1
Removed Pin From Net: NetName=GND Pin=C12_C4-0
Removed Pin From Net: NetName=VCC- Pin=C12_C4-1
Removed Pin From Net: NetName=GND Pin=C12_C5-0
Removed Pin From Net: NetName=VCC- Pin=C12_C5-1
Removed Pin From Net: NetName=GND Pin=C12_C6-0
Removed Pin From Net: NetName=VCC- Pin=C12_C6-1
Removed Pin From Net: NetName=GND Pin=C12_C7-0
Removed Pin From Net: NetName=VCC- Pin=C12_C7-1
Removed Pin From Net: NetName=GND Pin=C12_C8-0
Removed Pin From Net: NetName=VCC- Pin=C12_C8-1
Removed Pin From Net: NetName=GND Pin=C12_C9-0
Removed Pin From Net: NetName=VCC- Pin=C12_C9-1
Removed Pin From Net: NetName=GND Pin=C12_C10-0
Removed Pin From Net: NetName=VCC- Pin=C12_C10-1
Removed Pin From Net: NetName=GND Pin=C12_C13-0
Removed Pin From Net: NetName=VCC- Pin=C12_C13-1
Removed Pin From Net: NetName=GND Pin=C12_C14-0
Removed Pin From Net: NetName=VCC- Pin=C12_C14-1
Removed Pin From Net: NetName=GND Pin=C12_C15-0
Removed Pin From Net: NetName=VCC- Pin=C12_C15-1
Removed Pin From Net: NetName=GND Pin=C12_C16-0
Removed Pin From Net: NetName=VCC- Pin=C12_C16-1
Removed Pin From Net: NetName=GND Pin=C12_C17-0
Removed Pin From Net: NetName=VCC- Pin=C12_C17-1
Removed Pin From Net: NetName=GND Pin=C12_C18-0
Removed Pin From Net: NetName=VCC- Pin=C12_C18-1
Removed Pin From Net: NetName=GND Pin=C12_C19-0
Removed Pin From Net: NetName=VCC- Pin=C12_C19-1
Removed Pin From Net: NetName=GND Pin=C12_C20-0
Removed Pin From Net: NetName=VCC- Pin=C12_C20-1
Removed Pin From Net: NetName=STUB4 Pin=H1-0
Removed Pin From Net: NetName=STUB3 Pin=H1-1
Removed Pin From Net: NetName=STUB1 Pin=H1-2
Removed Pin From Net: NetName=STUB2 Pin=H1-3
Removed Pin From Net: NetName=GND Pin=H1_C1-0
Removed Pin From Net: NetName=VEXCITE Pin=H1_C1-3
Removed Pin From Net: NetName=GND Pin=H1_C2-0
Removed Pin From Net: NetName=VEXCITE Pin=H1_C2-3
Removed Pin From Net: NetName=GND Pin=H1_C3-0
Removed Pin From Net: NetName=VEXCITE Pin=H1_C3-3
Removed Pin From Net: NetName=GND Pin=H1_C4-0
Removed Pin From Net: NetName=VEXCITE Pin=H1_C4-3
Removed Pin From Net: NetName=GND Pin=H1_C5-0
Removed Pin From Net: NetName=VEXCITE Pin=H1_C5-3
Removed Pin From Net: NetName=GND Pin=H1_C6-0
Removed Pin From Net: NetName=VEXCITE Pin=H1_C6-3
Removed Pin From Net: NetName=GND Pin=H1_C7-0
Removed Pin From Net: NetName=VEXCITE Pin=H1_C7-3
Removed Pin From Net: NetName=GND Pin=H1_C8-0
Removed Pin From Net: NetName=VEXCITE Pin=H1_C8-3
Removed Pin From Net: NetName=GND Pin=H1_C9-0
Removed Pin From Net: NetName=VEXCITE Pin=H1_C9-3
Removed Pin From Net: NetName=GND Pin=H1_C10-0
Removed Pin From Net: NetName=VEXCITE Pin=H1_C10-3
Removed Pin From Net: NetName=GND Pin=H1_C13-0
Removed Pin From Net: NetName=VEXCITE Pin=H1_C13-3
Removed Pin From Net: NetName=GND Pin=H1_C14-0
Removed Pin From Net: NetName=VEXCITE Pin=H1_C14-3
Removed Pin From Net: NetName=GND Pin=H1_C15-0
Removed Pin From Net: NetName=VEXCITE Pin=H1_C15-3
Removed Pin From Net: NetName=GND Pin=H1_C16-0
Removed Pin From Net: NetName=VEXCITE Pin=H1_C16-3
Removed Pin From Net: NetName=GND Pin=H1_C17-0
Removed Pin From Net: NetName=VEXCITE Pin=H1_C17-3
Removed Pin From Net: NetName=GND Pin=H1_C18-0
Removed Pin From Net: NetName=VEXCITE Pin=H1_C18-3
Removed Pin From Net: NetName=GND Pin=H1_C19-0
Removed Pin From Net: NetName=VEXCITE Pin=H1_C19-3
Removed Pin From Net: NetName=GND Pin=H1_C20-0
Removed Pin From Net: NetName=VEXCITE Pin=H1_C20-3
Removed Pin From Net: NetName=CONT1 Pin=M1-1
Removed Pin From Net: NetName=VEXCITE Pin=M1-2
Removed Pin From Net: NetName=1.25V Pin=M1-3
Removed Pin From Net: NetName=CONT2 Pin=M2-1
Removed Pin From Net: NetName=VEXCITE Pin=M2-2
Removed Pin From Net: NetName=-1.25V Pin=M2-3
Removed Pin From Net: NetName=GND Pin=P1-11
Removed Pin From Net: NetName=GND Pin=P1-13
Removed Pin From Net: NetName=GND Pin=P1-15
Removed Pin From Net: NetName=VEXCITE Pin=P1-17
Removed Pin From Net: NetName=VCC- Pin=P1-19
Removed Pin From Net: NetName=VCC+ Pin=P1-21
Removed Pin From Net: NetName=CONT1 Pin=P1-23
Removed Pin From Net: NetName=CONT2 Pin=P1-29
Removed Pin From Net: NetName=GND Pin=PGA204_C1-1
Removed Pin From Net: NetName=GND Pin=PGA204_C1-6
Removed Pin From Net: NetName=GND Pin=PGA204_C1-7
Removed Pin From Net: NetName=VCC- Pin=PGA204_C1-8
Removed Pin From Net: NetName=GND Pin=PGA204_C1-9
Removed Pin From Net: NetName=GND Pin=PGA204_C1-10
Removed Pin From Net: NetName=VCC+ Pin=PGA204_C1-13
Removed Pin From Net: NetName=GND Pin=PGA204_C1-14
Removed Pin From Net: NetName=GND Pin=PGA204_C2-1
Removed Pin From Net: NetName=GND Pin=PGA204_C2-6
Removed Pin From Net: NetName=GND Pin=PGA204_C2-7
Removed Pin From Net: NetName=VCC- Pin=PGA204_C2-8
Removed Pin From Net: NetName=GND Pin=PGA204_C2-9
Removed Pin From Net: NetName=GND Pin=PGA204_C2-10
Removed Pin From Net: NetName=VCC+ Pin=PGA204_C2-13
Removed Pin From Net: NetName=GND Pin=PGA204_C2-14
Removed Pin From Net: NetName=GND Pin=PGA204_C3-1
Removed Pin From Net: NetName=GND Pin=PGA204_C3-6
Removed Pin From Net: NetName=GND Pin=PGA204_C3-7
Removed Pin From Net: NetName=VCC- Pin=PGA204_C3-8
Removed Pin From Net: NetName=GND Pin=PGA204_C3-9
Removed Pin From Net: NetName=GND Pin=PGA204_C3-10
Removed Pin From Net: NetName=VCC+ Pin=PGA204_C3-13
Removed Pin From Net: NetName=GND Pin=PGA204_C3-14
Removed Pin From Net: NetName=GND Pin=PGA204_C4-1
Removed Pin From Net: NetName=GND Pin=PGA204_C4-6
Removed Pin From Net: NetName=GND Pin=PGA204_C4-7
Removed Pin From Net: NetName=VCC- Pin=PGA204_C4-8
Removed Pin From Net: NetName=GND Pin=PGA204_C4-9
Removed Pin From Net: NetName=GND Pin=PGA204_C4-10
Removed Pin From Net: NetName=VCC+ Pin=PGA204_C4-13
Removed Pin From Net: NetName=GND Pin=PGA204_C4-14
Removed Pin From Net: NetName=GND Pin=PGA204_C5-1
Removed Pin From Net: NetName=GND Pin=PGA204_C5-6
Removed Pin From Net: NetName=GND Pin=PGA204_C5-7
Removed Pin From Net: NetName=VCC- Pin=PGA204_C5-8
Removed Pin From Net: NetName=GND Pin=PGA204_C5-9
Removed Pin From Net: NetName=GND Pin=PGA204_C5-10
Removed Pin From Net: NetName=VCC+ Pin=PGA204_C5-13
Removed Pin From Net: NetName=GND Pin=PGA204_C5-14
Removed Pin From Net: NetName=GND Pin=PGA204_C6-1
Removed Pin From Net: NetName=GND Pin=PGA204_C6-6
Removed Pin From Net: NetName=GND Pin=PGA204_C6-7
Removed Pin From Net: NetName=VCC- Pin=PGA204_C6-8
Removed Pin From Net: NetName=GND Pin=PGA204_C6-9
Removed Pin From Net: NetName=GND Pin=PGA204_C6-10
Removed Pin From Net: NetName=VCC+ Pin=PGA204_C6-13
Removed Pin From Net: NetName=GND Pin=PGA204_C6-14
Removed Pin From Net: NetName=GND Pin=PGA204_C7-1
Removed Pin From Net: NetName=GND Pin=PGA204_C7-6
Removed Pin From Net: NetName=GND Pin=PGA204_C7-7
Removed Pin From Net: NetName=VCC- Pin=PGA204_C7-8
Removed Pin From Net: NetName=GND Pin=PGA204_C7-9
Removed Pin From Net: NetName=GND Pin=PGA204_C7-10
Removed Pin From Net: NetName=VCC+ Pin=PGA204_C7-13
Removed Pin From Net: NetName=GND Pin=PGA204_C7-14
Removed Pin From Net: NetName=GND Pin=PGA204_C8-1
Removed Pin From Net: NetName=GND Pin=PGA204_C8-6
Removed Pin From Net: NetName=GND Pin=PGA204_C8-7
Removed Pin From Net: NetName=VCC- Pin=PGA204_C8-8
Removed Pin From Net: NetName=GND Pin=PGA204_C8-9
Removed Pin From Net: NetName=GND Pin=PGA204_C8-10
Removed Pin From Net: NetName=VCC+ Pin=PGA204_C8-13
Removed Pin From Net: NetName=GND Pin=PGA204_C8-14
Removed Pin From Net: NetName=GND Pin=PGA204_C9-1
Removed Pin From Net: NetName=GND Pin=PGA204_C9-6
Removed Pin From Net: NetName=GND Pin=PGA204_C9-7
Removed Pin From Net: NetName=VCC- Pin=PGA204_C9-8
Removed Pin From Net: NetName=GND Pin=PGA204_C9-9
Removed Pin From Net: NetName=GND Pin=PGA204_C9-10
Removed Pin From Net: NetName=VCC+ Pin=PGA204_C9-13
Removed Pin From Net: NetName=GND Pin=PGA204_C9-14
Removed Pin From Net: NetName=GND Pin=PGA204_C10-1
Removed Pin From Net: NetName=GND Pin=PGA204_C10-6
Removed Pin From Net: NetName=GND Pin=PGA204_C10-7
Removed Pin From Net: NetName=VCC- Pin=PGA204_C10-8
Removed Pin From Net: NetName=GND Pin=PGA204_C10-9
Removed Pin From Net: NetName=GND Pin=PGA204_C10-10
Removed Pin From Net: NetName=VCC+ Pin=PGA204_C10-13
Removed Pin From Net: NetName=GND Pin=PGA204_C10-14
Removed Pin From Net: NetName=GND Pin=PGA204_C13-1
Removed Pin From Net: NetName=GND Pin=PGA204_C13-6
Removed Pin From Net: NetName=GND Pin=PGA204_C13-7
Removed Pin From Net: NetName=VCC- Pin=PGA204_C13-8
Removed Pin From Net: NetName=GND Pin=PGA204_C13-9
Removed Pin From Net: NetName=GND Pin=PGA204_C13-10
Removed Pin From Net: NetName=VCC+ Pin=PGA204_C13-13
Removed Pin From Net: NetName=GND Pin=PGA204_C13-14
Removed Pin From Net: NetName=GND Pin=PGA204_C14-1
Removed Pin From Net: NetName=GND Pin=PGA204_C14-6
Removed Pin From Net: NetName=GND Pin=PGA204_C14-7
Removed Pin From Net: NetName=VCC- Pin=PGA204_C14-8
Removed Pin From Net: NetName=GND Pin=PGA204_C14-9
Removed Pin From Net: NetName=GND Pin=PGA204_C14-10
Removed Pin From Net: NetName=VCC+ Pin=PGA204_C14-13
Removed Pin From Net: NetName=GND Pin=PGA204_C14-14
Removed Pin From Net: NetName=GND Pin=PGA204_C15-1
Removed Pin From Net: NetName=GND Pin=PGA204_C15-6
Removed Pin From Net: NetName=GND Pin=PGA204_C15-7
Removed Pin From Net: NetName=VCC- Pin=PGA204_C15-8
Removed Pin From Net: NetName=GND Pin=PGA204_C15-9
Removed Pin From Net: NetName=GND Pin=PGA204_C15-10
Removed Pin From Net: NetName=VCC+ Pin=PGA204_C15-13
Removed Pin From Net: NetName=GND Pin=PGA204_C15-14
Removed Pin From Net: NetName=GND Pin=PGA204_C16-1
Removed Pin From Net: NetName=GND Pin=PGA204_C16-6
Removed Pin From Net: NetName=GND Pin=PGA204_C16-7
Removed Pin From Net: NetName=VCC- Pin=PGA204_C16-8
Removed Pin From Net: NetName=GND Pin=PGA204_C16-9
Removed Pin From Net: NetName=GND Pin=PGA204_C16-10
Removed Pin From Net: NetName=VCC+ Pin=PGA204_C16-13
Removed Pin From Net: NetName=GND Pin=PGA204_C16-14
Removed Pin From Net: NetName=GND Pin=PGA204_C17-1
Removed Pin From Net: NetName=GND Pin=PGA204_C17-6
Removed Pin From Net: NetName=GND Pin=PGA204_C17-7
Removed Pin From Net: NetName=VCC- Pin=PGA204_C17-8
Removed Pin From Net: NetName=GND Pin=PGA204_C17-9
Removed Pin From Net: NetName=GND Pin=PGA204_C17-10
Removed Pin From Net: NetName=VCC+ Pin=PGA204_C17-13
Removed Pin From Net: NetName=GND Pin=PGA204_C17-14
Removed Pin From Net: NetName=GND Pin=PGA204_C18-1
Removed Pin From Net: NetName=GND Pin=PGA204_C18-6
Removed Pin From Net: NetName=GND Pin=PGA204_C18-7
Removed Pin From Net: NetName=VCC- Pin=PGA204_C18-8
Removed Pin From Net: NetName=GND Pin=PGA204_C18-9
Removed Pin From Net: NetName=GND Pin=PGA204_C18-10
Removed Pin From Net: NetName=VCC+ Pin=PGA204_C18-13
Removed Pin From Net: NetName=GND Pin=PGA204_C18-14
Removed Pin From Net: NetName=GND Pin=PGA204_C19-1
Removed Pin From Net: NetName=GND Pin=PGA204_C19-6
Removed Pin From Net: NetName=GND Pin=PGA204_C19-7
Removed Pin From Net: NetName=VCC- Pin=PGA204_C19-8
Removed Pin From Net: NetName=GND Pin=PGA204_C19-9
Removed Pin From Net: NetName=GND Pin=PGA204_C19-10
Removed Pin From Net: NetName=VCC+ Pin=PGA204_C19-13
Removed Pin From Net: NetName=GND Pin=PGA204_C19-14
Removed Pin From Net: NetName=GND Pin=PGA204_C20-1
Removed Pin From Net: NetName=GND Pin=PGA204_C20-6
Removed Pin From Net: NetName=GND Pin=PGA204_C20-7
Removed Pin From Net: NetName=VCC- Pin=PGA204_C20-8
Removed Pin From Net: NetName=GND Pin=PGA204_C20-9
Removed Pin From Net: NetName=GND Pin=PGA204_C20-10
Removed Pin From Net: NetName=VCC+ Pin=PGA204_C20-13
Removed Pin From Net: NetName=GND Pin=PGA204_C20-14
Removed Pin From Net: NetName=STUB4 Pin=RA-0
Removed Pin From Net: NetName=STUB2 Pin=RA-1
Removed Pin From Net: NetName=STUB3 Pin=RB-0
Removed Pin From Net: NetName=STUB1 Pin=RB-1
Removed Pin From Net: NetName=STUB4 Pin=RT-0
Removed Pin From Net: NetName=STUB3 Pin=RT-1
Removed Pin From Net: NetName=STUB3 Pin=T1-0
Removed Pin From Net: NetName=STUB1 Pin=T1-1
Removed Pin From Net: NetName=STUB2 Pin=T1-2
Removed Pin From Net: NetName=VCC+ Pin=U1-1
Removed Pin From Net: NetName=1.25V Pin=U1-2
Removed Pin From Net: NetName=GND Pin=U1-3
Removed Pin From Net: NetName=-1.25V Pin=U2-1
Removed Pin From Net: NetName=VCC- Pin=U2-2
Removed Pin From Net: NetName=VCC- Pin=U2-3
Removed Pin From Net: NetName=GND Pin=U2-4
Removed Pin From Net: NetName=-1.25V Pin=U2-5
Removed Pin From Net: NetName=VCC- Pin=U2-6
Removed Pin From Net: NetName=VCC- Pin=U2-7
Removed Member From Class: ClassName=Stub Tester Member=C1
Removed Member From Class: ClassName=Stub Tester Member=C2
Removed Member From Class: ClassName=Stub Tester Member=C3
Removed Member From Class: ClassName=Stub Tester Member=C4
Removed Member From Class: ClassName=Stub Tester Member=C5
Removed Member From Class: ClassName=Stub Tester Member=C6
Removed Member From Class: ClassName=Stub Tester Member=C7
Removed Member From Class: ClassName=Stub Tester Member=C8
Removed Member From Class: ClassName=Stub Tester Member=C9
Removed Member From Class: ClassName=Stub Tester Member=M1
Removed Member From Class: ClassName=Stub Tester Member=M2
Removed Member From Class: ClassName=Stub Tester Member=P1
Removed Member From Class: ClassName=Stub Tester Member=U1
Removed Member From Class: ClassName=Stub Tester Member=U2
Added Component: Designator=C1_Stub Tester 2(C0603 1uF)
Added Component: Designator=C1_Stub Tester(C0603 1uF)
Added Component: Designator=C2_Stub Tester 2(C0603 1uF)
Added Component: Designator=C2_Stub Tester(C0603 1uF)
Added Component: Designator=C3_Stub Tester 2(C0603 1uF)
Added Component: Designator=C3_Stub Tester(C0603 1uF)
Added Component: Designator=C4_Stub Tester 2(C0603 1uF)
Added Component: Designator=C4_Stub Tester(C0603 1uF)
Added Component: Designator=C5_Stub Tester 2(C0603 1uF)
Added Component: Designator=C5_Stub Tester(C0603 1uF)
Added Component: Designator=C6_Stub Tester 2(C0603 1uF)
Added Component: Designator=C6_Stub Tester(C0603 1uF)
Added Component: Designator=C7_Stub Tester 2(C0603 1uF)
Added Component: Designator=C7_Stub Tester(C0603 1uF)
Added Component: Designator=C8_Stub Tester 2(C0603 1uF)
Added Component: Designator=C8_Stub Tester(C0603 1uF)
Added Component: Designator=C9_Stub Tester 2(C0603 1uF)
Added Component: Designator=C9_Stub Tester(C0603 1uF)
Added Component: Designator=C10_C21(C0603 1uF)
Added Component: Designator=C10_C22(C0603 1uF)
Added Component: Designator=C10_C31(C0603 1uF)
Added Component: Designator=C10_C32(C0603 1uF)
Added Component: Designator=C10_C41(C0603 1uF)
Added Component: Designator=C10_C42(C0603 1uF)
Added Component: Designator=C10_C51(C0603 1uF)
Added Component: Designator=C10_C52(C0603 1uF)
Added Component: Designator=C10_C61(C0603 1uF)
Added Component: Designator=C10_C62(C0603 1uF)
Added Component: Designator=C10_C71(C0603 1uF)
Added Component: Designator=C10_C72(C0603 1uF)
Added Component: Designator=C10_C81(C0603 1uF)
Added Component: Designator=C10_C82(C0603 1uF)
Added Component: Designator=C10_C91(C0603 1uF)
Added Component: Designator=C10_C92(C0603 1uF)
Added Component: Designator=C10_C101(C0603 1uF)
Added Component: Designator=C10_C102(C0603 1uF)
Added Component: Designator=C10_C111(C0603 1uF)
Added Component: Designator=C10_C112(C0603 1uF)
Added Component: Designator=C10_C121(C0603 1uF)
Added Component: Designator=C10_C122(C0603 1uF)
Added Component: Designator=C10_C131(C0603 1uF)
Added Component: Designator=C10_C132(C0603 1uF)
Added Component: Designator=C10_C141(C0603 1uF)
Added Component: Designator=C10_C142(C0603 1uF)
Added Component: Designator=C10_C151(C0603 1uF)
Added Component: Designator=C10_C152(C0603 1uF)
Added Component: Designator=C10_C161(C0603 1uF)
Added Component: Designator=C10_C162(C0603 1uF)
Added Component: Designator=C10_C171(C0603 1uF)
Added Component: Designator=C10_C172(C0603 1uF)
Added Component: Designator=C10_C181(C0603 1uF)
Added Component: Designator=C10_C182(C0603 1uF)
Added Component: Designator=C10_C191(C0603 1uF)
Added Component: Designator=C10_C192(C0603 1uF)
Added Component: Designator=C10_C201(C0603 1uF)
Added Component: Designator=C10_C202(C0603 1uF)
Added Component: Designator=C11_C21(C0603 1uF)
Added Component: Designator=C11_C22(C0603 1uF)
Added Component: Designator=C11_C31(C0603 1uF)
Added Component: Designator=C11_C32(C0603 1uF)
Added Component: Designator=C11_C41(C0603 1uF)
Added Component: Designator=C11_C42(C0603 1uF)
Added Component: Designator=C11_C51(C0603 1uF)
Added Component: Designator=C11_C52(C0603 1uF)
Added Component: Designator=C11_C61(C0603 1uF)
Added Component: Designator=C11_C62(C0603 1uF)
Added Component: Designator=C11_C71(C0603 1uF)
Added Component: Designator=C11_C72(C0603 1uF)
Added Component: Designator=C11_C81(C0603 1uF)
Added Component: Designator=C11_C82(C0603 1uF)
Added Component: Designator=C11_C91(C0603 1uF)
Added Component: Designator=C11_C92(C0603 1uF)
Added Component: Designator=C11_C101(C0603 1uF)
Added Component: Designator=C11_C102(C0603 1uF)
Added Component: Designator=C11_C111(C0603 1uF)
Added Component: Designator=C11_C112(C0603 1uF)
Added Component: Designator=C11_C121(C0603 1uF)
Added Component: Designator=C11_C122(C0603 1uF)
Added Component: Designator=C11_C131(C0603 1uF)
Added Component: Designator=C11_C132(C0603 1uF)
Added Component: Designator=C11_C141(C0603 1uF)
Added Component: Designator=C11_C142(C0603 1uF)
Added Component: Designator=C11_C151(C0603 1uF)
Added Component: Designator=C11_C152(C0603 1uF)
Added Component: Designator=C11_C161(C0603 1uF)
Added Component: Designator=C11_C162(C0603 1uF)
Added Component: Designator=C11_C171(C0603 1uF)
Added Component: Designator=C11_C172(C0603 1uF)
Added Component: Designator=C11_C181(C0603 1uF)
Added Component: Designator=C11_C182(C0603 1uF)
Added Component: Designator=C11_C191(C0603 1uF)
Added Component: Designator=C11_C192(C0603 1uF)
Added Component: Designator=C11_C201(C0603 1uF)
Added Component: Designator=C11_C202(C0603 1uF)
Added Component: Designator=C12_C21(C0603 1uF)
Added Component: Designator=C12_C22(C0603 1uF)
Added Component: Designator=C12_C31(C0603 1uF)
Added Component: Designator=C12_C32(C0603 1uF)
Added Component: Designator=C12_C41(C0603 1uF)
Added Component: Designator=C12_C42(C0603 1uF)
Added Component: Designator=C12_C51(C0603 1uF)
Added Component: Designator=C12_C52(C0603 1uF)
Added Component: Designator=C12_C61(C0603 1uF)
Added Component: Designator=C12_C62(C0603 1uF)
Added Component: Designator=C12_C71(C0603 1uF)
Added Component: Designator=C12_C72(C0603 1uF)
Added Component: Designator=C12_C81(C0603 1uF)
Added Component: Designator=C12_C82(C0603 1uF)
Added Component: Designator=C12_C91(C0603 1uF)
Added Component: Designator=C12_C92(C0603 1uF)
Added Component: Designator=C12_C101(C0603 1uF)
Added Component: Designator=C12_C102(C0603 1uF)
Added Component: Designator=C12_C111(C0603 1uF)
Added Component: Designator=C12_C112(C0603 1uF)
Added Component: Designator=C12_C121(C0603 1uF)
Added Component: Designator=C12_C122(C0603 1uF)
Added Component: Designator=C12_C131(C0603 1uF)
Added Component: Designator=C12_C132(C0603 1uF)
Added Component: Designator=C12_C141(C0603 1uF)
Added Component: Designator=C12_C142(C0603 1uF)
Added Component: Designator=C12_C151(C0603 1uF)
Added Component: Designator=C12_C152(C0603 1uF)
Added Component: Designator=C12_C161(C0603 1uF)
Added Component: Designator=C12_C162(C0603 1uF)
Added Component: Designator=C12_C171(C0603 1uF)
Added Component: Designator=C12_C172(C0603 1uF)
Added Component: Designator=C12_C181(C0603 1uF)
Added Component: Designator=C12_C182(C0603 1uF)
Added Component: Designator=C12_C191(C0603 1uF)
Added Component: Designator=C12_C192(C0603 1uF)
Added Component: Designator=C12_C201(C0603 1uF)
Added Component: Designator=C12_C202(C0603 1uF)
Added Component: Designator=H1_C21(Header1x4)
Added Component: Designator=H1_C22(Header1x4)
Added Component: Designator=H1_C31(Header1x4)
Added Component: Designator=H1_C32(Header1x4)
Added Component: Designator=H1_C41(Header1x4)
Added Component: Designator=H1_C42(Header1x4)
Added Component: Designator=H1_C51(Header1x4)
Added Component: Designator=H1_C52(Header1x4)
Added Component: Designator=H1_C61(Header1x4)
Added Component: Designator=H1_C62(Header1x4)
Added Component: Designator=H1_C71(Header1x4)
Added Component: Designator=H1_C72(Header1x4)
Added Component: Designator=H1_C81(Header1x4)
Added Component: Designator=H1_C82(Header1x4)
Added Component: Designator=H1_C91(Header1x4)
Added Component: Designator=H1_C92(Header1x4)
Added Component: Designator=H1_C101(Header1x4)
Added Component: Designator=H1_C102(Header1x4)
Added Component: Designator=H1_C111(Header1x4)
Added Component: Designator=H1_C112(Header1x4)
Added Component: Designator=H1_C121(Header1x4)
Added Component: Designator=H1_C122(Header1x4)
Added Component: Designator=H1_C131(Header1x4)
Added Component: Designator=H1_C132(Header1x4)
Added Component: Designator=H1_C141(Header1x4)
Added Component: Designator=H1_C142(Header1x4)
Added Component: Designator=H1_C151(Header1x4)
Added Component: Designator=H1_C152(Header1x4)
Added Component: Designator=H1_C161(Header1x4)
Added Component: Designator=H1_C162(Header1x4)
Added Component: Designator=H1_C171(Header1x4)
Added Component: Designator=H1_C172(Header1x4)
Added Component: Designator=H1_C181(Header1x4)
Added Component: Designator=H1_C182(Header1x4)
Added Component: Designator=H1_C191(Header1x4)
Added Component: Designator=H1_C192(Header1x4)
Added Component: Designator=H1_C201(Header1x4)
Added Component: Designator=H1_C202(Header1x4)
Added Component: Designator=H1_Standard Bridge Board1(Header1x4)
Added Component: Designator=H1_Standard Bridge Board2(Header1x4)
Added Component: Designator=M1_Stub Tester 2(Si2304BDS)
Added Component: Designator=M1_Stub Tester(Si2304BDS)
Added Component: Designator=M2_Stub Tester 2(Si2304BDS)
Added Component: Designator=M2_Stub Tester(Si2304BDS)
Added Component: Designator=P1_Stub Tester 2(XG4C30)
Added Component: Designator=P1_Stub Tester(XG4C30)
Added Component: Designator=PGA204_C21(PGA204)
Added Component: Designator=PGA204_C22(PGA204)
Added Component: Designator=PGA204_C31(PGA204)
Added Component: Designator=PGA204_C32(PGA204)
Added Component: Designator=PGA204_C41(PGA204)
Added Component: Designator=PGA204_C42(PGA204)
Added Component: Designator=PGA204_C51(PGA204)
Added Component: Designator=PGA204_C52(PGA204)
Added Component: Designator=PGA204_C61(PGA204)
Added Component: Designator=PGA204_C62(PGA204)
Added Component: Designator=PGA204_C71(PGA204)
Added Component: Designator=PGA204_C72(PGA204)
Added Component: Designator=PGA204_C81(PGA204)
Added Component: Designator=PGA204_C82(PGA204)
Added Component: Designator=PGA204_C91(PGA204)
Added Component: Designator=PGA204_C92(PGA204)
Added Component: Designator=PGA204_C101(PGA204)
Added Component: Designator=PGA204_C102(PGA204)
Added Component: Designator=PGA204_C111(PGA204)
Added Component: Designator=PGA204_C112(PGA204)
Added Component: Designator=PGA204_C121(PGA204)
Added Component: Designator=PGA204_C122(PGA204)
Added Component: Designator=PGA204_C131(PGA204)
Added Component: Designator=PGA204_C132(PGA204)
Added Component: Designator=PGA204_C141(PGA204)
Added Component: Designator=PGA204_C142(PGA204)
Added Component: Designator=PGA204_C151(PGA204)
Added Component: Designator=PGA204_C152(PGA204)
Added Component: Designator=PGA204_C161(PGA204)
Added Component: Designator=PGA204_C162(PGA204)
Added Component: Designator=PGA204_C171(PGA204)
Added Component: Designator=PGA204_C172(PGA204)
Added Component: Designator=PGA204_C181(PGA204)
Added Component: Designator=PGA204_C182(PGA204)
Added Component: Designator=PGA204_C191(PGA204)
Added Component: Designator=PGA204_C192(PGA204)
Added Component: Designator=PGA204_C201(PGA204)
Added Component: Designator=PGA204_C202(PGA204)
Added Component: Designator=R2_C21(RT0603 330k)
Added Component: Designator=R2_C22(RT0603 330k)
Added Component: Designator=R2_C31(RT0603 330k)
Added Component: Designator=R2_C32(RT0603 330k)
Added Component: Designator=R2_C41(RT0603 330k)
Added Component: Designator=R2_C42(RT0603 330k)
Added Component: Designator=R2_C51(RT0603 330k)
Added Component: Designator=R2_C52(RT0603 330k)
Added Component: Designator=R2_C61(RT0603 330k)
Added Component: Designator=R2_C62(RT0603 330k)
Added Component: Designator=R2_C71(RT0603 330k)
Added Component: Designator=R2_C72(RT0603 330k)
Added Component: Designator=R2_C81(RT0603 330k)
Added Component: Designator=R2_C82(RT0603 330k)
Added Component: Designator=R2_C91(RT0603 330k)
Added Component: Designator=R2_C92(RT0603 330k)
Added Component: Designator=R2_C101(RT0603 330k)
Added Component: Designator=R2_C102(RT0603 330k)
Added Component: Designator=R2_C111(RT0603 330k)
Added Component: Designator=R2_C112(RT0603 330k)
Added Component: Designator=R2_C121(RT0603 330k)
Added Component: Designator=R2_C122(RT0603 330k)
Added Component: Designator=R2_C131(RT0603 330k)
Added Component: Designator=R2_C132(RT0603 330k)
Added Component: Designator=R2_C141(RT0603 330k)
Added Component: Designator=R2_C142(RT0603 330k)
Added Component: Designator=R2_C151(RT0603 330k)
Added Component: Designator=R2_C152(RT0603 330k)
Added Component: Designator=R2_C161(RT0603 330k)
Added Component: Designator=R2_C162(RT0603 330k)
Added Component: Designator=R2_C171(RT0603 330k)
Added Component: Designator=R2_C172(RT0603 330k)
Added Component: Designator=R2_C181(RT0603 330k)
Added Component: Designator=R2_C182(RT0603 330k)
Added Component: Designator=R2_C191(RT0603 330k)
Added Component: Designator=R2_C192(RT0603 330k)
Added Component: Designator=R2_C201(RT0603 330k)
Added Component: Designator=R2_C202(RT0603 330k)
Added Component: Designator=RA_Standard Bridge Board1(RT0603 330k)
Added Component: Designator=RA_Standard Bridge Board2(RT0603 330k)
Added Component: Designator=RB_Standard Bridge Board1(RT0603 330k)
Added Component: Designator=RB_Standard Bridge Board2(RT0603 330k)
Added Component: Designator=RT_Standard Bridge Board1(RT0603 330k)
Added Component: Designator=RT_Standard Bridge Board2(RT0603 330k)
Added Component: Designator=T1_Standard Bridge Board1(Transducer)
Added Component: Designator=T1_Standard Bridge Board2(Transducer)
Added Component: Designator=U1_Stub Tester 2(REF3012)
Added Component: Designator=U1_Stub Tester(REF3012)
Added Component: Designator=U2_Stub Tester 2(UCC384DP)
Added Component: Designator=U2_Stub Tester(UCC384DP)
Added Pin To Net: NetName=1.25V Pin=C1_Stub Tester 2-0
Added Pin To Net: NetName=VCC+ Pin=C1_Stub Tester 2-1
Added Pin To Net: NetName=1.25V Pin=C1_Stub Tester-0
Added Pin To Net: NetName=VCC+ Pin=C1_Stub Tester-1
Added Pin To Net: NetName=1.25V Pin=C2_Stub Tester 2-0
Added Pin To Net: NetName=VCC+ Pin=C2_Stub Tester 2-1
Added Pin To Net: NetName=1.25V Pin=C2_Stub Tester-0
Added Pin To Net: NetName=VCC+ Pin=C2_Stub Tester-1
Added Pin To Net: NetName=GND Pin=C3_Stub Tester 2-0
Added Pin To Net: NetName=1.25V Pin=C3_Stub Tester 2-1
Added Pin To Net: NetName=GND Pin=C3_Stub Tester-0
Added Pin To Net: NetName=1.25V Pin=C3_Stub Tester-1
Added Pin To Net: NetName=GND Pin=C4_Stub Tester 2-0
Added Pin To Net: NetName=1.25V Pin=C4_Stub Tester 2-1
Added Pin To Net: NetName=GND Pin=C4_Stub Tester-0
Added Pin To Net: NetName=1.25V Pin=C4_Stub Tester-1
Added Pin To Net: NetName=GND Pin=C5_Stub Tester 2-0
Added Pin To Net: NetName=VCC+ Pin=C5_Stub Tester 2-1
Added Pin To Net: NetName=GND Pin=C5_Stub Tester-0
Added Pin To Net: NetName=VCC+ Pin=C5_Stub Tester-1
Added Pin To Net: NetName=GND Pin=C6_Stub Tester 2-0
Added Pin To Net: NetName=VCC+ Pin=C6_Stub Tester 2-1
Added Pin To Net: NetName=GND Pin=C6_Stub Tester-0
Added Pin To Net: NetName=VCC+ Pin=C6_Stub Tester-1
Added Pin To Net: NetName=GND Pin=C7_Stub Tester 2-0
Added Pin To Net: NetName=VCC- Pin=C7_Stub Tester 2-1
Added Pin To Net: NetName=GND Pin=C7_Stub Tester-0
Added Pin To Net: NetName=VCC- Pin=C7_Stub Tester-1
Added Pin To Net: NetName=GND Pin=C8_Stub Tester 2-0
Added Pin To Net: NetName=GND Pin=C8_Stub Tester-0
Added Pin To Net: NetName=GND Pin=C9_Stub Tester 2-0
Added Pin To Net: NetName=-1.25V Pin=C9_Stub Tester 2-1
Added Pin To Net: NetName=GND Pin=C9_Stub Tester-0
Added Pin To Net: NetName=-1.25V Pin=C9_Stub Tester-1
Added Pin To Net: NetName=GND Pin=C10_C21-0
Added Pin To Net: NetName=VCC+ Pin=C10_C21-1
Added Pin To Net: NetName=GND Pin=C10_C22-0
Added Pin To Net: NetName=VCC+ Pin=C10_C22-1
Added Pin To Net: NetName=GND Pin=C10_C31-0
Added Pin To Net: NetName=VCC+ Pin=C10_C31-1
Added Pin To Net: NetName=GND Pin=C10_C32-0
Added Pin To Net: NetName=VCC+ Pin=C10_C32-1
Added Pin To Net: NetName=GND Pin=C10_C41-0
Added Pin To Net: NetName=VCC+ Pin=C10_C41-1
Added Pin To Net: NetName=GND Pin=C10_C42-0
Added Pin To Net: NetName=VCC+ Pin=C10_C42-1
Added Pin To Net: NetName=GND Pin=C10_C51-0
Added Pin To Net: NetName=VCC+ Pin=C10_C51-1
Added Pin To Net: NetName=GND Pin=C10_C52-0
Added Pin To Net: NetName=VCC+ Pin=C10_C52-1
Added Pin To Net: NetName=GND Pin=C10_C61-0
Added Pin To Net: NetName=VCC+ Pin=C10_C61-1
Added Pin To Net: NetName=GND Pin=C10_C62-0
Added Pin To Net: NetName=VCC+ Pin=C10_C62-1
Added Pin To Net: NetName=GND Pin=C10_C71-0
Added Pin To Net: NetName=VCC+ Pin=C10_C71-1
Added Pin To Net: NetName=GND Pin=C10_C72-0
Added Pin To Net: NetName=VCC+ Pin=C10_C72-1
Added Pin To Net: NetName=GND Pin=C10_C81-0
Added Pin To Net: NetName=VCC+ Pin=C10_C81-1
Added Pin To Net: NetName=GND Pin=C10_C82-0
Added Pin To Net: NetName=VCC+ Pin=C10_C82-1
Added Pin To Net: NetName=GND Pin=C10_C91-0
Added Pin To Net: NetName=VCC+ Pin=C10_C91-1
Added Pin To Net: NetName=GND Pin=C10_C92-0
Added Pin To Net: NetName=VCC+ Pin=C10_C92-1
Added Pin To Net: NetName=GND Pin=C10_C101-0
Added Pin To Net: NetName=VCC+ Pin=C10_C101-1
Added Pin To Net: NetName=GND Pin=C10_C102-0
Added Pin To Net: NetName=VCC+ Pin=C10_C102-1
Added Pin To Net: NetName=GND Pin=C10_C111-0
Added Pin To Net: NetName=VCC+ Pin=C10_C111-1
Added Pin To Net: NetName=GND Pin=C10_C112-0
Added Pin To Net: NetName=VCC+ Pin=C10_C112-1
Added Pin To Net: NetName=GND Pin=C10_C121-0
Added Pin To Net: NetName=VCC+ Pin=C10_C121-1
Added Pin To Net: NetName=GND Pin=C10_C122-0
Added Pin To Net: NetName=VCC+ Pin=C10_C122-1
Added Pin To Net: NetName=GND Pin=C10_C131-0
Added Pin To Net: NetName=VCC+ Pin=C10_C131-1
Added Pin To Net: NetName=GND Pin=C10_C132-0
Added Pin To Net: NetName=VCC+ Pin=C10_C132-1
Added Pin To Net: NetName=GND Pin=C10_C141-0
Added Pin To Net: NetName=VCC+ Pin=C10_C141-1
Added Pin To Net: NetName=GND Pin=C10_C142-0
Added Pin To Net: NetName=VCC+ Pin=C10_C142-1
Added Pin To Net: NetName=GND Pin=C10_C151-0
Added Pin To Net: NetName=VCC+ Pin=C10_C151-1
Added Pin To Net: NetName=GND Pin=C10_C152-0
Added Pin To Net: NetName=VCC+ Pin=C10_C152-1
Added Pin To Net: NetName=GND Pin=C10_C161-0
Added Pin To Net: NetName=VCC+ Pin=C10_C161-1
Added Pin To Net: NetName=GND Pin=C10_C162-0
Added Pin To Net: NetName=VCC+ Pin=C10_C162-1
Added Pin To Net: NetName=GND Pin=C10_C171-0
Added Pin To Net: NetName=VCC+ Pin=C10_C171-1
Added Pin To Net: NetName=GND Pin=C10_C172-0
Added Pin To Net: NetName=VCC+ Pin=C10_C172-1
Added Pin To Net: NetName=GND Pin=C10_C181-0
Added Pin To Net: NetName=VCC+ Pin=C10_C181-1
Added Pin To Net: NetName=GND Pin=C10_C182-0
Added Pin To Net: NetName=VCC+ Pin=C10_C182-1
Added Pin To Net: NetName=GND Pin=C10_C191-0
Added Pin To Net: NetName=VCC+ Pin=C10_C191-1
Added Pin To Net: NetName=GND Pin=C10_C192-0
Added Pin To Net: NetName=VCC+ Pin=C10_C192-1
Added Pin To Net: NetName=GND Pin=C10_C201-0
Added Pin To Net: NetName=VCC+ Pin=C10_C201-1
Added Pin To Net: NetName=GND Pin=C10_C202-0
Added Pin To Net: NetName=VCC+ Pin=C10_C202-1
Added Pin To Net: NetName=GND Pin=C11_C21-0
Added Pin To Net: NetName=GND Pin=C11_C22-0
Added Pin To Net: NetName=GND Pin=C11_C31-0
Added Pin To Net: NetName=GND Pin=C11_C32-0
Added Pin To Net: NetName=GND Pin=C11_C41-0
Added Pin To Net: NetName=GND Pin=C11_C42-0
Added Pin To Net: NetName=GND Pin=C11_C51-0
Added Pin To Net: NetName=GND Pin=C11_C52-0
Added Pin To Net: NetName=GND Pin=C11_C61-0
Added Pin To Net: NetName=GND Pin=C11_C62-0
Added Pin To Net: NetName=GND Pin=C11_C71-0
Added Pin To Net: NetName=GND Pin=C11_C72-0
Added Pin To Net: NetName=GND Pin=C11_C81-0
Added Pin To Net: NetName=GND Pin=C11_C82-0
Added Pin To Net: NetName=GND Pin=C11_C91-0
Added Pin To Net: NetName=GND Pin=C11_C92-0
Added Pin To Net: NetName=GND Pin=C11_C101-0
Added Pin To Net: NetName=GND Pin=C11_C102-0
Added Pin To Net: NetName=GND Pin=C11_C111-0
Added Pin To Net: NetName=GND Pin=C11_C112-0
Added Pin To Net: NetName=GND Pin=C11_C121-0
Added Pin To Net: NetName=GND Pin=C11_C122-0
Added Pin To Net: NetName=GND Pin=C11_C131-0
Added Pin To Net: NetName=GND Pin=C11_C132-0
Added Pin To Net: NetName=GND Pin=C11_C141-0
Added Pin To Net: NetName=GND Pin=C11_C142-0
Added Pin To Net: NetName=GND Pin=C11_C151-0
Added Pin To Net: NetName=GND Pin=C11_C152-0
Added Pin To Net: NetName=GND Pin=C11_C161-0
Added Pin To Net: NetName=GND Pin=C11_C162-0
Added Pin To Net: NetName=GND Pin=C11_C171-0
Added Pin To Net: NetName=GND Pin=C11_C172-0
Added Pin To Net: NetName=GND Pin=C11_C181-0
Added Pin To Net: NetName=GND Pin=C11_C182-0
Added Pin To Net: NetName=GND Pin=C11_C191-0
Added Pin To Net: NetName=GND Pin=C11_C192-0
Added Pin To Net: NetName=GND Pin=C11_C201-0
Added Pin To Net: NetName=GND Pin=C11_C202-0
Added Pin To Net: NetName=GND Pin=C12_C21-0
Added Pin To Net: NetName=VCC- Pin=C12_C21-1
Added Pin To Net: NetName=GND Pin=C12_C22-0
Added Pin To Net: NetName=VCC- Pin=C12_C22-1
Added Pin To Net: NetName=GND Pin=C12_C31-0
Added Pin To Net: NetName=VCC- Pin=C12_C31-1
Added Pin To Net: NetName=GND Pin=C12_C32-0
Added Pin To Net: NetName=VCC- Pin=C12_C32-1
Added Pin To Net: NetName=GND Pin=C12_C41-0
Added Pin To Net: NetName=VCC- Pin=C12_C41-1
Added Pin To Net: NetName=GND Pin=C12_C42-0
Added Pin To Net: NetName=VCC- Pin=C12_C42-1
Added Pin To Net: NetName=GND Pin=C12_C51-0
Added Pin To Net: NetName=VCC- Pin=C12_C51-1
Added Pin To Net: NetName=GND Pin=C12_C52-0
Added Pin To Net: NetName=VCC- Pin=C12_C52-1
Added Pin To Net: NetName=GND Pin=C12_C61-0
Added Pin To Net: NetName=VCC- Pin=C12_C61-1
Added Pin To Net: NetName=GND Pin=C12_C62-0
Added Pin To Net: NetName=VCC- Pin=C12_C62-1
Added Pin To Net: NetName=GND Pin=C12_C71-0
Added Pin To Net: NetName=VCC- Pin=C12_C71-1
Added Pin To Net: NetName=GND Pin=C12_C72-0
Added Pin To Net: NetName=VCC- Pin=C12_C72-1
Added Pin To Net: NetName=GND Pin=C12_C81-0
Added Pin To Net: NetName=VCC- Pin=C12_C81-1
Added Pin To Net: NetName=GND Pin=C12_C82-0
Added Pin To Net: NetName=VCC- Pin=C12_C82-1
Added Pin To Net: NetName=GND Pin=C12_C91-0
Added Pin To Net: NetName=VCC- Pin=C12_C91-1
Added Pin To Net: NetName=GND Pin=C12_C92-0
Added Pin To Net: NetName=VCC- Pin=C12_C92-1
Added Pin To Net: NetName=GND Pin=C12_C101-0
Added Pin To Net: NetName=VCC- Pin=C12_C101-1
Added Pin To Net: NetName=GND Pin=C12_C102-0
Added Pin To Net: NetName=VCC- Pin=C12_C102-1
Added Pin To Net: NetName=GND Pin=C12_C111-0
Added Pin To Net: NetName=VCC- Pin=C12_C111-1
Added Pin To Net: NetName=GND Pin=C12_C112-0
Added Pin To Net: NetName=VCC- Pin=C12_C112-1
Added Pin To Net: NetName=GND Pin=C12_C121-0
Added Pin To Net: NetName=VCC- Pin=C12_C121-1
Added Pin To Net: NetName=GND Pin=C12_C122-0
Added Pin To Net: NetName=VCC- Pin=C12_C122-1
Added Pin To Net: NetName=GND Pin=C12_C131-0
Added Pin To Net: NetName=VCC- Pin=C12_C131-1
Added Pin To Net: NetName=GND Pin=C12_C132-0
Added Pin To Net: NetName=VCC- Pin=C12_C132-1
Added Pin To Net: NetName=GND Pin=C12_C141-0
Added Pin To Net: NetName=VCC- Pin=C12_C141-1
Added Pin To Net: NetName=GND Pin=C12_C142-0
Added Pin To Net: NetName=VCC- Pin=C12_C142-1
Added Pin To Net: NetName=GND Pin=C12_C151-0
Added Pin To Net: NetName=VCC- Pin=C12_C151-1
Added Pin To Net: NetName=GND Pin=C12_C152-0
Added Pin To Net: NetName=VCC- Pin=C12_C152-1
Added Pin To Net: NetName=GND Pin=C12_C161-0
Added Pin To Net: NetName=VCC- Pin=C12_C161-1
Added Pin To Net: NetName=GND Pin=C12_C162-0
Added Pin To Net: NetName=VCC- Pin=C12_C162-1
Added Pin To Net: NetName=GND Pin=C12_C171-0
Added Pin To Net: NetName=VCC- Pin=C12_C171-1
Added Pin To Net: NetName=GND Pin=C12_C172-0
Added Pin To Net: NetName=VCC- Pin=C12_C172-1
Added Pin To Net: NetName=GND Pin=C12_C181-0
Added Pin To Net: NetName=VCC- Pin=C12_C181-1
Added Pin To Net: NetName=GND Pin=C12_C182-0
Added Pin To Net: NetName=VCC- Pin=C12_C182-1
Added Pin To Net: NetName=GND Pin=C12_C191-0
Added Pin To Net: NetName=VCC- Pin=C12_C191-1
Added Pin To Net: NetName=GND Pin=C12_C192-0
Added Pin To Net: NetName=VCC- Pin=C12_C192-1
Added Pin To Net: NetName=GND Pin=C12_C201-0
Added Pin To Net: NetName=VCC- Pin=C12_C201-1
Added Pin To Net: NetName=GND Pin=C12_C202-0
Added Pin To Net: NetName=VCC- Pin=C12_C202-1
Added Pin To Net: NetName=GND Pin=H1_C21-0
Added Pin To Net: NetName=VEXCITE Pin=H1_C21-3
Added Pin To Net: NetName=GND Pin=H1_C22-0
Added Pin To Net: NetName=VEXCITE Pin=H1_C22-3
Added Pin To Net: NetName=GND Pin=H1_C31-0
Added Pin To Net: NetName=VEXCITE Pin=H1_C31-3
Added Pin To Net: NetName=GND Pin=H1_C32-0
Added Pin To Net: NetName=VEXCITE Pin=H1_C32-3
Added Pin To Net: NetName=GND Pin=H1_C41-0
Added Pin To Net: NetName=VEXCITE Pin=H1_C41-3
Added Pin To Net: NetName=GND Pin=H1_C42-0
Added Pin To Net: NetName=VEXCITE Pin=H1_C42-3
Added Pin To Net: NetName=GND Pin=H1_C51-0
Added Pin To Net: NetName=VEXCITE Pin=H1_C51-3
Added Pin To Net: NetName=GND Pin=H1_C52-0
Added Pin To Net: NetName=VEXCITE Pin=H1_C52-3
Added Pin To Net: NetName=GND Pin=H1_C61-0
Added Pin To Net: NetName=VEXCITE Pin=H1_C61-3
Added Pin To Net: NetName=GND Pin=H1_C62-0
Added Pin To Net: NetName=VEXCITE Pin=H1_C62-3
Added Pin To Net: NetName=GND Pin=H1_C71-0
Added Pin To Net: NetName=VEXCITE Pin=H1_C71-3
Added Pin To Net: NetName=GND Pin=H1_C72-0
Added Pin To Net: NetName=VEXCITE Pin=H1_C72-3
Added Pin To Net: NetName=GND Pin=H1_C81-0
Added Pin To Net: NetName=VEXCITE Pin=H1_C81-3
Added Pin To Net: NetName=GND Pin=H1_C82-0
Added Pin To Net: NetName=VEXCITE Pin=H1_C82-3
Added Pin To Net: NetName=GND Pin=H1_C91-0
Added Pin To Net: NetName=VEXCITE Pin=H1_C91-3
Added Pin To Net: NetName=GND Pin=H1_C92-0
Added Pin To Net: NetName=VEXCITE Pin=H1_C92-3
Added Pin To Net: NetName=GND Pin=H1_C101-0
Added Pin To Net: NetName=VEXCITE Pin=H1_C101-3
Added Pin To Net: NetName=GND Pin=H1_C102-0
Added Pin To Net: NetName=VEXCITE Pin=H1_C102-3
Added Pin To Net: NetName=GND Pin=H1_C111-0
Added Pin To Net: NetName=VEXCITE Pin=H1_C111-3
Added Pin To Net: NetName=GND Pin=H1_C112-0
Added Pin To Net: NetName=VEXCITE Pin=H1_C112-3
Added Pin To Net: NetName=GND Pin=H1_C121-0
Added Pin To Net: NetName=VEXCITE Pin=H1_C121-3
Added Pin To Net: NetName=GND Pin=H1_C122-0
Added Pin To Net: NetName=VEXCITE Pin=H1_C122-3
Added Pin To Net: NetName=GND Pin=H1_C131-0
Added Pin To Net: NetName=VEXCITE Pin=H1_C131-3
Added Pin To Net: NetName=GND Pin=H1_C132-0
Added Pin To Net: NetName=VEXCITE Pin=H1_C132-3
Added Pin To Net: NetName=GND Pin=H1_C141-0
Added Pin To Net: NetName=VEXCITE Pin=H1_C141-3
Added Pin To Net: NetName=GND Pin=H1_C142-0
Added Pin To Net: NetName=VEXCITE Pin=H1_C142-3
Added Pin To Net: NetName=GND Pin=H1_C151-0
Added Pin To Net: NetName=VEXCITE Pin=H1_C151-3
Added Pin To Net: NetName=GND Pin=H1_C152-0
Added Pin To Net: NetName=VEXCITE Pin=H1_C152-3
Added Pin To Net: NetName=GND Pin=H1_C161-0
Added Pin To Net: NetName=VEXCITE Pin=H1_C161-3
Added Pin To Net: NetName=GND Pin=H1_C162-0
Added Pin To Net: NetName=VEXCITE Pin=H1_C162-3
Added Pin To Net: NetName=GND Pin=H1_C171-0
Added Pin To Net: NetName=VEXCITE Pin=H1_C171-3
Added Pin To Net: NetName=GND Pin=H1_C172-0
Added Pin To Net: NetName=VEXCITE Pin=H1_C172-3
Added Pin To Net: NetName=GND Pin=H1_C181-0
Added Pin To Net: NetName=VEXCITE Pin=H1_C181-3
Added Pin To Net: NetName=GND Pin=H1_C182-0
Added Pin To Net: NetName=VEXCITE Pin=H1_C182-3
Added Pin To Net: NetName=GND Pin=H1_C191-0
Added Pin To Net: NetName=VEXCITE Pin=H1_C191-3
Added Pin To Net: NetName=GND Pin=H1_C192-0
Added Pin To Net: NetName=VEXCITE Pin=H1_C192-3
Added Pin To Net: NetName=GND Pin=H1_C201-0
Added Pin To Net: NetName=VEXCITE Pin=H1_C201-3
Added Pin To Net: NetName=GND Pin=H1_C202-0
Added Pin To Net: NetName=VEXCITE Pin=H1_C202-3
Added Pin To Net: NetName=STUB4 Pin=H1_Standard Bridge Board1-0
Added Pin To Net: NetName=STUB3 Pin=H1_Standard Bridge Board1-1
Added Pin To Net: NetName=STUB1 Pin=H1_Standard Bridge Board1-2
Added Pin To Net: NetName=STUB2 Pin=H1_Standard Bridge Board1-3
Added Pin To Net: NetName=STUB4 Pin=H1_Standard Bridge Board2-0
Added Pin To Net: NetName=STUB3 Pin=H1_Standard Bridge Board2-1
Added Pin To Net: NetName=STUB1 Pin=H1_Standard Bridge Board2-2
Added Pin To Net: NetName=STUB2 Pin=H1_Standard Bridge Board2-3
Added Pin To Net: NetName=CONT1 Pin=M1_Stub Tester 2-1
Added Pin To Net: NetName=VEXCITE Pin=M1_Stub Tester 2-2
Added Pin To Net: NetName=1.25V Pin=M1_Stub Tester 2-3
Added Pin To Net: NetName=CONT1 Pin=M1_Stub Tester-1
Added Pin To Net: NetName=VEXCITE Pin=M1_Stub Tester-2
Added Pin To Net: NetName=1.25V Pin=M1_Stub Tester-3
Added Pin To Net: NetName=CONT2 Pin=M2_Stub Tester 2-1
Added Pin To Net: NetName=VEXCITE Pin=M2_Stub Tester 2-2
Added Pin To Net: NetName=-1.25V Pin=M2_Stub Tester 2-3
Added Pin To Net: NetName=CONT2 Pin=M2_Stub Tester-1
Added Pin To Net: NetName=VEXCITE Pin=M2_Stub Tester-2
Added Pin To Net: NetName=-1.25V Pin=M2_Stub Tester-3
Added Pin To Net: NetName=GND Pin=P1_Stub Tester 2-11
Added Pin To Net: NetName=GND Pin=P1_Stub Tester 2-13
Added Pin To Net: NetName=GND Pin=P1_Stub Tester 2-15
Added Pin To Net: NetName=VEXCITE Pin=P1_Stub Tester 2-17
Added Pin To Net: NetName=VCC- Pin=P1_Stub Tester 2-19
Added Pin To Net: NetName=VCC+ Pin=P1_Stub Tester 2-21
Added Pin To Net: NetName=CONT1 Pin=P1_Stub Tester 2-23
Added Pin To Net: NetName=CONT2 Pin=P1_Stub Tester 2-29
Added Pin To Net: NetName=GND Pin=P1_Stub Tester-11
Added Pin To Net: NetName=GND Pin=P1_Stub Tester-13
Added Pin To Net: NetName=GND Pin=P1_Stub Tester-15
Added Pin To Net: NetName=VEXCITE Pin=P1_Stub Tester-17
Added Pin To Net: NetName=VCC- Pin=P1_Stub Tester-19
Added Pin To Net: NetName=VCC+ Pin=P1_Stub Tester-21
Added Pin To Net: NetName=CONT1 Pin=P1_Stub Tester-23
Added Pin To Net: NetName=CONT2 Pin=P1_Stub Tester-29
Added Pin To Net: NetName=GND Pin=PGA204_C21-1
Added Pin To Net: NetName=GND Pin=PGA204_C21-6
Added Pin To Net: NetName=GND Pin=PGA204_C21-7
Added Pin To Net: NetName=VCC- Pin=PGA204_C21-8
Added Pin To Net: NetName=GND Pin=PGA204_C21-9
Added Pin To Net: NetName=GND Pin=PGA204_C21-10
Added Pin To Net: NetName=VCC+ Pin=PGA204_C21-13
Added Pin To Net: NetName=GND Pin=PGA204_C21-14
Added Pin To Net: NetName=GND Pin=PGA204_C22-1
Added Pin To Net: NetName=GND Pin=PGA204_C22-6
Added Pin To Net: NetName=GND Pin=PGA204_C22-7
Added Pin To Net: NetName=VCC- Pin=PGA204_C22-8
Added Pin To Net: NetName=GND Pin=PGA204_C22-9
Added Pin To Net: NetName=GND Pin=PGA204_C22-10
Added Pin To Net: NetName=VCC+ Pin=PGA204_C22-13
Added Pin To Net: NetName=GND Pin=PGA204_C22-14
Added Pin To Net: NetName=GND Pin=PGA204_C31-1
Added Pin To Net: NetName=GND Pin=PGA204_C31-6
Added Pin To Net: NetName=GND Pin=PGA204_C31-7
Added Pin To Net: NetName=VCC- Pin=PGA204_C31-8
Added Pin To Net: NetName=GND Pin=PGA204_C31-9
Added Pin To Net: NetName=GND Pin=PGA204_C31-10
Added Pin To Net: NetName=VCC+ Pin=PGA204_C31-13
Added Pin To Net: NetName=GND Pin=PGA204_C31-14
Added Pin To Net: NetName=GND Pin=PGA204_C32-1
Added Pin To Net: NetName=GND Pin=PGA204_C32-6
Added Pin To Net: NetName=GND Pin=PGA204_C32-7
Added Pin To Net: NetName=VCC- Pin=PGA204_C32-8
Added Pin To Net: NetName=GND Pin=PGA204_C32-9
Added Pin To Net: NetName=GND Pin=PGA204_C32-10
Added Pin To Net: NetName=VCC+ Pin=PGA204_C32-13
Added Pin To Net: NetName=GND Pin=PGA204_C32-14
Added Pin To Net: NetName=GND Pin=PGA204_C41-1
Added Pin To Net: NetName=GND Pin=PGA204_C41-6
Added Pin To Net: NetName=GND Pin=PGA204_C41-7
Added Pin To Net: NetName=VCC- Pin=PGA204_C41-8
Added Pin To Net: NetName=GND Pin=PGA204_C41-9
Added Pin To Net: NetName=GND Pin=PGA204_C41-10
Added Pin To Net: NetName=VCC+ Pin=PGA204_C41-13
Added Pin To Net: NetName=GND Pin=PGA204_C41-14
Added Pin To Net: NetName=GND Pin=PGA204_C42-1
Added Pin To Net: NetName=GND Pin=PGA204_C42-6
Added Pin To Net: NetName=GND Pin=PGA204_C42-7
Added Pin To Net: NetName=VCC- Pin=PGA204_C42-8
Added Pin To Net: NetName=GND Pin=PGA204_C42-9
Added Pin To Net: NetName=GND Pin=PGA204_C42-10
Added Pin To Net: NetName=VCC+ Pin=PGA204_C42-13
Added Pin To Net: NetName=GND Pin=PGA204_C42-14
Added Pin To Net: NetName=GND Pin=PGA204_C51-1
Added Pin To Net: NetName=GND Pin=PGA204_C51-6
Added Pin To Net: NetName=GND Pin=PGA204_C51-7
Added Pin To Net: NetName=VCC- Pin=PGA204_C51-8
Added Pin To Net: NetName=GND Pin=PGA204_C51-9
Added Pin To Net: NetName=GND Pin=PGA204_C51-10
Added Pin To Net: NetName=VCC+ Pin=PGA204_C51-13
Added Pin To Net: NetName=GND Pin=PGA204_C51-14
Added Pin To Net: NetName=GND Pin=PGA204_C52-1
Added Pin To Net: NetName=GND Pin=PGA204_C52-6
Added Pin To Net: NetName=GND Pin=PGA204_C52-7
Added Pin To Net: NetName=VCC- Pin=PGA204_C52-8
Added Pin To Net: NetName=GND Pin=PGA204_C52-9
Added Pin To Net: NetName=GND Pin=PGA204_C52-10
Added Pin To Net: NetName=VCC+ Pin=PGA204_C52-13
Added Pin To Net: NetName=GND Pin=PGA204_C52-14
Added Pin To Net: NetName=GND Pin=PGA204_C61-1
Added Pin To Net: NetName=GND Pin=PGA204_C61-6
Added Pin To Net: NetName=GND Pin=PGA204_C61-7
Added Pin To Net: NetName=VCC- Pin=PGA204_C61-8
Added Pin To Net: NetName=GND Pin=PGA204_C61-9
Added Pin To Net: NetName=GND Pin=PGA204_C61-10
Added Pin To Net: NetName=VCC+ Pin=PGA204_C61-13
Added Pin To Net: NetName=GND Pin=PGA204_C61-14
Added Pin To Net: NetName=GND Pin=PGA204_C62-1
Added Pin To Net: NetName=GND Pin=PGA204_C62-6
Added Pin To Net: NetName=GND Pin=PGA204_C62-7
Added Pin To Net: NetName=VCC- Pin=PGA204_C62-8
Added Pin To Net: NetName=GND Pin=PGA204_C62-9
Added Pin To Net: NetName=GND Pin=PGA204_C62-10
Added Pin To Net: NetName=VCC+ Pin=PGA204_C62-13
Added Pin To Net: NetName=GND Pin=PGA204_C62-14
Added Pin To Net: NetName=GND Pin=PGA204_C71-1
Added Pin To Net: NetName=GND Pin=PGA204_C71-6
Added Pin To Net: NetName=GND Pin=PGA204_C71-7
Added Pin To Net: NetName=VCC- Pin=PGA204_C71-8
Added Pin To Net: NetName=GND Pin=PGA204_C71-9
Added Pin To Net: NetName=GND Pin=PGA204_C71-10
Added Pin To Net: NetName=VCC+ Pin=PGA204_C71-13
Added Pin To Net: NetName=GND Pin=PGA204_C71-14
Added Pin To Net: NetName=GND Pin=PGA204_C72-1
Added Pin To Net: NetName=GND Pin=PGA204_C72-6
Added Pin To Net: NetName=GND Pin=PGA204_C72-7
Added Pin To Net: NetName=VCC- Pin=PGA204_C72-8
Added Pin To Net: NetName=GND Pin=PGA204_C72-9
Added Pin To Net: NetName=GND Pin=PGA204_C72-10
Added Pin To Net: NetName=VCC+ Pin=PGA204_C72-13
Added Pin To Net: NetName=GND Pin=PGA204_C72-14
Added Pin To Net: NetName=GND Pin=PGA204_C81-1
Added Pin To Net: NetName=GND Pin=PGA204_C81-6
Added Pin To Net: NetName=GND Pin=PGA204_C81-7
Added Pin To Net: NetName=VCC- Pin=PGA204_C81-8
Added Pin To Net: NetName=GND Pin=PGA204_C81-9
Added Pin To Net: NetName=GND Pin=PGA204_C81-10
Added Pin To Net: NetName=VCC+ Pin=PGA204_C81-13
Added Pin To Net: NetName=GND Pin=PGA204_C81-14
Added Pin To Net: NetName=GND Pin=PGA204_C82-1
Added Pin To Net: NetName=GND Pin=PGA204_C82-6
Added Pin To Net: NetName=GND Pin=PGA204_C82-7
Added Pin To Net: NetName=VCC- Pin=PGA204_C82-8
Added Pin To Net: NetName=GND Pin=PGA204_C82-9
Added Pin To Net: NetName=GND Pin=PGA204_C82-10
Added Pin To Net: NetName=VCC+ Pin=PGA204_C82-13
Added Pin To Net: NetName=GND Pin=PGA204_C82-14
Added Pin To Net: NetName=GND Pin=PGA204_C91-1
Added Pin To Net: NetName=GND Pin=PGA204_C91-6
Added Pin To Net: NetName=GND Pin=PGA204_C91-7
Added Pin To Net: NetName=VCC- Pin=PGA204_C91-8
Added Pin To Net: NetName=GND Pin=PGA204_C91-9
Added Pin To Net: NetName=GND Pin=PGA204_C91-10
Added Pin To Net: NetName=VCC+ Pin=PGA204_C91-13
Added Pin To Net: NetName=GND Pin=PGA204_C91-14
Added Pin To Net: NetName=GND Pin=PGA204_C92-1
Added Pin To Net: NetName=GND Pin=PGA204_C92-6
Added Pin To Net: NetName=GND Pin=PGA204_C92-7
Added Pin To Net: NetName=VCC- Pin=PGA204_C92-8
Added Pin To Net: NetName=GND Pin=PGA204_C92-9
Added Pin To Net: NetName=GND Pin=PGA204_C92-10
Added Pin To Net: NetName=VCC+ Pin=PGA204_C92-13
Added Pin To Net: NetName=GND Pin=PGA204_C92-14
Added Pin To Net: NetName=GND Pin=PGA204_C101-1
Added Pin To Net: NetName=GND Pin=PGA204_C101-6
Added Pin To Net: NetName=GND Pin=PGA204_C101-7
Added Pin To Net: NetName=VCC- Pin=PGA204_C101-8
Added Pin To Net: NetName=GND Pin=PGA204_C101-9
Added Pin To Net: NetName=GND Pin=PGA204_C101-10
Added Pin To Net: NetName=VCC+ Pin=PGA204_C101-13
Added Pin To Net: NetName=GND Pin=PGA204_C101-14
Added Pin To Net: NetName=GND Pin=PGA204_C102-1
Added Pin To Net: NetName=GND Pin=PGA204_C102-6
Added Pin To Net: NetName=GND Pin=PGA204_C102-7
Added Pin To Net: NetName=VCC- Pin=PGA204_C102-8
Added Pin To Net: NetName=GND Pin=PGA204_C102-9
Added Pin To Net: NetName=GND Pin=PGA204_C102-10
Added Pin To Net: NetName=VCC+ Pin=PGA204_C102-13
Added Pin To Net: NetName=GND Pin=PGA204_C102-14
Added Pin To Net: NetName=GND Pin=PGA204_C111-1
Added Pin To Net: NetName=GND Pin=PGA204_C111-6
Added Pin To Net: NetName=GND Pin=PGA204_C111-7
Added Pin To Net: NetName=VCC- Pin=PGA204_C111-8
Added Pin To Net: NetName=GND Pin=PGA204_C111-9
Added Pin To Net: NetName=GND Pin=PGA204_C111-10
Added Pin To Net: NetName=VCC+ Pin=PGA204_C111-13
Added Pin To Net: NetName=GND Pin=PGA204_C111-14
Added Pin To Net: NetName=GND Pin=PGA204_C112-1
Added Pin To Net: NetName=GND Pin=PGA204_C112-6
Added Pin To Net: NetName=GND Pin=PGA204_C112-7
Added Pin To Net: NetName=VCC- Pin=PGA204_C112-8
Added Pin To Net: NetName=GND Pin=PGA204_C112-9
Added Pin To Net: NetName=GND Pin=PGA204_C112-10
Added Pin To Net: NetName=VCC+ Pin=PGA204_C112-13
Added Pin To Net: NetName=GND Pin=PGA204_C112-14
Added Pin To Net: NetName=GND Pin=PGA204_C121-1
Added Pin To Net: NetName=GND Pin=PGA204_C121-6
Added Pin To Net: NetName=GND Pin=PGA204_C121-7
Added Pin To Net: NetName=VCC- Pin=PGA204_C121-8
Added Pin To Net: NetName=GND Pin=PGA204_C121-9
Added Pin To Net: NetName=GND Pin=PGA204_C121-10
Added Pin To Net: NetName=VCC+ Pin=PGA204_C121-13
Added Pin To Net: NetName=GND Pin=PGA204_C121-14
Added Pin To Net: NetName=GND Pin=PGA204_C122-1
Added Pin To Net: NetName=GND Pin=PGA204_C122-6
Added Pin To Net: NetName=GND Pin=PGA204_C122-7
Added Pin To Net: NetName=VCC- Pin=PGA204_C122-8
Added Pin To Net: NetName=GND Pin=PGA204_C122-9
Added Pin To Net: NetName=GND Pin=PGA204_C122-10
Added Pin To Net: NetName=VCC+ Pin=PGA204_C122-13
Added Pin To Net: NetName=GND Pin=PGA204_C122-14
Added Pin To Net: NetName=GND Pin=PGA204_C131-1
Added Pin To Net: NetName=GND Pin=PGA204_C131-6
Added Pin To Net: NetName=GND Pin=PGA204_C131-7
Added Pin To Net: NetName=VCC- Pin=PGA204_C131-8
Added Pin To Net: NetName=GND Pin=PGA204_C131-9
Added Pin To Net: NetName=GND Pin=PGA204_C131-10
Added Pin To Net: NetName=VCC+ Pin=PGA204_C131-13
Added Pin To Net: NetName=GND Pin=PGA204_C131-14
Added Pin To Net: NetName=GND Pin=PGA204_C132-1
Added Pin To Net: NetName=GND Pin=PGA204_C132-6
Added Pin To Net: NetName=GND Pin=PGA204_C132-7
Added Pin To Net: NetName=VCC- Pin=PGA204_C132-8
Added Pin To Net: NetName=GND Pin=PGA204_C132-9
Added Pin To Net: NetName=GND Pin=PGA204_C132-10
Added Pin To Net: NetName=VCC+ Pin=PGA204_C132-13
Added Pin To Net: NetName=GND Pin=PGA204_C132-14
Added Pin To Net: NetName=GND Pin=PGA204_C141-1
Added Pin To Net: NetName=GND Pin=PGA204_C141-6
Added Pin To Net: NetName=GND Pin=PGA204_C141-7
Added Pin To Net: NetName=VCC- Pin=PGA204_C141-8
Added Pin To Net: NetName=GND Pin=PGA204_C141-9
Added Pin To Net: NetName=GND Pin=PGA204_C141-10
Added Pin To Net: NetName=VCC+ Pin=PGA204_C141-13
Added Pin To Net: NetName=GND Pin=PGA204_C141-14
Added Pin To Net: NetName=GND Pin=PGA204_C142-1
Added Pin To Net: NetName=GND Pin=PGA204_C142-6
Added Pin To Net: NetName=GND Pin=PGA204_C142-7
Added Pin To Net: NetName=VCC- Pin=PGA204_C142-8
Added Pin To Net: NetName=GND Pin=PGA204_C142-9
Added Pin To Net: NetName=GND Pin=PGA204_C142-10
Added Pin To Net: NetName=VCC+ Pin=PGA204_C142-13
Added Pin To Net: NetName=GND Pin=PGA204_C142-14
Added Pin To Net: NetName=GND Pin=PGA204_C151-1
Added Pin To Net: NetName=GND Pin=PGA204_C151-6
Added Pin To Net: NetName=GND Pin=PGA204_C151-7
Added Pin To Net: NetName=VCC- Pin=PGA204_C151-8
Added Pin To Net: NetName=GND Pin=PGA204_C151-9
Added Pin To Net: NetName=GND Pin=PGA204_C151-10
Added Pin To Net: NetName=VCC+ Pin=PGA204_C151-13
Added Pin To Net: NetName=GND Pin=PGA204_C151-14
Added Pin To Net: NetName=GND Pin=PGA204_C152-1
Added Pin To Net: NetName=GND Pin=PGA204_C152-6
Added Pin To Net: NetName=GND Pin=PGA204_C152-7
Added Pin To Net: NetName=VCC- Pin=PGA204_C152-8
Added Pin To Net: NetName=GND Pin=PGA204_C152-9
Added Pin To Net: NetName=GND Pin=PGA204_C152-10
Added Pin To Net: NetName=VCC+ Pin=PGA204_C152-13
Added Pin To Net: NetName=GND Pin=PGA204_C152-14
Added Pin To Net: NetName=GND Pin=PGA204_C161-1
Added Pin To Net: NetName=GND Pin=PGA204_C161-6
Added Pin To Net: NetName=GND Pin=PGA204_C161-7
Added Pin To Net: NetName=VCC- Pin=PGA204_C161-8
Added Pin To Net: NetName=GND Pin=PGA204_C161-9
Added Pin To Net: NetName=GND Pin=PGA204_C161-10
Added Pin To Net: NetName=VCC+ Pin=PGA204_C161-13
Added Pin To Net: NetName=GND Pin=PGA204_C161-14
Added Pin To Net: NetName=GND Pin=PGA204_C162-1
Added Pin To Net: NetName=GND Pin=PGA204_C162-6
Added Pin To Net: NetName=GND Pin=PGA204_C162-7
Added Pin To Net: NetName=VCC- Pin=PGA204_C162-8
Added Pin To Net: NetName=GND Pin=PGA204_C162-9
Added Pin To Net: NetName=GND Pin=PGA204_C162-10
Added Pin To Net: NetName=VCC+ Pin=PGA204_C162-13
Added Pin To Net: NetName=GND Pin=PGA204_C162-14
Added Pin To Net: NetName=GND Pin=PGA204_C171-1
Added Pin To Net: NetName=GND Pin=PGA204_C171-6
Added Pin To Net: NetName=GND Pin=PGA204_C171-7
Added Pin To Net: NetName=VCC- Pin=PGA204_C171-8
Added Pin To Net: NetName=GND Pin=PGA204_C171-9
Added Pin To Net: NetName=GND Pin=PGA204_C171-10
Added Pin To Net: NetName=VCC+ Pin=PGA204_C171-13
Added Pin To Net: NetName=GND Pin=PGA204_C171-14
Added Pin To Net: NetName=GND Pin=PGA204_C172-1
Added Pin To Net: NetName=GND Pin=PGA204_C172-6
Added Pin To Net: NetName=GND Pin=PGA204_C172-7
Added Pin To Net: NetName=VCC- Pin=PGA204_C172-8
Added Pin To Net: NetName=GND Pin=PGA204_C172-9
Added Pin To Net: NetName=GND Pin=PGA204_C172-10
Added Pin To Net: NetName=VCC+ Pin=PGA204_C172-13
Added Pin To Net: NetName=GND Pin=PGA204_C172-14
Added Pin To Net: NetName=GND Pin=PGA204_C181-1
Added Pin To Net: NetName=GND Pin=PGA204_C181-6
Added Pin To Net: NetName=GND Pin=PGA204_C181-7
Added Pin To Net: NetName=VCC- Pin=PGA204_C181-8
Added Pin To Net: NetName=GND Pin=PGA204_C181-9
Added Pin To Net: NetName=GND Pin=PGA204_C181-10
Added Pin To Net: NetName=VCC+ Pin=PGA204_C181-13
Added Pin To Net: NetName=GND Pin=PGA204_C181-14
Added Pin To Net: NetName=GND Pin=PGA204_C182-1
Added Pin To Net: NetName=GND Pin=PGA204_C182-6
Added Pin To Net: NetName=GND Pin=PGA204_C182-7
Added Pin To Net: NetName=VCC- Pin=PGA204_C182-8
Added Pin To Net: NetName=GND Pin=PGA204_C182-9
Added Pin To Net: NetName=GND Pin=PGA204_C182-10
Added Pin To Net: NetName=VCC+ Pin=PGA204_C182-13
Added Pin To Net: NetName=GND Pin=PGA204_C182-14
Added Pin To Net: NetName=GND Pin=PGA204_C191-1
Added Pin To Net: NetName=GND Pin=PGA204_C191-6
Added Pin To Net: NetName=GND Pin=PGA204_C191-7
Added Pin To Net: NetName=VCC- Pin=PGA204_C191-8
Added Pin To Net: NetName=GND Pin=PGA204_C191-9
Added Pin To Net: NetName=GND Pin=PGA204_C191-10
Added Pin To Net: NetName=VCC+ Pin=PGA204_C191-13
Added Pin To Net: NetName=GND Pin=PGA204_C191-14
Added Pin To Net: NetName=GND Pin=PGA204_C192-1
Added Pin To Net: NetName=GND Pin=PGA204_C192-6
Added Pin To Net: NetName=GND Pin=PGA204_C192-7
Added Pin To Net: NetName=VCC- Pin=PGA204_C192-8
Added Pin To Net: NetName=GND Pin=PGA204_C192-9
Added Pin To Net: NetName=GND Pin=PGA204_C192-10
Added Pin To Net: NetName=VCC+ Pin=PGA204_C192-13
Added Pin To Net: NetName=GND Pin=PGA204_C192-14
Added Pin To Net: NetName=GND Pin=PGA204_C201-1
Added Pin To Net: NetName=GND Pin=PGA204_C201-6
Added Pin To Net: NetName=GND Pin=PGA204_C201-7
Added Pin To Net: NetName=VCC- Pin=PGA204_C201-8
Added Pin To Net: NetName=GND Pin=PGA204_C201-9
Added Pin To Net: NetName=GND Pin=PGA204_C201-10
Added Pin To Net: NetName=VCC+ Pin=PGA204_C201-13
Added Pin To Net: NetName=GND Pin=PGA204_C201-14
Added Pin To Net: NetName=GND Pin=PGA204_C202-1
Added Pin To Net: NetName=GND Pin=PGA204_C202-6
Added Pin To Net: NetName=GND Pin=PGA204_C202-7
Added Pin To Net: NetName=VCC- Pin=PGA204_C202-8
Added Pin To Net: NetName=GND Pin=PGA204_C202-9
Added Pin To Net: NetName=GND Pin=PGA204_C202-10
Added Pin To Net: NetName=VCC+ Pin=PGA204_C202-13
Added Pin To Net: NetName=GND Pin=PGA204_C202-14
Added Pin To Net: NetName=STUB4 Pin=RA_Standard Bridge Board1-0
Added Pin To Net: NetName=STUB2 Pin=RA_Standard Bridge Board1-1
Added Pin To Net: NetName=STUB4 Pin=RA_Standard Bridge Board2-0
Added Pin To Net: NetName=STUB2 Pin=RA_Standard Bridge Board2-1
Added Pin To Net: NetName=STUB3 Pin=RB_Standard Bridge Board1-0
Added Pin To Net: NetName=STUB1 Pin=RB_Standard Bridge Board1-1
Added Pin To Net: NetName=STUB3 Pin=RB_Standard Bridge Board2-0
Added Pin To Net: NetName=STUB1 Pin=RB_Standard Bridge Board2-1
Added Pin To Net: NetName=STUB4 Pin=RT_Standard Bridge Board1-0
Added Pin To Net: NetName=STUB3 Pin=RT_Standard Bridge Board1-1
Added Pin To Net: NetName=STUB4 Pin=RT_Standard Bridge Board2-0
Added Pin To Net: NetName=STUB3 Pin=RT_Standard Bridge Board2-1
Added Pin To Net: NetName=STUB3 Pin=T1_Standard Bridge Board1-0
Added Pin To Net: NetName=STUB1 Pin=T1_Standard Bridge Board1-1
Added Pin To Net: NetName=STUB2 Pin=T1_Standard Bridge Board1-2
Added Pin To Net: NetName=STUB3 Pin=T1_Standard Bridge Board2-0
Added Pin To Net: NetName=STUB1 Pin=T1_Standard Bridge Board2-1
Added Pin To Net: NetName=STUB2 Pin=T1_Standard Bridge Board2-2
Added Pin To Net: NetName=VCC+ Pin=U1_Stub Tester 2-1
Added Pin To Net: NetName=1.25V Pin=U1_Stub Tester 2-2
Added Pin To Net: NetName=GND Pin=U1_Stub Tester 2-3
Added Pin To Net: NetName=VCC+ Pin=U1_Stub Tester-1
Added Pin To Net: NetName=1.25V Pin=U1_Stub Tester-2
Added Pin To Net: NetName=GND Pin=U1_Stub Tester-3
Added Pin To Net: NetName=-1.25V Pin=U2_Stub Tester 2-1
Added Pin To Net: NetName=VCC- Pin=U2_Stub Tester 2-2
Added Pin To Net: NetName=VCC- Pin=U2_Stub Tester 2-3
Added Pin To Net: NetName=GND Pin=U2_Stub Tester 2-4
Added Pin To Net: NetName=-1.25V Pin=U2_Stub Tester 2-5
Added Pin To Net: NetName=VCC- Pin=U2_Stub Tester 2-6
Added Pin To Net: NetName=VCC- Pin=U2_Stub Tester 2-7
Added Pin To Net: NetName=-1.25V Pin=U2_Stub Tester-1
Added Pin To Net: NetName=VCC- Pin=U2_Stub Tester-2
Added Pin To Net: NetName=VCC- Pin=U2_Stub Tester-3
Added Pin To Net: NetName=GND Pin=U2_Stub Tester-4
Added Pin To Net: NetName=-1.25V Pin=U2_Stub Tester-5
Added Pin To Net: NetName=VCC- Pin=U2_Stub Tester-6
Added Pin To Net: NetName=VCC- Pin=U2_Stub Tester-7
Added Pin To Net: NetName=A0_Stub Tester 2 Pin=P1_Stub Tester 2-25
Added Pin To Net: NetName=A0_Stub Tester 2 Pin=PGA204_C12-15
Added Pin To Net: NetName=A0_Stub Tester 2 Pin=PGA204_C22-15
Added Pin To Net: NetName=A0_Stub Tester 2 Pin=PGA204_C32-15
Added Pin To Net: NetName=A0_Stub Tester 2 Pin=PGA204_C42-15
Added Pin To Net: NetName=A0_Stub Tester 2 Pin=PGA204_C52-15
Added Pin To Net: NetName=A0_Stub Tester 2 Pin=PGA204_C62-15
Added Pin To Net: NetName=A0_Stub Tester 2 Pin=PGA204_C72-15
Added Pin To Net: NetName=A0_Stub Tester 2 Pin=PGA204_C82-15
Added Pin To Net: NetName=A0_Stub Tester 2 Pin=PGA204_C92-15
Added Pin To Net: NetName=A0_Stub Tester 2 Pin=PGA204_C102-15
Added Pin To Net: NetName=A0_Stub Tester 2 Pin=PGA204_C112-15
Added Pin To Net: NetName=A0_Stub Tester 2 Pin=PGA204_C122-15
Added Pin To Net: NetName=A0_Stub Tester 2 Pin=PGA204_C132-15
Added Pin To Net: NetName=A0_Stub Tester 2 Pin=PGA204_C142-15
Added Pin To Net: NetName=A0_Stub Tester 2 Pin=PGA204_C152-15
Added Pin To Net: NetName=A0_Stub Tester 2 Pin=PGA204_C162-15
Added Pin To Net: NetName=A0_Stub Tester 2 Pin=PGA204_C172-15
Added Pin To Net: NetName=A0_Stub Tester 2 Pin=PGA204_C182-15
Added Pin To Net: NetName=A0_Stub Tester 2 Pin=PGA204_C192-15
Added Pin To Net: NetName=A0_Stub Tester 2 Pin=PGA204_C202-15
Added Net: Name=A0_Stub Tester 2
Added Pin To Net: NetName=A0_Stub Tester Pin=P1_Stub Tester-25
Added Pin To Net: NetName=A0_Stub Tester Pin=PGA204_C11-15
Added Pin To Net: NetName=A0_Stub Tester Pin=PGA204_C21-15
Added Pin To Net: NetName=A0_Stub Tester Pin=PGA204_C31-15
Added Pin To Net: NetName=A0_Stub Tester Pin=PGA204_C41-15
Added Pin To Net: NetName=A0_Stub Tester Pin=PGA204_C51-15
Added Pin To Net: NetName=A0_Stub Tester Pin=PGA204_C61-15
Added Pin To Net: NetName=A0_Stub Tester Pin=PGA204_C71-15
Added Pin To Net: NetName=A0_Stub Tester Pin=PGA204_C81-15
Added Pin To Net: NetName=A0_Stub Tester Pin=PGA204_C91-15
Added Pin To Net: NetName=A0_Stub Tester Pin=PGA204_C101-15
Added Pin To Net: NetName=A0_Stub Tester Pin=PGA204_C111-15
Added Pin To Net: NetName=A0_Stub Tester Pin=PGA204_C121-15
Added Pin To Net: NetName=A0_Stub Tester Pin=PGA204_C131-15
Added Pin To Net: NetName=A0_Stub Tester Pin=PGA204_C141-15
Added Pin To Net: NetName=A0_Stub Tester Pin=PGA204_C151-15
Added Pin To Net: NetName=A0_Stub Tester Pin=PGA204_C161-15
Added Pin To Net: NetName=A0_Stub Tester Pin=PGA204_C171-15
Added Pin To Net: NetName=A0_Stub Tester Pin=PGA204_C181-15
Added Pin To Net: NetName=A0_Stub Tester Pin=PGA204_C191-15
Added Pin To Net: NetName=A0_Stub Tester Pin=PGA204_C201-15
Added Net: Name=A0_Stub Tester
Added Pin To Net: NetName=A1_Stub Tester 2 Pin=P1_Stub Tester 2-27
Added Pin To Net: NetName=A1_Stub Tester 2 Pin=PGA204_C12-16
Added Pin To Net: NetName=A1_Stub Tester 2 Pin=PGA204_C22-16
Added Pin To Net: NetName=A1_Stub Tester 2 Pin=PGA204_C32-16
Added Pin To Net: NetName=A1_Stub Tester 2 Pin=PGA204_C42-16
Added Pin To Net: NetName=A1_Stub Tester 2 Pin=PGA204_C52-16
Added Pin To Net: NetName=A1_Stub Tester 2 Pin=PGA204_C62-16
Added Pin To Net: NetName=A1_Stub Tester 2 Pin=PGA204_C72-16
Added Pin To Net: NetName=A1_Stub Tester 2 Pin=PGA204_C82-16
Added Pin To Net: NetName=A1_Stub Tester 2 Pin=PGA204_C92-16
Added Pin To Net: NetName=A1_Stub Tester 2 Pin=PGA204_C102-16
Added Pin To Net: NetName=A1_Stub Tester 2 Pin=PGA204_C112-16
Added Pin To Net: NetName=A1_Stub Tester 2 Pin=PGA204_C122-16
Added Pin To Net: NetName=A1_Stub Tester 2 Pin=PGA204_C132-16
Added Pin To Net: NetName=A1_Stub Tester 2 Pin=PGA204_C142-16
Added Pin To Net: NetName=A1_Stub Tester 2 Pin=PGA204_C152-16
Added Pin To Net: NetName=A1_Stub Tester 2 Pin=PGA204_C162-16
Added Pin To Net: NetName=A1_Stub Tester 2 Pin=PGA204_C172-16
Added Pin To Net: NetName=A1_Stub Tester 2 Pin=PGA204_C182-16
Added Pin To Net: NetName=A1_Stub Tester 2 Pin=PGA204_C192-16
Added Pin To Net: NetName=A1_Stub Tester 2 Pin=PGA204_C202-16
Added Net: Name=A1_Stub Tester 2
Added Pin To Net: NetName=A1_Stub Tester Pin=P1_Stub Tester-27
Added Pin To Net: NetName=A1_Stub Tester Pin=PGA204_C11-16
Added Pin To Net: NetName=A1_Stub Tester Pin=PGA204_C21-16
Added Pin To Net: NetName=A1_Stub Tester Pin=PGA204_C31-16
Added Pin To Net: NetName=A1_Stub Tester Pin=PGA204_C41-16
Added Pin To Net: NetName=A1_Stub Tester Pin=PGA204_C51-16
Added Pin To Net: NetName=A1_Stub Tester Pin=PGA204_C61-16
Added Pin To Net: NetName=A1_Stub Tester Pin=PGA204_C71-16
Added Pin To Net: NetName=A1_Stub Tester Pin=PGA204_C81-16
Added Pin To Net: NetName=A1_Stub Tester Pin=PGA204_C91-16
Added Pin To Net: NetName=A1_Stub Tester Pin=PGA204_C101-16
Added Pin To Net: NetName=A1_Stub Tester Pin=PGA204_C111-16
Added Pin To Net: NetName=A1_Stub Tester Pin=PGA204_C121-16
Added Pin To Net: NetName=A1_Stub Tester Pin=PGA204_C131-16
Added Pin To Net: NetName=A1_Stub Tester Pin=PGA204_C141-16
Added Pin To Net: NetName=A1_Stub Tester Pin=PGA204_C151-16
Added Pin To Net: NetName=A1_Stub Tester Pin=PGA204_C161-16
Added Pin To Net: NetName=A1_Stub Tester Pin=PGA204_C171-16
Added Pin To Net: NetName=A1_Stub Tester Pin=PGA204_C181-16
Added Pin To Net: NetName=A1_Stub Tester Pin=PGA204_C191-16
Added Pin To Net: NetName=A1_Stub Tester Pin=PGA204_C201-16
Added Net: Name=A1_Stub Tester
Added Pin To Net: NetName=NetC8_Stub Tester 2_1 Pin=C8_Stub Tester 2-1
Added Pin To Net: NetName=NetC8_Stub Tester 2_1 Pin=U2_Stub Tester 2-8
Added Net: Name=NetC8_Stub Tester 2_1
Added Pin To Net: NetName=NetC8_Stub Tester_1 Pin=C8_Stub Tester-1
Added Pin To Net: NetName=NetC8_Stub Tester_1 Pin=U2_Stub Tester-8
Added Net: Name=NetC8_Stub Tester_1
Added Pin To Net: NetName=NetH1_C21_1 Pin=H1_C21-1
Added Pin To Net: NetName=NetH1_C21_1 Pin=PGA204_C21-4
Added Net: Name=NetH1_C21_1
Added Pin To Net: NetName=NetH1_C21_2 Pin=H1_C21-2
Added Pin To Net: NetName=NetH1_C21_2 Pin=PGA204_C21-5
Added Net: Name=NetH1_C21_2
Added Pin To Net: NetName=NetH1_C22_1 Pin=H1_C22-1
Added Pin To Net: NetName=NetH1_C22_1 Pin=PGA204_C22-4
Added Net: Name=NetH1_C22_1
Added Pin To Net: NetName=NetH1_C22_2 Pin=H1_C22-2
Added Pin To Net: NetName=NetH1_C22_2 Pin=PGA204_C22-5
Added Net: Name=NetH1_C22_2
Added Pin To Net: NetName=NetH1_C31_1 Pin=H1_C31-1
Added Pin To Net: NetName=NetH1_C31_1 Pin=PGA204_C31-4
Added Net: Name=NetH1_C31_1
Added Pin To Net: NetName=NetH1_C31_2 Pin=H1_C31-2
Added Pin To Net: NetName=NetH1_C31_2 Pin=PGA204_C31-5
Added Net: Name=NetH1_C31_2
Added Pin To Net: NetName=NetH1_C32_1 Pin=H1_C32-1
Added Pin To Net: NetName=NetH1_C32_1 Pin=PGA204_C32-4
Added Net: Name=NetH1_C32_1
Added Pin To Net: NetName=NetH1_C32_2 Pin=H1_C32-2
Added Pin To Net: NetName=NetH1_C32_2 Pin=PGA204_C32-5
Added Net: Name=NetH1_C32_2
Added Pin To Net: NetName=NetH1_C41_1 Pin=H1_C41-1
Added Pin To Net: NetName=NetH1_C41_1 Pin=PGA204_C41-4
Added Net: Name=NetH1_C41_1
Added Pin To Net: NetName=NetH1_C41_2 Pin=H1_C41-2
Added Pin To Net: NetName=NetH1_C41_2 Pin=PGA204_C41-5
Added Net: Name=NetH1_C41_2
Added Pin To Net: NetName=NetH1_C42_1 Pin=H1_C42-1
Added Pin To Net: NetName=NetH1_C42_1 Pin=PGA204_C42-4
Added Net: Name=NetH1_C42_1
Added Pin To Net: NetName=NetH1_C42_2 Pin=H1_C42-2
Added Pin To Net: NetName=NetH1_C42_2 Pin=PGA204_C42-5
Added Net: Name=NetH1_C42_2
Added Pin To Net: NetName=NetH1_C51_1 Pin=H1_C51-1
Added Pin To Net: NetName=NetH1_C51_1 Pin=PGA204_C51-4
Added Net: Name=NetH1_C51_1
Added Pin To Net: NetName=NetH1_C51_2 Pin=H1_C51-2
Added Pin To Net: NetName=NetH1_C51_2 Pin=PGA204_C51-5
Added Net: Name=NetH1_C51_2
Added Pin To Net: NetName=NetH1_C52_1 Pin=H1_C52-1
Added Pin To Net: NetName=NetH1_C52_1 Pin=PGA204_C52-4
Added Net: Name=NetH1_C52_1
Added Pin To Net: NetName=NetH1_C52_2 Pin=H1_C52-2
Added Pin To Net: NetName=NetH1_C52_2 Pin=PGA204_C52-5
Added Net: Name=NetH1_C52_2
Added Pin To Net: NetName=NetH1_C61_1 Pin=H1_C61-1
Added Pin To Net: NetName=NetH1_C61_1 Pin=PGA204_C61-4
Added Net: Name=NetH1_C61_1
Added Pin To Net: NetName=NetH1_C61_2 Pin=H1_C61-2
Added Pin To Net: NetName=NetH1_C61_2 Pin=PGA204_C61-5
Added Net: Name=NetH1_C61_2
Added Pin To Net: NetName=NetH1_C62_1 Pin=H1_C62-1
Added Pin To Net: NetName=NetH1_C62_1 Pin=PGA204_C62-4
Added Net: Name=NetH1_C62_1
Added Pin To Net: NetName=NetH1_C62_2 Pin=H1_C62-2
Added Pin To Net: NetName=NetH1_C62_2 Pin=PGA204_C62-5
Added Net: Name=NetH1_C62_2
Added Pin To Net: NetName=NetH1_C71_1 Pin=H1_C71-1
Added Pin To Net: NetName=NetH1_C71_1 Pin=PGA204_C71-4
Added Net: Name=NetH1_C71_1
Added Pin To Net: NetName=NetH1_C71_2 Pin=H1_C71-2
Added Pin To Net: NetName=NetH1_C71_2 Pin=PGA204_C71-5
Added Net: Name=NetH1_C71_2
Added Pin To Net: NetName=NetH1_C72_1 Pin=H1_C72-1
Added Pin To Net: NetName=NetH1_C72_1 Pin=PGA204_C72-4
Added Net: Name=NetH1_C72_1
Added Pin To Net: NetName=NetH1_C72_2 Pin=H1_C72-2
Added Pin To Net: NetName=NetH1_C72_2 Pin=PGA204_C72-5
Added Net: Name=NetH1_C72_2
Added Pin To Net: NetName=NetH1_C81_1 Pin=H1_C81-1
Added Pin To Net: NetName=NetH1_C81_1 Pin=PGA204_C81-4
Added Net: Name=NetH1_C81_1
Added Pin To Net: NetName=NetH1_C81_2 Pin=H1_C81-2
Added Pin To Net: NetName=NetH1_C81_2 Pin=PGA204_C81-5
Added Net: Name=NetH1_C81_2
Added Pin To Net: NetName=NetH1_C82_1 Pin=H1_C82-1
Added Pin To Net: NetName=NetH1_C82_1 Pin=PGA204_C82-4
Added Net: Name=NetH1_C82_1
Added Pin To Net: NetName=NetH1_C82_2 Pin=H1_C82-2
Added Pin To Net: NetName=NetH1_C82_2 Pin=PGA204_C82-5
Added Net: Name=NetH1_C82_2
Added Pin To Net: NetName=NetH1_C91_1 Pin=H1_C91-1
Added Pin To Net: NetName=NetH1_C91_1 Pin=PGA204_C91-4
Added Net: Name=NetH1_C91_1
Added Pin To Net: NetName=NetH1_C91_2 Pin=H1_C91-2
Added Pin To Net: NetName=NetH1_C91_2 Pin=PGA204_C91-5
Added Net: Name=NetH1_C91_2
Added Pin To Net: NetName=NetH1_C92_1 Pin=H1_C92-1
Added Pin To Net: NetName=NetH1_C92_1 Pin=PGA204_C92-4
Added Net: Name=NetH1_C92_1
Added Pin To Net: NetName=NetH1_C92_2 Pin=H1_C92-2
Added Pin To Net: NetName=NetH1_C92_2 Pin=PGA204_C92-5
Added Net: Name=NetH1_C92_2
Added Pin To Net: NetName=NetH1_C101_1 Pin=H1_C101-1
Added Pin To Net: NetName=NetH1_C101_1 Pin=PGA204_C101-4
Added Net: Name=NetH1_C101_1
Added Pin To Net: NetName=NetH1_C101_2 Pin=H1_C101-2
Added Pin To Net: NetName=NetH1_C101_2 Pin=PGA204_C101-5
Added Net: Name=NetH1_C101_2
Added Pin To Net: NetName=NetH1_C102_1 Pin=H1_C102-1
Added Pin To Net: NetName=NetH1_C102_1 Pin=PGA204_C102-4
Added Net: Name=NetH1_C102_1
Added Pin To Net: NetName=NetH1_C102_2 Pin=H1_C102-2
Added Pin To Net: NetName=NetH1_C102_2 Pin=PGA204_C102-5
Added Net: Name=NetH1_C102_2
Added Pin To Net: NetName=NetH1_C111_1 Pin=H1_C111-1
Added Pin To Net: NetName=NetH1_C111_1 Pin=PGA204_C111-4
Added Net: Name=NetH1_C111_1
Added Pin To Net: NetName=NetH1_C111_2 Pin=H1_C111-2
Added Pin To Net: NetName=NetH1_C111_2 Pin=PGA204_C111-5
Added Net: Name=NetH1_C111_2
Added Pin To Net: NetName=NetH1_C112_1 Pin=H1_C112-1
Added Pin To Net: NetName=NetH1_C112_1 Pin=PGA204_C112-4
Added Net: Name=NetH1_C112_1
Added Pin To Net: NetName=NetH1_C112_2 Pin=H1_C112-2
Added Pin To Net: NetName=NetH1_C112_2 Pin=PGA204_C112-5
Added Net: Name=NetH1_C112_2
Added Pin To Net: NetName=NetH1_C121_1 Pin=H1_C121-1
Added Pin To Net: NetName=NetH1_C121_1 Pin=PGA204_C121-4
Added Net: Name=NetH1_C121_1
Added Pin To Net: NetName=NetH1_C121_2 Pin=H1_C121-2
Added Pin To Net: NetName=NetH1_C121_2 Pin=PGA204_C121-5
Added Net: Name=NetH1_C121_2
Added Pin To Net: NetName=NetH1_C122_1 Pin=H1_C122-1
Added Pin To Net: NetName=NetH1_C122_1 Pin=PGA204_C122-4
Added Net: Name=NetH1_C122_1
Added Pin To Net: NetName=NetH1_C122_2 Pin=H1_C122-2
Added Pin To Net: NetName=NetH1_C122_2 Pin=PGA204_C122-5
Added Net: Name=NetH1_C122_2
Added Pin To Net: NetName=NetH1_C131_1 Pin=H1_C131-1
Added Pin To Net: NetName=NetH1_C131_1 Pin=PGA204_C131-4
Added Net: Name=NetH1_C131_1
Added Pin To Net: NetName=NetH1_C131_2 Pin=H1_C131-2
Added Pin To Net: NetName=NetH1_C131_2 Pin=PGA204_C131-5
Added Net: Name=NetH1_C131_2
Added Pin To Net: NetName=NetH1_C132_1 Pin=H1_C132-1
Added Pin To Net: NetName=NetH1_C132_1 Pin=PGA204_C132-4
Added Net: Name=NetH1_C132_1
Added Pin To Net: NetName=NetH1_C132_2 Pin=H1_C132-2
Added Pin To Net: NetName=NetH1_C132_2 Pin=PGA204_C132-5
Added Net: Name=NetH1_C132_2
Added Pin To Net: NetName=NetH1_C141_1 Pin=H1_C141-1
Added Pin To Net: NetName=NetH1_C141_1 Pin=PGA204_C141-4
Added Net: Name=NetH1_C141_1
Added Pin To Net: NetName=NetH1_C141_2 Pin=H1_C141-2
Added Pin To Net: NetName=NetH1_C141_2 Pin=PGA204_C141-5
Added Net: Name=NetH1_C141_2
Added Pin To Net: NetName=NetH1_C142_1 Pin=H1_C142-1
Added Pin To Net: NetName=NetH1_C142_1 Pin=PGA204_C142-4
Added Net: Name=NetH1_C142_1
Added Pin To Net: NetName=NetH1_C142_2 Pin=H1_C142-2
Added Pin To Net: NetName=NetH1_C142_2 Pin=PGA204_C142-5
Added Net: Name=NetH1_C142_2
Added Pin To Net: NetName=NetH1_C151_1 Pin=H1_C151-1
Added Pin To Net: NetName=NetH1_C151_1 Pin=PGA204_C151-4
Added Net: Name=NetH1_C151_1
Added Pin To Net: NetName=NetH1_C151_2 Pin=H1_C151-2
Added Pin To Net: NetName=NetH1_C151_2 Pin=PGA204_C151-5
Added Net: Name=NetH1_C151_2
Added Pin To Net: NetName=NetH1_C152_1 Pin=H1_C152-1
Added Pin To Net: NetName=NetH1_C152_1 Pin=PGA204_C152-4
Added Net: Name=NetH1_C152_1
Added Pin To Net: NetName=NetH1_C152_2 Pin=H1_C152-2
Added Pin To Net: NetName=NetH1_C152_2 Pin=PGA204_C152-5
Added Net: Name=NetH1_C152_2
Added Pin To Net: NetName=NetH1_C161_1 Pin=H1_C161-1
Added Pin To Net: NetName=NetH1_C161_1 Pin=PGA204_C161-4
Added Net: Name=NetH1_C161_1
Added Pin To Net: NetName=NetH1_C161_2 Pin=H1_C161-2
Added Pin To Net: NetName=NetH1_C161_2 Pin=PGA204_C161-5
Added Net: Name=NetH1_C161_2
Added Pin To Net: NetName=NetH1_C162_1 Pin=H1_C162-1
Added Pin To Net: NetName=NetH1_C162_1 Pin=PGA204_C162-4
Added Net: Name=NetH1_C162_1
Added Pin To Net: NetName=NetH1_C162_2 Pin=H1_C162-2
Added Pin To Net: NetName=NetH1_C162_2 Pin=PGA204_C162-5
Added Net: Name=NetH1_C162_2
Added Pin To Net: NetName=NetH1_C171_1 Pin=H1_C171-1
Added Pin To Net: NetName=NetH1_C171_1 Pin=PGA204_C171-4
Added Net: Name=NetH1_C171_1
Added Pin To Net: NetName=NetH1_C171_2 Pin=H1_C171-2
Added Pin To Net: NetName=NetH1_C171_2 Pin=PGA204_C171-5
Added Net: Name=NetH1_C171_2
Added Pin To Net: NetName=NetH1_C172_1 Pin=H1_C172-1
Added Pin To Net: NetName=NetH1_C172_1 Pin=PGA204_C172-4
Added Net: Name=NetH1_C172_1
Added Pin To Net: NetName=NetH1_C172_2 Pin=H1_C172-2
Added Pin To Net: NetName=NetH1_C172_2 Pin=PGA204_C172-5
Added Net: Name=NetH1_C172_2
Added Pin To Net: NetName=NetH1_C181_1 Pin=H1_C181-1
Added Pin To Net: NetName=NetH1_C181_1 Pin=PGA204_C181-4
Added Net: Name=NetH1_C181_1
Added Pin To Net: NetName=NetH1_C181_2 Pin=H1_C181-2
Added Pin To Net: NetName=NetH1_C181_2 Pin=PGA204_C181-5
Added Net: Name=NetH1_C181_2
Added Pin To Net: NetName=NetH1_C182_1 Pin=H1_C182-1
Added Pin To Net: NetName=NetH1_C182_1 Pin=PGA204_C182-4
Added Net: Name=NetH1_C182_1
Added Pin To Net: NetName=NetH1_C182_2 Pin=H1_C182-2
Added Pin To Net: NetName=NetH1_C182_2 Pin=PGA204_C182-5
Added Net: Name=NetH1_C182_2
Added Pin To Net: NetName=NetH1_C191_1 Pin=H1_C191-1
Added Pin To Net: NetName=NetH1_C191_1 Pin=PGA204_C191-4
Added Net: Name=NetH1_C191_1
Added Pin To Net: NetName=NetH1_C191_2 Pin=H1_C191-2
Added Pin To Net: NetName=NetH1_C191_2 Pin=PGA204_C191-5
Added Net: Name=NetH1_C191_2
Added Pin To Net: NetName=NetH1_C192_1 Pin=H1_C192-1
Added Pin To Net: NetName=NetH1_C192_1 Pin=PGA204_C192-4
Added Net: Name=NetH1_C192_1
Added Pin To Net: NetName=NetH1_C192_2 Pin=H1_C192-2
Added Pin To Net: NetName=NetH1_C192_2 Pin=PGA204_C192-5
Added Net: Name=NetH1_C192_2
Added Pin To Net: NetName=NetH1_C201_1 Pin=H1_C201-1
Added Pin To Net: NetName=NetH1_C201_1 Pin=PGA204_C201-4
Added Net: Name=NetH1_C201_1
Added Pin To Net: NetName=NetH1_C201_2 Pin=H1_C201-2
Added Pin To Net: NetName=NetH1_C201_2 Pin=PGA204_C201-5
Added Net: Name=NetH1_C201_2
Added Pin To Net: NetName=NetH1_C202_1 Pin=H1_C202-1
Added Pin To Net: NetName=NetH1_C202_1 Pin=PGA204_C202-4
Added Net: Name=NetH1_C202_1
Added Pin To Net: NetName=NetH1_C202_2 Pin=H1_C202-2
Added Pin To Net: NetName=NetH1_C202_2 Pin=PGA204_C202-5
Added Net: Name=NetH1_C202_2
Added Pin To Net: NetName=NetPGA204_C21_11 Pin=PGA204_C21-11
Added Pin To Net: NetName=NetPGA204_C21_11 Pin=PGA204_C21-12
Added Pin To Net: NetName=NetPGA204_C21_11 Pin=R2_C21-1
Added Net: Name=NetPGA204_C21_11
Added Pin To Net: NetName=NetPGA204_C22_11 Pin=PGA204_C22-11
Added Pin To Net: NetName=NetPGA204_C22_11 Pin=PGA204_C22-12
Added Pin To Net: NetName=NetPGA204_C22_11 Pin=R2_C22-1
Added Net: Name=NetPGA204_C22_11
Added Pin To Net: NetName=NetPGA204_C31_11 Pin=PGA204_C31-11
Added Pin To Net: NetName=NetPGA204_C31_11 Pin=PGA204_C31-12
Added Pin To Net: NetName=NetPGA204_C31_11 Pin=R2_C31-1
Added Net: Name=NetPGA204_C31_11
Added Pin To Net: NetName=NetPGA204_C32_11 Pin=PGA204_C32-11
Added Pin To Net: NetName=NetPGA204_C32_11 Pin=PGA204_C32-12
Added Pin To Net: NetName=NetPGA204_C32_11 Pin=R2_C32-1
Added Net: Name=NetPGA204_C32_11
Added Pin To Net: NetName=NetPGA204_C41_11 Pin=PGA204_C41-11
Added Pin To Net: NetName=NetPGA204_C41_11 Pin=PGA204_C41-12
Added Pin To Net: NetName=NetPGA204_C41_11 Pin=R2_C41-1
Added Net: Name=NetPGA204_C41_11
Added Pin To Net: NetName=NetPGA204_C42_11 Pin=PGA204_C42-11
Added Pin To Net: NetName=NetPGA204_C42_11 Pin=PGA204_C42-12
Added Pin To Net: NetName=NetPGA204_C42_11 Pin=R2_C42-1
Added Net: Name=NetPGA204_C42_11
Added Pin To Net: NetName=NetPGA204_C51_11 Pin=PGA204_C51-11
Added Pin To Net: NetName=NetPGA204_C51_11 Pin=PGA204_C51-12
Added Pin To Net: NetName=NetPGA204_C51_11 Pin=R2_C51-1
Added Net: Name=NetPGA204_C51_11
Added Pin To Net: NetName=NetPGA204_C52_11 Pin=PGA204_C52-11
Added Pin To Net: NetName=NetPGA204_C52_11 Pin=PGA204_C52-12
Added Pin To Net: NetName=NetPGA204_C52_11 Pin=R2_C52-1
Added Net: Name=NetPGA204_C52_11
Added Pin To Net: NetName=NetPGA204_C61_11 Pin=PGA204_C61-11
Added Pin To Net: NetName=NetPGA204_C61_11 Pin=PGA204_C61-12
Added Pin To Net: NetName=NetPGA204_C61_11 Pin=R2_C61-1
Added Net: Name=NetPGA204_C61_11
Added Pin To Net: NetName=NetPGA204_C62_11 Pin=PGA204_C62-11
Added Pin To Net: NetName=NetPGA204_C62_11 Pin=PGA204_C62-12
Added Pin To Net: NetName=NetPGA204_C62_11 Pin=R2_C62-1
Added Net: Name=NetPGA204_C62_11
Added Pin To Net: NetName=NetPGA204_C71_11 Pin=PGA204_C71-11
Added Pin To Net: NetName=NetPGA204_C71_11 Pin=PGA204_C71-12
Added Pin To Net: NetName=NetPGA204_C71_11 Pin=R2_C71-1
Added Net: Name=NetPGA204_C71_11
Added Pin To Net: NetName=NetPGA204_C72_11 Pin=PGA204_C72-11
Added Pin To Net: NetName=NetPGA204_C72_11 Pin=PGA204_C72-12
Added Pin To Net: NetName=NetPGA204_C72_11 Pin=R2_C72-1
Added Net: Name=NetPGA204_C72_11
Added Pin To Net: NetName=NetPGA204_C81_11 Pin=PGA204_C81-11
Added Pin To Net: NetName=NetPGA204_C81_11 Pin=PGA204_C81-12
Added Pin To Net: NetName=NetPGA204_C81_11 Pin=R2_C81-1
Added Net: Name=NetPGA204_C81_11
Added Pin To Net: NetName=NetPGA204_C82_11 Pin=PGA204_C82-11
Added Pin To Net: NetName=NetPGA204_C82_11 Pin=PGA204_C82-12
Added Pin To Net: NetName=NetPGA204_C82_11 Pin=R2_C82-1
Added Net: Name=NetPGA204_C82_11
Added Pin To Net: NetName=NetPGA204_C91_11 Pin=PGA204_C91-11
Added Pin To Net: NetName=NetPGA204_C91_11 Pin=PGA204_C91-12
Added Pin To Net: NetName=NetPGA204_C91_11 Pin=R2_C91-1
Added Net: Name=NetPGA204_C91_11
Added Pin To Net: NetName=NetPGA204_C92_11 Pin=PGA204_C92-11
Added Pin To Net: NetName=NetPGA204_C92_11 Pin=PGA204_C92-12
Added Pin To Net: NetName=NetPGA204_C92_11 Pin=R2_C92-1
Added Net: Name=NetPGA204_C92_11
Added Pin To Net: NetName=NetPGA204_C101_11 Pin=PGA204_C101-11
Added Pin To Net: NetName=NetPGA204_C101_11 Pin=PGA204_C101-12
Added Pin To Net: NetName=NetPGA204_C101_11 Pin=R2_C101-1
Added Net: Name=NetPGA204_C101_11
Added Pin To Net: NetName=NetPGA204_C102_11 Pin=PGA204_C102-11
Added Pin To Net: NetName=NetPGA204_C102_11 Pin=PGA204_C102-12
Added Pin To Net: NetName=NetPGA204_C102_11 Pin=R2_C102-1
Added Net: Name=NetPGA204_C102_11
Added Pin To Net: NetName=NetPGA204_C111_11 Pin=PGA204_C111-11
Added Pin To Net: NetName=NetPGA204_C111_11 Pin=PGA204_C111-12
Added Pin To Net: NetName=NetPGA204_C111_11 Pin=R2_C111-1
Added Net: Name=NetPGA204_C111_11
Added Pin To Net: NetName=NetPGA204_C112_11 Pin=PGA204_C112-11
Added Pin To Net: NetName=NetPGA204_C112_11 Pin=PGA204_C112-12
Added Pin To Net: NetName=NetPGA204_C112_11 Pin=R2_C112-1
Added Net: Name=NetPGA204_C112_11
Added Pin To Net: NetName=NetPGA204_C121_11 Pin=PGA204_C121-11
Added Pin To Net: NetName=NetPGA204_C121_11 Pin=PGA204_C121-12
Added Pin To Net: NetName=NetPGA204_C121_11 Pin=R2_C121-1
Added Net: Name=NetPGA204_C121_11
Added Pin To Net: NetName=NetPGA204_C122_11 Pin=PGA204_C122-11
Added Pin To Net: NetName=NetPGA204_C122_11 Pin=PGA204_C122-12
Added Pin To Net: NetName=NetPGA204_C122_11 Pin=R2_C122-1
Added Net: Name=NetPGA204_C122_11
Added Pin To Net: NetName=NetPGA204_C131_11 Pin=PGA204_C131-11
Added Pin To Net: NetName=NetPGA204_C131_11 Pin=PGA204_C131-12
Added Pin To Net: NetName=NetPGA204_C131_11 Pin=R2_C131-1
Added Net: Name=NetPGA204_C131_11
Added Pin To Net: NetName=NetPGA204_C132_11 Pin=PGA204_C132-11
Added Pin To Net: NetName=NetPGA204_C132_11 Pin=PGA204_C132-12
Added Pin To Net: NetName=NetPGA204_C132_11 Pin=R2_C132-1
Added Net: Name=NetPGA204_C132_11
Added Pin To Net: NetName=NetPGA204_C141_11 Pin=PGA204_C141-11
Added Pin To Net: NetName=NetPGA204_C141_11 Pin=PGA204_C141-12
Added Pin To Net: NetName=NetPGA204_C141_11 Pin=R2_C141-1
Added Net: Name=NetPGA204_C141_11
Added Pin To Net: NetName=NetPGA204_C142_11 Pin=PGA204_C142-11
Added Pin To Net: NetName=NetPGA204_C142_11 Pin=PGA204_C142-12
Added Pin To Net: NetName=NetPGA204_C142_11 Pin=R2_C142-1
Added Net: Name=NetPGA204_C142_11
Added Pin To Net: NetName=NetPGA204_C151_11 Pin=PGA204_C151-11
Added Pin To Net: NetName=NetPGA204_C151_11 Pin=PGA204_C151-12
Added Pin To Net: NetName=NetPGA204_C151_11 Pin=R2_C151-1
Added Net: Name=NetPGA204_C151_11
Added Pin To Net: NetName=NetPGA204_C152_11 Pin=PGA204_C152-11
Added Pin To Net: NetName=NetPGA204_C152_11 Pin=PGA204_C152-12
Added Pin To Net: NetName=NetPGA204_C152_11 Pin=R2_C152-1
Added Net: Name=NetPGA204_C152_11
Added Pin To Net: NetName=NetPGA204_C161_11 Pin=PGA204_C161-11
Added Pin To Net: NetName=NetPGA204_C161_11 Pin=PGA204_C161-12
Added Pin To Net: NetName=NetPGA204_C161_11 Pin=R2_C161-1
Added Net: Name=NetPGA204_C161_11
Added Pin To Net: NetName=NetPGA204_C162_11 Pin=PGA204_C162-11
Added Pin To Net: NetName=NetPGA204_C162_11 Pin=PGA204_C162-12
Added Pin To Net: NetName=NetPGA204_C162_11 Pin=R2_C162-1
Added Net: Name=NetPGA204_C162_11
Added Pin To Net: NetName=NetPGA204_C171_11 Pin=PGA204_C171-11
Added Pin To Net: NetName=NetPGA204_C171_11 Pin=PGA204_C171-12
Added Pin To Net: NetName=NetPGA204_C171_11 Pin=R2_C171-1
Added Net: Name=NetPGA204_C171_11
Added Pin To Net: NetName=NetPGA204_C172_11 Pin=PGA204_C172-11
Added Pin To Net: NetName=NetPGA204_C172_11 Pin=PGA204_C172-12
Added Pin To Net: NetName=NetPGA204_C172_11 Pin=R2_C172-1
Added Net: Name=NetPGA204_C172_11
Added Pin To Net: NetName=NetPGA204_C181_11 Pin=PGA204_C181-11
Added Pin To Net: NetName=NetPGA204_C181_11 Pin=PGA204_C181-12
Added Pin To Net: NetName=NetPGA204_C181_11 Pin=R2_C181-1
Added Net: Name=NetPGA204_C181_11
Added Pin To Net: NetName=NetPGA204_C182_11 Pin=PGA204_C182-11
Added Pin To Net: NetName=NetPGA204_C182_11 Pin=PGA204_C182-12
Added Pin To Net: NetName=NetPGA204_C182_11 Pin=R2_C182-1
Added Net: Name=NetPGA204_C182_11
Added Pin To Net: NetName=NetPGA204_C191_11 Pin=PGA204_C191-11
Added Pin To Net: NetName=NetPGA204_C191_11 Pin=PGA204_C191-12
Added Pin To Net: NetName=NetPGA204_C191_11 Pin=R2_C191-1
Added Net: Name=NetPGA204_C191_11
Added Pin To Net: NetName=NetPGA204_C192_11 Pin=PGA204_C192-11
Added Pin To Net: NetName=NetPGA204_C192_11 Pin=PGA204_C192-12
Added Pin To Net: NetName=NetPGA204_C192_11 Pin=R2_C192-1
Added Net: Name=NetPGA204_C192_11
Added Pin To Net: NetName=NetPGA204_C201_11 Pin=PGA204_C201-11
Added Pin To Net: NetName=NetPGA204_C201_11 Pin=PGA204_C201-12
Added Pin To Net: NetName=NetPGA204_C201_11 Pin=R2_C201-1
Added Net: Name=NetPGA204_C201_11
Added Pin To Net: NetName=NetPGA204_C202_11 Pin=PGA204_C202-11
Added Pin To Net: NetName=NetPGA204_C202_11 Pin=PGA204_C202-12
Added Pin To Net: NetName=NetPGA204_C202_11 Pin=R2_C202-1
Added Net: Name=NetPGA204_C202_11
Added Pin To Net: NetName=PRESSURE 1_Stub Tester 2 Pin=C11_C12-1
Added Pin To Net: NetName=PRESSURE 1_Stub Tester 2 Pin=P1_Stub Tester 2-1
Added Pin To Net: NetName=PRESSURE 1_Stub Tester 2 Pin=R2_C12-0
Added Net: Name=PRESSURE 1_Stub Tester 2
Added Pin To Net: NetName=PRESSURE 1_Stub Tester Pin=C11_C11-1
Added Pin To Net: NetName=PRESSURE 1_Stub Tester Pin=P1_Stub Tester-1
Added Pin To Net: NetName=PRESSURE 1_Stub Tester Pin=R2_C11-0
Added Net: Name=PRESSURE 1_Stub Tester
Added Pin To Net: NetName=PRESSURE 2_Stub Tester 2 Pin=C11_C22-1
Added Pin To Net: NetName=PRESSURE 2_Stub Tester 2 Pin=P1_Stub Tester 2-2
Added Pin To Net: NetName=PRESSURE 2_Stub Tester 2 Pin=R2_C22-0
Added Net: Name=PRESSURE 2_Stub Tester 2
Added Pin To Net: NetName=PRESSURE 2_Stub Tester Pin=C11_C21-1
Added Pin To Net: NetName=PRESSURE 2_Stub Tester Pin=P1_Stub Tester-2
Added Pin To Net: NetName=PRESSURE 2_Stub Tester Pin=R2_C21-0
Added Net: Name=PRESSURE 2_Stub Tester
Added Pin To Net: NetName=PRESSURE 3_Stub Tester 2 Pin=C11_C32-1
Added Pin To Net: NetName=PRESSURE 3_Stub Tester 2 Pin=P1_Stub Tester 2-3
Added Pin To Net: NetName=PRESSURE 3_Stub Tester 2 Pin=R2_C32-0
Added Net: Name=PRESSURE 3_Stub Tester 2
Added Pin To Net: NetName=PRESSURE 3_Stub Tester Pin=C11_C31-1
Added Pin To Net: NetName=PRESSURE 3_Stub Tester Pin=P1_Stub Tester-3
Added Pin To Net: NetName=PRESSURE 3_Stub Tester Pin=R2_C31-0
Added Net: Name=PRESSURE 3_Stub Tester
Added Pin To Net: NetName=PRESSURE 4_Stub Tester 2 Pin=C11_C42-1
Added Pin To Net: NetName=PRESSURE 4_Stub Tester 2 Pin=P1_Stub Tester 2-4
Added Pin To Net: NetName=PRESSURE 4_Stub Tester 2 Pin=R2_C42-0
Added Net: Name=PRESSURE 4_Stub Tester 2
Added Pin To Net: NetName=PRESSURE 4_Stub Tester Pin=C11_C41-1
Added Pin To Net: NetName=PRESSURE 4_Stub Tester Pin=P1_Stub Tester-4
Added Pin To Net: NetName=PRESSURE 4_Stub Tester Pin=R2_C41-0
Added Net: Name=PRESSURE 4_Stub Tester
Added Pin To Net: NetName=PRESSURE 5_Stub Tester 2 Pin=C11_C52-1
Added Pin To Net: NetName=PRESSURE 5_Stub Tester 2 Pin=P1_Stub Tester 2-7
Added Pin To Net: NetName=PRESSURE 5_Stub Tester 2 Pin=R2_C52-0
Added Net: Name=PRESSURE 5_Stub Tester 2
Added Pin To Net: NetName=PRESSURE 5_Stub Tester Pin=C11_C51-1
Added Pin To Net: NetName=PRESSURE 5_Stub Tester Pin=P1_Stub Tester-7
Added Pin To Net: NetName=PRESSURE 5_Stub Tester Pin=R2_C51-0
Added Net: Name=PRESSURE 5_Stub Tester
Added Pin To Net: NetName=PRESSURE 6_Stub Tester 2 Pin=C11_C62-1
Added Pin To Net: NetName=PRESSURE 6_Stub Tester 2 Pin=P1_Stub Tester 2-8
Added Pin To Net: NetName=PRESSURE 6_Stub Tester 2 Pin=R2_C62-0
Added Net: Name=PRESSURE 6_Stub Tester 2
Added Pin To Net: NetName=PRESSURE 6_Stub Tester Pin=C11_C61-1
Added Pin To Net: NetName=PRESSURE 6_Stub Tester Pin=P1_Stub Tester-8
Added Pin To Net: NetName=PRESSURE 6_Stub Tester Pin=R2_C61-0
Added Net: Name=PRESSURE 6_Stub Tester
Added Pin To Net: NetName=PRESSURE 7_Stub Tester 2 Pin=C11_C72-1
Added Pin To Net: NetName=PRESSURE 7_Stub Tester 2 Pin=P1_Stub Tester 2-5
Added Pin To Net: NetName=PRESSURE 7_Stub Tester 2 Pin=R2_C72-0
Added Net: Name=PRESSURE 7_Stub Tester 2
Added Pin To Net: NetName=PRESSURE 7_Stub Tester Pin=C11_C71-1
Added Pin To Net: NetName=PRESSURE 7_Stub Tester Pin=P1_Stub Tester-5
Added Pin To Net: NetName=PRESSURE 7_Stub Tester Pin=R2_C71-0
Added Net: Name=PRESSURE 7_Stub Tester
Added Pin To Net: NetName=PRESSURE 8_Stub Tester 2 Pin=C11_C82-1
Added Pin To Net: NetName=PRESSURE 8_Stub Tester 2 Pin=P1_Stub Tester 2-6
Added Pin To Net: NetName=PRESSURE 8_Stub Tester 2 Pin=R2_C82-0
Added Net: Name=PRESSURE 8_Stub Tester 2
Added Pin To Net: NetName=PRESSURE 8_Stub Tester Pin=C11_C81-1
Added Pin To Net: NetName=PRESSURE 8_Stub Tester Pin=P1_Stub Tester-6
Added Pin To Net: NetName=PRESSURE 8_Stub Tester Pin=R2_C81-0
Added Net: Name=PRESSURE 8_Stub Tester
Added Pin To Net: NetName=PRESSURE 9_Stub Tester 2 Pin=C11_C92-1
Added Pin To Net: NetName=PRESSURE 9_Stub Tester 2 Pin=P1_Stub Tester 2-14
Added Pin To Net: NetName=PRESSURE 9_Stub Tester 2 Pin=R2_C92-0
Added Net: Name=PRESSURE 9_Stub Tester 2
Added Pin To Net: NetName=PRESSURE 9_Stub Tester Pin=C11_C91-1
Added Pin To Net: NetName=PRESSURE 9_Stub Tester Pin=P1_Stub Tester-14
Added Pin To Net: NetName=PRESSURE 9_Stub Tester Pin=R2_C91-0
Added Net: Name=PRESSURE 9_Stub Tester
Added Pin To Net: NetName=PRESSURE 10_Stub Tester 2 Pin=C11_C102-1
Added Pin To Net: NetName=PRESSURE 10_Stub Tester 2 Pin=P1_Stub Tester 2-12
Added Pin To Net: NetName=PRESSURE 10_Stub Tester 2 Pin=R2_C102-0
Added Net: Name=PRESSURE 10_Stub Tester 2
Added Pin To Net: NetName=PRESSURE 10_Stub Tester Pin=C11_C101-1
Added Pin To Net: NetName=PRESSURE 10_Stub Tester Pin=P1_Stub Tester-12
Added Pin To Net: NetName=PRESSURE 10_Stub Tester Pin=R2_C101-0
Added Net: Name=PRESSURE 10_Stub Tester
Added Pin To Net: NetName=PRESSURE 11_Stub Tester 2 Pin=C11_C112-1
Added Pin To Net: NetName=PRESSURE 11_Stub Tester 2 Pin=P1_Stub Tester 2-10
Added Pin To Net: NetName=PRESSURE 11_Stub Tester 2 Pin=R2_C112-0
Added Net: Name=PRESSURE 11_Stub Tester 2
Added Pin To Net: NetName=PRESSURE 11_Stub Tester Pin=C11_C111-1
Added Pin To Net: NetName=PRESSURE 11_Stub Tester Pin=P1_Stub Tester-10
Added Pin To Net: NetName=PRESSURE 11_Stub Tester Pin=R2_C111-0
Added Net: Name=PRESSURE 11_Stub Tester
Added Pin To Net: NetName=PRESSURE 12_Stub Tester 2 Pin=C11_C122-1
Added Pin To Net: NetName=PRESSURE 12_Stub Tester 2 Pin=P1_Stub Tester 2-9
Added Pin To Net: NetName=PRESSURE 12_Stub Tester 2 Pin=R2_C122-0
Added Net: Name=PRESSURE 12_Stub Tester 2
Added Pin To Net: NetName=PRESSURE 12_Stub Tester Pin=C11_C121-1
Added Pin To Net: NetName=PRESSURE 12_Stub Tester Pin=P1_Stub Tester-9
Added Pin To Net: NetName=PRESSURE 12_Stub Tester Pin=R2_C121-0
Added Net: Name=PRESSURE 12_Stub Tester
Added Pin To Net: NetName=PRESSURE 13_Stub Tester 2 Pin=C11_C132-1
Added Pin To Net: NetName=PRESSURE 13_Stub Tester 2 Pin=P1_Stub Tester 2-22
Added Pin To Net: NetName=PRESSURE 13_Stub Tester 2 Pin=R2_C132-0
Added Net: Name=PRESSURE 13_Stub Tester 2
Added Pin To Net: NetName=PRESSURE 13_Stub Tester Pin=C11_C131-1
Added Pin To Net: NetName=PRESSURE 13_Stub Tester Pin=P1_Stub Tester-22
Added Pin To Net: NetName=PRESSURE 13_Stub Tester Pin=R2_C131-0
Added Net: Name=PRESSURE 13_Stub Tester
Added Pin To Net: NetName=PRESSURE 14_Stub Tester 2 Pin=C11_C142-1
Added Pin To Net: NetName=PRESSURE 14_Stub Tester 2 Pin=P1_Stub Tester 2-20
Added Pin To Net: NetName=PRESSURE 14_Stub Tester 2 Pin=R2_C142-0
Added Net: Name=PRESSURE 14_Stub Tester 2
Added Pin To Net: NetName=PRESSURE 14_Stub Tester Pin=C11_C141-1
Added Pin To Net: NetName=PRESSURE 14_Stub Tester Pin=P1_Stub Tester-20
Added Pin To Net: NetName=PRESSURE 14_Stub Tester Pin=R2_C141-0
Added Net: Name=PRESSURE 14_Stub Tester
Added Pin To Net: NetName=PRESSURE 15_Stub Tester 2 Pin=C11_C152-1
Added Pin To Net: NetName=PRESSURE 15_Stub Tester 2 Pin=P1_Stub Tester 2-18
Added Pin To Net: NetName=PRESSURE 15_Stub Tester 2 Pin=R2_C152-0
Added Net: Name=PRESSURE 15_Stub Tester 2
Added Pin To Net: NetName=PRESSURE 15_Stub Tester Pin=C11_C151-1
Added Pin To Net: NetName=PRESSURE 15_Stub Tester Pin=P1_Stub Tester-18
Added Pin To Net: NetName=PRESSURE 15_Stub Tester Pin=R2_C151-0
Added Net: Name=PRESSURE 15_Stub Tester
Added Pin To Net: NetName=PRESSURE 16_Stub Tester 2 Pin=C11_C162-1
Added Pin To Net: NetName=PRESSURE 16_Stub Tester 2 Pin=P1_Stub Tester 2-16
Added Pin To Net: NetName=PRESSURE 16_Stub Tester 2 Pin=R2_C162-0
Added Net: Name=PRESSURE 16_Stub Tester 2
Added Pin To Net: NetName=PRESSURE 16_Stub Tester Pin=C11_C161-1
Added Pin To Net: NetName=PRESSURE 16_Stub Tester Pin=P1_Stub Tester-16
Added Pin To Net: NetName=PRESSURE 16_Stub Tester Pin=R2_C161-0
Added Net: Name=PRESSURE 16_Stub Tester
Added Pin To Net: NetName=PRESSURE 17_Stub Tester 2 Pin=C11_C172-1
Added Pin To Net: NetName=PRESSURE 17_Stub Tester 2 Pin=P1_Stub Tester 2-30
Added Pin To Net: NetName=PRESSURE 17_Stub Tester 2 Pin=R2_C172-0
Added Net: Name=PRESSURE 17_Stub Tester 2
Added Pin To Net: NetName=PRESSURE 17_Stub Tester Pin=C11_C171-1
Added Pin To Net: NetName=PRESSURE 17_Stub Tester Pin=P1_Stub Tester-30
Added Pin To Net: NetName=PRESSURE 17_Stub Tester Pin=R2_C171-0
Added Net: Name=PRESSURE 17_Stub Tester
Added Pin To Net: NetName=PRESSURE 18_Stub Tester 2 Pin=C11_C182-1
Added Pin To Net: NetName=PRESSURE 18_Stub Tester 2 Pin=P1_Stub Tester 2-28
Added Pin To Net: NetName=PRESSURE 18_Stub Tester 2 Pin=R2_C182-0
Added Net: Name=PRESSURE 18_Stub Tester 2
Added Pin To Net: NetName=PRESSURE 18_Stub Tester Pin=C11_C181-1
Added Pin To Net: NetName=PRESSURE 18_Stub Tester Pin=P1_Stub Tester-28
Added Pin To Net: NetName=PRESSURE 18_Stub Tester Pin=R2_C181-0
Added Net: Name=PRESSURE 18_Stub Tester
Added Pin To Net: NetName=PRESSURE 19_Stub Tester 2 Pin=C11_C192-1
Added Pin To Net: NetName=PRESSURE 19_Stub Tester 2 Pin=P1_Stub Tester 2-26
Added Pin To Net: NetName=PRESSURE 19_Stub Tester 2 Pin=R2_C192-0
Added Net: Name=PRESSURE 19_Stub Tester 2
Added Pin To Net: NetName=PRESSURE 19_Stub Tester Pin=C11_C191-1
Added Pin To Net: NetName=PRESSURE 19_Stub Tester Pin=P1_Stub Tester-26
Added Pin To Net: NetName=PRESSURE 19_Stub Tester Pin=R2_C191-0
Added Net: Name=PRESSURE 19_Stub Tester
Added Pin To Net: NetName=PRESSURE 20_Stub Tester 2 Pin=C11_C202-1
Added Pin To Net: NetName=PRESSURE 20_Stub Tester 2 Pin=P1_Stub Tester 2-24
Added Pin To Net: NetName=PRESSURE 20_Stub Tester 2 Pin=R2_C202-0
Added Net: Name=PRESSURE 20_Stub Tester 2
Added Pin To Net: NetName=PRESSURE 20_Stub Tester Pin=C11_C201-1
Added Pin To Net: NetName=PRESSURE 20_Stub Tester Pin=P1_Stub Tester-24
Added Pin To Net: NetName=PRESSURE 20_Stub Tester Pin=R2_C201-0
Added Net: Name=PRESSURE 20_Stub Tester
Added Class: Name=C21
Added Class: Name=C22
Added Class: Name=C31
Added Class: Name=C32
Added Class: Name=C41
Added Class: Name=C42
Added Class: Name=C51
Added Class: Name=C52
Added Class: Name=C61
Added Class: Name=C62
Added Class: Name=C71
Added Class: Name=C72
Added Class: Name=C81
Added Class: Name=C82
Added Class: Name=C91
Added Class: Name=C92
Added Class: Name=C101
Added Class: Name=C102
Added Class: Name=C111
Added Class: Name=C112
Added Class: Name=C121
Added Class: Name=C122
Added Class: Name=C131
Added Class: Name=C132
Added Class: Name=C141
Added Class: Name=C142
Added Class: Name=C151
Added Class: Name=C152
Added Class: Name=C161
Added Class: Name=C162
Added Class: Name=C171
Added Class: Name=C172
Added Class: Name=C181
Added Class: Name=C182
Added Class: Name=C191
Added Class: Name=C192
Added Class: Name=C201
Added Class: Name=C202
Added Class: Name=Standard Bridge Board1
Added Class: Name=Standard Bridge Board2
Added Class: Name=Stub Tester 2
Added Class: Name=Standard Bridge Board
Added Class: Name=Stub Tester
Added Member To Class: ClassName=Stub Tester Member=Component C1_Stub Tester (C1) 1nF
Added Member To Class: ClassName=Stub Tester Member=Component C2_Stub Tester (C2) 100nF
Added Member To Class: ClassName=Stub Tester Member=Component C3_Stub Tester (C3) 1nF
Added Member To Class: ClassName=Stub Tester Member=Component C4_Stub Tester (C4) 100nF
Added Member To Class: ClassName=Stub Tester Member=Component C5_Stub Tester (C5) 1uF
Added Member To Class: ClassName=Stub Tester Member=Component C6_Stub Tester (C6) 10uF
Added Member To Class: ClassName=Stub Tester Member=Component C7_Stub Tester (C7) 1uF
Added Member To Class: ClassName=Stub Tester Member=Component C8_Stub Tester (C8) 0.015uF
Added Member To Class: ClassName=Stub Tester Member=Component C9_Stub Tester (C9) 4.7uF
Added Member To Class: ClassName=Stub Tester Member=Component M1_Stub Tester (M1) Si2304BDS
Added Member To Class: ClassName=Stub Tester Member=Component M2_Stub Tester (M2) Si2304BDS
Added Member To Class: ClassName=Stub Tester Member=Component P1_Stub Tester (P1) XG4C30
Added Member To Class: ClassName=Stub Tester Member=Component U1_Stub Tester (U1) REF3012
Added Member To Class: ClassName=Stub Tester Member=Component U2_Stub Tester (U2) UCC384DP
Change Room Name: Old Name=C15 New Name=C152
Change Room Scope: Old Scope=InComponentClass('C15') New Scope=InComponentClass('C152')
Change Room Name: Old Name=C16 New Name=C151
Change Room Scope: Old Scope=InComponentClass('C16') New Scope=InComponentClass('C151')
Added Room: Name=C21
Added Room: Name=C22
Added Room: Name=C31
Added Room: Name=C32
Added Room: Name=C41
Added Room: Name=C42
Added Room: Name=C51
Added Room: Name=C52
Added Room: Name=C61
Added Room: Name=C62
Added Room: Name=C71
Added Room: Name=C72
Added Room: Name=C81
Added Room: Name=C82
Added Room: Name=C91
Added Room: Name=C92
Added Room: Name=C101
Added Room: Name=C102
Added Room: Name=C111
Added Room: Name=C112
Added Room: Name=C121
Added Room: Name=C122
Added Room: Name=C131
Added Room: Name=C132
Added Room: Name=C141
Added Room: Name=C142
Added Room: Name=C161
Added Room: Name=C162
Added Room: Name=C171
Added Room: Name=C172
Added Room: Name=C181
Added Room: Name=C182
Added Room: Name=C191
Added Room: Name=C192
Added Room: Name=C201
Added Room: Name=C202
Added Room: Name=Standard Bridge Board1
Added Room: Name=Standard Bridge Board2
Added Room: Name=Stub Tester 2
