Added Component: Designator=C1(C0603 1uF)
Added Component: Designator=C2(C0603 1uF)
Added Component: Designator=C3(C0603 1uF)
Added Component: Designator=C4(C0603 1uF)
Added Component: Designator=C8(C0603 1uF)
Added Component: Designator=C9(C0603 1uF)
Added Pin To Net: NetName=1.25V Pin=C1-0
Added Pin To Net: NetName=VCC+ Pin=C1-1
Added Pin To Net: NetName=1.25V Pin=C2-0
Added Pin To Net: NetName=VCC+ Pin=C2-1
Added Pin To Net: NetName=GND Pin=C3-0
Added Pin To Net: NetName=1.25V Pin=C3-1
Added Pin To Net: NetName=GND Pin=C4-0
Added Pin To Net: NetName=1.25V Pin=C4-1
Added Pin To Net: NetName=GND Pin=C8-0
Added Pin To Net: NetName=NetC8_1 Pin=C8-1
Added Pin To Net: NetName=GND Pin=C9-0
Added Pin To Net: NetName=-1.25V Pin=C9-1
Added Member To Class: ClassName=Stub Tester 2 Member=Component C1 1nF
Added Member To Class: ClassName=Stub Tester 2 Member=Component C2 100nF
Added Member To Class: ClassName=Stub Tester 2 Member=Component C3 1nF
Added Member To Class: ClassName=Stub Tester 2 Member=Component C4 100nF
Added Member To Class: ClassName=Stub Tester 2 Member=Component C8 0.015uF
Added Member To Class: ClassName=Stub Tester 2 Member=Component C9 4.7uF
Added Member To Class: ClassName=Channel Member=Component C13 1000pF
Added Room: Name=Channel
