Removed Pin From Net: NetName=VCC+ Pin=ML1_LED1-3
Removed Pin From Net: NetName=VCC+ Pin=ML1_LED2-3
Removed Pin From Net: NetName=VCC+ Pin=ML1_LED3-3
Removed Pin From Net: NetName=VCC+ Pin=ML1_LED4-3
Removed Pin From Net: NetName=VCC+ Pin=ML1_LED5-3
Removed Pin From Net: NetName=VCC+ Pin=ML1_LED6-3
Removed Pin From Net: NetName=VCC+ Pin=ML1_LED7-3
Removed Pin From Net: NetName=VCC+ Pin=ML1_LED8-3
Removed Pin From Net: NetName=VCC+ Pin=ML1_LED9-3
Removed Pin From Net: NetName=VCC+ Pin=ML1_LED10-3
Removed Pin From Net: NetName=VCC+ Pin=ML1_LED11-3
Removed Pin From Net: NetName=VCC+ Pin=ML1_LED12-3
Removed Pin From Net: NetName=VCC+ Pin=ML1_LED13-3
Removed Pin From Net: NetName=VCC+ Pin=ML1_LED14-3
Removed Pin From Net: NetName=VCC+ Pin=ML1_LED15-3
Removed Pin From Net: NetName=VCC+ Pin=ML1_LED16-3
Removed Pin From Net: NetName=GND Pin=RL1_LED1-1
Removed Pin From Net: NetName=GND Pin=RL1_LED2-1
Removed Pin From Net: NetName=GND Pin=RL1_LED3-1
Removed Pin From Net: NetName=GND Pin=RL1_LED4-1
Removed Pin From Net: NetName=GND Pin=RL1_LED5-1
Removed Pin From Net: NetName=GND Pin=RL1_LED6-1
Removed Pin From Net: NetName=GND Pin=RL1_LED7-1
Removed Pin From Net: NetName=GND Pin=RL1_LED8-1
Removed Pin From Net: NetName=GND Pin=RL1_LED9-1
Removed Pin From Net: NetName=GND Pin=RL1_LED10-1
Removed Pin From Net: NetName=GND Pin=RL1_LED11-1
Removed Pin From Net: NetName=GND Pin=RL1_LED12-1
Removed Pin From Net: NetName=GND Pin=RL1_LED13-1
Removed Pin From Net: NetName=GND Pin=RL1_LED14-1
Removed Pin From Net: NetName=GND Pin=RL1_LED15-1
Removed Pin From Net: NetName=GND Pin=RL1_LED16-1
Added Component: Designator=LR1_LED1(ASMT-QRBD-AEF0E)
Added Component: Designator=LR1_LED2(ASMT-QRBD-AEF0E)
Added Component: Designator=LR1_LED3(ASMT-QRBD-AEF0E)
Added Component: Designator=LR1_LED4(ASMT-QRBD-AEF0E)
Added Component: Designator=LR1_LED5(ASMT-QRBD-AEF0E)
Added Component: Designator=LR1_LED6(ASMT-QRBD-AEF0E)
Added Component: Designator=LR1_LED7(ASMT-QRBD-AEF0E)
Added Component: Designator=LR1_LED8(ASMT-QRBD-AEF0E)
Added Component: Designator=LR1_LED9(ASMT-QRBD-AEF0E)
Added Component: Designator=LR1_LED10(ASMT-QRBD-AEF0E)
Added Component: Designator=LR1_LED11(ASMT-QRBD-AEF0E)
Added Component: Designator=LR1_LED12(ASMT-QRBD-AEF0E)
Added Component: Designator=LR1_LED13(ASMT-QRBD-AEF0E)
Added Component: Designator=LR1_LED14(ASMT-QRBD-AEF0E)
Added Component: Designator=LR1_LED15(ASMT-QRBD-AEF0E)
Added Component: Designator=LR1_LED16(ASMT-QRBD-AEF0E)
Added Pin To Net: NetName=VCC+ Pin=LR1_LED1-0
Added Pin To Net: NetName=VCC+ Pin=LR1_LED1-0
Added Pin To Net: NetName=GND Pin=LR1_LED1-1
Added Pin To Net: NetName=GND Pin=LR1_LED1-1
Added Pin To Net: NetName=VCC+ Pin=LR1_LED2-0
Added Pin To Net: NetName=VCC+ Pin=LR1_LED2-0
Added Pin To Net: NetName=GND Pin=LR1_LED2-1
Added Pin To Net: NetName=GND Pin=LR1_LED2-1
Added Pin To Net: NetName=VCC+ Pin=LR1_LED3-0
Added Pin To Net: NetName=VCC+ Pin=LR1_LED3-0
Added Pin To Net: NetName=GND Pin=LR1_LED3-1
Added Pin To Net: NetName=GND Pin=LR1_LED3-1
Added Pin To Net: NetName=VCC+ Pin=LR1_LED4-0
Added Pin To Net: NetName=VCC+ Pin=LR1_LED4-0
Added Pin To Net: NetName=GND Pin=LR1_LED4-1
Added Pin To Net: NetName=GND Pin=LR1_LED4-1
Added Pin To Net: NetName=VCC+ Pin=LR1_LED5-0
Added Pin To Net: NetName=VCC+ Pin=LR1_LED5-0
Added Pin To Net: NetName=GND Pin=LR1_LED5-1
Added Pin To Net: NetName=GND Pin=LR1_LED5-1
Added Pin To Net: NetName=VCC+ Pin=LR1_LED6-0
Added Pin To Net: NetName=VCC+ Pin=LR1_LED6-0
Added Pin To Net: NetName=GND Pin=LR1_LED6-1
Added Pin To Net: NetName=GND Pin=LR1_LED6-1
Added Pin To Net: NetName=VCC+ Pin=LR1_LED7-0
Added Pin To Net: NetName=VCC+ Pin=LR1_LED7-0
Added Pin To Net: NetName=GND Pin=LR1_LED7-1
Added Pin To Net: NetName=GND Pin=LR1_LED7-1
Added Pin To Net: NetName=VCC+ Pin=LR1_LED8-0
Added Pin To Net: NetName=VCC+ Pin=LR1_LED8-0
Added Pin To Net: NetName=GND Pin=LR1_LED8-1
Added Pin To Net: NetName=GND Pin=LR1_LED8-1
Added Pin To Net: NetName=VCC+ Pin=LR1_LED9-0
Added Pin To Net: NetName=VCC+ Pin=LR1_LED9-0
Added Pin To Net: NetName=GND Pin=LR1_LED9-1
Added Pin To Net: NetName=GND Pin=LR1_LED9-1
Added Pin To Net: NetName=VCC+ Pin=LR1_LED10-0
Added Pin To Net: NetName=VCC+ Pin=LR1_LED10-0
Added Pin To Net: NetName=GND Pin=LR1_LED10-1
Added Pin To Net: NetName=GND Pin=LR1_LED10-1
Added Pin To Net: NetName=VCC+ Pin=LR1_LED11-0
Added Pin To Net: NetName=VCC+ Pin=LR1_LED11-0
Added Pin To Net: NetName=GND Pin=LR1_LED11-1
Added Pin To Net: NetName=GND Pin=LR1_LED11-1
Added Pin To Net: NetName=VCC+ Pin=LR1_LED12-0
Added Pin To Net: NetName=VCC+ Pin=LR1_LED12-0
Added Pin To Net: NetName=GND Pin=LR1_LED12-1
Added Pin To Net: NetName=GND Pin=LR1_LED12-1
Added Pin To Net: NetName=VCC+ Pin=LR1_LED13-0
Added Pin To Net: NetName=VCC+ Pin=LR1_LED13-0
Added Pin To Net: NetName=GND Pin=LR1_LED13-1
Added Pin To Net: NetName=GND Pin=LR1_LED13-1
Added Pin To Net: NetName=VCC+ Pin=LR1_LED14-0
Added Pin To Net: NetName=VCC+ Pin=LR1_LED14-0
Added Pin To Net: NetName=GND Pin=LR1_LED14-1
Added Pin To Net: NetName=GND Pin=LR1_LED14-1
Added Pin To Net: NetName=VCC+ Pin=LR1_LED15-0
Added Pin To Net: NetName=VCC+ Pin=LR1_LED15-0
Added Pin To Net: NetName=GND Pin=LR1_LED15-1
Added Pin To Net: NetName=GND Pin=LR1_LED15-1
Added Pin To Net: NetName=VCC+ Pin=LR1_LED16-0
Added Pin To Net: NetName=VCC+ Pin=LR1_LED16-0
Added Pin To Net: NetName=GND Pin=LR1_LED16-1
Added Pin To Net: NetName=GND Pin=LR1_LED16-1
Added Member To Class: ClassName=Standard Bridge Board Member=Component H1 Header1x4
Added Member To Class: ClassName=LED BRD Member=Component HL1 Header1x4
Added Member To Class: ClassName=LED1 Member=Component LR1_LED1 (LR1) ASMT-QRBD-AEF0E
Added Member To Class: ClassName=LED2 Member=Component LR1_LED2 (LR1) ASMT-QRBD-AEF0E
Added Member To Class: ClassName=LED3 Member=Component LR1_LED3 (LR1) ASMT-QRBD-AEF0E
Added Member To Class: ClassName=LED4 Member=Component LR1_LED4 (LR1) ASMT-QRBD-AEF0E
Added Member To Class: ClassName=LED5 Member=Component LR1_LED5 (LR1) ASMT-QRBD-AEF0E
Added Member To Class: ClassName=LED6 Member=Component LR1_LED6 (LR1) ASMT-QRBD-AEF0E
Added Member To Class: ClassName=LED7 Member=Component LR1_LED7 (LR1) ASMT-QRBD-AEF0E
Added Member To Class: ClassName=LED8 Member=Component LR1_LED8 (LR1) ASMT-QRBD-AEF0E
Added Member To Class: ClassName=LED9 Member=Component LR1_LED9 (LR1) ASMT-QRBD-AEF0E
Added Member To Class: ClassName=LED10 Member=Component LR1_LED10 (LR1) ASMT-QRBD-AEF0E
Added Member To Class: ClassName=LED11 Member=Component LR1_LED11 (LR1) ASMT-QRBD-AEF0E
Added Member To Class: ClassName=LED12 Member=Component LR1_LED12 (LR1) ASMT-QRBD-AEF0E
Added Member To Class: ClassName=LED13 Member=Component LR1_LED13 (LR1) ASMT-QRBD-AEF0E
Added Member To Class: ClassName=LED14 Member=Component LR1_LED14 (LR1) ASMT-QRBD-AEF0E
Added Member To Class: ClassName=LED15 Member=Component LR1_LED15 (LR1) ASMT-QRBD-AEF0E
Added Member To Class: ClassName=LED16 Member=Component LR1_LED16 (LR1) ASMT-QRBD-AEF0E
Added Member To Class: ClassName=Standard Bridge Board Member=Component R1 0603 MINI
Added Member To Class: ClassName=Standard Bridge Board Member=Component RB 0603 MINI
Added Member To Class: ClassName=Standard Bridge Board Member=Component RT 0603 MINI
Added Member To Class: ClassName=Standard Bridge Board Member=Component T1 Transducer
Added Room: Name=Commercial
Added Room: Name=LED BRD
Added Room: Name=Standard Bridge Board
