Added Component: Designator=C10_C11(C0603 1uF)
Added Component: Designator=C11_C11(C0603 1uF)
Added Component: Designator=C12_C11(C0603 1uF)
Added Component: Designator=H1_C11(Header1x4)
Added Component: Designator=PGA204_C11(PGA204)
Added Component: Designator=R2_C11(RT0603 330k)
Added Pin To Net: NetName=GND Pin=C10_C11-0
Added Pin To Net: NetName=VCC+ Pin=C10_C11-1
Added Pin To Net: NetName=GND Pin=C11_C11-0
Added Pin To Net: NetName=PRESSURE 11 Pin=C11_C11-1
Added Pin To Net: NetName=GND Pin=C12_C11-0
Added Pin To Net: NetName=VCC- Pin=C12_C11-1
Added Pin To Net: NetName=GND Pin=H1_C11-0
Added Pin To Net: NetName=NetH1_C11_1 Pin=H1_C11-1
Added Pin To Net: NetName=NetH1_C11_2 Pin=H1_C11-2
Added Pin To Net: NetName=VEXCITE Pin=H1_C11-3
Added Pin To Net: NetName=GND Pin=PGA204_C11-1
Added Pin To Net: NetName=NetH1_C11_1 Pin=PGA204_C11-4
Added Pin To Net: NetName=NetH1_C11_2 Pin=PGA204_C11-5
Added Pin To Net: NetName=GND Pin=PGA204_C11-6
Added Pin To Net: NetName=GND Pin=PGA204_C11-7
Added Pin To Net: NetName=VCC- Pin=PGA204_C11-8
Added Pin To Net: NetName=GND Pin=PGA204_C11-9
Added Pin To Net: NetName=GND Pin=PGA204_C11-10
Added Pin To Net: NetName=NetPGA204_C11_11 Pin=PGA204_C11-11
Added Pin To Net: NetName=NetPGA204_C11_11 Pin=PGA204_C11-12
Added Pin To Net: NetName=VCC+ Pin=PGA204_C11-13
Added Pin To Net: NetName=GND Pin=PGA204_C11-14
Added Pin To Net: NetName=A0 Pin=PGA204_C11-15
Added Pin To Net: NetName=A1 Pin=PGA204_C11-16
Added Pin To Net: NetName=PRESSURE 11 Pin=R2_C11-0
Added Pin To Net: NetName=NetPGA204_C11_11 Pin=R2_C11-1
Added Member To Class: ClassName=C11 Member=Component C10_C11 (C10) C0603 1uF
Added Member To Class: ClassName=C11 Member=Component C11_C11 (C11) 1uF
Added Member To Class: ClassName=C11 Member=Component C12_C11 (C12) C0603 1uF
Added Member To Class: ClassName=C11 Member=Component H1_C11 (H1) Die Stub H
Added Member To Class: ClassName=C11 Member=Component PGA204_C11 (PGA204) PGA204
Added Member To Class: ClassName=C11 Member=Component R2_C11 (R2) 1k
Added Room: Name=C11
