Removed Pin From Net: NetName=PRESSURE 2 Pin=P1-2
Removed Pin From Net: NetName=PRESSURE 3 Pin=P1-3
Removed Pin From Net: NetName=PRESSURE 4 Pin=P1-4
Removed Pin From Net: NetName=PRESSURE 7 Pin=P1-5
Removed Pin From Net: NetName=PRESSURE 8 Pin=P1-6
Removed Pin From Net: NetName=GND Pin=P1-7
Removed Pin From Net: NetName=PRESSURE 6 Pin=P1-8
Removed Pin From Net: NetName=PRESSURE 5 Pin=P1-10
Removed Pin From Net: NetName=GND Pin=P1-11
Removed Pin From Net: NetName=PRESSURE 12 Pin=P1-12
Removed Pin From Net: NetName=VEXCITE Pin=P1-13
Removed Pin From Net: NetName=PRESSURE 11 Pin=P1-14
Removed Pin From Net: NetName=VCC- Pin=P1-15
Removed Pin From Net: NetName=PRESSURE 10 Pin=P1-16
Removed Pin From Net: NetName=VCC+ Pin=P1-17
Removed Pin From Net: NetName=PRESSURE 9 Pin=P1-18
Removed Pin From Net: NetName=CONT1 Pin=P1-19
Removed Pin From Net: NetName=PRESSURE 16 Pin=P1-20
Removed Pin From Net: NetName=A0 Pin=P1-21
Removed Pin From Net: NetName=PRESSURE 15 Pin=P1-22
Removed Pin From Net: NetName=A1 Pin=P1-23
Removed Pin From Net: NetName=PRESSURE 14 Pin=P1-24
Removed Pin From Net: NetName=CONT2 Pin=P1-25
Removed Pin From Net: NetName=PRESSURE 13 Pin=P1-26
Added Pin To Net: NetName=PRESSURE 5 Pin=P1-2
Added Pin To Net: NetName=PRESSURE 9 Pin=P1-3
Added Pin To Net: NetName=PRESSURE 13 Pin=P1-4
Added Pin To Net: NetName=PRESSURE 2 Pin=P1-5
Added Pin To Net: NetName=GND Pin=P1-6
Added Pin To Net: NetName=VCC- Pin=P1-7
Added Pin To Net: NetName=VCC+ Pin=P1-8
Added Pin To Net: NetName=PRESSURE 11 Pin=P1-19
Added Pin To Net: NetName=PRESSURE 15 Pin=P1-20
Added Pin To Net: NetName=PRESSURE 3 Pin=P1-21
Added Pin To Net: NetName=PRESSURE 7 Pin=P1-22
Added Pin To Net: NetName=PRESSURE 12 Pin=P1-23
Added Pin To Net: NetName=PRESSURE 16 Pin=P1-24
Added Pin To Net: NetName=PRESSURE 4 Pin=P1-25
Added Pin To Net: NetName=PRESSURE 8 Pin=P1-26
Added Room: Name=Standard Bridge Board
