Added Component: Designator=C1(C0603 1uF)
Added Component: Designator=C2(C0603 1uF)
Added Component: Designator=C3(C0603 1uF)
Added Component: Designator=C4(C0603 1uF)
Added Component: Designator=C8(C0603 1uF)
Added Component: Designator=C9(C0603 1uF)
Added Component: Designator=C10(C0603 1uF)
Added Component: Designator=C11(C0603 1uF)
Added Component: Designator=C12(C0603 1uF)
Added Component: Designator=H1(Header1x4)
Added Component: Designator=PGA204(PGA204)
Added Component: Designator=R0(RT0603 330k)
Added Component: Designator=R1(RT0603 330k)
Added Component: Designator=R2(RT0603 330k)
Added Component: Designator=R3(3361P 1M)
Added Component: Designator=R4(3361P 1M)
Added Component: Designator=SW0(CL-SB-12B)
Added Component: Designator=SW1(CL-SB-12B)
Added Component: Designator=U1(REF3012)
Added Pin To Net: NetName=VEXCITE Pin=C1-0
Added Pin To Net: NetName=VCC+ Pin=C1-1
Added Pin To Net: NetName=VEXCITE Pin=C2-0
Added Pin To Net: NetName=VCC+ Pin=C2-1
Added Pin To Net: NetName=GND Pin=C3-0
Added Pin To Net: NetName=VCC+ Pin=C3-1
Added Pin To Net: NetName=GND Pin=C4-0
Added Pin To Net: NetName=VCC+ Pin=C4-1
Added Pin To Net: NetName=GND Pin=C8-0
Added Pin To Net: NetName=VEXCITE Pin=C8-1
Added Pin To Net: NetName=GND Pin=C9-0
Added Pin To Net: NetName=VEXCITE Pin=C9-1
Added Pin To Net: NetName=GND Pin=C10-0
Added Pin To Net: NetName=VCC+ Pin=C10-1
Added Pin To Net: NetName=GND Pin=C11-0
Added Pin To Net: NetName=PRESSURE OUT Pin=C11-1
Added Pin To Net: NetName=GND Pin=C12-0
Added Pin To Net: NetName=VCC- Pin=C12-1
Added Pin To Net: NetName=GND Pin=H1-0
Added Pin To Net: NetName=-VE BRIDGE Pin=H1-1
Added Pin To Net: NetName=+VE BRIDGE Pin=H1-2
Added Pin To Net: NetName=VEXCITE Pin=H1-3
Added Pin To Net: NetName=GND Pin=PGA204-1
Added Pin To Net: NetName=-VE BRIDGE Pin=PGA204-4
Added Pin To Net: NetName=+VE BRIDGE Pin=PGA204-5
Added Pin To Net: NetName=NetPGA204_6 Pin=PGA204-6
Added Pin To Net: NetName=NetPGA204_7 Pin=PGA204-7
Added Pin To Net: NetName=VCC- Pin=PGA204-8
Added Pin To Net: NetName=GND Pin=PGA204-9
Added Pin To Net: NetName=NetPGA204_10 Pin=PGA204-10
Added Pin To Net: NetName=NetPGA204_11 Pin=PGA204-11
Added Pin To Net: NetName=NetPGA204_11 Pin=PGA204-12
Added Pin To Net: NetName=VCC+ Pin=PGA204-13
Added Pin To Net: NetName=GND Pin=PGA204-14
Added Pin To Net: NetName=NetPGA204_15 Pin=PGA204-15
Added Pin To Net: NetName=NetPGA204_16 Pin=PGA204-16
Added Pin To Net: NetName=NetR0_0 Pin=R0-0
Added Pin To Net: NetName=VCC+ Pin=R0-1
Added Pin To Net: NetName=NetR1_0 Pin=R1-0
Added Pin To Net: NetName=VCC+ Pin=R1-1
Added Pin To Net: NetName=PRESSURE OUT Pin=R2-0
Added Pin To Net: NetName=NetPGA204_11 Pin=R2-1
Added Pin To Net: NetName=NetPGA204_7 Pin=R3-0
Added Pin To Net: NetName=VCC+ Pin=R3-1
Added Pin To Net: NetName=VCC+ Pin=R3-1
Added Pin To Net: NetName=VCC- Pin=R4-0
Added Pin To Net: NetName=NetR0_0 Pin=SW0-0
Added Pin To Net: NetName=NetPGA204_15 Pin=SW0-1
Added Pin To Net: NetName=GND Pin=SW0-2
Added Pin To Net: NetName=NetR1_0 Pin=SW1-0
Added Pin To Net: NetName=NetPGA204_16 Pin=SW1-1
Added Pin To Net: NetName=GND Pin=SW1-2
Added Pin To Net: NetName=VCC+ Pin=U1-1
Added Pin To Net: NetName=VEXCITE Pin=U1-2
Added Pin To Net: NetName=GND Pin=U1-3
Added Member To Class: ClassName=Stub Tester 2 Member=Component C1 1nF
Added Member To Class: ClassName=Stub Tester 2 Member=Component C2 100nF
Added Member To Class: ClassName=Stub Tester 2 Member=Component C3 10uF
Added Member To Class: ClassName=Stub Tester 2 Member=Component C4 1uF
Added Member To Class: ClassName=Stub Tester 2 Member=Component C8 100nF
Added Member To Class: ClassName=Stub Tester 2 Member=Component C9 1nF
Added Member To Class: ClassName=Stub Tester 2 Member=Component C10 C0603 1uF
Added Member To Class: ClassName=Stub Tester 2 Member=Component C11 C0603 1uF
Added Member To Class: ClassName=Stub Tester 2 Member=Component C12 C0603 1uF
Added Member To Class: ClassName=Stub Tester 2 Member=Component H1 Die Stub H
Added Member To Class: ClassName=Stub Tester 2 Member=Component PGA204
Added Member To Class: ClassName=Stub Tester 2 Member=Component R0 RT0603 330k
Added Member To Class: ClassName=Stub Tester 2 Member=Component R1 RT0603 330k
Added Member To Class: ClassName=Stub Tester 2 Member=Component R2 RT0603 330k
Added Member To Class: ClassName=Stub Tester 2 Member=Component R3 1M
Added Member To Class: ClassName=Stub Tester 2 Member=Component R4 1M
Added Member To Class: ClassName=Stub Tester 2 Member=Component SW0 CL-SB-12B
Added Member To Class: ClassName=Stub Tester 2 Member=Component SW1 CL-SB-12B
Added Member To Class: ClassName=Stub Tester 2 Member=Component U1 REF3012
Added Room: Name=Stub Tester 2
