Added Component: Designator=C10(C0603 1uF)
Added Component: Designator=C11(C0603 1uF)
Added Component: Designator=C12(C0603 1uF)
Added Component: Designator=P1(MHDR1X4)
Added Component: Designator=PGA204(PGA204)
Added Component: Designator=R3(3361P 1M)
Added Component: Designator=R4(3361P 1M)
Added Component: Designator=SW1(CL-SB-12B)
Added Component: Designator=SW2(CL-SB-12B)
Added Pin To Net: NetName=GND Pin=C10-0
Added Pin To Net: NetName=VCC+ Pin=C10-1
Added Pin To Net: NetName=GND Pin=C11-0
Added Pin To Net: NetName=PRESSURE OUT Pin=C11-1
Added Pin To Net: NetName=GND Pin=C12-0
Added Pin To Net: NetName=VCC- Pin=C12-1
Added Pin To Net: NetName=VEXCITE Pin=P1-1
Added Pin To Net: NetName=+VE BRIDGE Pin=P1-2
Added Pin To Net: NetName=-VE BRIDGE Pin=P1-3
Added Pin To Net: NetName=GND Pin=P1-4
Added Pin To Net: NetName=GND Pin=PGA204-1
Added Pin To Net: NetName=-VE BRIDGE Pin=PGA204-4
Added Pin To Net: NetName=+VE BRIDGE Pin=PGA204-5
Added Pin To Net: NetName=NetPGA204_6 Pin=PGA204-6
Added Pin To Net: NetName=NetPGA204_7 Pin=PGA204-7
Added Pin To Net: NetName=VCC- Pin=PGA204-8
Added Pin To Net: NetName=GND Pin=PGA204-9
Added Pin To Net: NetName=NetPGA204_10 Pin=PGA204-10
Added Pin To Net: NetName=NetPGA204_11 Pin=PGA204-11
Added Pin To Net: NetName=NetPGA204_11 Pin=PGA204-12
Added Pin To Net: NetName=VCC+ Pin=PGA204-13
Added Pin To Net: NetName=GND Pin=PGA204-14
Added Pin To Net: NetName=NetPGA204_15 Pin=PGA204-15
Added Pin To Net: NetName=NetPGA204_16 Pin=PGA204-16
Added Pin To Net: NetName=NetPGA204_7 Pin=R3-0
Added Pin To Net: NetName=VCC+ Pin=R3-1
Added Pin To Net: NetName=VCC+ Pin=R3-1
Added Pin To Net: NetName=VCC- Pin=R4-0
Added Pin To Net: NetName=NetR1_0 Pin=SW1-0
Added Pin To Net: NetName=NetPGA204_16 Pin=SW1-1
Added Pin To Net: NetName=GND Pin=SW1-2
Added Pin To Net: NetName=NetR2_0 Pin=SW2-0
Added Pin To Net: NetName=NetPGA204_15 Pin=SW2-1
Added Pin To Net: NetName=GND Pin=SW2-2
Added Member To Class: ClassName=Stub Tester 2 Member=Component C10 C0603 1uF
Added Member To Class: ClassName=Stub Tester 2 Member=Component C11 C0603 1uF
Added Member To Class: ClassName=Stub Tester 2 Member=Component C12 C0603 1uF
Added Member To Class: ClassName=Stub Tester 2 Member=Component P1 Die Holder Plugin
Added Member To Class: ClassName=Stub Tester 2 Member=Component PGA204
Added Member To Class: ClassName=Stub Tester 2 Member=Component R3 3361P 1M
Added Member To Class: ClassName=Stub Tester 2 Member=Component R4 3361P 1M
Added Member To Class: ClassName=Stub Tester 2 Member=Component SW1 CL-SB-12B
Added Member To Class: ClassName=Stub Tester 2 Member=Component SW2 CL-SB-12B
Added Room: Name=Stub Tester 2
