Added Component: Designator=C10_C10(C0603 1uF)
Added Component: Designator=C10_C11(C0603 1uF)
Added Component: Designator=C10_C12(C0603 1uF)
Added Component: Designator=C10_C13(C0603 1uF)
Added Component: Designator=C10_C14(C0603 1uF)
Added Component: Designator=C10_C15(C0603 1uF)
Added Component: Designator=C10_C16(C0603 1uF)
Added Component: Designator=C10_C17(C0603 1uF)
Added Component: Designator=C10_C18(C0603 1uF)
Added Component: Designator=C10_C19(C0603 1uF)
Added Component: Designator=C10_C20(C0603 1uF)
Added Component: Designator=C10_C21(C0603 1uF)
Added Component: Designator=C10_C22(C0603 1uF)
Added Component: Designator=C10_C23(C0603 1uF)
Added Component: Designator=C10_C24(C0603 1uF)
Added Component: Designator=C10_C25(C0603 1uF)
Added Component: Designator=C11_C10(C0603 1uF)
Added Component: Designator=C11_C11(C0603 1uF)
Added Component: Designator=C11_C12(C0603 1uF)
Added Component: Designator=C11_C13(C0603 1uF)
Added Component: Designator=C11_C14(C0603 1uF)
Added Component: Designator=C11_C15(C0603 1uF)
Added Component: Designator=C11_C16(C0603 1uF)
Added Component: Designator=C11_C17(C0603 1uF)
Added Component: Designator=C11_C18(C0603 1uF)
Added Component: Designator=C11_C19(C0603 1uF)
Added Component: Designator=C11_C20(C0603 1uF)
Added Component: Designator=C11_C21(C0603 1uF)
Added Component: Designator=C11_C22(C0603 1uF)
Added Component: Designator=C11_C23(C0603 1uF)
Added Component: Designator=C11_C24(C0603 1uF)
Added Component: Designator=C11_C25(C0603 1uF)
Added Component: Designator=C12_C10(C0603 1uF)
Added Component: Designator=C12_C11(C0603 1uF)
Added Component: Designator=C12_C12(C0603 1uF)
Added Component: Designator=C12_C13(C0603 1uF)
Added Component: Designator=C12_C14(C0603 1uF)
Added Component: Designator=C12_C15(C0603 1uF)
Added Component: Designator=C12_C16(C0603 1uF)
Added Component: Designator=C12_C17(C0603 1uF)
Added Component: Designator=C12_C18(C0603 1uF)
Added Component: Designator=C12_C19(C0603 1uF)
Added Component: Designator=C12_C20(C0603 1uF)
Added Component: Designator=C12_C21(C0603 1uF)
Added Component: Designator=C12_C22(C0603 1uF)
Added Component: Designator=C12_C23(C0603 1uF)
Added Component: Designator=C12_C24(C0603 1uF)
Added Component: Designator=C12_C25(C0603 1uF)
Added Component: Designator=H1_C10(Header1x4)
Added Component: Designator=H1_C11(Header1x4)
Added Component: Designator=H1_C12(Header1x4)
Added Component: Designator=H1_C13(Header1x4)
Added Component: Designator=H1_C14(Header1x4)
Added Component: Designator=H1_C15(Header1x4)
Added Component: Designator=H1_C16(Header1x4)
Added Component: Designator=H1_C17(Header1x4)
Added Component: Designator=H1_C18(Header1x4)
Added Component: Designator=H1_C19(Header1x4)
Added Component: Designator=H1_C20(Header1x4)
Added Component: Designator=H1_C21(Header1x4)
Added Component: Designator=H1_C22(Header1x4)
Added Component: Designator=H1_C23(Header1x4)
Added Component: Designator=H1_C24(Header1x4)
Added Component: Designator=H1_C25(Header1x4)
Added Component: Designator=PGA204_C10(PGA204)
Added Component: Designator=PGA204_C11(PGA204)
Added Component: Designator=PGA204_C12(PGA204)
Added Component: Designator=PGA204_C13(PGA204)
Added Component: Designator=PGA204_C14(PGA204)
Added Component: Designator=PGA204_C15(PGA204)
Added Component: Designator=PGA204_C16(PGA204)
Added Component: Designator=PGA204_C17(PGA204)
Added Component: Designator=PGA204_C18(PGA204)
Added Component: Designator=PGA204_C19(PGA204)
Added Component: Designator=PGA204_C20(PGA204)
Added Component: Designator=PGA204_C21(PGA204)
Added Component: Designator=PGA204_C22(PGA204)
Added Component: Designator=PGA204_C23(PGA204)
Added Component: Designator=PGA204_C24(PGA204)
Added Component: Designator=PGA204_C25(PGA204)
Added Component: Designator=R2_C10(RT0603 330k)
Added Component: Designator=R2_C11(RT0603 330k)
Added Component: Designator=R2_C12(RT0603 330k)
Added Component: Designator=R2_C13(RT0603 330k)
Added Component: Designator=R2_C14(RT0603 330k)
Added Component: Designator=R2_C15(RT0603 330k)
Added Component: Designator=R2_C16(RT0603 330k)
Added Component: Designator=R2_C17(RT0603 330k)
Added Component: Designator=R2_C18(RT0603 330k)
Added Component: Designator=R2_C19(RT0603 330k)
Added Component: Designator=R2_C20(RT0603 330k)
Added Component: Designator=R2_C21(RT0603 330k)
Added Component: Designator=R2_C22(RT0603 330k)
Added Component: Designator=R2_C23(RT0603 330k)
Added Component: Designator=R2_C24(RT0603 330k)
Added Component: Designator=R2_C25(RT0603 330k)
Added Pin To Net: NetName=GND Pin=C10_C10-0
Added Pin To Net: NetName=VCC+ Pin=C10_C10-1
Added Pin To Net: NetName=GND Pin=C10_C11-0
Added Pin To Net: NetName=VCC+ Pin=C10_C11-1
Added Pin To Net: NetName=GND Pin=C10_C12-0
Added Pin To Net: NetName=VCC+ Pin=C10_C12-1
Added Pin To Net: NetName=GND Pin=C10_C13-0
Added Pin To Net: NetName=VCC+ Pin=C10_C13-1
Added Pin To Net: NetName=GND Pin=C10_C14-0
Added Pin To Net: NetName=VCC+ Pin=C10_C14-1
Added Pin To Net: NetName=GND Pin=C10_C15-0
Added Pin To Net: NetName=VCC+ Pin=C10_C15-1
Added Pin To Net: NetName=GND Pin=C10_C16-0
Added Pin To Net: NetName=VCC+ Pin=C10_C16-1
Added Pin To Net: NetName=GND Pin=C10_C17-0
Added Pin To Net: NetName=VCC+ Pin=C10_C17-1
Added Pin To Net: NetName=GND Pin=C10_C18-0
Added Pin To Net: NetName=VCC+ Pin=C10_C18-1
Added Pin To Net: NetName=GND Pin=C10_C19-0
Added Pin To Net: NetName=VCC+ Pin=C10_C19-1
Added Pin To Net: NetName=GND Pin=C10_C20-0
Added Pin To Net: NetName=VCC+ Pin=C10_C20-1
Added Pin To Net: NetName=GND Pin=C10_C21-0
Added Pin To Net: NetName=VCC+ Pin=C10_C21-1
Added Pin To Net: NetName=GND Pin=C10_C22-0
Added Pin To Net: NetName=VCC+ Pin=C10_C22-1
Added Pin To Net: NetName=GND Pin=C10_C23-0
Added Pin To Net: NetName=VCC+ Pin=C10_C23-1
Added Pin To Net: NetName=GND Pin=C10_C24-0
Added Pin To Net: NetName=VCC+ Pin=C10_C24-1
Added Pin To Net: NetName=GND Pin=C10_C25-0
Added Pin To Net: NetName=VCC+ Pin=C10_C25-1
Added Pin To Net: NetName=GND Pin=C11_C10-0
Added Pin To Net: NetName=GND Pin=C11_C11-0
Added Pin To Net: NetName=GND Pin=C11_C12-0
Added Pin To Net: NetName=GND Pin=C11_C13-0
Added Pin To Net: NetName=GND Pin=C11_C14-0
Added Pin To Net: NetName=GND Pin=C11_C15-0
Added Pin To Net: NetName=GND Pin=C11_C16-0
Added Pin To Net: NetName=GND Pin=C11_C17-0
Added Pin To Net: NetName=GND Pin=C11_C18-0
Added Pin To Net: NetName=GND Pin=C11_C19-0
Added Pin To Net: NetName=GND Pin=C11_C20-0
Added Pin To Net: NetName=GND Pin=C11_C21-0
Added Pin To Net: NetName=GND Pin=C11_C22-0
Added Pin To Net: NetName=GND Pin=C11_C23-0
Added Pin To Net: NetName=GND Pin=C11_C24-0
Added Pin To Net: NetName=GND Pin=C11_C25-0
Added Pin To Net: NetName=GND Pin=C12_C10-0
Added Pin To Net: NetName=VCC- Pin=C12_C10-1
Added Pin To Net: NetName=GND Pin=C12_C11-0
Added Pin To Net: NetName=VCC- Pin=C12_C11-1
Added Pin To Net: NetName=GND Pin=C12_C12-0
Added Pin To Net: NetName=VCC- Pin=C12_C12-1
Added Pin To Net: NetName=GND Pin=C12_C13-0
Added Pin To Net: NetName=VCC- Pin=C12_C13-1
Added Pin To Net: NetName=GND Pin=C12_C14-0
Added Pin To Net: NetName=VCC- Pin=C12_C14-1
Added Pin To Net: NetName=GND Pin=C12_C15-0
Added Pin To Net: NetName=VCC- Pin=C12_C15-1
Added Pin To Net: NetName=GND Pin=C12_C16-0
Added Pin To Net: NetName=VCC- Pin=C12_C16-1
Added Pin To Net: NetName=GND Pin=C12_C17-0
Added Pin To Net: NetName=VCC- Pin=C12_C17-1
Added Pin To Net: NetName=GND Pin=C12_C18-0
Added Pin To Net: NetName=VCC- Pin=C12_C18-1
Added Pin To Net: NetName=GND Pin=C12_C19-0
Added Pin To Net: NetName=VCC- Pin=C12_C19-1
Added Pin To Net: NetName=GND Pin=C12_C20-0
Added Pin To Net: NetName=VCC- Pin=C12_C20-1
Added Pin To Net: NetName=GND Pin=C12_C21-0
Added Pin To Net: NetName=VCC- Pin=C12_C21-1
Added Pin To Net: NetName=GND Pin=C12_C22-0
Added Pin To Net: NetName=VCC- Pin=C12_C22-1
Added Pin To Net: NetName=GND Pin=C12_C23-0
Added Pin To Net: NetName=VCC- Pin=C12_C23-1
Added Pin To Net: NetName=GND Pin=C12_C24-0
Added Pin To Net: NetName=VCC- Pin=C12_C24-1
Added Pin To Net: NetName=GND Pin=C12_C25-0
Added Pin To Net: NetName=VCC- Pin=C12_C25-1
Added Pin To Net: NetName=GND Pin=H1_C10-0
Added Pin To Net: NetName=VEXCITE Pin=H1_C10-3
Added Pin To Net: NetName=GND Pin=H1_C11-0
Added Pin To Net: NetName=VEXCITE Pin=H1_C11-3
Added Pin To Net: NetName=GND Pin=H1_C12-0
Added Pin To Net: NetName=VEXCITE Pin=H1_C12-3
Added Pin To Net: NetName=GND Pin=H1_C13-0
Added Pin To Net: NetName=VEXCITE Pin=H1_C13-3
Added Pin To Net: NetName=GND Pin=H1_C14-0
Added Pin To Net: NetName=VEXCITE Pin=H1_C14-3
Added Pin To Net: NetName=GND Pin=H1_C15-0
Added Pin To Net: NetName=VEXCITE Pin=H1_C15-3
Added Pin To Net: NetName=GND Pin=H1_C16-0
Added Pin To Net: NetName=VEXCITE Pin=H1_C16-3
Added Pin To Net: NetName=GND Pin=H1_C17-0
Added Pin To Net: NetName=VEXCITE Pin=H1_C17-3
Added Pin To Net: NetName=GND Pin=H1_C18-0
Added Pin To Net: NetName=VEXCITE Pin=H1_C18-3
Added Pin To Net: NetName=GND Pin=H1_C19-0
Added Pin To Net: NetName=VEXCITE Pin=H1_C19-3
Added Pin To Net: NetName=GND Pin=H1_C20-0
Added Pin To Net: NetName=VEXCITE Pin=H1_C20-3
Added Pin To Net: NetName=GND Pin=H1_C21-0
Added Pin To Net: NetName=VEXCITE Pin=H1_C21-3
Added Pin To Net: NetName=GND Pin=H1_C22-0
Added Pin To Net: NetName=VEXCITE Pin=H1_C22-3
Added Pin To Net: NetName=GND Pin=H1_C23-0
Added Pin To Net: NetName=VEXCITE Pin=H1_C23-3
Added Pin To Net: NetName=GND Pin=H1_C24-0
Added Pin To Net: NetName=VEXCITE Pin=H1_C24-3
Added Pin To Net: NetName=GND Pin=H1_C25-0
Added Pin To Net: NetName=VEXCITE Pin=H1_C25-3
Added Pin To Net: NetName=GND Pin=PGA204_C10-1
Added Pin To Net: NetName=GND Pin=PGA204_C10-6
Added Pin To Net: NetName=GND Pin=PGA204_C10-7
Added Pin To Net: NetName=VCC- Pin=PGA204_C10-8
Added Pin To Net: NetName=GND Pin=PGA204_C10-9
Added Pin To Net: NetName=GND Pin=PGA204_C10-10
Added Pin To Net: NetName=VCC+ Pin=PGA204_C10-13
Added Pin To Net: NetName=GND Pin=PGA204_C10-14
Added Pin To Net: NetName=GND Pin=PGA204_C11-1
Added Pin To Net: NetName=GND Pin=PGA204_C11-6
Added Pin To Net: NetName=GND Pin=PGA204_C11-7
Added Pin To Net: NetName=VCC- Pin=PGA204_C11-8
Added Pin To Net: NetName=GND Pin=PGA204_C11-9
Added Pin To Net: NetName=GND Pin=PGA204_C11-10
Added Pin To Net: NetName=VCC+ Pin=PGA204_C11-13
Added Pin To Net: NetName=GND Pin=PGA204_C11-14
Added Pin To Net: NetName=GND Pin=PGA204_C12-1
Added Pin To Net: NetName=GND Pin=PGA204_C12-6
Added Pin To Net: NetName=GND Pin=PGA204_C12-7
Added Pin To Net: NetName=VCC- Pin=PGA204_C12-8
Added Pin To Net: NetName=GND Pin=PGA204_C12-9
Added Pin To Net: NetName=GND Pin=PGA204_C12-10
Added Pin To Net: NetName=VCC+ Pin=PGA204_C12-13
Added Pin To Net: NetName=GND Pin=PGA204_C12-14
Added Pin To Net: NetName=GND Pin=PGA204_C13-1
Added Pin To Net: NetName=GND Pin=PGA204_C13-6
Added Pin To Net: NetName=GND Pin=PGA204_C13-7
Added Pin To Net: NetName=VCC- Pin=PGA204_C13-8
Added Pin To Net: NetName=GND Pin=PGA204_C13-9
Added Pin To Net: NetName=GND Pin=PGA204_C13-10
Added Pin To Net: NetName=VCC+ Pin=PGA204_C13-13
Added Pin To Net: NetName=GND Pin=PGA204_C13-14
Added Pin To Net: NetName=GND Pin=PGA204_C14-1
Added Pin To Net: NetName=GND Pin=PGA204_C14-6
Added Pin To Net: NetName=GND Pin=PGA204_C14-7
Added Pin To Net: NetName=VCC- Pin=PGA204_C14-8
Added Pin To Net: NetName=GND Pin=PGA204_C14-9
Added Pin To Net: NetName=GND Pin=PGA204_C14-10
Added Pin To Net: NetName=VCC+ Pin=PGA204_C14-13
Added Pin To Net: NetName=GND Pin=PGA204_C14-14
Added Pin To Net: NetName=GND Pin=PGA204_C15-1
Added Pin To Net: NetName=GND Pin=PGA204_C15-6
Added Pin To Net: NetName=GND Pin=PGA204_C15-7
Added Pin To Net: NetName=VCC- Pin=PGA204_C15-8
Added Pin To Net: NetName=GND Pin=PGA204_C15-9
Added Pin To Net: NetName=GND Pin=PGA204_C15-10
Added Pin To Net: NetName=VCC+ Pin=PGA204_C15-13
Added Pin To Net: NetName=GND Pin=PGA204_C15-14
Added Pin To Net: NetName=GND Pin=PGA204_C16-1
Added Pin To Net: NetName=GND Pin=PGA204_C16-6
Added Pin To Net: NetName=GND Pin=PGA204_C16-7
Added Pin To Net: NetName=VCC- Pin=PGA204_C16-8
Added Pin To Net: NetName=GND Pin=PGA204_C16-9
Added Pin To Net: NetName=GND Pin=PGA204_C16-10
Added Pin To Net: NetName=VCC+ Pin=PGA204_C16-13
Added Pin To Net: NetName=GND Pin=PGA204_C16-14
Added Pin To Net: NetName=GND Pin=PGA204_C17-1
Added Pin To Net: NetName=GND Pin=PGA204_C17-6
Added Pin To Net: NetName=GND Pin=PGA204_C17-7
Added Pin To Net: NetName=VCC- Pin=PGA204_C17-8
Added Pin To Net: NetName=GND Pin=PGA204_C17-9
Added Pin To Net: NetName=GND Pin=PGA204_C17-10
Added Pin To Net: NetName=VCC+ Pin=PGA204_C17-13
Added Pin To Net: NetName=GND Pin=PGA204_C17-14
Added Pin To Net: NetName=GND Pin=PGA204_C18-1
Added Pin To Net: NetName=GND Pin=PGA204_C18-6
Added Pin To Net: NetName=GND Pin=PGA204_C18-7
Added Pin To Net: NetName=VCC- Pin=PGA204_C18-8
Added Pin To Net: NetName=GND Pin=PGA204_C18-9
Added Pin To Net: NetName=GND Pin=PGA204_C18-10
Added Pin To Net: NetName=VCC+ Pin=PGA204_C18-13
Added Pin To Net: NetName=GND Pin=PGA204_C18-14
Added Pin To Net: NetName=GND Pin=PGA204_C19-1
Added Pin To Net: NetName=GND Pin=PGA204_C19-6
Added Pin To Net: NetName=GND Pin=PGA204_C19-7
Added Pin To Net: NetName=VCC- Pin=PGA204_C19-8
Added Pin To Net: NetName=GND Pin=PGA204_C19-9
Added Pin To Net: NetName=GND Pin=PGA204_C19-10
Added Pin To Net: NetName=VCC+ Pin=PGA204_C19-13
Added Pin To Net: NetName=GND Pin=PGA204_C19-14
Added Pin To Net: NetName=GND Pin=PGA204_C20-1
Added Pin To Net: NetName=GND Pin=PGA204_C20-6
Added Pin To Net: NetName=GND Pin=PGA204_C20-7
Added Pin To Net: NetName=VCC- Pin=PGA204_C20-8
Added Pin To Net: NetName=GND Pin=PGA204_C20-9
Added Pin To Net: NetName=GND Pin=PGA204_C20-10
Added Pin To Net: NetName=VCC+ Pin=PGA204_C20-13
Added Pin To Net: NetName=GND Pin=PGA204_C20-14
Added Pin To Net: NetName=GND Pin=PGA204_C21-1
Added Pin To Net: NetName=GND Pin=PGA204_C21-6
Added Pin To Net: NetName=GND Pin=PGA204_C21-7
Added Pin To Net: NetName=VCC- Pin=PGA204_C21-8
Added Pin To Net: NetName=GND Pin=PGA204_C21-9
Added Pin To Net: NetName=GND Pin=PGA204_C21-10
Added Pin To Net: NetName=VCC+ Pin=PGA204_C21-13
Added Pin To Net: NetName=GND Pin=PGA204_C21-14
Added Pin To Net: NetName=GND Pin=PGA204_C22-1
Added Pin To Net: NetName=GND Pin=PGA204_C22-6
Added Pin To Net: NetName=GND Pin=PGA204_C22-7
Added Pin To Net: NetName=VCC- Pin=PGA204_C22-8
Added Pin To Net: NetName=GND Pin=PGA204_C22-9
Added Pin To Net: NetName=GND Pin=PGA204_C22-10
Added Pin To Net: NetName=VCC+ Pin=PGA204_C22-13
Added Pin To Net: NetName=GND Pin=PGA204_C22-14
Added Pin To Net: NetName=GND Pin=PGA204_C23-1
Added Pin To Net: NetName=GND Pin=PGA204_C23-6
Added Pin To Net: NetName=GND Pin=PGA204_C23-7
Added Pin To Net: NetName=VCC- Pin=PGA204_C23-8
Added Pin To Net: NetName=GND Pin=PGA204_C23-9
Added Pin To Net: NetName=GND Pin=PGA204_C23-10
Added Pin To Net: NetName=VCC+ Pin=PGA204_C23-13
Added Pin To Net: NetName=GND Pin=PGA204_C23-14
Added Pin To Net: NetName=GND Pin=PGA204_C24-1
Added Pin To Net: NetName=GND Pin=PGA204_C24-6
Added Pin To Net: NetName=GND Pin=PGA204_C24-7
Added Pin To Net: NetName=VCC- Pin=PGA204_C24-8
Added Pin To Net: NetName=GND Pin=PGA204_C24-9
Added Pin To Net: NetName=GND Pin=PGA204_C24-10
Added Pin To Net: NetName=VCC+ Pin=PGA204_C24-13
Added Pin To Net: NetName=GND Pin=PGA204_C24-14
Added Pin To Net: NetName=GND Pin=PGA204_C25-1
Added Pin To Net: NetName=GND Pin=PGA204_C25-6
Added Pin To Net: NetName=GND Pin=PGA204_C25-7
Added Pin To Net: NetName=VCC- Pin=PGA204_C25-8
Added Pin To Net: NetName=GND Pin=PGA204_C25-9
Added Pin To Net: NetName=GND Pin=PGA204_C25-10
Added Pin To Net: NetName=VCC+ Pin=PGA204_C25-13
Added Pin To Net: NetName=GND Pin=PGA204_C25-14
Added Pin To Net: NetName=NetC11_C10_1 Pin=C11_C10-1
Added Pin To Net: NetName=NetC11_C10_1 Pin=R2_C10-0
Added Net: Name=NetC11_C10_1
Added Pin To Net: NetName=NetC11_C11_1 Pin=C11_C11-1
Added Pin To Net: NetName=NetC11_C11_1 Pin=R2_C11-0
Added Net: Name=NetC11_C11_1
Added Pin To Net: NetName=NetC11_C12_1 Pin=C11_C12-1
Added Pin To Net: NetName=NetC11_C12_1 Pin=R2_C12-0
Added Net: Name=NetC11_C12_1
Added Pin To Net: NetName=NetC11_C13_1 Pin=C11_C13-1
Added Pin To Net: NetName=NetC11_C13_1 Pin=R2_C13-0
Added Net: Name=NetC11_C13_1
Added Pin To Net: NetName=NetC11_C14_1 Pin=C11_C14-1
Added Pin To Net: NetName=NetC11_C14_1 Pin=R2_C14-0
Added Net: Name=NetC11_C14_1
Added Pin To Net: NetName=NetC11_C15_1 Pin=C11_C15-1
Added Pin To Net: NetName=NetC11_C15_1 Pin=R2_C15-0
Added Net: Name=NetC11_C15_1
Added Pin To Net: NetName=NetC11_C16_1 Pin=C11_C16-1
Added Pin To Net: NetName=NetC11_C16_1 Pin=R2_C16-0
Added Net: Name=NetC11_C16_1
Added Pin To Net: NetName=NetC11_C17_1 Pin=C11_C17-1
Added Pin To Net: NetName=NetC11_C17_1 Pin=R2_C17-0
Added Net: Name=NetC11_C17_1
Added Pin To Net: NetName=NetC11_C18_1 Pin=C11_C18-1
Added Pin To Net: NetName=NetC11_C18_1 Pin=R2_C18-0
Added Net: Name=NetC11_C18_1
Added Pin To Net: NetName=NetC11_C19_1 Pin=C11_C19-1
Added Pin To Net: NetName=NetC11_C19_1 Pin=R2_C19-0
Added Net: Name=NetC11_C19_1
Added Pin To Net: NetName=NetC11_C20_1 Pin=C11_C20-1
Added Pin To Net: NetName=NetC11_C20_1 Pin=R2_C20-0
Added Net: Name=NetC11_C20_1
Added Pin To Net: NetName=NetC11_C21_1 Pin=C11_C21-1
Added Pin To Net: NetName=NetC11_C21_1 Pin=R2_C21-0
Added Net: Name=NetC11_C21_1
Added Pin To Net: NetName=NetC11_C22_1 Pin=C11_C22-1
Added Pin To Net: NetName=NetC11_C22_1 Pin=R2_C22-0
Added Net: Name=NetC11_C22_1
Added Pin To Net: NetName=NetC11_C23_1 Pin=C11_C23-1
Added Pin To Net: NetName=NetC11_C23_1 Pin=R2_C23-0
Added Net: Name=NetC11_C23_1
Added Pin To Net: NetName=NetC11_C24_1 Pin=C11_C24-1
Added Pin To Net: NetName=NetC11_C24_1 Pin=R2_C24-0
Added Net: Name=NetC11_C24_1
Added Pin To Net: NetName=NetC11_C25_1 Pin=C11_C25-1
Added Pin To Net: NetName=NetC11_C25_1 Pin=R2_C25-0
Added Net: Name=NetC11_C25_1
Added Pin To Net: NetName=NetH1_C10_1 Pin=H1_C10-1
Added Pin To Net: NetName=NetH1_C10_1 Pin=PGA204_C10-4
Added Net: Name=NetH1_C10_1
Added Pin To Net: NetName=NetH1_C10_2 Pin=H1_C10-2
Added Pin To Net: NetName=NetH1_C10_2 Pin=PGA204_C10-5
Added Net: Name=NetH1_C10_2
Added Pin To Net: NetName=NetH1_C11_1 Pin=H1_C11-1
Added Pin To Net: NetName=NetH1_C11_1 Pin=PGA204_C11-4
Added Net: Name=NetH1_C11_1
Added Pin To Net: NetName=NetH1_C11_2 Pin=H1_C11-2
Added Pin To Net: NetName=NetH1_C11_2 Pin=PGA204_C11-5
Added Net: Name=NetH1_C11_2
Added Pin To Net: NetName=NetH1_C12_1 Pin=H1_C12-1
Added Pin To Net: NetName=NetH1_C12_1 Pin=PGA204_C12-4
Added Net: Name=NetH1_C12_1
Added Pin To Net: NetName=NetH1_C12_2 Pin=H1_C12-2
Added Pin To Net: NetName=NetH1_C12_2 Pin=PGA204_C12-5
Added Net: Name=NetH1_C12_2
Added Pin To Net: NetName=NetH1_C13_1 Pin=H1_C13-1
Added Pin To Net: NetName=NetH1_C13_1 Pin=PGA204_C13-4
Added Net: Name=NetH1_C13_1
Added Pin To Net: NetName=NetH1_C13_2 Pin=H1_C13-2
Added Pin To Net: NetName=NetH1_C13_2 Pin=PGA204_C13-5
Added Net: Name=NetH1_C13_2
Added Pin To Net: NetName=NetH1_C14_1 Pin=H1_C14-1
Added Pin To Net: NetName=NetH1_C14_1 Pin=PGA204_C14-4
Added Net: Name=NetH1_C14_1
Added Pin To Net: NetName=NetH1_C14_2 Pin=H1_C14-2
Added Pin To Net: NetName=NetH1_C14_2 Pin=PGA204_C14-5
Added Net: Name=NetH1_C14_2
Added Pin To Net: NetName=NetH1_C15_1 Pin=H1_C15-1
Added Pin To Net: NetName=NetH1_C15_1 Pin=PGA204_C15-4
Added Net: Name=NetH1_C15_1
Added Pin To Net: NetName=NetH1_C15_2 Pin=H1_C15-2
Added Pin To Net: NetName=NetH1_C15_2 Pin=PGA204_C15-5
Added Net: Name=NetH1_C15_2
Added Pin To Net: NetName=NetH1_C16_1 Pin=H1_C16-1
Added Pin To Net: NetName=NetH1_C16_1 Pin=PGA204_C16-4
Added Net: Name=NetH1_C16_1
Added Pin To Net: NetName=NetH1_C16_2 Pin=H1_C16-2
Added Pin To Net: NetName=NetH1_C16_2 Pin=PGA204_C16-5
Added Net: Name=NetH1_C16_2
Added Pin To Net: NetName=NetH1_C17_1 Pin=H1_C17-1
Added Pin To Net: NetName=NetH1_C17_1 Pin=PGA204_C17-4
Added Net: Name=NetH1_C17_1
Added Pin To Net: NetName=NetH1_C17_2 Pin=H1_C17-2
Added Pin To Net: NetName=NetH1_C17_2 Pin=PGA204_C17-5
Added Net: Name=NetH1_C17_2
Added Pin To Net: NetName=NetH1_C18_1 Pin=H1_C18-1
Added Pin To Net: NetName=NetH1_C18_1 Pin=PGA204_C18-4
Added Net: Name=NetH1_C18_1
Added Pin To Net: NetName=NetH1_C18_2 Pin=H1_C18-2
Added Pin To Net: NetName=NetH1_C18_2 Pin=PGA204_C18-5
Added Net: Name=NetH1_C18_2
Added Pin To Net: NetName=NetH1_C19_1 Pin=H1_C19-1
Added Pin To Net: NetName=NetH1_C19_1 Pin=PGA204_C19-4
Added Net: Name=NetH1_C19_1
Added Pin To Net: NetName=NetH1_C19_2 Pin=H1_C19-2
Added Pin To Net: NetName=NetH1_C19_2 Pin=PGA204_C19-5
Added Net: Name=NetH1_C19_2
Added Pin To Net: NetName=NetH1_C20_1 Pin=H1_C20-1
Added Pin To Net: NetName=NetH1_C20_1 Pin=PGA204_C20-4
Added Net: Name=NetH1_C20_1
Added Pin To Net: NetName=NetH1_C20_2 Pin=H1_C20-2
Added Pin To Net: NetName=NetH1_C20_2 Pin=PGA204_C20-5
Added Net: Name=NetH1_C20_2
Added Pin To Net: NetName=NetH1_C21_1 Pin=H1_C21-1
Added Pin To Net: NetName=NetH1_C21_1 Pin=PGA204_C21-4
Added Net: Name=NetH1_C21_1
Added Pin To Net: NetName=NetH1_C21_2 Pin=H1_C21-2
Added Pin To Net: NetName=NetH1_C21_2 Pin=PGA204_C21-5
Added Net: Name=NetH1_C21_2
Added Pin To Net: NetName=NetH1_C22_1 Pin=H1_C22-1
Added Pin To Net: NetName=NetH1_C22_1 Pin=PGA204_C22-4
Added Net: Name=NetH1_C22_1
Added Pin To Net: NetName=NetH1_C22_2 Pin=H1_C22-2
Added Pin To Net: NetName=NetH1_C22_2 Pin=PGA204_C22-5
Added Net: Name=NetH1_C22_2
Added Pin To Net: NetName=NetH1_C23_1 Pin=H1_C23-1
Added Pin To Net: NetName=NetH1_C23_1 Pin=PGA204_C23-4
Added Net: Name=NetH1_C23_1
Added Pin To Net: NetName=NetH1_C23_2 Pin=H1_C23-2
Added Pin To Net: NetName=NetH1_C23_2 Pin=PGA204_C23-5
Added Net: Name=NetH1_C23_2
Added Pin To Net: NetName=NetH1_C24_1 Pin=H1_C24-1
Added Pin To Net: NetName=NetH1_C24_1 Pin=PGA204_C24-4
Added Net: Name=NetH1_C24_1
Added Pin To Net: NetName=NetH1_C24_2 Pin=H1_C24-2
Added Pin To Net: NetName=NetH1_C24_2 Pin=PGA204_C24-5
Added Net: Name=NetH1_C24_2
Added Pin To Net: NetName=NetH1_C25_1 Pin=H1_C25-1
Added Pin To Net: NetName=NetH1_C25_1 Pin=PGA204_C25-4
Added Net: Name=NetH1_C25_1
Added Pin To Net: NetName=NetH1_C25_2 Pin=H1_C25-2
Added Pin To Net: NetName=NetH1_C25_2 Pin=PGA204_C25-5
Added Net: Name=NetH1_C25_2
Added Pin To Net: NetName=NetPGA204_C10_11 Pin=PGA204_C10-11
Added Pin To Net: NetName=NetPGA204_C10_11 Pin=PGA204_C10-12
Added Pin To Net: NetName=NetPGA204_C10_11 Pin=R2_C10-1
Added Net: Name=NetPGA204_C10_11
Added Pin To Net: NetName=NetPGA204_C10_15 Pin=PGA204_C10-15
Added Net: Name=NetPGA204_C10_15
Added Pin To Net: NetName=NetPGA204_C10_16 Pin=PGA204_C10-16
Added Net: Name=NetPGA204_C10_16
Added Pin To Net: NetName=NetPGA204_C11_11 Pin=PGA204_C11-11
Added Pin To Net: NetName=NetPGA204_C11_11 Pin=PGA204_C11-12
Added Pin To Net: NetName=NetPGA204_C11_11 Pin=R2_C11-1
Added Net: Name=NetPGA204_C11_11
Added Pin To Net: NetName=NetPGA204_C11_15 Pin=PGA204_C11-15
Added Net: Name=NetPGA204_C11_15
Added Pin To Net: NetName=NetPGA204_C11_16 Pin=PGA204_C11-16
Added Net: Name=NetPGA204_C11_16
Added Pin To Net: NetName=NetPGA204_C12_11 Pin=PGA204_C12-11
Added Pin To Net: NetName=NetPGA204_C12_11 Pin=PGA204_C12-12
Added Pin To Net: NetName=NetPGA204_C12_11 Pin=R2_C12-1
Added Net: Name=NetPGA204_C12_11
Added Pin To Net: NetName=NetPGA204_C12_15 Pin=PGA204_C12-15
Added Net: Name=NetPGA204_C12_15
Added Pin To Net: NetName=NetPGA204_C12_16 Pin=PGA204_C12-16
Added Net: Name=NetPGA204_C12_16
Added Pin To Net: NetName=NetPGA204_C13_11 Pin=PGA204_C13-11
Added Pin To Net: NetName=NetPGA204_C13_11 Pin=PGA204_C13-12
Added Pin To Net: NetName=NetPGA204_C13_11 Pin=R2_C13-1
Added Net: Name=NetPGA204_C13_11
Added Pin To Net: NetName=NetPGA204_C13_15 Pin=PGA204_C13-15
Added Net: Name=NetPGA204_C13_15
Added Pin To Net: NetName=NetPGA204_C13_16 Pin=PGA204_C13-16
Added Net: Name=NetPGA204_C13_16
Added Pin To Net: NetName=NetPGA204_C14_11 Pin=PGA204_C14-11
Added Pin To Net: NetName=NetPGA204_C14_11 Pin=PGA204_C14-12
Added Pin To Net: NetName=NetPGA204_C14_11 Pin=R2_C14-1
Added Net: Name=NetPGA204_C14_11
Added Pin To Net: NetName=NetPGA204_C14_15 Pin=PGA204_C14-15
Added Net: Name=NetPGA204_C14_15
Added Pin To Net: NetName=NetPGA204_C14_16 Pin=PGA204_C14-16
Added Net: Name=NetPGA204_C14_16
Added Pin To Net: NetName=NetPGA204_C15_11 Pin=PGA204_C15-11
Added Pin To Net: NetName=NetPGA204_C15_11 Pin=PGA204_C15-12
Added Pin To Net: NetName=NetPGA204_C15_11 Pin=R2_C15-1
Added Net: Name=NetPGA204_C15_11
Added Pin To Net: NetName=NetPGA204_C15_15 Pin=PGA204_C15-15
Added Net: Name=NetPGA204_C15_15
Added Pin To Net: NetName=NetPGA204_C15_16 Pin=PGA204_C15-16
Added Net: Name=NetPGA204_C15_16
Added Pin To Net: NetName=NetPGA204_C16_11 Pin=PGA204_C16-11
Added Pin To Net: NetName=NetPGA204_C16_11 Pin=PGA204_C16-12
Added Pin To Net: NetName=NetPGA204_C16_11 Pin=R2_C16-1
Added Net: Name=NetPGA204_C16_11
Added Pin To Net: NetName=NetPGA204_C16_15 Pin=PGA204_C16-15
Added Net: Name=NetPGA204_C16_15
Added Pin To Net: NetName=NetPGA204_C16_16 Pin=PGA204_C16-16
Added Net: Name=NetPGA204_C16_16
Added Pin To Net: NetName=NetPGA204_C17_11 Pin=PGA204_C17-11
Added Pin To Net: NetName=NetPGA204_C17_11 Pin=PGA204_C17-12
Added Pin To Net: NetName=NetPGA204_C17_11 Pin=R2_C17-1
Added Net: Name=NetPGA204_C17_11
Added Pin To Net: NetName=NetPGA204_C17_15 Pin=PGA204_C17-15
Added Net: Name=NetPGA204_C17_15
Added Pin To Net: NetName=NetPGA204_C17_16 Pin=PGA204_C17-16
Added Net: Name=NetPGA204_C17_16
Added Pin To Net: NetName=NetPGA204_C18_11 Pin=PGA204_C18-11
Added Pin To Net: NetName=NetPGA204_C18_11 Pin=PGA204_C18-12
Added Pin To Net: NetName=NetPGA204_C18_11 Pin=R2_C18-1
Added Net: Name=NetPGA204_C18_11
Added Pin To Net: NetName=NetPGA204_C18_15 Pin=PGA204_C18-15
Added Net: Name=NetPGA204_C18_15
Added Pin To Net: NetName=NetPGA204_C18_16 Pin=PGA204_C18-16
Added Net: Name=NetPGA204_C18_16
Added Pin To Net: NetName=NetPGA204_C19_11 Pin=PGA204_C19-11
Added Pin To Net: NetName=NetPGA204_C19_11 Pin=PGA204_C19-12
Added Pin To Net: NetName=NetPGA204_C19_11 Pin=R2_C19-1
Added Net: Name=NetPGA204_C19_11
Added Pin To Net: NetName=NetPGA204_C19_15 Pin=PGA204_C19-15
Added Net: Name=NetPGA204_C19_15
Added Pin To Net: NetName=NetPGA204_C19_16 Pin=PGA204_C19-16
Added Net: Name=NetPGA204_C19_16
Added Pin To Net: NetName=NetPGA204_C20_11 Pin=PGA204_C20-11
Added Pin To Net: NetName=NetPGA204_C20_11 Pin=PGA204_C20-12
Added Pin To Net: NetName=NetPGA204_C20_11 Pin=R2_C20-1
Added Net: Name=NetPGA204_C20_11
Added Pin To Net: NetName=NetPGA204_C20_15 Pin=PGA204_C20-15
Added Net: Name=NetPGA204_C20_15
Added Pin To Net: NetName=NetPGA204_C20_16 Pin=PGA204_C20-16
Added Net: Name=NetPGA204_C20_16
Added Pin To Net: NetName=NetPGA204_C21_11 Pin=PGA204_C21-11
Added Pin To Net: NetName=NetPGA204_C21_11 Pin=PGA204_C21-12
Added Pin To Net: NetName=NetPGA204_C21_11 Pin=R2_C21-1
Added Net: Name=NetPGA204_C21_11
Added Pin To Net: NetName=NetPGA204_C21_15 Pin=PGA204_C21-15
Added Net: Name=NetPGA204_C21_15
Added Pin To Net: NetName=NetPGA204_C21_16 Pin=PGA204_C21-16
Added Net: Name=NetPGA204_C21_16
Added Pin To Net: NetName=NetPGA204_C22_11 Pin=PGA204_C22-11
Added Pin To Net: NetName=NetPGA204_C22_11 Pin=PGA204_C22-12
Added Pin To Net: NetName=NetPGA204_C22_11 Pin=R2_C22-1
Added Net: Name=NetPGA204_C22_11
Added Pin To Net: NetName=NetPGA204_C22_15 Pin=PGA204_C22-15
Added Net: Name=NetPGA204_C22_15
Added Pin To Net: NetName=NetPGA204_C22_16 Pin=PGA204_C22-16
Added Net: Name=NetPGA204_C22_16
Added Pin To Net: NetName=NetPGA204_C23_11 Pin=PGA204_C23-11
Added Pin To Net: NetName=NetPGA204_C23_11 Pin=PGA204_C23-12
Added Pin To Net: NetName=NetPGA204_C23_11 Pin=R2_C23-1
Added Net: Name=NetPGA204_C23_11
Added Pin To Net: NetName=NetPGA204_C23_15 Pin=PGA204_C23-15
Added Net: Name=NetPGA204_C23_15
Added Pin To Net: NetName=NetPGA204_C23_16 Pin=PGA204_C23-16
Added Net: Name=NetPGA204_C23_16
Added Pin To Net: NetName=NetPGA204_C24_11 Pin=PGA204_C24-11
Added Pin To Net: NetName=NetPGA204_C24_11 Pin=PGA204_C24-12
Added Pin To Net: NetName=NetPGA204_C24_11 Pin=R2_C24-1
Added Net: Name=NetPGA204_C24_11
Added Pin To Net: NetName=NetPGA204_C24_15 Pin=PGA204_C24-15
Added Net: Name=NetPGA204_C24_15
Added Pin To Net: NetName=NetPGA204_C24_16 Pin=PGA204_C24-16
Added Net: Name=NetPGA204_C24_16
Added Pin To Net: NetName=NetPGA204_C25_11 Pin=PGA204_C25-11
Added Pin To Net: NetName=NetPGA204_C25_11 Pin=PGA204_C25-12
Added Pin To Net: NetName=NetPGA204_C25_11 Pin=R2_C25-1
Added Net: Name=NetPGA204_C25_11
Added Pin To Net: NetName=NetPGA204_C25_15 Pin=PGA204_C25-15
Added Net: Name=NetPGA204_C25_15
Added Pin To Net: NetName=NetPGA204_C25_16 Pin=PGA204_C25-16
Added Net: Name=NetPGA204_C25_16
Added Class: Name=C10
Added Class: Name=C11
Added Class: Name=C12
Added Class: Name=C13
Added Class: Name=C14
Added Class: Name=C15
Added Class: Name=C16
Added Class: Name=C17
Added Class: Name=C18
Added Class: Name=C19
Added Class: Name=C20
Added Class: Name=C21
Added Class: Name=C22
Added Class: Name=C23
Added Class: Name=C24
Added Class: Name=C25
Added Room: Name=C10
Added Room: Name=C11
Added Room: Name=C12
Added Room: Name=C13
Added Room: Name=C14
Added Room: Name=C15
Added Room: Name=C16
Added Room: Name=C17
Added Room: Name=C18
Added Room: Name=C19
Added Room: Name=C20
Added Room: Name=C21
Added Room: Name=C22
Added Room: Name=C23
Added Room: Name=C24
Added Room: Name=C25
