Removed Pin From Net: NetName=1.25V Pin=C1-0
Removed Pin From Net: NetName=VCC+ Pin=C1-1
Removed Pin From Net: NetName=1.25V Pin=C2-0
Removed Pin From Net: NetName=VCC+ Pin=C2-1
Removed Pin From Net: NetName=GND Pin=C3-0
Removed Pin From Net: NetName=1.25V Pin=C3-1
Removed Pin From Net: NetName=GND Pin=C4-0
Removed Pin From Net: NetName=1.25V Pin=C4-1
Removed Pin From Net: NetName=GND Pin=C5-0
Removed Pin From Net: NetName=VCC+ Pin=C5-1
Removed Pin From Net: NetName=GND Pin=C6-0
Removed Pin From Net: NetName=VCC+ Pin=C6-1
Removed Pin From Net: NetName=GND Pin=C7-0
Removed Pin From Net: NetName=VCC- Pin=C7-1
Removed Pin From Net: NetName=GND Pin=C8-0
Removed Pin From Net: NetName=NetC8_1 Pin=C8-1
Removed Pin From Net: NetName=GND Pin=C9-0
Removed Pin From Net: NetName=-1.25V Pin=C9-1
Removed Pin From Net: NetName=GND Pin=C10_C1-0
Removed Pin From Net: NetName=VCC+ Pin=C10_C1-1
Removed Pin From Net: NetName=GND Pin=C10_C2-0
Removed Pin From Net: NetName=VCC+ Pin=C10_C2-1
Removed Pin From Net: NetName=GND Pin=C10_C3-0
Removed Pin From Net: NetName=VCC+ Pin=C10_C3-1
Removed Pin From Net: NetName=GND Pin=C10_C4-0
Removed Pin From Net: NetName=VCC+ Pin=C10_C4-1
Removed Pin From Net: NetName=GND Pin=C10_C5-0
Removed Pin From Net: NetName=VCC+ Pin=C10_C5-1
Removed Pin From Net: NetName=GND Pin=C10_C6-0
Removed Pin From Net: NetName=VCC+ Pin=C10_C6-1
Removed Pin From Net: NetName=GND Pin=C10_C7-0
Removed Pin From Net: NetName=VCC+ Pin=C10_C7-1
Removed Pin From Net: NetName=GND Pin=C10_C8-0
Removed Pin From Net: NetName=VCC+ Pin=C10_C8-1
Removed Pin From Net: NetName=GND Pin=C10_C9-0
Removed Pin From Net: NetName=VCC+ Pin=C10_C9-1
Removed Pin From Net: NetName=GND Pin=C10_C10-0
Removed Pin From Net: NetName=VCC+ Pin=C10_C10-1
Removed Pin From Net: NetName=GND Pin=C10_C11-0
Removed Pin From Net: NetName=VCC+ Pin=C10_C11-1
Removed Pin From Net: NetName=GND Pin=C10_C12-0
Removed Pin From Net: NetName=VCC+ Pin=C10_C12-1
Removed Pin From Net: NetName=GND Pin=C10_C13-0
Removed Pin From Net: NetName=VCC+ Pin=C10_C13-1
Removed Pin From Net: NetName=GND Pin=C10_C14-0
Removed Pin From Net: NetName=VCC+ Pin=C10_C14-1
Removed Pin From Net: NetName=GND Pin=C10_C15-0
Removed Pin From Net: NetName=VCC+ Pin=C10_C15-1
Removed Pin From Net: NetName=GND Pin=C10_C16-0
Removed Pin From Net: NetName=VCC+ Pin=C10_C16-1
Removed Pin From Net: NetName=GND Pin=C10_C17-0
Removed Pin From Net: NetName=VCC+ Pin=C10_C17-1
Removed Pin From Net: NetName=GND Pin=C10_C18-0
Removed Pin From Net: NetName=VCC+ Pin=C10_C18-1
Removed Pin From Net: NetName=GND Pin=C10_C19-0
Removed Pin From Net: NetName=VCC+ Pin=C10_C19-1
Removed Pin From Net: NetName=GND Pin=C10_C20-0
Removed Pin From Net: NetName=VCC+ Pin=C10_C20-1
Removed Pin From Net: NetName=GND Pin=C11_C1-0
Removed Pin From Net: NetName=PRESSURE 1 Pin=C11_C1-1
Removed Pin From Net: NetName=GND Pin=C11_C2-0
Removed Pin From Net: NetName=PRESSURE 2 Pin=C11_C2-1
Removed Pin From Net: NetName=GND Pin=C11_C3-0
Removed Pin From Net: NetName=PRESSURE 3 Pin=C11_C3-1
Removed Pin From Net: NetName=GND Pin=C11_C4-0
Removed Pin From Net: NetName=PRESSURE 4 Pin=C11_C4-1
Removed Pin From Net: NetName=GND Pin=C11_C5-0
Removed Pin From Net: NetName=PRESSURE 5 Pin=C11_C5-1
Removed Pin From Net: NetName=GND Pin=C11_C6-0
Removed Pin From Net: NetName=PRESSURE 6 Pin=C11_C6-1
Removed Pin From Net: NetName=GND Pin=C11_C7-0
Removed Pin From Net: NetName=PRESSURE 7 Pin=C11_C7-1
Removed Pin From Net: NetName=GND Pin=C11_C8-0
Removed Pin From Net: NetName=PRESSURE 8 Pin=C11_C8-1
Removed Pin From Net: NetName=GND Pin=C11_C9-0
Removed Pin From Net: NetName=PRESSURE 9 Pin=C11_C9-1
Removed Pin From Net: NetName=GND Pin=C11_C10-0
Removed Pin From Net: NetName=PRESSURE 10 Pin=C11_C10-1
Removed Pin From Net: NetName=GND Pin=C11_C11-0
Removed Pin From Net: NetName=PRESSURE 11 Pin=C11_C11-1
Removed Pin From Net: NetName=GND Pin=C11_C12-0
Removed Pin From Net: NetName=PRESSURE 12 Pin=C11_C12-1
Removed Pin From Net: NetName=GND Pin=C11_C13-0
Removed Pin From Net: NetName=PRESSURE 13 Pin=C11_C13-1
Removed Pin From Net: NetName=GND Pin=C11_C14-0
Removed Pin From Net: NetName=PRESSURE 14 Pin=C11_C14-1
Removed Pin From Net: NetName=GND Pin=C11_C15-0
Removed Pin From Net: NetName=PRESSURE 15 Pin=C11_C15-1
Removed Pin From Net: NetName=GND Pin=C11_C16-0
Removed Pin From Net: NetName=PRESSURE 16 Pin=C11_C16-1
Removed Pin From Net: NetName=GND Pin=C11_C17-0
Removed Pin From Net: NetName=PRESSURE 17 Pin=C11_C17-1
Removed Pin From Net: NetName=GND Pin=C11_C18-0
Removed Pin From Net: NetName=PRESSURE 18 Pin=C11_C18-1
Removed Pin From Net: NetName=GND Pin=C11_C19-0
Removed Pin From Net: NetName=PRESSURE 19 Pin=C11_C19-1
Removed Pin From Net: NetName=GND Pin=C11_C20-0
Removed Pin From Net: NetName=PRESSURE 20 Pin=C11_C20-1
Removed Pin From Net: NetName=GND Pin=C12_C1-0
Removed Pin From Net: NetName=VCC- Pin=C12_C1-1
Removed Pin From Net: NetName=GND Pin=C12_C2-0
Removed Pin From Net: NetName=VCC- Pin=C12_C2-1
Removed Pin From Net: NetName=GND Pin=C12_C3-0
Removed Pin From Net: NetName=VCC- Pin=C12_C3-1
Removed Pin From Net: NetName=GND Pin=C12_C4-0
Removed Pin From Net: NetName=VCC- Pin=C12_C4-1
Removed Pin From Net: NetName=GND Pin=C12_C5-0
Removed Pin From Net: NetName=VCC- Pin=C12_C5-1
Removed Pin From Net: NetName=GND Pin=C12_C6-0
Removed Pin From Net: NetName=VCC- Pin=C12_C6-1
Removed Pin From Net: NetName=GND Pin=C12_C7-0
Removed Pin From Net: NetName=VCC- Pin=C12_C7-1
Removed Pin From Net: NetName=GND Pin=C12_C8-0
Removed Pin From Net: NetName=VCC- Pin=C12_C8-1
Removed Pin From Net: NetName=GND Pin=C12_C9-0
Removed Pin From Net: NetName=VCC- Pin=C12_C9-1
Removed Pin From Net: NetName=GND Pin=C12_C10-0
Removed Pin From Net: NetName=VCC- Pin=C12_C10-1
Removed Pin From Net: NetName=GND Pin=C12_C11-0
Removed Pin From Net: NetName=VCC- Pin=C12_C11-1
Removed Pin From Net: NetName=GND Pin=C12_C12-0
Removed Pin From Net: NetName=VCC- Pin=C12_C12-1
Removed Pin From Net: NetName=GND Pin=C12_C13-0
Removed Pin From Net: NetName=VCC- Pin=C12_C13-1
Removed Pin From Net: NetName=GND Pin=C12_C14-0
Removed Pin From Net: NetName=VCC- Pin=C12_C14-1
Removed Pin From Net: NetName=GND Pin=C12_C15-0
Removed Pin From Net: NetName=VCC- Pin=C12_C15-1
Removed Pin From Net: NetName=GND Pin=C12_C16-0
Removed Pin From Net: NetName=VCC- Pin=C12_C16-1
Removed Pin From Net: NetName=GND Pin=C12_C17-0
Removed Pin From Net: NetName=VCC- Pin=C12_C17-1
Removed Pin From Net: NetName=GND Pin=C12_C18-0
Removed Pin From Net: NetName=VCC- Pin=C12_C18-1
Removed Pin From Net: NetName=GND Pin=C12_C19-0
Removed Pin From Net: NetName=VCC- Pin=C12_C19-1
Removed Pin From Net: NetName=GND Pin=C12_C20-0
Removed Pin From Net: NetName=VCC- Pin=C12_C20-1
Removed Pin From Net: NetName=GND Pin=H1_C1-0
Removed Pin From Net: NetName=NetH1_C1_1 Pin=H1_C1-1
Removed Pin From Net: NetName=NetH1_C1_2 Pin=H1_C1-2
Removed Pin From Net: NetName=VEXCITE Pin=H1_C1-3
Removed Pin From Net: NetName=GND Pin=H1_C2-0
Removed Pin From Net: NetName=NetH1_C2_1 Pin=H1_C2-1
Removed Pin From Net: NetName=NetH1_C2_2 Pin=H1_C2-2
Removed Pin From Net: NetName=VEXCITE Pin=H1_C2-3
Removed Pin From Net: NetName=GND Pin=H1_C3-0
Removed Pin From Net: NetName=NetH1_C3_1 Pin=H1_C3-1
Removed Pin From Net: NetName=NetH1_C3_2 Pin=H1_C3-2
Removed Pin From Net: NetName=VEXCITE Pin=H1_C3-3
Removed Pin From Net: NetName=GND Pin=H1_C4-0
Removed Pin From Net: NetName=NetH1_C4_1 Pin=H1_C4-1
Removed Pin From Net: NetName=NetH1_C4_2 Pin=H1_C4-2
Removed Pin From Net: NetName=VEXCITE Pin=H1_C4-3
Removed Pin From Net: NetName=GND Pin=H1_C5-0
Removed Pin From Net: NetName=NetH1_C5_1 Pin=H1_C5-1
Removed Pin From Net: NetName=NetH1_C5_2 Pin=H1_C5-2
Removed Pin From Net: NetName=VEXCITE Pin=H1_C5-3
Removed Pin From Net: NetName=GND Pin=H1_C6-0
Removed Pin From Net: NetName=NetH1_C6_1 Pin=H1_C6-1
Removed Pin From Net: NetName=NetH1_C6_2 Pin=H1_C6-2
Removed Pin From Net: NetName=VEXCITE Pin=H1_C6-3
Removed Pin From Net: NetName=GND Pin=H1_C7-0
Removed Pin From Net: NetName=NetH1_C7_1 Pin=H1_C7-1
Removed Pin From Net: NetName=NetH1_C7_2 Pin=H1_C7-2
Removed Pin From Net: NetName=VEXCITE Pin=H1_C7-3
Removed Pin From Net: NetName=GND Pin=H1_C8-0
Removed Pin From Net: NetName=NetH1_C8_1 Pin=H1_C8-1
Removed Pin From Net: NetName=NetH1_C8_2 Pin=H1_C8-2
Removed Pin From Net: NetName=VEXCITE Pin=H1_C8-3
Removed Pin From Net: NetName=GND Pin=H1_C9-0
Removed Pin From Net: NetName=NetH1_C9_1 Pin=H1_C9-1
Removed Pin From Net: NetName=NetH1_C9_2 Pin=H1_C9-2
Removed Pin From Net: NetName=VEXCITE Pin=H1_C9-3
Removed Pin From Net: NetName=GND Pin=H1_C10-0
Removed Pin From Net: NetName=NetH1_C10_1 Pin=H1_C10-1
Removed Pin From Net: NetName=NetH1_C10_2 Pin=H1_C10-2
Removed Pin From Net: NetName=VEXCITE Pin=H1_C10-3
Removed Pin From Net: NetName=GND Pin=H1_C11-0
Removed Pin From Net: NetName=NetH1_C11_1 Pin=H1_C11-1
Removed Pin From Net: NetName=NetH1_C11_2 Pin=H1_C11-2
Removed Pin From Net: NetName=VEXCITE Pin=H1_C11-3
Removed Pin From Net: NetName=GND Pin=H1_C12-0
Removed Pin From Net: NetName=NetH1_C12_1 Pin=H1_C12-1
Removed Pin From Net: NetName=NetH1_C12_2 Pin=H1_C12-2
Removed Pin From Net: NetName=VEXCITE Pin=H1_C12-3
Removed Pin From Net: NetName=GND Pin=H1_C13-0
Removed Pin From Net: NetName=NetH1_C13_1 Pin=H1_C13-1
Removed Pin From Net: NetName=NetH1_C13_2 Pin=H1_C13-2
Removed Pin From Net: NetName=VEXCITE Pin=H1_C13-3
Removed Pin From Net: NetName=GND Pin=H1_C14-0
Removed Pin From Net: NetName=NetH1_C14_1 Pin=H1_C14-1
Removed Pin From Net: NetName=NetH1_C14_2 Pin=H1_C14-2
Removed Pin From Net: NetName=VEXCITE Pin=H1_C14-3
Removed Pin From Net: NetName=GND Pin=H1_C15-0
Removed Pin From Net: NetName=NetH1_C15_1 Pin=H1_C15-1
Removed Pin From Net: NetName=NetH1_C15_2 Pin=H1_C15-2
Removed Pin From Net: NetName=VEXCITE Pin=H1_C15-3
Removed Pin From Net: NetName=GND Pin=H1_C16-0
Removed Pin From Net: NetName=NetH1_C16_1 Pin=H1_C16-1
Removed Pin From Net: NetName=NetH1_C16_2 Pin=H1_C16-2
Removed Pin From Net: NetName=VEXCITE Pin=H1_C16-3
Removed Pin From Net: NetName=GND Pin=H1_C17-0
Removed Pin From Net: NetName=NetH1_C17_1 Pin=H1_C17-1
Removed Pin From Net: NetName=NetH1_C17_2 Pin=H1_C17-2
Removed Pin From Net: NetName=VEXCITE Pin=H1_C17-3
Removed Pin From Net: NetName=GND Pin=H1_C18-0
Removed Pin From Net: NetName=NetH1_C18_1 Pin=H1_C18-1
Removed Pin From Net: NetName=NetH1_C18_2 Pin=H1_C18-2
Removed Pin From Net: NetName=VEXCITE Pin=H1_C18-3
Removed Pin From Net: NetName=GND Pin=H1_C19-0
Removed Pin From Net: NetName=NetH1_C19_1 Pin=H1_C19-1
Removed Pin From Net: NetName=NetH1_C19_2 Pin=H1_C19-2
Removed Pin From Net: NetName=VEXCITE Pin=H1_C19-3
Removed Pin From Net: NetName=GND Pin=H1_C20-0
Removed Pin From Net: NetName=NetH1_C20_1 Pin=H1_C20-1
Removed Pin From Net: NetName=NetH1_C20_2 Pin=H1_C20-2
Removed Pin From Net: NetName=VEXCITE Pin=H1_C20-3
Removed Pin From Net: NetName=CONT1 Pin=M1-1
Removed Pin From Net: NetName=VEXCITE Pin=M1-2
Removed Pin From Net: NetName=1.25V Pin=M1-3
Removed Pin From Net: NetName=CONT2 Pin=M2-1
Removed Pin From Net: NetName=VEXCITE Pin=M2-2
Removed Pin From Net: NetName=-1.25V Pin=M2-3
Removed Pin From Net: NetName=PRESSURE 1 Pin=P1-1
Removed Pin From Net: NetName=PRESSURE 2 Pin=P1-2
Removed Pin From Net: NetName=PRESSURE 3 Pin=P1-3
Removed Pin From Net: NetName=PRESSURE 4 Pin=P1-4
Removed Pin From Net: NetName=PRESSURE 7 Pin=P1-5
Removed Pin From Net: NetName=PRESSURE 8 Pin=P1-6
Removed Pin From Net: NetName=PRESSURE 5 Pin=P1-7
Removed Pin From Net: NetName=PRESSURE 6 Pin=P1-8
Removed Pin From Net: NetName=PRESSURE 12 Pin=P1-9
Removed Pin From Net: NetName=PRESSURE 11 Pin=P1-10
Removed Pin From Net: NetName=GND Pin=P1-11
Removed Pin From Net: NetName=PRESSURE 10 Pin=P1-12
Removed Pin From Net: NetName=GND Pin=P1-13
Removed Pin From Net: NetName=PRESSURE 9 Pin=P1-14
Removed Pin From Net: NetName=GND Pin=P1-15
Removed Pin From Net: NetName=PRESSURE 16 Pin=P1-16
Removed Pin From Net: NetName=VEXCITE Pin=P1-17
Removed Pin From Net: NetName=PRESSURE 15 Pin=P1-18
Removed Pin From Net: NetName=VCC- Pin=P1-19
Removed Pin From Net: NetName=PRESSURE 14 Pin=P1-20
Removed Pin From Net: NetName=VCC+ Pin=P1-21
Removed Pin From Net: NetName=PRESSURE 13 Pin=P1-22
Removed Pin From Net: NetName=CONT1 Pin=P1-23
Removed Pin From Net: NetName=PRESSURE 20 Pin=P1-24
Removed Pin From Net: NetName=A0 Pin=P1-25
Removed Pin From Net: NetName=PRESSURE 19 Pin=P1-26
Removed Pin From Net: NetName=A1 Pin=P1-27
Removed Pin From Net: NetName=PRESSURE 18 Pin=P1-28
Removed Pin From Net: NetName=CONT2 Pin=P1-29
Removed Pin From Net: NetName=PRESSURE 17 Pin=P1-30
Removed Pin From Net: NetName=GND Pin=PGA204_C1-1
Removed Pin From Net: NetName=NetH1_C1_1 Pin=PGA204_C1-4
Removed Pin From Net: NetName=NetH1_C1_2 Pin=PGA204_C1-5
Removed Pin From Net: NetName=GND Pin=PGA204_C1-6
Removed Pin From Net: NetName=GND Pin=PGA204_C1-7
Removed Pin From Net: NetName=VCC- Pin=PGA204_C1-8
Removed Pin From Net: NetName=GND Pin=PGA204_C1-9
Removed Pin From Net: NetName=GND Pin=PGA204_C1-10
Removed Pin From Net: NetName=NetPGA204_C1_11 Pin=PGA204_C1-11
Removed Pin From Net: NetName=NetPGA204_C1_11 Pin=PGA204_C1-12
Removed Pin From Net: NetName=VCC+ Pin=PGA204_C1-13
Removed Pin From Net: NetName=GND Pin=PGA204_C1-14
Removed Pin From Net: NetName=A0 Pin=PGA204_C1-15
Removed Pin From Net: NetName=A1 Pin=PGA204_C1-16
Removed Pin From Net: NetName=GND Pin=PGA204_C2-1
Removed Pin From Net: NetName=NetH1_C2_1 Pin=PGA204_C2-4
Removed Pin From Net: NetName=NetH1_C2_2 Pin=PGA204_C2-5
Removed Pin From Net: NetName=GND Pin=PGA204_C2-6
Removed Pin From Net: NetName=GND Pin=PGA204_C2-7
Removed Pin From Net: NetName=VCC- Pin=PGA204_C2-8
Removed Pin From Net: NetName=GND Pin=PGA204_C2-9
Removed Pin From Net: NetName=GND Pin=PGA204_C2-10
Removed Pin From Net: NetName=NetPGA204_C2_11 Pin=PGA204_C2-11
Removed Pin From Net: NetName=NetPGA204_C2_11 Pin=PGA204_C2-12
Removed Pin From Net: NetName=VCC+ Pin=PGA204_C2-13
Removed Pin From Net: NetName=GND Pin=PGA204_C2-14
Removed Pin From Net: NetName=A0 Pin=PGA204_C2-15
Removed Pin From Net: NetName=A1 Pin=PGA204_C2-16
Removed Pin From Net: NetName=GND Pin=PGA204_C3-1
Removed Pin From Net: NetName=NetH1_C3_1 Pin=PGA204_C3-4
Removed Pin From Net: NetName=NetH1_C3_2 Pin=PGA204_C3-5
Removed Pin From Net: NetName=GND Pin=PGA204_C3-6
Removed Pin From Net: NetName=GND Pin=PGA204_C3-7
Removed Pin From Net: NetName=VCC- Pin=PGA204_C3-8
Removed Pin From Net: NetName=GND Pin=PGA204_C3-9
Removed Pin From Net: NetName=GND Pin=PGA204_C3-10
Removed Pin From Net: NetName=NetPGA204_C3_11 Pin=PGA204_C3-11
Removed Pin From Net: NetName=NetPGA204_C3_11 Pin=PGA204_C3-12
Removed Pin From Net: NetName=VCC+ Pin=PGA204_C3-13
Removed Pin From Net: NetName=GND Pin=PGA204_C3-14
Removed Pin From Net: NetName=A0 Pin=PGA204_C3-15
Removed Pin From Net: NetName=A1 Pin=PGA204_C3-16
Removed Pin From Net: NetName=GND Pin=PGA204_C4-1
Removed Pin From Net: NetName=NetH1_C4_1 Pin=PGA204_C4-4
Removed Pin From Net: NetName=NetH1_C4_2 Pin=PGA204_C4-5
Removed Pin From Net: NetName=GND Pin=PGA204_C4-6
Removed Pin From Net: NetName=GND Pin=PGA204_C4-7
Removed Pin From Net: NetName=VCC- Pin=PGA204_C4-8
Removed Pin From Net: NetName=GND Pin=PGA204_C4-9
Removed Pin From Net: NetName=GND Pin=PGA204_C4-10
Removed Pin From Net: NetName=NetPGA204_C4_11 Pin=PGA204_C4-11
Removed Pin From Net: NetName=NetPGA204_C4_11 Pin=PGA204_C4-12
Removed Pin From Net: NetName=VCC+ Pin=PGA204_C4-13
Removed Pin From Net: NetName=GND Pin=PGA204_C4-14
Removed Pin From Net: NetName=A0 Pin=PGA204_C4-15
Removed Pin From Net: NetName=A1 Pin=PGA204_C4-16
Removed Pin From Net: NetName=GND Pin=PGA204_C5-1
Removed Pin From Net: NetName=NetH1_C5_1 Pin=PGA204_C5-4
Removed Pin From Net: NetName=NetH1_C5_2 Pin=PGA204_C5-5
Removed Pin From Net: NetName=GND Pin=PGA204_C5-6
Removed Pin From Net: NetName=GND Pin=PGA204_C5-7
Removed Pin From Net: NetName=VCC- Pin=PGA204_C5-8
Removed Pin From Net: NetName=GND Pin=PGA204_C5-9
Removed Pin From Net: NetName=GND Pin=PGA204_C5-10
Removed Pin From Net: NetName=NetPGA204_C5_11 Pin=PGA204_C5-11
Removed Pin From Net: NetName=NetPGA204_C5_11 Pin=PGA204_C5-12
Removed Pin From Net: NetName=VCC+ Pin=PGA204_C5-13
Removed Pin From Net: NetName=GND Pin=PGA204_C5-14
Removed Pin From Net: NetName=A0 Pin=PGA204_C5-15
Removed Pin From Net: NetName=A1 Pin=PGA204_C5-16
Removed Pin From Net: NetName=GND Pin=PGA204_C6-1
Removed Pin From Net: NetName=NetH1_C6_1 Pin=PGA204_C6-4
Removed Pin From Net: NetName=NetH1_C6_2 Pin=PGA204_C6-5
Removed Pin From Net: NetName=GND Pin=PGA204_C6-6
Removed Pin From Net: NetName=GND Pin=PGA204_C6-7
Removed Pin From Net: NetName=VCC- Pin=PGA204_C6-8
Removed Pin From Net: NetName=GND Pin=PGA204_C6-9
Removed Pin From Net: NetName=GND Pin=PGA204_C6-10
Removed Pin From Net: NetName=NetPGA204_C6_11 Pin=PGA204_C6-11
Removed Pin From Net: NetName=NetPGA204_C6_11 Pin=PGA204_C6-12
Removed Pin From Net: NetName=VCC+ Pin=PGA204_C6-13
Removed Pin From Net: NetName=GND Pin=PGA204_C6-14
Removed Pin From Net: NetName=A0 Pin=PGA204_C6-15
Removed Pin From Net: NetName=A1 Pin=PGA204_C6-16
Removed Pin From Net: NetName=GND Pin=PGA204_C7-1
Removed Pin From Net: NetName=NetH1_C7_1 Pin=PGA204_C7-4
Removed Pin From Net: NetName=NetH1_C7_2 Pin=PGA204_C7-5
Removed Pin From Net: NetName=GND Pin=PGA204_C7-6
Removed Pin From Net: NetName=GND Pin=PGA204_C7-7
Removed Pin From Net: NetName=VCC- Pin=PGA204_C7-8
Removed Pin From Net: NetName=GND Pin=PGA204_C7-9
Removed Pin From Net: NetName=GND Pin=PGA204_C7-10
Removed Pin From Net: NetName=NetPGA204_C7_11 Pin=PGA204_C7-11
Removed Pin From Net: NetName=NetPGA204_C7_11 Pin=PGA204_C7-12
Removed Pin From Net: NetName=VCC+ Pin=PGA204_C7-13
Removed Pin From Net: NetName=GND Pin=PGA204_C7-14
Removed Pin From Net: NetName=A0 Pin=PGA204_C7-15
Removed Pin From Net: NetName=A1 Pin=PGA204_C7-16
Removed Pin From Net: NetName=GND Pin=PGA204_C8-1
Removed Pin From Net: NetName=NetH1_C8_1 Pin=PGA204_C8-4
Removed Pin From Net: NetName=NetH1_C8_2 Pin=PGA204_C8-5
Removed Pin From Net: NetName=GND Pin=PGA204_C8-6
Removed Pin From Net: NetName=GND Pin=PGA204_C8-7
Removed Pin From Net: NetName=VCC- Pin=PGA204_C8-8
Removed Pin From Net: NetName=GND Pin=PGA204_C8-9
Removed Pin From Net: NetName=GND Pin=PGA204_C8-10
Removed Pin From Net: NetName=NetPGA204_C8_11 Pin=PGA204_C8-11
Removed Pin From Net: NetName=NetPGA204_C8_11 Pin=PGA204_C8-12
Removed Pin From Net: NetName=VCC+ Pin=PGA204_C8-13
Removed Pin From Net: NetName=GND Pin=PGA204_C8-14
Removed Pin From Net: NetName=A0 Pin=PGA204_C8-15
Removed Pin From Net: NetName=A1 Pin=PGA204_C8-16
Removed Pin From Net: NetName=GND Pin=PGA204_C9-1
Removed Pin From Net: NetName=NetH1_C9_1 Pin=PGA204_C9-4
Removed Pin From Net: NetName=NetH1_C9_2 Pin=PGA204_C9-5
Removed Pin From Net: NetName=GND Pin=PGA204_C9-6
Removed Pin From Net: NetName=GND Pin=PGA204_C9-7
Removed Pin From Net: NetName=VCC- Pin=PGA204_C9-8
Removed Pin From Net: NetName=GND Pin=PGA204_C9-9
Removed Pin From Net: NetName=GND Pin=PGA204_C9-10
Removed Pin From Net: NetName=NetPGA204_C9_11 Pin=PGA204_C9-11
Removed Pin From Net: NetName=NetPGA204_C9_11 Pin=PGA204_C9-12
Removed Pin From Net: NetName=VCC+ Pin=PGA204_C9-13
Removed Pin From Net: NetName=GND Pin=PGA204_C9-14
Removed Pin From Net: NetName=A0 Pin=PGA204_C9-15
Removed Pin From Net: NetName=A1 Pin=PGA204_C9-16
Removed Pin From Net: NetName=GND Pin=PGA204_C10-1
Removed Pin From Net: NetName=NetH1_C10_1 Pin=PGA204_C10-4
Removed Pin From Net: NetName=NetH1_C10_2 Pin=PGA204_C10-5
Removed Pin From Net: NetName=GND Pin=PGA204_C10-6
Removed Pin From Net: NetName=GND Pin=PGA204_C10-7
Removed Pin From Net: NetName=VCC- Pin=PGA204_C10-8
Removed Pin From Net: NetName=GND Pin=PGA204_C10-9
Removed Pin From Net: NetName=GND Pin=PGA204_C10-10
Removed Pin From Net: NetName=NetPGA204_C10_11 Pin=PGA204_C10-11
Removed Pin From Net: NetName=NetPGA204_C10_11 Pin=PGA204_C10-12
Removed Pin From Net: NetName=VCC+ Pin=PGA204_C10-13
Removed Pin From Net: NetName=GND Pin=PGA204_C10-14
Removed Pin From Net: NetName=A0 Pin=PGA204_C10-15
Removed Pin From Net: NetName=A1 Pin=PGA204_C10-16
Removed Pin From Net: NetName=GND Pin=PGA204_C11-1
Removed Pin From Net: NetName=NetH1_C11_1 Pin=PGA204_C11-4
Removed Pin From Net: NetName=NetH1_C11_2 Pin=PGA204_C11-5
Removed Pin From Net: NetName=GND Pin=PGA204_C11-6
Removed Pin From Net: NetName=GND Pin=PGA204_C11-7
Removed Pin From Net: NetName=VCC- Pin=PGA204_C11-8
Removed Pin From Net: NetName=GND Pin=PGA204_C11-9
Removed Pin From Net: NetName=GND Pin=PGA204_C11-10
Removed Pin From Net: NetName=NetPGA204_C11_11 Pin=PGA204_C11-11
Removed Pin From Net: NetName=NetPGA204_C11_11 Pin=PGA204_C11-12
Removed Pin From Net: NetName=VCC+ Pin=PGA204_C11-13
Removed Pin From Net: NetName=GND Pin=PGA204_C11-14
Removed Pin From Net: NetName=A0 Pin=PGA204_C11-15
Removed Pin From Net: NetName=A1 Pin=PGA204_C11-16
Removed Pin From Net: NetName=GND Pin=PGA204_C12-1
Removed Pin From Net: NetName=NetH1_C12_1 Pin=PGA204_C12-4
Removed Pin From Net: NetName=NetH1_C12_2 Pin=PGA204_C12-5
Removed Pin From Net: NetName=GND Pin=PGA204_C12-6
Removed Pin From Net: NetName=GND Pin=PGA204_C12-7
Removed Pin From Net: NetName=VCC- Pin=PGA204_C12-8
Removed Pin From Net: NetName=GND Pin=PGA204_C12-9
Removed Pin From Net: NetName=GND Pin=PGA204_C12-10
Removed Pin From Net: NetName=NetPGA204_C12_11 Pin=PGA204_C12-11
Removed Pin From Net: NetName=NetPGA204_C12_11 Pin=PGA204_C12-12
Removed Pin From Net: NetName=VCC+ Pin=PGA204_C12-13
Removed Pin From Net: NetName=GND Pin=PGA204_C12-14
Removed Pin From Net: NetName=A0 Pin=PGA204_C12-15
Removed Pin From Net: NetName=A1 Pin=PGA204_C12-16
Removed Pin From Net: NetName=GND Pin=PGA204_C13-1
Removed Pin From Net: NetName=NetH1_C13_1 Pin=PGA204_C13-4
Removed Pin From Net: NetName=NetH1_C13_2 Pin=PGA204_C13-5
Removed Pin From Net: NetName=GND Pin=PGA204_C13-6
Removed Pin From Net: NetName=GND Pin=PGA204_C13-7
Removed Pin From Net: NetName=VCC- Pin=PGA204_C13-8
Removed Pin From Net: NetName=GND Pin=PGA204_C13-9
Removed Pin From Net: NetName=GND Pin=PGA204_C13-10
Removed Pin From Net: NetName=NetPGA204_C13_11 Pin=PGA204_C13-11
Removed Pin From Net: NetName=NetPGA204_C13_11 Pin=PGA204_C13-12
Removed Pin From Net: NetName=VCC+ Pin=PGA204_C13-13
Removed Pin From Net: NetName=GND Pin=PGA204_C13-14
Removed Pin From Net: NetName=A0 Pin=PGA204_C13-15
Removed Pin From Net: NetName=A1 Pin=PGA204_C13-16
Removed Pin From Net: NetName=GND Pin=PGA204_C14-1
Removed Pin From Net: NetName=NetH1_C14_1 Pin=PGA204_C14-4
Removed Pin From Net: NetName=NetH1_C14_2 Pin=PGA204_C14-5
Removed Pin From Net: NetName=GND Pin=PGA204_C14-6
Removed Pin From Net: NetName=GND Pin=PGA204_C14-7
Removed Pin From Net: NetName=VCC- Pin=PGA204_C14-8
Removed Pin From Net: NetName=GND Pin=PGA204_C14-9
Removed Pin From Net: NetName=GND Pin=PGA204_C14-10
Removed Pin From Net: NetName=NetPGA204_C14_11 Pin=PGA204_C14-11
Removed Pin From Net: NetName=NetPGA204_C14_11 Pin=PGA204_C14-12
Removed Pin From Net: NetName=VCC+ Pin=PGA204_C14-13
Removed Pin From Net: NetName=GND Pin=PGA204_C14-14
Removed Pin From Net: NetName=A0 Pin=PGA204_C14-15
Removed Pin From Net: NetName=A1 Pin=PGA204_C14-16
Removed Pin From Net: NetName=GND Pin=PGA204_C15-1
Removed Pin From Net: NetName=NetH1_C15_1 Pin=PGA204_C15-4
Removed Pin From Net: NetName=NetH1_C15_2 Pin=PGA204_C15-5
Removed Pin From Net: NetName=GND Pin=PGA204_C15-6
Removed Pin From Net: NetName=GND Pin=PGA204_C15-7
Removed Pin From Net: NetName=VCC- Pin=PGA204_C15-8
Removed Pin From Net: NetName=GND Pin=PGA204_C15-9
Removed Pin From Net: NetName=GND Pin=PGA204_C15-10
Removed Pin From Net: NetName=NetPGA204_C15_11 Pin=PGA204_C15-11
Removed Pin From Net: NetName=NetPGA204_C15_11 Pin=PGA204_C15-12
Removed Pin From Net: NetName=VCC+ Pin=PGA204_C15-13
Removed Pin From Net: NetName=GND Pin=PGA204_C15-14
Removed Pin From Net: NetName=A0 Pin=PGA204_C15-15
Removed Pin From Net: NetName=A1 Pin=PGA204_C15-16
Removed Pin From Net: NetName=GND Pin=PGA204_C16-1
Removed Pin From Net: NetName=NetH1_C16_1 Pin=PGA204_C16-4
Removed Pin From Net: NetName=NetH1_C16_2 Pin=PGA204_C16-5
Removed Pin From Net: NetName=GND Pin=PGA204_C16-6
Removed Pin From Net: NetName=GND Pin=PGA204_C16-7
Removed Pin From Net: NetName=VCC- Pin=PGA204_C16-8
Removed Pin From Net: NetName=GND Pin=PGA204_C16-9
Removed Pin From Net: NetName=GND Pin=PGA204_C16-10
Removed Pin From Net: NetName=NetPGA204_C16_11 Pin=PGA204_C16-11
Removed Pin From Net: NetName=NetPGA204_C16_11 Pin=PGA204_C16-12
Removed Pin From Net: NetName=VCC+ Pin=PGA204_C16-13
Removed Pin From Net: NetName=GND Pin=PGA204_C16-14
Removed Pin From Net: NetName=A0 Pin=PGA204_C16-15
Removed Pin From Net: NetName=A1 Pin=PGA204_C16-16
Removed Pin From Net: NetName=GND Pin=PGA204_C17-1
Removed Pin From Net: NetName=NetH1_C17_1 Pin=PGA204_C17-4
Removed Pin From Net: NetName=NetH1_C17_2 Pin=PGA204_C17-5
Removed Pin From Net: NetName=GND Pin=PGA204_C17-6
Removed Pin From Net: NetName=GND Pin=PGA204_C17-7
Removed Pin From Net: NetName=VCC- Pin=PGA204_C17-8
Removed Pin From Net: NetName=GND Pin=PGA204_C17-9
Removed Pin From Net: NetName=GND Pin=PGA204_C17-10
Removed Pin From Net: NetName=NetPGA204_C17_11 Pin=PGA204_C17-11
Removed Pin From Net: NetName=NetPGA204_C17_11 Pin=PGA204_C17-12
Removed Pin From Net: NetName=VCC+ Pin=PGA204_C17-13
Removed Pin From Net: NetName=GND Pin=PGA204_C17-14
Removed Pin From Net: NetName=A0 Pin=PGA204_C17-15
Removed Pin From Net: NetName=A1 Pin=PGA204_C17-16
Removed Pin From Net: NetName=GND Pin=PGA204_C18-1
Removed Pin From Net: NetName=NetH1_C18_1 Pin=PGA204_C18-4
Removed Pin From Net: NetName=NetH1_C18_2 Pin=PGA204_C18-5
Removed Pin From Net: NetName=GND Pin=PGA204_C18-6
Removed Pin From Net: NetName=GND Pin=PGA204_C18-7
Removed Pin From Net: NetName=VCC- Pin=PGA204_C18-8
Removed Pin From Net: NetName=GND Pin=PGA204_C18-9
Removed Pin From Net: NetName=GND Pin=PGA204_C18-10
Removed Pin From Net: NetName=NetPGA204_C18_11 Pin=PGA204_C18-11
Removed Pin From Net: NetName=NetPGA204_C18_11 Pin=PGA204_C18-12
Removed Pin From Net: NetName=VCC+ Pin=PGA204_C18-13
Removed Pin From Net: NetName=GND Pin=PGA204_C18-14
Removed Pin From Net: NetName=A0 Pin=PGA204_C18-15
Removed Pin From Net: NetName=A1 Pin=PGA204_C18-16
Removed Pin From Net: NetName=GND Pin=PGA204_C19-1
Removed Pin From Net: NetName=NetH1_C19_1 Pin=PGA204_C19-4
Removed Pin From Net: NetName=NetH1_C19_2 Pin=PGA204_C19-5
Removed Pin From Net: NetName=GND Pin=PGA204_C19-6
Removed Pin From Net: NetName=GND Pin=PGA204_C19-7
Removed Pin From Net: NetName=VCC- Pin=PGA204_C19-8
Removed Pin From Net: NetName=GND Pin=PGA204_C19-9
Removed Pin From Net: NetName=GND Pin=PGA204_C19-10
Removed Pin From Net: NetName=NetPGA204_C19_11 Pin=PGA204_C19-11
Removed Pin From Net: NetName=NetPGA204_C19_11 Pin=PGA204_C19-12
Removed Pin From Net: NetName=VCC+ Pin=PGA204_C19-13
Removed Pin From Net: NetName=GND Pin=PGA204_C19-14
Removed Pin From Net: NetName=A0 Pin=PGA204_C19-15
Removed Pin From Net: NetName=A1 Pin=PGA204_C19-16
Removed Pin From Net: NetName=GND Pin=PGA204_C20-1
Removed Pin From Net: NetName=NetH1_C20_1 Pin=PGA204_C20-4
Removed Pin From Net: NetName=NetH1_C20_2 Pin=PGA204_C20-5
Removed Pin From Net: NetName=GND Pin=PGA204_C20-6
Removed Pin From Net: NetName=GND Pin=PGA204_C20-7
Removed Pin From Net: NetName=VCC- Pin=PGA204_C20-8
Removed Pin From Net: NetName=GND Pin=PGA204_C20-9
Removed Pin From Net: NetName=GND Pin=PGA204_C20-10
Removed Pin From Net: NetName=NetPGA204_C20_11 Pin=PGA204_C20-11
Removed Pin From Net: NetName=NetPGA204_C20_11 Pin=PGA204_C20-12
Removed Pin From Net: NetName=VCC+ Pin=PGA204_C20-13
Removed Pin From Net: NetName=GND Pin=PGA204_C20-14
Removed Pin From Net: NetName=A0 Pin=PGA204_C20-15
Removed Pin From Net: NetName=A1 Pin=PGA204_C20-16
Removed Pin From Net: NetName=PRESSURE 1 Pin=R2_C1-0
Removed Pin From Net: NetName=NetPGA204_C1_11 Pin=R2_C1-1
Removed Pin From Net: NetName=PRESSURE 2 Pin=R2_C2-0
Removed Pin From Net: NetName=NetPGA204_C2_11 Pin=R2_C2-1
Removed Pin From Net: NetName=PRESSURE 3 Pin=R2_C3-0
Removed Pin From Net: NetName=NetPGA204_C3_11 Pin=R2_C3-1
Removed Pin From Net: NetName=PRESSURE 4 Pin=R2_C4-0
Removed Pin From Net: NetName=NetPGA204_C4_11 Pin=R2_C4-1
Removed Pin From Net: NetName=PRESSURE 5 Pin=R2_C5-0
Removed Pin From Net: NetName=NetPGA204_C5_11 Pin=R2_C5-1
Removed Pin From Net: NetName=PRESSURE 6 Pin=R2_C6-0
Removed Pin From Net: NetName=NetPGA204_C6_11 Pin=R2_C6-1
Removed Pin From Net: NetName=PRESSURE 7 Pin=R2_C7-0
Removed Pin From Net: NetName=NetPGA204_C7_11 Pin=R2_C7-1
Removed Pin From Net: NetName=PRESSURE 8 Pin=R2_C8-0
Removed Pin From Net: NetName=NetPGA204_C8_11 Pin=R2_C8-1
Removed Pin From Net: NetName=PRESSURE 9 Pin=R2_C9-0
Removed Pin From Net: NetName=NetPGA204_C9_11 Pin=R2_C9-1
Removed Pin From Net: NetName=PRESSURE 10 Pin=R2_C10-0
Removed Pin From Net: NetName=NetPGA204_C10_11 Pin=R2_C10-1
Removed Pin From Net: NetName=PRESSURE 11 Pin=R2_C11-0
Removed Pin From Net: NetName=NetPGA204_C11_11 Pin=R2_C11-1
Removed Pin From Net: NetName=PRESSURE 12 Pin=R2_C12-0
Removed Pin From Net: NetName=NetPGA204_C12_11 Pin=R2_C12-1
Removed Pin From Net: NetName=PRESSURE 13 Pin=R2_C13-0
Removed Pin From Net: NetName=NetPGA204_C13_11 Pin=R2_C13-1
Removed Pin From Net: NetName=PRESSURE 14 Pin=R2_C14-0
Removed Pin From Net: NetName=NetPGA204_C14_11 Pin=R2_C14-1
Removed Pin From Net: NetName=PRESSURE 15 Pin=R2_C15-0
Removed Pin From Net: NetName=NetPGA204_C15_11 Pin=R2_C15-1
Removed Pin From Net: NetName=PRESSURE 16 Pin=R2_C16-0
Removed Pin From Net: NetName=NetPGA204_C16_11 Pin=R2_C16-1
Removed Pin From Net: NetName=PRESSURE 17 Pin=R2_C17-0
Removed Pin From Net: NetName=NetPGA204_C17_11 Pin=R2_C17-1
Removed Pin From Net: NetName=PRESSURE 18 Pin=R2_C18-0
Removed Pin From Net: NetName=NetPGA204_C18_11 Pin=R2_C18-1
Removed Pin From Net: NetName=PRESSURE 19 Pin=R2_C19-0
Removed Pin From Net: NetName=NetPGA204_C19_11 Pin=R2_C19-1
Removed Pin From Net: NetName=PRESSURE 20 Pin=R2_C20-0
Removed Pin From Net: NetName=NetPGA204_C20_11 Pin=R2_C20-1
Removed Pin From Net: NetName=VCC+ Pin=U1-1
Removed Pin From Net: NetName=1.25V Pin=U1-2
Removed Pin From Net: NetName=GND Pin=U1-3
Removed Pin From Net: NetName=-1.25V Pin=U2-1
Removed Pin From Net: NetName=VCC- Pin=U2-2
Removed Pin From Net: NetName=VCC- Pin=U2-3
Removed Pin From Net: NetName=GND Pin=U2-4
Removed Pin From Net: NetName=-1.25V Pin=U2-5
Removed Pin From Net: NetName=VCC- Pin=U2-6
Removed Pin From Net: NetName=VCC- Pin=U2-7
Removed Pin From Net: NetName=NetC8_1 Pin=U2-8
