Change Component DesignItemId : Designator=R1 Old DesignItemId=Res2 New DesignItemId=0603 MINI
Change Component DesignItemId : Designator=RB Old DesignItemId=Res2 New DesignItemId=0603 MINI
Change Component DesignItemId : Designator=RT Old DesignItemId=Res2 New DesignItemId=0603 MINI
Change Component Comment : Designator=R1 Old Comment=806R New Comment=0603 MINI
Change Component Comment : Designator=RT Old Comment=806R New Comment=0603 MINI
Change Component Comment : Designator=RB Old Comment=DNF New Comment=0603 MINI
Change Component Description : Designator=R1 Old Description=Resistor New Description=
Change Component Description : Designator=RB Old Description=Resistor New Description=
Change Component Description : Designator=RT Old Description=Resistor New Description=
Change Component Library : Designator=R1 Old Library=Miscellaneous Devices.IntLib New Library=Schlib1.SchLib
Change Component Library : Designator=RB Old Library=Miscellaneous Devices.IntLib New Library=Schlib1.SchLib
Change Component Library : Designator=RT Old Library=Miscellaneous Devices.IntLib New Library=Schlib1.SchLib
Added Component: Designator=H1(Header1x4)
Added Component: Designator=T1(Transducer)
Added Pin To Net: NetName=STUB4 Pin=H1-0
Added Pin To Net: NetName=STUB3 Pin=H1-1
Added Pin To Net: NetName=STUB1 Pin=H1-2
Added Pin To Net: NetName=STUB2 Pin=H1-3
Added Pin To Net: NetName=STUB2 Pin=R1-1
Added Pin To Net: NetName=STUB1 Pin=RB-1
Added Pin To Net: NetName=STUB3 Pin=RT-1
Added Pin To Net: NetName=STUB3 Pin=T1-0
Added Pin To Net: NetName=STUB1 Pin=T1-1
Added Pin To Net: NetName=STUB2 Pin=T1-2
Added Member To Class: ClassName=Standard Bridge Board Member=Component H1 Header1x4
Added Member To Class: ClassName=Standard Bridge Board Member=Component R1 0603 MINI
Added Member To Class: ClassName=Standard Bridge Board Member=Component RB 0603 MINI
Added Member To Class: ClassName=Standard Bridge Board Member=Component RT 0603 MINI
Added Member To Class: ClassName=Standard Bridge Board Member=Component T1 Transducer
Added Room: Name=Standard Bridge Board
