Added Component: Designator=C1_Stub Tester(C0603 1uF)
Added Component: Designator=C2_Stub Tester(C0603 1uF)
Added Component: Designator=C3_Stub Tester(C0603 1uF)
Added Component: Designator=C4_Stub Tester(C0603 1uF)
Added Component: Designator=C5_Stub Tester(C0603 1uF)
Added Component: Designator=C6_Stub Tester(C0603 1uF)
Added Component: Designator=C7_Stub Tester(C0603 1uF)
Added Component: Designator=C8_Stub Tester(C0603 1uF)
Added Component: Designator=C9_Stub Tester(C0603 1uF)
Added Component: Designator=C10_C11(C0603 1uF)
Added Component: Designator=C10_C12(C0603 1uF)
Added Component: Designator=C10_C151(C0603 1uF)
Added Component: Designator=C10_C152(C0603 1uF)
Added Component: Designator=C11_C11(C0603 1uF)
Added Component: Designator=C11_C12(C0603 1uF)
Added Component: Designator=C11_C151(C0603 1uF)
Added Component: Designator=C11_C152(C0603 1uF)
Added Component: Designator=C12_C11(C0603 1uF)
Added Component: Designator=C12_C12(C0603 1uF)
Added Component: Designator=C12_C151(C0603 1uF)
Added Component: Designator=C12_C152(C0603 1uF)
Added Component: Designator=H1_C11(Header1x4)
Added Component: Designator=H1_C12(Header1x4)
Added Component: Designator=H1_C151(Header1x4)
Added Component: Designator=H1_C152(Header1x4)
Added Component: Designator=M1_Stub Tester(Si2304BDS)
Added Component: Designator=M2_Stub Tester(Si2304BDS)
Added Component: Designator=P1_Stub Tester(XG4C30)
Added Component: Designator=PGA204_C11(PGA204)
Added Component: Designator=PGA204_C12(PGA204)
Added Component: Designator=PGA204_C151(PGA204)
Added Component: Designator=PGA204_C152(PGA204)
Added Component: Designator=R2_C11(RT0603 330k)
Added Component: Designator=R2_C12(RT0603 330k)
Added Component: Designator=R2_C151(RT0603 330k)
Added Component: Designator=R2_C152(RT0603 330k)
Added Component: Designator=U1_Stub Tester(REF3012)
Added Component: Designator=U2_Stub Tester(UCC384DP)
Added Pin To Net: NetName=1.25V Pin=C1_Stub Tester-0
Added Pin To Net: NetName=VCC+ Pin=C1_Stub Tester-1
Added Pin To Net: NetName=1.25V Pin=C2_Stub Tester-0
Added Pin To Net: NetName=VCC+ Pin=C2_Stub Tester-1
Added Pin To Net: NetName=GND Pin=C3_Stub Tester-0
Added Pin To Net: NetName=1.25V Pin=C3_Stub Tester-1
Added Pin To Net: NetName=GND Pin=C4_Stub Tester-0
Added Pin To Net: NetName=1.25V Pin=C4_Stub Tester-1
Added Pin To Net: NetName=GND Pin=C5_Stub Tester-0
Added Pin To Net: NetName=VCC+ Pin=C5_Stub Tester-1
Added Pin To Net: NetName=GND Pin=C6_Stub Tester-0
Added Pin To Net: NetName=VCC+ Pin=C6_Stub Tester-1
Added Pin To Net: NetName=GND Pin=C7_Stub Tester-0
Added Pin To Net: NetName=VCC- Pin=C7_Stub Tester-1
Added Pin To Net: NetName=GND Pin=C8_Stub Tester-0
Added Pin To Net: NetName=NetC8_Stub Tester_1 Pin=C8_Stub Tester-1
Added Pin To Net: NetName=GND Pin=C9_Stub Tester-0
Added Pin To Net: NetName=-1.25V Pin=C9_Stub Tester-1
Added Pin To Net: NetName=GND Pin=C10_C11-0
Added Pin To Net: NetName=VCC+ Pin=C10_C11-1
Added Pin To Net: NetName=GND Pin=C10_C12-0
Added Pin To Net: NetName=VCC+ Pin=C10_C12-1
Added Pin To Net: NetName=GND Pin=C10_C151-0
Added Pin To Net: NetName=VCC+ Pin=C10_C151-1
Added Pin To Net: NetName=GND Pin=C10_C152-0
Added Pin To Net: NetName=VCC+ Pin=C10_C152-1
Added Pin To Net: NetName=GND Pin=C11_C11-0
Added Pin To Net: NetName=PRESSURE 1_Stub Tester Pin=C11_C11-1
Added Pin To Net: NetName=GND Pin=C11_C12-0
Added Pin To Net: NetName=PRESSURE 1_Stub Tester 2 Pin=C11_C12-1
Added Pin To Net: NetName=GND Pin=C11_C151-0
Added Pin To Net: NetName=PRESSURE 15_Stub Tester Pin=C11_C151-1
Added Pin To Net: NetName=GND Pin=C11_C152-0
Added Pin To Net: NetName=PRESSURE 15_Stub Tester 2 Pin=C11_C152-1
Added Pin To Net: NetName=GND Pin=C12_C11-0
Added Pin To Net: NetName=VCC- Pin=C12_C11-1
Added Pin To Net: NetName=GND Pin=C12_C12-0
Added Pin To Net: NetName=VCC- Pin=C12_C12-1
Added Pin To Net: NetName=GND Pin=C12_C151-0
Added Pin To Net: NetName=VCC- Pin=C12_C151-1
Added Pin To Net: NetName=GND Pin=C12_C152-0
Added Pin To Net: NetName=VCC- Pin=C12_C152-1
Added Pin To Net: NetName=GND Pin=H1_C11-0
Added Pin To Net: NetName=NetH1_C11_1 Pin=H1_C11-1
Added Pin To Net: NetName=NetH1_C11_2 Pin=H1_C11-2
Added Pin To Net: NetName=VEXCITE Pin=H1_C11-3
Added Pin To Net: NetName=GND Pin=H1_C12-0
Added Pin To Net: NetName=NetH1_C12_1 Pin=H1_C12-1
Added Pin To Net: NetName=NetH1_C12_2 Pin=H1_C12-2
Added Pin To Net: NetName=VEXCITE Pin=H1_C12-3
Added Pin To Net: NetName=GND Pin=H1_C151-0
Added Pin To Net: NetName=NetH1_C151_1 Pin=H1_C151-1
Added Pin To Net: NetName=NetH1_C151_2 Pin=H1_C151-2
Added Pin To Net: NetName=VEXCITE Pin=H1_C151-3
Added Pin To Net: NetName=GND Pin=H1_C152-0
Added Pin To Net: NetName=NetH1_C152_1 Pin=H1_C152-1
Added Pin To Net: NetName=NetH1_C152_2 Pin=H1_C152-2
Added Pin To Net: NetName=VEXCITE Pin=H1_C152-3
Added Pin To Net: NetName=CONT1 Pin=M1_Stub Tester-1
Added Pin To Net: NetName=VEXCITE Pin=M1_Stub Tester-2
Added Pin To Net: NetName=1.25V Pin=M1_Stub Tester-3
Added Pin To Net: NetName=CONT2 Pin=M2_Stub Tester-1
Added Pin To Net: NetName=VEXCITE Pin=M2_Stub Tester-2
Added Pin To Net: NetName=-1.25V Pin=M2_Stub Tester-3
Added Pin To Net: NetName=PRESSURE 1_Stub Tester Pin=P1_Stub Tester-1
Added Pin To Net: NetName=PRESSURE 2_Stub Tester Pin=P1_Stub Tester-2
Added Pin To Net: NetName=PRESSURE 3_Stub Tester Pin=P1_Stub Tester-3
Added Pin To Net: NetName=PRESSURE 4_Stub Tester Pin=P1_Stub Tester-4
Added Pin To Net: NetName=PRESSURE 7_Stub Tester Pin=P1_Stub Tester-5
Added Pin To Net: NetName=PRESSURE 8_Stub Tester Pin=P1_Stub Tester-6
Added Pin To Net: NetName=PRESSURE 5_Stub Tester Pin=P1_Stub Tester-7
Added Pin To Net: NetName=PRESSURE 6_Stub Tester Pin=P1_Stub Tester-8
Added Pin To Net: NetName=PRESSURE 12_Stub Tester Pin=P1_Stub Tester-9
Added Pin To Net: NetName=PRESSURE 11_Stub Tester Pin=P1_Stub Tester-10
Added Pin To Net: NetName=GND Pin=P1_Stub Tester-11
Added Pin To Net: NetName=PRESSURE 10_Stub Tester Pin=P1_Stub Tester-12
Added Pin To Net: NetName=GND Pin=P1_Stub Tester-13
Added Pin To Net: NetName=PRESSURE 9_Stub Tester Pin=P1_Stub Tester-14
Added Pin To Net: NetName=GND Pin=P1_Stub Tester-15
Added Pin To Net: NetName=PRESSURE 16_Stub Tester Pin=P1_Stub Tester-16
Added Pin To Net: NetName=VEXCITE Pin=P1_Stub Tester-17
Added Pin To Net: NetName=PRESSURE 15_Stub Tester Pin=P1_Stub Tester-18
Added Pin To Net: NetName=VCC- Pin=P1_Stub Tester-19
Added Pin To Net: NetName=PRESSURE 14_Stub Tester Pin=P1_Stub Tester-20
Added Pin To Net: NetName=VCC+ Pin=P1_Stub Tester-21
Added Pin To Net: NetName=PRESSURE 13_Stub Tester Pin=P1_Stub Tester-22
Added Pin To Net: NetName=CONT1 Pin=P1_Stub Tester-23
Added Pin To Net: NetName=PRESSURE 20_Stub Tester Pin=P1_Stub Tester-24
Added Pin To Net: NetName=A0_Stub Tester Pin=P1_Stub Tester-25
Added Pin To Net: NetName=PRESSURE 19_Stub Tester Pin=P1_Stub Tester-26
Added Pin To Net: NetName=A1_Stub Tester Pin=P1_Stub Tester-27
Added Pin To Net: NetName=PRESSURE 18_Stub Tester Pin=P1_Stub Tester-28
Added Pin To Net: NetName=CONT2 Pin=P1_Stub Tester-29
Added Pin To Net: NetName=PRESSURE 17_Stub Tester Pin=P1_Stub Tester-30
Added Pin To Net: NetName=GND Pin=PGA204_C11-1
Added Pin To Net: NetName=NetH1_C11_1 Pin=PGA204_C11-4
Added Pin To Net: NetName=NetH1_C11_2 Pin=PGA204_C11-5
Added Pin To Net: NetName=GND Pin=PGA204_C11-6
Added Pin To Net: NetName=GND Pin=PGA204_C11-7
Added Pin To Net: NetName=VCC- Pin=PGA204_C11-8
Added Pin To Net: NetName=GND Pin=PGA204_C11-9
Added Pin To Net: NetName=GND Pin=PGA204_C11-10
Added Pin To Net: NetName=NetPGA204_C11_11 Pin=PGA204_C11-11
Added Pin To Net: NetName=NetPGA204_C11_11 Pin=PGA204_C11-12
Added Pin To Net: NetName=VCC+ Pin=PGA204_C11-13
Added Pin To Net: NetName=GND Pin=PGA204_C11-14
Added Pin To Net: NetName=A0_Stub Tester Pin=PGA204_C11-15
Added Pin To Net: NetName=A1_Stub Tester Pin=PGA204_C11-16
Added Pin To Net: NetName=GND Pin=PGA204_C12-1
Added Pin To Net: NetName=NetH1_C12_1 Pin=PGA204_C12-4
Added Pin To Net: NetName=NetH1_C12_2 Pin=PGA204_C12-5
Added Pin To Net: NetName=GND Pin=PGA204_C12-6
Added Pin To Net: NetName=GND Pin=PGA204_C12-7
Added Pin To Net: NetName=VCC- Pin=PGA204_C12-8
Added Pin To Net: NetName=GND Pin=PGA204_C12-9
Added Pin To Net: NetName=GND Pin=PGA204_C12-10
Added Pin To Net: NetName=NetPGA204_C12_11 Pin=PGA204_C12-11
Added Pin To Net: NetName=NetPGA204_C12_11 Pin=PGA204_C12-12
Added Pin To Net: NetName=VCC+ Pin=PGA204_C12-13
Added Pin To Net: NetName=GND Pin=PGA204_C12-14
Added Pin To Net: NetName=A0_Stub Tester 2 Pin=PGA204_C12-15
Added Pin To Net: NetName=A1_Stub Tester 2 Pin=PGA204_C12-16
Added Pin To Net: NetName=GND Pin=PGA204_C151-1
Added Pin To Net: NetName=NetH1_C151_1 Pin=PGA204_C151-4
Added Pin To Net: NetName=NetH1_C151_2 Pin=PGA204_C151-5
Added Pin To Net: NetName=GND Pin=PGA204_C151-6
Added Pin To Net: NetName=GND Pin=PGA204_C151-7
Added Pin To Net: NetName=VCC- Pin=PGA204_C151-8
Added Pin To Net: NetName=GND Pin=PGA204_C151-9
Added Pin To Net: NetName=GND Pin=PGA204_C151-10
Added Pin To Net: NetName=NetPGA204_C151_11 Pin=PGA204_C151-11
Added Pin To Net: NetName=NetPGA204_C151_11 Pin=PGA204_C151-12
Added Pin To Net: NetName=VCC+ Pin=PGA204_C151-13
Added Pin To Net: NetName=GND Pin=PGA204_C151-14
Added Pin To Net: NetName=A0_Stub Tester Pin=PGA204_C151-15
Added Pin To Net: NetName=A1_Stub Tester Pin=PGA204_C151-16
Added Pin To Net: NetName=GND Pin=PGA204_C152-1
Added Pin To Net: NetName=NetH1_C152_1 Pin=PGA204_C152-4
Added Pin To Net: NetName=NetH1_C152_2 Pin=PGA204_C152-5
Added Pin To Net: NetName=GND Pin=PGA204_C152-6
Added Pin To Net: NetName=GND Pin=PGA204_C152-7
Added Pin To Net: NetName=VCC- Pin=PGA204_C152-8
Added Pin To Net: NetName=GND Pin=PGA204_C152-9
Added Pin To Net: NetName=GND Pin=PGA204_C152-10
Added Pin To Net: NetName=NetPGA204_C152_11 Pin=PGA204_C152-11
Added Pin To Net: NetName=NetPGA204_C152_11 Pin=PGA204_C152-12
Added Pin To Net: NetName=VCC+ Pin=PGA204_C152-13
Added Pin To Net: NetName=GND Pin=PGA204_C152-14
Added Pin To Net: NetName=A0_Stub Tester 2 Pin=PGA204_C152-15
Added Pin To Net: NetName=A1_Stub Tester 2 Pin=PGA204_C152-16
Added Pin To Net: NetName=PRESSURE 1_Stub Tester Pin=R2_C11-0
Added Pin To Net: NetName=NetPGA204_C11_11 Pin=R2_C11-1
Added Pin To Net: NetName=PRESSURE 1_Stub Tester 2 Pin=R2_C12-0
Added Pin To Net: NetName=NetPGA204_C12_11 Pin=R2_C12-1
Added Pin To Net: NetName=PRESSURE 15_Stub Tester Pin=R2_C151-0
Added Pin To Net: NetName=NetPGA204_C151_11 Pin=R2_C151-1
Added Pin To Net: NetName=PRESSURE 15_Stub Tester 2 Pin=R2_C152-0
Added Pin To Net: NetName=NetPGA204_C152_11 Pin=R2_C152-1
Added Pin To Net: NetName=VCC+ Pin=U1_Stub Tester-1
Added Pin To Net: NetName=1.25V Pin=U1_Stub Tester-2
Added Pin To Net: NetName=GND Pin=U1_Stub Tester-3
Added Pin To Net: NetName=-1.25V Pin=U2_Stub Tester-1
Added Pin To Net: NetName=VCC- Pin=U2_Stub Tester-2
Added Pin To Net: NetName=VCC- Pin=U2_Stub Tester-3
Added Pin To Net: NetName=GND Pin=U2_Stub Tester-4
Added Pin To Net: NetName=-1.25V Pin=U2_Stub Tester-5
Added Pin To Net: NetName=VCC- Pin=U2_Stub Tester-6
Added Pin To Net: NetName=VCC- Pin=U2_Stub Tester-7
Added Pin To Net: NetName=NetC8_Stub Tester_1 Pin=U2_Stub Tester-8
Added Member To Class: ClassName=Stub Tester Member=Component C1_Stub Tester (C1) 1nF
Added Member To Class: ClassName=Stub Tester Member=Component C2_Stub Tester (C2) 100nF
Added Member To Class: ClassName=Stub Tester Member=Component C3_Stub Tester (C3) 1nF
Added Member To Class: ClassName=Stub Tester Member=Component C4_Stub Tester (C4) 100nF
Added Member To Class: ClassName=Stub Tester Member=Component C5_Stub Tester (C5) 1uF
Added Member To Class: ClassName=Stub Tester Member=Component C6_Stub Tester (C6) 10uF
Added Member To Class: ClassName=Stub Tester Member=Component C7_Stub Tester (C7) 1uF
Added Member To Class: ClassName=Stub Tester Member=Component C8_Stub Tester (C8) 0.015uF
Added Member To Class: ClassName=Stub Tester Member=Component C9_Stub Tester (C9) 4.7uF
Added Member To Class: ClassName=C11 Member=Component C10_C11 (C10) C0603 1uF
Added Member To Class: ClassName=C12 Member=Component C10_C12 (C10) C0603 1uF
Added Member To Class: ClassName=C151 Member=Component C10_C151 (C10) C0603 1uF
Added Member To Class: ClassName=C152 Member=Component C10_C152 (C10) C0603 1uF
Added Member To Class: ClassName=C11 Member=Component C11_C11 (C11) 1uF
Added Member To Class: ClassName=C12 Member=Component C11_C12 (C11) 1uF
Added Member To Class: ClassName=C151 Member=Component C11_C151 (C11) 1uF
Added Member To Class: ClassName=C152 Member=Component C11_C152 (C11) 1uF
Added Member To Class: ClassName=C11 Member=Component C12_C11 (C12) C0603 1uF
Added Member To Class: ClassName=C12 Member=Component C12_C12 (C12) C0603 1uF
Added Member To Class: ClassName=C151 Member=Component C12_C151 (C12) C0603 1uF
Added Member To Class: ClassName=C152 Member=Component C12_C152 (C12) C0603 1uF
Added Member To Class: ClassName=C11 Member=Component H1_C11 (H1) Die Stub H
Added Member To Class: ClassName=C12 Member=Component H1_C12 (H1) Die Stub H
Added Member To Class: ClassName=C151 Member=Component H1_C151 (H1) Die Stub H
Added Member To Class: ClassName=C152 Member=Component H1_C152 (H1) Die Stub H
Added Member To Class: ClassName=Stub Tester Member=Component M1_Stub Tester (M1) Si2304BDS
Added Member To Class: ClassName=Stub Tester Member=Component M2_Stub Tester (M2) Si2304BDS
Added Member To Class: ClassName=Stub Tester Member=Component P1_Stub Tester (P1) XG4C30
Added Member To Class: ClassName=C11 Member=Component PGA204_C11 (PGA204) PGA204
Added Member To Class: ClassName=C12 Member=Component PGA204_C12 (PGA204) PGA204
Added Member To Class: ClassName=C151 Member=Component PGA204_C151 (PGA204) PGA204
Added Member To Class: ClassName=C152 Member=Component PGA204_C152 (PGA204) PGA204
Added Member To Class: ClassName=C11 Member=Component R2_C11 (R2) 1k
Added Member To Class: ClassName=C12 Member=Component R2_C12 (R2) 1k
Added Member To Class: ClassName=C151 Member=Component R2_C151 (R2) 1k
Added Member To Class: ClassName=C152 Member=Component R2_C152 (R2) 1k
Added Member To Class: ClassName=Stub Tester Member=Component U1_Stub Tester (U1) REF3012
Added Member To Class: ClassName=Stub Tester Member=Component U2_Stub Tester (U2) UCC384DP
Change Room Name: Old Name=C11_1 New Name=C11
Change Room Name: Old Name=C12_1 New Name=C12
Change Room Name: Old Name=Stub Tester_1 New Name=Stub Tester
Added Room: Name=C22
Added Room: Name=C32
Added Room: Name=C42
Added Room: Name=C52
Added Room: Name=C62
Added Room: Name=C72
Added Room: Name=C82
Added Room: Name=C92
Added Room: Name=C102
Added Room: Name=C112
Added Room: Name=C122
Added Room: Name=C132
Added Room: Name=C142
Added Room: Name=C151
Added Room: Name=C152
