Added Component: Designator=C13(C0603 1uF)
Added Component: Designator=C14(C0603 1uF)
Added Component: Designator=C15(C0603 1uF)
Added Component: Designator=M1(Si2333DDS)
Added Component: Designator=M2(Si2304BDS)
Added Component: Designator=U2(UCC384DP)
Added Pin To Net: NetName=GND Pin=C13-0
Added Pin To Net: NetName=VCC- Pin=C13-1
Added Pin To Net: NetName=GND Pin=C14-0
Added Pin To Net: NetName=GND Pin=C15-0
Added Pin To Net: NetName=-1.25V Pin=C15-1
Added Pin To Net: NetName=CONT Pin=M1-1
Added Pin To Net: NetName=1.25V Pin=M1-2
Added Pin To Net: NetName=VEXCITE Pin=M1-3
Added Pin To Net: NetName=CONT Pin=M2-1
Added Pin To Net: NetName=-1.25V Pin=M2-2
Added Pin To Net: NetName=VEXCITE Pin=M2-3
Added Pin To Net: NetName=-1.25V Pin=U2-1
Added Pin To Net: NetName=VCC- Pin=U2-2
Added Pin To Net: NetName=VCC- Pin=U2-3
Added Pin To Net: NetName=GND Pin=U2-4
Added Pin To Net: NetName=-1.25V Pin=U2-5
Added Pin To Net: NetName=VCC- Pin=U2-6
Added Pin To Net: NetName=VCC- Pin=U2-7
Added Pin To Net: NetName=NetC14_1 Pin=C14-1
Added Pin To Net: NetName=NetC14_1 Pin=U2-8
Added Net: Name=NetC14_1
Added Member To Class: ClassName=Stub Tester 2 Member=Component C13 1uF
Added Member To Class: ClassName=Stub Tester 2 Member=Component C14 0.015uF
Added Member To Class: ClassName=Stub Tester 2 Member=Component C15 4.7uF
Added Member To Class: ClassName=Stub Tester 2 Member=Component M1 Si2333DDS
Added Member To Class: ClassName=Stub Tester 2 Member=Component M2 Si2304BDS
Added Member To Class: ClassName=Stub Tester 2 Member=Component U2 UCC384DP
