Removed Pin From Net: NetName=PRESSURE 5 Pin=*-1
Removed Pin From Net: NetName=PRESSURE 4 Pin=*-2
Removed Pin From Net: NetName=PRESSURE 3 Pin=*-3
Removed Pin From Net: NetName=PRESSURE 2 Pin=*-4
Removed Pin From Net: NetName=PRESSURE 1 Pin=*-5
Removed Pin From Net: NetName=PRESSURE 10 Pin=*-6
Removed Pin From Net: NetName=PRESSURE 9 Pin=*-7
Removed Pin From Net: NetName=PRESSURE 7 Pin=*-9
Removed Pin From Net: NetName=PRESSURE 6 Pin=*-10
Removed Pin From Net: NetName=PRESSURE 15 Pin=*-11
Removed Pin From Net: NetName=PRESSURE 14 Pin=*-12
Removed Pin From Net: NetName=PRESSURE 13 Pin=*-13
Removed Pin From Net: NetName=PRESSURE 12 Pin=*-14
Removed Pin From Net: NetName=PRESSURE 11 Pin=*-15
Removed Pin From Net: NetName=PRESSURE 16 Pin=*-16
Removed Pin From Net: NetName=PRESSURE 17 Pin=*-17
Removed Pin From Net: NetName=PRESSURE 18 Pin=*-18
Removed Pin From Net: NetName=PRESSURE 19 Pin=*-19
Removed Pin From Net: NetName=PRESSURE 20 Pin=*-20
Removed Pin From Net: NetName=GND Pin=*-21
Removed Pin From Net: NetName=GND Pin=*-22
Removed Pin From Net: NetName=GND Pin=*-23
Removed Pin From Net: NetName=VEXCITE Pin=*-24
Removed Pin From Net: NetName=VCC- Pin=*-25
Removed Pin From Net: NetName=A0 Pin=*-26
Removed Pin From Net: NetName=VCC+ Pin=*-27
Removed Pin From Net: NetName=A1 Pin=*-28
Removed Pin From Net: NetName=GND Pin=*-30
Added Pin To Net: NetName=PRESSURE 4 Pin=*-1
Added Pin To Net: NetName=PRESSURE 3 Pin=*-2
Added Pin To Net: NetName=PRESSURE 2 Pin=*-3
Added Pin To Net: NetName=PRESSURE 1 Pin=*-4
Added Pin To Net: NetName=PRESSURE 5 Pin=*-5
Added Pin To Net: NetName=PRESSURE 6 Pin=*-6
Added Pin To Net: NetName=PRESSURE 7 Pin=*-7
Added Pin To Net: NetName=PRESSURE 9 Pin=*-9
Added Pin To Net: NetName=PRESSURE 10 Pin=*-10
Added Pin To Net: NetName=GND Pin=*-11
Added Pin To Net: NetName=PRESSURE 15 Pin=*-12
Added Pin To Net: NetName=GND Pin=*-13
Added Pin To Net: NetName=PRESSURE 14 Pin=*-14
Added Pin To Net: NetName=GND Pin=*-15
Added Pin To Net: NetName=PRESSURE 13 Pin=*-16
Added Pin To Net: NetName=GND Pin=*-17
Added Pin To Net: NetName=PRESSURE 12 Pin=*-18
Added Pin To Net: NetName=VCC- Pin=*-19
Added Pin To Net: NetName=PRESSURE 11 Pin=*-20
Added Pin To Net: NetName=VCC+ Pin=*-21
Added Pin To Net: NetName=PRESSURE 16 Pin=*-22
Added Pin To Net: NetName=VEXCITE Pin=*-23
Added Pin To Net: NetName=PRESSURE 17 Pin=*-24
Added Pin To Net: NetName=A0 Pin=*-25
Added Pin To Net: NetName=PRESSURE 18 Pin=*-26
Added Pin To Net: NetName=A1 Pin=*-27
Added Pin To Net: NetName=PRESSURE 19 Pin=*-28
Added Pin To Net: NetName=PRESSURE 20 Pin=*-30
