Removed Pin From Net: NetName=GND Pin=C10_C21-0
Removed Pin From Net: NetName=VCC+ Pin=C10_C21-1
Removed Pin From Net: NetName=GND Pin=C10_C22-0
Removed Pin From Net: NetName=VCC+ Pin=C10_C22-1
Removed Pin From Net: NetName=GND Pin=C10_C23-0
Removed Pin From Net: NetName=VCC+ Pin=C10_C23-1
Removed Pin From Net: NetName=GND Pin=C10_C24-0
Removed Pin From Net: NetName=VCC+ Pin=C10_C24-1
Removed Pin From Net: NetName=GND Pin=C10_C25-0
Removed Pin From Net: NetName=VCC+ Pin=C10_C25-1
Removed Pin From Net: NetName=GND Pin=C11_C21-0
Removed Pin From Net: NetName=PRESSURE 21 Pin=C11_C21-1
Removed Pin From Net: NetName=GND Pin=C11_C22-0
Removed Pin From Net: NetName=PRESSURE 22 Pin=C11_C22-1
Removed Pin From Net: NetName=GND Pin=C11_C23-0
Removed Pin From Net: NetName=PRESSURE 23 Pin=C11_C23-1
Removed Pin From Net: NetName=GND Pin=C11_C24-0
Removed Pin From Net: NetName=PRESSURE 24 Pin=C11_C24-1
Removed Pin From Net: NetName=GND Pin=C11_C25-0
Removed Pin From Net: NetName=PRESSURE 25 Pin=C11_C25-1
Removed Pin From Net: NetName=GND Pin=C12_C21-0
Removed Pin From Net: NetName=VCC- Pin=C12_C21-1
Removed Pin From Net: NetName=GND Pin=C12_C22-0
Removed Pin From Net: NetName=VCC- Pin=C12_C22-1
Removed Pin From Net: NetName=GND Pin=C12_C23-0
Removed Pin From Net: NetName=VCC- Pin=C12_C23-1
Removed Pin From Net: NetName=GND Pin=C12_C24-0
Removed Pin From Net: NetName=VCC- Pin=C12_C24-1
Removed Pin From Net: NetName=GND Pin=C12_C25-0
Removed Pin From Net: NetName=VCC- Pin=C12_C25-1
Removed Pin From Net: NetName=GND Pin=H1_C21-0
Removed Pin From Net: NetName=VEXCITE Pin=H1_C21-3
Removed Pin From Net: NetName=GND Pin=H1_C22-0
Removed Pin From Net: NetName=VEXCITE Pin=H1_C22-3
Removed Pin From Net: NetName=GND Pin=H1_C23-0
Removed Pin From Net: NetName=VEXCITE Pin=H1_C23-3
Removed Pin From Net: NetName=GND Pin=H1_C24-0
Removed Pin From Net: NetName=VEXCITE Pin=H1_C24-3
Removed Pin From Net: NetName=GND Pin=H1_C25-0
Removed Pin From Net: NetName=VEXCITE Pin=H1_C25-3
Removed Pin From Net: NetName=GND Pin=PGA204_C21-1
Removed Pin From Net: NetName=GND Pin=PGA204_C21-6
Removed Pin From Net: NetName=GND Pin=PGA204_C21-7
Removed Pin From Net: NetName=VCC- Pin=PGA204_C21-8
Removed Pin From Net: NetName=GND Pin=PGA204_C21-9
Removed Pin From Net: NetName=GND Pin=PGA204_C21-10
Removed Pin From Net: NetName=VCC+ Pin=PGA204_C21-13
Removed Pin From Net: NetName=GND Pin=PGA204_C21-14
Removed Pin From Net: NetName=A0 Pin=PGA204_C21-15
Removed Pin From Net: NetName=A1 Pin=PGA204_C21-16
Removed Pin From Net: NetName=GND Pin=PGA204_C22-1
Removed Pin From Net: NetName=GND Pin=PGA204_C22-6
Removed Pin From Net: NetName=GND Pin=PGA204_C22-7
Removed Pin From Net: NetName=VCC- Pin=PGA204_C22-8
Removed Pin From Net: NetName=GND Pin=PGA204_C22-9
Removed Pin From Net: NetName=GND Pin=PGA204_C22-10
Removed Pin From Net: NetName=VCC+ Pin=PGA204_C22-13
Removed Pin From Net: NetName=GND Pin=PGA204_C22-14
Removed Pin From Net: NetName=A0 Pin=PGA204_C22-15
Removed Pin From Net: NetName=A1 Pin=PGA204_C22-16
Removed Pin From Net: NetName=GND Pin=PGA204_C23-1
Removed Pin From Net: NetName=GND Pin=PGA204_C23-6
Removed Pin From Net: NetName=GND Pin=PGA204_C23-7
Removed Pin From Net: NetName=VCC- Pin=PGA204_C23-8
Removed Pin From Net: NetName=GND Pin=PGA204_C23-9
Removed Pin From Net: NetName=GND Pin=PGA204_C23-10
Removed Pin From Net: NetName=VCC+ Pin=PGA204_C23-13
Removed Pin From Net: NetName=GND Pin=PGA204_C23-14
Removed Pin From Net: NetName=A0 Pin=PGA204_C23-15
Removed Pin From Net: NetName=A1 Pin=PGA204_C23-16
Removed Pin From Net: NetName=GND Pin=PGA204_C24-1
Removed Pin From Net: NetName=GND Pin=PGA204_C24-6
Removed Pin From Net: NetName=GND Pin=PGA204_C24-7
Removed Pin From Net: NetName=VCC- Pin=PGA204_C24-8
Removed Pin From Net: NetName=GND Pin=PGA204_C24-9
Removed Pin From Net: NetName=GND Pin=PGA204_C24-10
Removed Pin From Net: NetName=VCC+ Pin=PGA204_C24-13
Removed Pin From Net: NetName=GND Pin=PGA204_C24-14
Removed Pin From Net: NetName=A0 Pin=PGA204_C24-15
Removed Pin From Net: NetName=A1 Pin=PGA204_C24-16
Removed Pin From Net: NetName=GND Pin=PGA204_C25-1
Removed Pin From Net: NetName=GND Pin=PGA204_C25-6
Removed Pin From Net: NetName=GND Pin=PGA204_C25-7
Removed Pin From Net: NetName=VCC- Pin=PGA204_C25-8
Removed Pin From Net: NetName=GND Pin=PGA204_C25-9
Removed Pin From Net: NetName=GND Pin=PGA204_C25-10
Removed Pin From Net: NetName=VCC+ Pin=PGA204_C25-13
Removed Pin From Net: NetName=GND Pin=PGA204_C25-14
Removed Pin From Net: NetName=A0 Pin=PGA204_C25-15
Removed Pin From Net: NetName=A1 Pin=PGA204_C25-16
Removed Pin From Net: NetName=PRESSURE 21 Pin=R2_C21-0
Removed Pin From Net: NetName=PRESSURE 22 Pin=R2_C22-0
Removed Pin From Net: NetName=PRESSURE 23 Pin=R2_C23-0
Removed Pin From Net: NetName=PRESSURE 24 Pin=R2_C24-0
Removed Pin From Net: NetName=PRESSURE 25 Pin=R2_C25-0
