Removed Pin From Net: NetName=PRESSURE 5 Pin=P1-1
Removed Pin From Net: NetName=PRESSURE 4 Pin=P1-2
Removed Pin From Net: NetName=PRESSURE 3 Pin=P1-3
Removed Pin From Net: NetName=PRESSURE 2 Pin=P1-4
Removed Pin From Net: NetName=PRESSURE 1 Pin=P1-5
Removed Pin From Net: NetName=PRESSURE 10 Pin=P1-6
Removed Pin From Net: NetName=PRESSURE 9 Pin=P1-7
Removed Pin From Net: NetName=PRESSURE 8 Pin=P1-8
Removed Pin From Net: NetName=PRESSURE 7 Pin=P1-9
Removed Pin From Net: NetName=PRESSURE 6 Pin=P1-10
Removed Pin From Net: NetName=PRESSURE 15 Pin=P1-11
Removed Pin From Net: NetName=PRESSURE 14 Pin=P1-12
Removed Pin From Net: NetName=PRESSURE 13 Pin=P1-13
Removed Pin From Net: NetName=PRESSURE 12 Pin=P1-14
Removed Pin From Net: NetName=PRESSURE 11 Pin=P1-15
Removed Pin From Net: NetName=PRESSURE 16 Pin=P1-16
Removed Pin From Net: NetName=PRESSURE 17 Pin=P1-17
Removed Pin From Net: NetName=PRESSURE 18 Pin=P1-18
Removed Pin From Net: NetName=PRESSURE 19 Pin=P1-19
Removed Pin From Net: NetName=PRESSURE 20 Pin=P1-20
Removed Pin From Net: NetName=A0 Pin=P1-26
Removed Pin From Net: NetName=GND Pin=P1-27
Removed Pin From Net: NetName=A1 Pin=P1-28
Removed Pin From Net: NetName=GND Pin=P1-29
Removed Pin From Net: NetName=GND Pin=P1-30
Removed Pin From Net: NetName=GND Pin=P1-31
Removed Pin From Net: NetName=VCC- Pin=P1-32
Removed Pin From Net: NetName=CONT Pin=P1-33
Removed Pin From Net: NetName=VCC+ Pin=P1-34
Removed Member From Class: ClassName=Stub Tester Member=P1
Added Component: Designator=*(XG4C30)
Added Pin To Net: NetName=PRESSURE 5 Pin=*-1
Added Pin To Net: NetName=PRESSURE 4 Pin=*-2
Added Pin To Net: NetName=PRESSURE 3 Pin=*-3
Added Pin To Net: NetName=PRESSURE 2 Pin=*-4
Added Pin To Net: NetName=PRESSURE 1 Pin=*-5
Added Pin To Net: NetName=PRESSURE 10 Pin=*-6
Added Pin To Net: NetName=PRESSURE 9 Pin=*-7
Added Pin To Net: NetName=PRESSURE 8 Pin=*-8
Added Pin To Net: NetName=PRESSURE 7 Pin=*-9
Added Pin To Net: NetName=PRESSURE 6 Pin=*-10
Added Pin To Net: NetName=PRESSURE 15 Pin=*-11
Added Pin To Net: NetName=PRESSURE 14 Pin=*-12
Added Pin To Net: NetName=PRESSURE 13 Pin=*-13
Added Pin To Net: NetName=PRESSURE 12 Pin=*-14
Added Pin To Net: NetName=PRESSURE 11 Pin=*-15
Added Pin To Net: NetName=PRESSURE 16 Pin=*-16
Added Pin To Net: NetName=PRESSURE 17 Pin=*-17
Added Pin To Net: NetName=PRESSURE 18 Pin=*-18
Added Pin To Net: NetName=PRESSURE 19 Pin=*-19
Added Pin To Net: NetName=PRESSURE 20 Pin=*-20
Added Pin To Net: NetName=GND Pin=*-21
Added Pin To Net: NetName=GND Pin=*-22
Added Pin To Net: NetName=GND Pin=*-23
Added Pin To Net: NetName=VEXCITE Pin=*-24
Added Pin To Net: NetName=A0 Pin=*-26
Added Pin To Net: NetName=VCC+ Pin=*-27
Added Pin To Net: NetName=A1 Pin=*-28
Added Pin To Net: NetName=VCC- Pin=*-29
Added Pin To Net: NetName=CONT Pin=*-30
Added Member To Class: ClassName=Stub Tester Member=Component * XG4C30
