Added Component: Designator=HL1(Header1x4)
Added Component: Designator=L1(OVSPWBCR44)
Added Component: Designator=L2(OVSPWBCR44)
Added Component: Designator=L3(OVSPWBCR44)
Added Component: Designator=L4(OVSPWBCR44)
Added Component: Designator=L5(OVSPWBCR44)
Added Component: Designator=L6(OVSPWBCR44)
Added Component: Designator=L7(OVSPWBCR44)
Added Component: Designator=L8(OVSPWBCR44)
Added Component: Designator=L9(OVSPWBCR44)
Added Component: Designator=L10(OVSPWBCR44)
Added Component: Designator=L11(OVSPWBCR44)
Added Component: Designator=L12(OVSPWBCR44)
Added Component: Designator=L13(OVSPWBCR44)
Added Component: Designator=L14(OVSPWBCR44)
Added Component: Designator=L15(OVSPWBCR44)
Added Component: Designator=L16(OVSPWBCR44)
Added Component: Designator=ML1(Si2304BDS)
Added Component: Designator=ML2(Si2304BDS)
Added Component: Designator=ML3(Si2304BDS)
Added Component: Designator=ML4(Si2304BDS)
Added Component: Designator=ML5(Si2304BDS)
Added Component: Designator=ML6(Si2304BDS)
Added Component: Designator=ML7(Si2304BDS)
Added Component: Designator=ML8(Si2304BDS)
Added Component: Designator=ML9(Si2304BDS)
Added Component: Designator=ML10(Si2304BDS)
Added Component: Designator=ML11(Si2304BDS)
Added Component: Designator=ML12(Si2304BDS)
Added Component: Designator=ML13(Si2304BDS)
Added Component: Designator=ML14(Si2304BDS)
Added Component: Designator=ML15(Si2304BDS)
Added Component: Designator=ML16(Si2304BDS)
Added Component: Designator=RL1(RT0603 330k)
Added Component: Designator=RL2(RT0603 330k)
Added Component: Designator=RL3(RT0603 330k)
Added Component: Designator=RL4(RT0603 330k)
Added Component: Designator=RL5(RT0603 330k)
Added Component: Designator=RL6(RT0603 330k)
Added Component: Designator=RL7(RT0603 330k)
Added Component: Designator=RL8(RT0603 330k)
Added Component: Designator=RL9(RT0603 330k)
Added Component: Designator=RL10(RT0603 330k)
Added Component: Designator=RL11(RT0603 330k)
Added Component: Designator=RL12(RT0603 330k)
Added Component: Designator=RL13(RT0603 330k)
Added Component: Designator=RL14(RT0603 330k)
Added Component: Designator=RL15(RT0603 330k)
Added Component: Designator=RL16(RT0603 330k)
Added Pin To Net: NetName=LED CONT Pin=HL1-0
Added Pin To Net: NetName=LED CONT Pin=ML1-1
Added Pin To Net: NetName=LED CONT Pin=ML2-1
Added Pin To Net: NetName=LED CONT Pin=ML3-1
Added Pin To Net: NetName=LED CONT Pin=ML4-1
Added Pin To Net: NetName=LED CONT Pin=ML5-1
Added Pin To Net: NetName=LED CONT Pin=ML6-1
Added Pin To Net: NetName=LED CONT Pin=ML7-1
Added Pin To Net: NetName=LED CONT Pin=ML8-1
Added Pin To Net: NetName=LED CONT Pin=ML9-1
Added Pin To Net: NetName=LED CONT Pin=ML10-1
Added Pin To Net: NetName=LED CONT Pin=ML11-1
Added Pin To Net: NetName=LED CONT Pin=ML12-1
Added Pin To Net: NetName=LED CONT Pin=ML13-1
Added Pin To Net: NetName=LED CONT Pin=ML14-1
Added Pin To Net: NetName=LED CONT Pin=ML15-1
Added Pin To Net: NetName=LED CONT Pin=ML16-1
Added Net: Name=LED CONT
Added Pin To Net: NetName=NetL1_0 Pin=L1-0
Added Pin To Net: NetName=NetL1_0 Pin=ML1-2
Added Net: Name=NetL1_0
Added Pin To Net: NetName=NetL1_1 Pin=L1-1
Added Pin To Net: NetName=NetL1_1 Pin=RL1-0
Added Net: Name=NetL1_1
Added Pin To Net: NetName=NetL2_0 Pin=L2-0
Added Pin To Net: NetName=NetL2_0 Pin=ML2-2
Added Net: Name=NetL2_0
Added Pin To Net: NetName=NetL2_1 Pin=L2-1
Added Pin To Net: NetName=NetL2_1 Pin=RL2-0
Added Net: Name=NetL2_1
Added Pin To Net: NetName=NetL3_0 Pin=L3-0
Added Pin To Net: NetName=NetL3_0 Pin=ML3-2
Added Net: Name=NetL3_0
Added Pin To Net: NetName=NetL3_1 Pin=L3-1
Added Pin To Net: NetName=NetL3_1 Pin=RL3-0
Added Net: Name=NetL3_1
Added Pin To Net: NetName=NetL4_0 Pin=L4-0
Added Pin To Net: NetName=NetL4_0 Pin=ML4-2
Added Net: Name=NetL4_0
Added Pin To Net: NetName=NetL4_1 Pin=L4-1
Added Pin To Net: NetName=NetL4_1 Pin=RL4-0
Added Net: Name=NetL4_1
Added Pin To Net: NetName=NetL5_0 Pin=L5-0
Added Pin To Net: NetName=NetL5_0 Pin=ML5-2
Added Net: Name=NetL5_0
Added Pin To Net: NetName=NetL5_1 Pin=L5-1
Added Pin To Net: NetName=NetL5_1 Pin=RL5-0
Added Net: Name=NetL5_1
Added Pin To Net: NetName=NetL6_0 Pin=L6-0
Added Pin To Net: NetName=NetL6_0 Pin=ML6-2
Added Net: Name=NetL6_0
Added Pin To Net: NetName=NetL6_1 Pin=L6-1
Added Pin To Net: NetName=NetL6_1 Pin=RL6-0
Added Net: Name=NetL6_1
Added Pin To Net: NetName=NetL7_0 Pin=L7-0
Added Pin To Net: NetName=NetL7_0 Pin=ML7-2
Added Net: Name=NetL7_0
Added Pin To Net: NetName=NetL7_1 Pin=L7-1
Added Pin To Net: NetName=NetL7_1 Pin=RL7-0
Added Net: Name=NetL7_1
Added Pin To Net: NetName=NetL8_0 Pin=L8-0
Added Pin To Net: NetName=NetL8_0 Pin=ML8-2
Added Net: Name=NetL8_0
Added Pin To Net: NetName=NetL8_1 Pin=L8-1
Added Pin To Net: NetName=NetL8_1 Pin=RL8-0
Added Net: Name=NetL8_1
Added Pin To Net: NetName=NetL9_0 Pin=L9-0
Added Pin To Net: NetName=NetL9_0 Pin=ML9-2
Added Net: Name=NetL9_0
Added Pin To Net: NetName=NetL9_1 Pin=L9-1
Added Pin To Net: NetName=NetL9_1 Pin=RL9-0
Added Net: Name=NetL9_1
Added Pin To Net: NetName=NetL10_0 Pin=L10-0
Added Pin To Net: NetName=NetL10_0 Pin=ML10-2
Added Net: Name=NetL10_0
Added Pin To Net: NetName=NetL10_1 Pin=L10-1
Added Pin To Net: NetName=NetL10_1 Pin=RL10-0
Added Net: Name=NetL10_1
Added Pin To Net: NetName=NetL11_0 Pin=L11-0
Added Pin To Net: NetName=NetL11_0 Pin=ML11-2
Added Net: Name=NetL11_0
Added Pin To Net: NetName=NetL11_1 Pin=L11-1
Added Pin To Net: NetName=NetL11_1 Pin=RL11-0
Added Net: Name=NetL11_1
Added Pin To Net: NetName=NetL12_0 Pin=L12-0
Added Pin To Net: NetName=NetL12_0 Pin=ML12-2
Added Net: Name=NetL12_0
Added Pin To Net: NetName=NetL12_1 Pin=L12-1
Added Pin To Net: NetName=NetL12_1 Pin=RL12-0
Added Net: Name=NetL12_1
Added Pin To Net: NetName=NetL13_0 Pin=L13-0
Added Pin To Net: NetName=NetL13_0 Pin=ML13-2
Added Net: Name=NetL13_0
Added Pin To Net: NetName=NetL13_1 Pin=L13-1
Added Pin To Net: NetName=NetL13_1 Pin=RL13-0
Added Net: Name=NetL13_1
Added Pin To Net: NetName=NetL14_0 Pin=L14-0
Added Pin To Net: NetName=NetL14_0 Pin=ML14-2
Added Net: Name=NetL14_0
Added Pin To Net: NetName=NetL14_1 Pin=L14-1
Added Pin To Net: NetName=NetL14_1 Pin=RL14-0
Added Net: Name=NetL14_1
Added Pin To Net: NetName=NetL15_0 Pin=L15-0
Added Pin To Net: NetName=NetL15_0 Pin=ML15-2
Added Net: Name=NetL15_0
Added Pin To Net: NetName=NetL15_1 Pin=L15-1
Added Pin To Net: NetName=NetL15_1 Pin=RL15-0
Added Net: Name=NetL15_1
Added Pin To Net: NetName=NetL16_0 Pin=L16-0
Added Pin To Net: NetName=NetL16_0 Pin=ML16-2
Added Net: Name=NetL16_0
Added Pin To Net: NetName=NetL16_1 Pin=L16-1
Added Pin To Net: NetName=NetL16_1 Pin=RL16-0
Added Net: Name=NetL16_1
Added Class: Name=LED
Added Room: Name=Commercial
Added Room: Name=LED
Added Room: Name=Standard Bridge Board
