Removed Pin From Net: NetName=GND Pin=C10_C1-0
Removed Pin From Net: NetName=VCC+ Pin=C10_C1-1
Removed Pin From Net: NetName=GND Pin=C11_C1-0
Removed Pin From Net: NetName=GND Pin=C12_C1-0
Removed Pin From Net: NetName=VCC- Pin=C12_C1-1
Removed Pin From Net: NetName=GND Pin=H1_C1-0
Removed Pin From Net: NetName=VEXCITE Pin=H1_C1-3
Removed Pin From Net: NetName=GND Pin=PGA204_C1-1
Removed Pin From Net: NetName=GND Pin=PGA204_C1-6
Removed Pin From Net: NetName=GND Pin=PGA204_C1-7
Removed Pin From Net: NetName=VCC- Pin=PGA204_C1-8
Removed Pin From Net: NetName=GND Pin=PGA204_C1-9
Removed Pin From Net: NetName=GND Pin=PGA204_C1-10
Removed Pin From Net: NetName=VCC+ Pin=PGA204_C1-13
Removed Pin From Net: NetName=GND Pin=PGA204_C1-14
Removed Pin From Net: NetName=A0 Pin=PGA204_C1-15
Removed Pin From Net: NetName=A1 Pin=PGA204_C1-16
Change Component Designator: OldDesignator=C10_C NewDesignator=C10_C1
Change Component Designator: OldDesignator=C11_C NewDesignator=C11_C1
Change Component Designator: OldDesignator=C12_C NewDesignator=C12_C1
Change Component Designator: OldDesignator=H1_C NewDesignator=H1_C1
Change Component Designator: OldDesignator=PGA204_C NewDesignator=PGA204_C1
Change Component Designator: OldDesignator=R2_C NewDesignator=R2_C1
Added Component: Designator=C10_C2(C0603 1uF)
Added Component: Designator=C10_C3(C0603 1uF)
Added Component: Designator=C10_C4(C0603 1uF)
Added Component: Designator=C10_C5(C0603 1uF)
Added Component: Designator=C10_C6(C0603 1uF)
Added Component: Designator=C10_C7(C0603 1uF)
Added Component: Designator=C10_C8(C0603 1uF)
Added Component: Designator=C10_C9(C0603 1uF)
Added Component: Designator=C11_C2(C0603 1uF)
Added Component: Designator=C11_C3(C0603 1uF)
Added Component: Designator=C11_C4(C0603 1uF)
Added Component: Designator=C11_C5(C0603 1uF)
Added Component: Designator=C11_C6(C0603 1uF)
Added Component: Designator=C11_C7(C0603 1uF)
Added Component: Designator=C11_C8(C0603 1uF)
Added Component: Designator=C11_C9(C0603 1uF)
Added Component: Designator=C12_C2(C0603 1uF)
Added Component: Designator=C12_C3(C0603 1uF)
Added Component: Designator=C12_C4(C0603 1uF)
Added Component: Designator=C12_C5(C0603 1uF)
Added Component: Designator=C12_C6(C0603 1uF)
Added Component: Designator=C12_C7(C0603 1uF)
Added Component: Designator=C12_C8(C0603 1uF)
Added Component: Designator=C12_C9(C0603 1uF)
Added Component: Designator=H1_C2(Header1x4)
Added Component: Designator=H1_C3(Header1x4)
Added Component: Designator=H1_C4(Header1x4)
Added Component: Designator=H1_C5(Header1x4)
Added Component: Designator=H1_C6(Header1x4)
Added Component: Designator=H1_C7(Header1x4)
Added Component: Designator=H1_C8(Header1x4)
Added Component: Designator=H1_C9(Header1x4)
Added Component: Designator=PGA204_C2(PGA204)
Added Component: Designator=PGA204_C3(PGA204)
Added Component: Designator=PGA204_C4(PGA204)
Added Component: Designator=PGA204_C5(PGA204)
Added Component: Designator=PGA204_C6(PGA204)
Added Component: Designator=PGA204_C7(PGA204)
Added Component: Designator=PGA204_C8(PGA204)
Added Component: Designator=PGA204_C9(PGA204)
Added Component: Designator=R2_C2(RT0603 330k)
Added Component: Designator=R2_C3(RT0603 330k)
Added Component: Designator=R2_C4(RT0603 330k)
Added Component: Designator=R2_C5(RT0603 330k)
Added Component: Designator=R2_C6(RT0603 330k)
Added Component: Designator=R2_C7(RT0603 330k)
Added Component: Designator=R2_C8(RT0603 330k)
Added Component: Designator=R2_C9(RT0603 330k)
Added Pin To Net: NetName=GND Pin=C10_C2-0
Added Pin To Net: NetName=VCC+ Pin=C10_C2-1
Added Pin To Net: NetName=GND Pin=C10_C3-0
Added Pin To Net: NetName=VCC+ Pin=C10_C3-1
Added Pin To Net: NetName=GND Pin=C10_C4-0
Added Pin To Net: NetName=VCC+ Pin=C10_C4-1
Added Pin To Net: NetName=GND Pin=C10_C5-0
Added Pin To Net: NetName=VCC+ Pin=C10_C5-1
Added Pin To Net: NetName=GND Pin=C10_C6-0
Added Pin To Net: NetName=VCC+ Pin=C10_C6-1
Added Pin To Net: NetName=GND Pin=C10_C7-0
Added Pin To Net: NetName=VCC+ Pin=C10_C7-1
Added Pin To Net: NetName=GND Pin=C10_C8-0
Added Pin To Net: NetName=VCC+ Pin=C10_C8-1
Added Pin To Net: NetName=GND Pin=C10_C9-0
Added Pin To Net: NetName=VCC+ Pin=C10_C9-1
Added Pin To Net: NetName=GND Pin=C11_C2-0
Added Pin To Net: NetName=GND Pin=C11_C3-0
Added Pin To Net: NetName=GND Pin=C11_C4-0
Added Pin To Net: NetName=GND Pin=C11_C5-0
Added Pin To Net: NetName=GND Pin=C11_C6-0
Added Pin To Net: NetName=GND Pin=C11_C7-0
Added Pin To Net: NetName=GND Pin=C11_C8-0
Added Pin To Net: NetName=GND Pin=C11_C9-0
Added Pin To Net: NetName=GND Pin=C12_C2-0
Added Pin To Net: NetName=VCC- Pin=C12_C2-1
Added Pin To Net: NetName=GND Pin=C12_C3-0
Added Pin To Net: NetName=VCC- Pin=C12_C3-1
Added Pin To Net: NetName=GND Pin=C12_C4-0
Added Pin To Net: NetName=VCC- Pin=C12_C4-1
Added Pin To Net: NetName=GND Pin=C12_C5-0
Added Pin To Net: NetName=VCC- Pin=C12_C5-1
Added Pin To Net: NetName=GND Pin=C12_C6-0
Added Pin To Net: NetName=VCC- Pin=C12_C6-1
Added Pin To Net: NetName=GND Pin=C12_C7-0
Added Pin To Net: NetName=VCC- Pin=C12_C7-1
Added Pin To Net: NetName=GND Pin=C12_C8-0
Added Pin To Net: NetName=VCC- Pin=C12_C8-1
Added Pin To Net: NetName=GND Pin=C12_C9-0
Added Pin To Net: NetName=VCC- Pin=C12_C9-1
Added Pin To Net: NetName=GND Pin=H1_C2-0
Added Pin To Net: NetName=VEXCITE Pin=H1_C2-3
Added Pin To Net: NetName=GND Pin=H1_C3-0
Added Pin To Net: NetName=VEXCITE Pin=H1_C3-3
Added Pin To Net: NetName=GND Pin=H1_C4-0
Added Pin To Net: NetName=VEXCITE Pin=H1_C4-3
Added Pin To Net: NetName=GND Pin=H1_C5-0
Added Pin To Net: NetName=VEXCITE Pin=H1_C5-3
Added Pin To Net: NetName=GND Pin=H1_C6-0
Added Pin To Net: NetName=VEXCITE Pin=H1_C6-3
Added Pin To Net: NetName=GND Pin=H1_C7-0
Added Pin To Net: NetName=VEXCITE Pin=H1_C7-3
Added Pin To Net: NetName=GND Pin=H1_C8-0
Added Pin To Net: NetName=VEXCITE Pin=H1_C8-3
Added Pin To Net: NetName=GND Pin=H1_C9-0
Added Pin To Net: NetName=VEXCITE Pin=H1_C9-3
Added Pin To Net: NetName=GND Pin=PGA204_C2-1
Added Pin To Net: NetName=GND Pin=PGA204_C2-6
Added Pin To Net: NetName=GND Pin=PGA204_C2-7
Added Pin To Net: NetName=VCC- Pin=PGA204_C2-8
Added Pin To Net: NetName=GND Pin=PGA204_C2-9
Added Pin To Net: NetName=GND Pin=PGA204_C2-10
Added Pin To Net: NetName=VCC+ Pin=PGA204_C2-13
Added Pin To Net: NetName=GND Pin=PGA204_C2-14
Added Pin To Net: NetName=GND Pin=PGA204_C3-1
Added Pin To Net: NetName=GND Pin=PGA204_C3-6
Added Pin To Net: NetName=GND Pin=PGA204_C3-7
Added Pin To Net: NetName=VCC- Pin=PGA204_C3-8
Added Pin To Net: NetName=GND Pin=PGA204_C3-9
Added Pin To Net: NetName=GND Pin=PGA204_C3-10
Added Pin To Net: NetName=VCC+ Pin=PGA204_C3-13
Added Pin To Net: NetName=GND Pin=PGA204_C3-14
Added Pin To Net: NetName=GND Pin=PGA204_C4-1
Added Pin To Net: NetName=GND Pin=PGA204_C4-6
Added Pin To Net: NetName=GND Pin=PGA204_C4-7
Added Pin To Net: NetName=VCC- Pin=PGA204_C4-8
Added Pin To Net: NetName=GND Pin=PGA204_C4-9
Added Pin To Net: NetName=GND Pin=PGA204_C4-10
Added Pin To Net: NetName=VCC+ Pin=PGA204_C4-13
Added Pin To Net: NetName=GND Pin=PGA204_C4-14
Added Pin To Net: NetName=GND Pin=PGA204_C5-1
Added Pin To Net: NetName=GND Pin=PGA204_C5-6
Added Pin To Net: NetName=GND Pin=PGA204_C5-7
Added Pin To Net: NetName=VCC- Pin=PGA204_C5-8
Added Pin To Net: NetName=GND Pin=PGA204_C5-9
Added Pin To Net: NetName=GND Pin=PGA204_C5-10
Added Pin To Net: NetName=VCC+ Pin=PGA204_C5-13
Added Pin To Net: NetName=GND Pin=PGA204_C5-14
Added Pin To Net: NetName=GND Pin=PGA204_C6-1
Added Pin To Net: NetName=GND Pin=PGA204_C6-6
Added Pin To Net: NetName=GND Pin=PGA204_C6-7
Added Pin To Net: NetName=VCC- Pin=PGA204_C6-8
Added Pin To Net: NetName=GND Pin=PGA204_C6-9
Added Pin To Net: NetName=GND Pin=PGA204_C6-10
Added Pin To Net: NetName=VCC+ Pin=PGA204_C6-13
Added Pin To Net: NetName=GND Pin=PGA204_C6-14
Added Pin To Net: NetName=GND Pin=PGA204_C7-1
Added Pin To Net: NetName=GND Pin=PGA204_C7-6
Added Pin To Net: NetName=GND Pin=PGA204_C7-7
Added Pin To Net: NetName=VCC- Pin=PGA204_C7-8
Added Pin To Net: NetName=GND Pin=PGA204_C7-9
Added Pin To Net: NetName=GND Pin=PGA204_C7-10
Added Pin To Net: NetName=VCC+ Pin=PGA204_C7-13
Added Pin To Net: NetName=GND Pin=PGA204_C7-14
Added Pin To Net: NetName=GND Pin=PGA204_C8-1
Added Pin To Net: NetName=GND Pin=PGA204_C8-6
Added Pin To Net: NetName=GND Pin=PGA204_C8-7
Added Pin To Net: NetName=VCC- Pin=PGA204_C8-8
Added Pin To Net: NetName=GND Pin=PGA204_C8-9
Added Pin To Net: NetName=GND Pin=PGA204_C8-10
Added Pin To Net: NetName=VCC+ Pin=PGA204_C8-13
Added Pin To Net: NetName=GND Pin=PGA204_C8-14
Added Pin To Net: NetName=GND Pin=PGA204_C9-1
Added Pin To Net: NetName=GND Pin=PGA204_C9-6
Added Pin To Net: NetName=GND Pin=PGA204_C9-7
Added Pin To Net: NetName=VCC- Pin=PGA204_C9-8
Added Pin To Net: NetName=GND Pin=PGA204_C9-9
Added Pin To Net: NetName=GND Pin=PGA204_C9-10
Added Pin To Net: NetName=VCC+ Pin=PGA204_C9-13
Added Pin To Net: NetName=GND Pin=PGA204_C9-14
Change Net Name : Old Net Name=NetH1_C_1 New Net Name=NetH1_C1_1
Change Net Name : Old Net Name=NetH1_C_2 New Net Name=NetH1_C1_2
Change Net Name : Old Net Name=NetPGA204_C_11 New Net Name=NetPGA204_C1_11
Added Pin To Net: NetName=NetC11_C2_1 Pin=C11_C2-1
Added Pin To Net: NetName=NetC11_C2_1 Pin=R2_C2-0
Added Net: Name=NetC11_C2_1
Added Pin To Net: NetName=NetC11_C3_1 Pin=C11_C3-1
Added Pin To Net: NetName=NetC11_C3_1 Pin=R2_C3-0
Added Net: Name=NetC11_C3_1
Added Pin To Net: NetName=NetC11_C4_1 Pin=C11_C4-1
Added Pin To Net: NetName=NetC11_C4_1 Pin=R2_C4-0
Added Net: Name=NetC11_C4_1
Added Pin To Net: NetName=NetC11_C5_1 Pin=C11_C5-1
Added Pin To Net: NetName=NetC11_C5_1 Pin=R2_C5-0
Added Net: Name=NetC11_C5_1
Added Pin To Net: NetName=NetC11_C6_1 Pin=C11_C6-1
Added Pin To Net: NetName=NetC11_C6_1 Pin=R2_C6-0
Added Net: Name=NetC11_C6_1
Added Pin To Net: NetName=NetC11_C7_1 Pin=C11_C7-1
Added Pin To Net: NetName=NetC11_C7_1 Pin=R2_C7-0
Added Net: Name=NetC11_C7_1
Added Pin To Net: NetName=NetC11_C8_1 Pin=C11_C8-1
Added Pin To Net: NetName=NetC11_C8_1 Pin=R2_C8-0
Added Net: Name=NetC11_C8_1
Added Pin To Net: NetName=NetC11_C9_1 Pin=C11_C9-1
Added Pin To Net: NetName=NetC11_C9_1 Pin=R2_C9-0
Added Net: Name=NetC11_C9_1
Added Pin To Net: NetName=NetH1_C2_1 Pin=H1_C2-1
Added Pin To Net: NetName=NetH1_C2_1 Pin=PGA204_C2-4
Added Net: Name=NetH1_C2_1
Added Pin To Net: NetName=NetH1_C2_2 Pin=H1_C2-2
Added Pin To Net: NetName=NetH1_C2_2 Pin=PGA204_C2-5
Added Net: Name=NetH1_C2_2
Added Pin To Net: NetName=NetH1_C3_1 Pin=H1_C3-1
Added Pin To Net: NetName=NetH1_C3_1 Pin=PGA204_C3-4
Added Net: Name=NetH1_C3_1
Added Pin To Net: NetName=NetH1_C3_2 Pin=H1_C3-2
Added Pin To Net: NetName=NetH1_C3_2 Pin=PGA204_C3-5
Added Net: Name=NetH1_C3_2
Added Pin To Net: NetName=NetH1_C4_1 Pin=H1_C4-1
Added Pin To Net: NetName=NetH1_C4_1 Pin=PGA204_C4-4
Added Net: Name=NetH1_C4_1
Added Pin To Net: NetName=NetH1_C4_2 Pin=H1_C4-2
Added Pin To Net: NetName=NetH1_C4_2 Pin=PGA204_C4-5
Added Net: Name=NetH1_C4_2
Added Pin To Net: NetName=NetH1_C5_1 Pin=H1_C5-1
Added Pin To Net: NetName=NetH1_C5_1 Pin=PGA204_C5-4
Added Net: Name=NetH1_C5_1
Added Pin To Net: NetName=NetH1_C5_2 Pin=H1_C5-2
Added Pin To Net: NetName=NetH1_C5_2 Pin=PGA204_C5-5
Added Net: Name=NetH1_C5_2
Added Pin To Net: NetName=NetH1_C6_1 Pin=H1_C6-1
Added Pin To Net: NetName=NetH1_C6_1 Pin=PGA204_C6-4
Added Net: Name=NetH1_C6_1
Added Pin To Net: NetName=NetH1_C6_2 Pin=H1_C6-2
Added Pin To Net: NetName=NetH1_C6_2 Pin=PGA204_C6-5
Added Net: Name=NetH1_C6_2
Added Pin To Net: NetName=NetH1_C7_1 Pin=H1_C7-1
Added Pin To Net: NetName=NetH1_C7_1 Pin=PGA204_C7-4
Added Net: Name=NetH1_C7_1
Added Pin To Net: NetName=NetH1_C7_2 Pin=H1_C7-2
Added Pin To Net: NetName=NetH1_C7_2 Pin=PGA204_C7-5
Added Net: Name=NetH1_C7_2
Added Pin To Net: NetName=NetH1_C8_1 Pin=H1_C8-1
Added Pin To Net: NetName=NetH1_C8_1 Pin=PGA204_C8-4
Added Net: Name=NetH1_C8_1
Added Pin To Net: NetName=NetH1_C8_2 Pin=H1_C8-2
Added Pin To Net: NetName=NetH1_C8_2 Pin=PGA204_C8-5
Added Net: Name=NetH1_C8_2
Added Pin To Net: NetName=NetH1_C9_1 Pin=H1_C9-1
Added Pin To Net: NetName=NetH1_C9_1 Pin=PGA204_C9-4
Added Net: Name=NetH1_C9_1
Added Pin To Net: NetName=NetH1_C9_2 Pin=H1_C9-2
Added Pin To Net: NetName=NetH1_C9_2 Pin=PGA204_C9-5
Added Net: Name=NetH1_C9_2
Added Pin To Net: NetName=NetPGA204_C2_11 Pin=PGA204_C2-11
Added Pin To Net: NetName=NetPGA204_C2_11 Pin=PGA204_C2-12
Added Pin To Net: NetName=NetPGA204_C2_11 Pin=R2_C2-1
Added Net: Name=NetPGA204_C2_11
Added Pin To Net: NetName=NetPGA204_C2_15 Pin=PGA204_C2-15
Added Net: Name=NetPGA204_C2_15
Added Pin To Net: NetName=NetPGA204_C2_16 Pin=PGA204_C2-16
Added Net: Name=NetPGA204_C2_16
Added Pin To Net: NetName=NetPGA204_C3_11 Pin=PGA204_C3-11
Added Pin To Net: NetName=NetPGA204_C3_11 Pin=PGA204_C3-12
Added Pin To Net: NetName=NetPGA204_C3_11 Pin=R2_C3-1
Added Net: Name=NetPGA204_C3_11
Added Pin To Net: NetName=NetPGA204_C3_15 Pin=PGA204_C3-15
Added Net: Name=NetPGA204_C3_15
Added Pin To Net: NetName=NetPGA204_C3_16 Pin=PGA204_C3-16
Added Net: Name=NetPGA204_C3_16
Added Pin To Net: NetName=NetPGA204_C4_11 Pin=PGA204_C4-11
Added Pin To Net: NetName=NetPGA204_C4_11 Pin=PGA204_C4-12
Added Pin To Net: NetName=NetPGA204_C4_11 Pin=R2_C4-1
Added Net: Name=NetPGA204_C4_11
Added Pin To Net: NetName=NetPGA204_C4_15 Pin=PGA204_C4-15
Added Net: Name=NetPGA204_C4_15
Added Pin To Net: NetName=NetPGA204_C4_16 Pin=PGA204_C4-16
Added Net: Name=NetPGA204_C4_16
Added Pin To Net: NetName=NetPGA204_C5_11 Pin=PGA204_C5-11
Added Pin To Net: NetName=NetPGA204_C5_11 Pin=PGA204_C5-12
Added Pin To Net: NetName=NetPGA204_C5_11 Pin=R2_C5-1
Added Net: Name=NetPGA204_C5_11
Added Pin To Net: NetName=NetPGA204_C5_15 Pin=PGA204_C5-15
Added Net: Name=NetPGA204_C5_15
Added Pin To Net: NetName=NetPGA204_C5_16 Pin=PGA204_C5-16
Added Net: Name=NetPGA204_C5_16
Added Pin To Net: NetName=NetPGA204_C6_11 Pin=PGA204_C6-11
Added Pin To Net: NetName=NetPGA204_C6_11 Pin=PGA204_C6-12
Added Pin To Net: NetName=NetPGA204_C6_11 Pin=R2_C6-1
Added Net: Name=NetPGA204_C6_11
Added Pin To Net: NetName=NetPGA204_C6_15 Pin=PGA204_C6-15
Added Net: Name=NetPGA204_C6_15
Added Pin To Net: NetName=NetPGA204_C6_16 Pin=PGA204_C6-16
Added Net: Name=NetPGA204_C6_16
Added Pin To Net: NetName=NetPGA204_C7_11 Pin=PGA204_C7-11
Added Pin To Net: NetName=NetPGA204_C7_11 Pin=PGA204_C7-12
Added Pin To Net: NetName=NetPGA204_C7_11 Pin=R2_C7-1
Added Net: Name=NetPGA204_C7_11
Added Pin To Net: NetName=NetPGA204_C7_15 Pin=PGA204_C7-15
Added Net: Name=NetPGA204_C7_15
Added Pin To Net: NetName=NetPGA204_C7_16 Pin=PGA204_C7-16
Added Net: Name=NetPGA204_C7_16
Added Pin To Net: NetName=NetPGA204_C8_11 Pin=PGA204_C8-11
Added Pin To Net: NetName=NetPGA204_C8_11 Pin=PGA204_C8-12
Added Pin To Net: NetName=NetPGA204_C8_11 Pin=R2_C8-1
Added Net: Name=NetPGA204_C8_11
Added Pin To Net: NetName=NetPGA204_C8_15 Pin=PGA204_C8-15
Added Net: Name=NetPGA204_C8_15
Added Pin To Net: NetName=NetPGA204_C8_16 Pin=PGA204_C8-16
Added Net: Name=NetPGA204_C8_16
Added Pin To Net: NetName=NetPGA204_C9_11 Pin=PGA204_C9-11
Added Pin To Net: NetName=NetPGA204_C9_11 Pin=PGA204_C9-12
Added Pin To Net: NetName=NetPGA204_C9_11 Pin=R2_C9-1
Added Net: Name=NetPGA204_C9_11
Added Pin To Net: NetName=NetPGA204_C9_15 Pin=PGA204_C9-15
Added Net: Name=NetPGA204_C9_15
Added Pin To Net: NetName=NetPGA204_C9_16 Pin=PGA204_C9-16
Added Net: Name=NetPGA204_C9_16
Added Class: Name=C2
Added Class: Name=C3
Added Class: Name=C4
Added Class: Name=C5
Added Class: Name=C6
Added Class: Name=C7
Added Class: Name=C8
Added Class: Name=C9
Added Room: Name=C2
Added Room: Name=C3
Added Room: Name=C4
Added Room: Name=C5
Added Room: Name=C6
Added Room: Name=C7
Added Room: Name=C8
Added Room: Name=C9
