Removed Pin From Net: NetName=NetL1_LED1_0 Pin=L1_LED1_1-0
Removed Pin From Net: NetName=NetL1_LED1_1 Pin=L1_LED1_1-1
Added Component: Designator=HL1(Header1x4)
Added Component: Designator=L1_LED1(OVSPWBCR44)
Added Component: Designator=L1_LED2(OVSPWBCR44)
Added Component: Designator=L1_LED3(OVSPWBCR44)
Added Component: Designator=L1_LED4(OVSPWBCR44)
Added Component: Designator=L1_LED5(OVSPWBCR44)
Added Component: Designator=L1_LED6(OVSPWBCR44)
Added Component: Designator=L1_LED7(OVSPWBCR44)
Added Component: Designator=L1_LED8(OVSPWBCR44)
Added Component: Designator=L1_LED9(OVSPWBCR44)
Added Component: Designator=L1_LED10(OVSPWBCR44)
Added Component: Designator=L1_LED11(OVSPWBCR44)
Added Component: Designator=L1_LED12(OVSPWBCR44)
Added Component: Designator=L1_LED13(OVSPWBCR44)
Added Component: Designator=L1_LED14(OVSPWBCR44)
Added Component: Designator=L1_LED15(OVSPWBCR44)
Added Component: Designator=L1_LED16(OVSPWBCR44)
Added Component: Designator=ML1_LED1(Si2304BDS)
Added Component: Designator=ML1_LED2(Si2304BDS)
Added Component: Designator=ML1_LED3(Si2304BDS)
Added Component: Designator=ML1_LED4(Si2304BDS)
Added Component: Designator=ML1_LED5(Si2304BDS)
Added Component: Designator=ML1_LED6(Si2304BDS)
Added Component: Designator=ML1_LED7(Si2304BDS)
Added Component: Designator=ML1_LED8(Si2304BDS)
Added Component: Designator=ML1_LED9(Si2304BDS)
Added Component: Designator=ML1_LED10(Si2304BDS)
Added Component: Designator=ML1_LED11(Si2304BDS)
Added Component: Designator=ML1_LED12(Si2304BDS)
Added Component: Designator=ML1_LED13(Si2304BDS)
Added Component: Designator=ML1_LED14(Si2304BDS)
Added Component: Designator=ML1_LED15(Si2304BDS)
Added Component: Designator=ML1_LED16(Si2304BDS)
Added Component: Designator=RL1_LED1(RT0603 330k)
Added Component: Designator=RL1_LED2(RT0603 330k)
Added Component: Designator=RL1_LED3(RT0603 330k)
Added Component: Designator=RL1_LED4(RT0603 330k)
Added Component: Designator=RL1_LED5(RT0603 330k)
Added Component: Designator=RL1_LED6(RT0603 330k)
Added Component: Designator=RL1_LED7(RT0603 330k)
Added Component: Designator=RL1_LED8(RT0603 330k)
Added Component: Designator=RL1_LED9(RT0603 330k)
Added Component: Designator=RL1_LED10(RT0603 330k)
Added Component: Designator=RL1_LED11(RT0603 330k)
Added Component: Designator=RL1_LED12(RT0603 330k)
Added Component: Designator=RL1_LED13(RT0603 330k)
Added Component: Designator=RL1_LED14(RT0603 330k)
Added Component: Designator=RL1_LED15(RT0603 330k)
Added Component: Designator=RL1_LED16(RT0603 330k)
Added Pin To Net: NetName=GND Pin=HL1-0
Added Pin To Net: NetName=VCC+ Pin=HL1-1
Added Pin To Net: NetName=LED CONT Pin=HL1-2
Added Pin To Net: NetName=NetL1_LED1_0 Pin=L1_LED1-0
Added Pin To Net: NetName=NetL1_LED1_1 Pin=L1_LED1-1
Added Pin To Net: NetName=NetL1_LED2_0 Pin=L1_LED2-0
Added Pin To Net: NetName=NetL1_LED2_1 Pin=L1_LED2-1
Added Pin To Net: NetName=NetL1_LED3_0 Pin=L1_LED3-0
Added Pin To Net: NetName=NetL1_LED3_1 Pin=L1_LED3-1
Added Pin To Net: NetName=NetL1_LED4_0 Pin=L1_LED4-0
Added Pin To Net: NetName=NetL1_LED4_1 Pin=L1_LED4-1
Added Pin To Net: NetName=NetL1_LED5_0 Pin=L1_LED5-0
Added Pin To Net: NetName=NetL1_LED5_1 Pin=L1_LED5-1
Added Pin To Net: NetName=NetL1_LED6_0 Pin=L1_LED6-0
Added Pin To Net: NetName=NetL1_LED6_1 Pin=L1_LED6-1
Added Pin To Net: NetName=NetL1_LED7_0 Pin=L1_LED7-0
Added Pin To Net: NetName=NetL1_LED7_1 Pin=L1_LED7-1
Added Pin To Net: NetName=NetL1_LED8_0 Pin=L1_LED8-0
Added Pin To Net: NetName=NetL1_LED8_1 Pin=L1_LED8-1
Added Pin To Net: NetName=NetL1_LED9_0 Pin=L1_LED9-0
Added Pin To Net: NetName=NetL1_LED9_1 Pin=L1_LED9-1
Added Pin To Net: NetName=NetL1_LED10_0 Pin=L1_LED10-0
Added Pin To Net: NetName=NetL1_LED10_1 Pin=L1_LED10-1
Added Pin To Net: NetName=NetL1_LED11_0 Pin=L1_LED11-0
Added Pin To Net: NetName=NetL1_LED11_1 Pin=L1_LED11-1
Added Pin To Net: NetName=NetL1_LED12_0 Pin=L1_LED12-0
Added Pin To Net: NetName=NetL1_LED12_1 Pin=L1_LED12-1
Added Pin To Net: NetName=NetL1_LED13_0 Pin=L1_LED13-0
Added Pin To Net: NetName=NetL1_LED13_1 Pin=L1_LED13-1
Added Pin To Net: NetName=NetL1_LED14_0 Pin=L1_LED14-0
Added Pin To Net: NetName=NetL1_LED14_1 Pin=L1_LED14-1
Added Pin To Net: NetName=NetL1_LED15_0 Pin=L1_LED15-0
Added Pin To Net: NetName=NetL1_LED15_1 Pin=L1_LED15-1
Added Pin To Net: NetName=NetL1_LED16_0 Pin=L1_LED16-0
Added Pin To Net: NetName=NetL1_LED16_1 Pin=L1_LED16-1
Added Pin To Net: NetName=LED CONT Pin=ML1_LED1-1
Added Pin To Net: NetName=NetL1_LED1_0 Pin=ML1_LED1-2
Added Pin To Net: NetName=VCC+ Pin=ML1_LED1-3
Added Pin To Net: NetName=LED CONT Pin=ML1_LED2-1
Added Pin To Net: NetName=NetL1_LED2_0 Pin=ML1_LED2-2
Added Pin To Net: NetName=VCC+ Pin=ML1_LED2-3
Added Pin To Net: NetName=LED CONT Pin=ML1_LED3-1
Added Pin To Net: NetName=NetL1_LED3_0 Pin=ML1_LED3-2
Added Pin To Net: NetName=VCC+ Pin=ML1_LED3-3
Added Pin To Net: NetName=LED CONT Pin=ML1_LED4-1
Added Pin To Net: NetName=NetL1_LED4_0 Pin=ML1_LED4-2
Added Pin To Net: NetName=VCC+ Pin=ML1_LED4-3
Added Pin To Net: NetName=LED CONT Pin=ML1_LED5-1
Added Pin To Net: NetName=NetL1_LED5_0 Pin=ML1_LED5-2
Added Pin To Net: NetName=VCC+ Pin=ML1_LED5-3
Added Pin To Net: NetName=LED CONT Pin=ML1_LED6-1
Added Pin To Net: NetName=NetL1_LED6_0 Pin=ML1_LED6-2
Added Pin To Net: NetName=VCC+ Pin=ML1_LED6-3
Added Pin To Net: NetName=LED CONT Pin=ML1_LED7-1
Added Pin To Net: NetName=NetL1_LED7_0 Pin=ML1_LED7-2
Added Pin To Net: NetName=VCC+ Pin=ML1_LED7-3
Added Pin To Net: NetName=LED CONT Pin=ML1_LED8-1
Added Pin To Net: NetName=NetL1_LED8_0 Pin=ML1_LED8-2
Added Pin To Net: NetName=VCC+ Pin=ML1_LED8-3
Added Pin To Net: NetName=LED CONT Pin=ML1_LED9-1
Added Pin To Net: NetName=NetL1_LED9_0 Pin=ML1_LED9-2
Added Pin To Net: NetName=VCC+ Pin=ML1_LED9-3
Added Pin To Net: NetName=LED CONT Pin=ML1_LED10-1
Added Pin To Net: NetName=NetL1_LED10_0 Pin=ML1_LED10-2
Added Pin To Net: NetName=VCC+ Pin=ML1_LED10-3
Added Pin To Net: NetName=LED CONT Pin=ML1_LED11-1
Added Pin To Net: NetName=NetL1_LED11_0 Pin=ML1_LED11-2
Added Pin To Net: NetName=VCC+ Pin=ML1_LED11-3
Added Pin To Net: NetName=LED CONT Pin=ML1_LED12-1
Added Pin To Net: NetName=NetL1_LED12_0 Pin=ML1_LED12-2
Added Pin To Net: NetName=VCC+ Pin=ML1_LED12-3
Added Pin To Net: NetName=LED CONT Pin=ML1_LED13-1
Added Pin To Net: NetName=NetL1_LED13_0 Pin=ML1_LED13-2
Added Pin To Net: NetName=VCC+ Pin=ML1_LED13-3
Added Pin To Net: NetName=LED CONT Pin=ML1_LED14-1
Added Pin To Net: NetName=NetL1_LED14_0 Pin=ML1_LED14-2
Added Pin To Net: NetName=VCC+ Pin=ML1_LED14-3
Added Pin To Net: NetName=LED CONT Pin=ML1_LED15-1
Added Pin To Net: NetName=NetL1_LED15_0 Pin=ML1_LED15-2
Added Pin To Net: NetName=VCC+ Pin=ML1_LED15-3
Added Pin To Net: NetName=LED CONT Pin=ML1_LED16-1
Added Pin To Net: NetName=NetL1_LED16_0 Pin=ML1_LED16-2
Added Pin To Net: NetName=VCC+ Pin=ML1_LED16-3
Added Pin To Net: NetName=NetL1_LED1_1 Pin=RL1_LED1-0
Added Pin To Net: NetName=GND Pin=RL1_LED1-1
Added Pin To Net: NetName=NetL1_LED2_1 Pin=RL1_LED2-0
Added Pin To Net: NetName=GND Pin=RL1_LED2-1
Added Pin To Net: NetName=NetL1_LED3_1 Pin=RL1_LED3-0
Added Pin To Net: NetName=GND Pin=RL1_LED3-1
Added Pin To Net: NetName=NetL1_LED4_1 Pin=RL1_LED4-0
Added Pin To Net: NetName=GND Pin=RL1_LED4-1
Added Pin To Net: NetName=NetL1_LED5_1 Pin=RL1_LED5-0
Added Pin To Net: NetName=GND Pin=RL1_LED5-1
Added Pin To Net: NetName=NetL1_LED6_1 Pin=RL1_LED6-0
Added Pin To Net: NetName=GND Pin=RL1_LED6-1
Added Pin To Net: NetName=NetL1_LED7_1 Pin=RL1_LED7-0
Added Pin To Net: NetName=GND Pin=RL1_LED7-1
Added Pin To Net: NetName=NetL1_LED8_1 Pin=RL1_LED8-0
Added Pin To Net: NetName=GND Pin=RL1_LED8-1
Added Pin To Net: NetName=NetL1_LED9_1 Pin=RL1_LED9-0
Added Pin To Net: NetName=GND Pin=RL1_LED9-1
Added Pin To Net: NetName=NetL1_LED10_1 Pin=RL1_LED10-0
Added Pin To Net: NetName=GND Pin=RL1_LED10-1
Added Pin To Net: NetName=NetL1_LED11_1 Pin=RL1_LED11-0
Added Pin To Net: NetName=GND Pin=RL1_LED11-1
Added Pin To Net: NetName=NetL1_LED12_1 Pin=RL1_LED12-0
Added Pin To Net: NetName=GND Pin=RL1_LED12-1
Added Pin To Net: NetName=NetL1_LED13_1 Pin=RL1_LED13-0
Added Pin To Net: NetName=GND Pin=RL1_LED13-1
Added Pin To Net: NetName=NetL1_LED14_1 Pin=RL1_LED14-0
Added Pin To Net: NetName=GND Pin=RL1_LED14-1
Added Pin To Net: NetName=NetL1_LED15_1 Pin=RL1_LED15-0
Added Pin To Net: NetName=GND Pin=RL1_LED15-1
Added Pin To Net: NetName=NetL1_LED16_1 Pin=RL1_LED16-0
Added Pin To Net: NetName=GND Pin=RL1_LED16-1
Added Member To Class: ClassName=LED BRD Member=Component HL1 Header1x4
Added Member To Class: ClassName=LED1 Member=Component L1_LED1 (L1) OVSPWBCR44
Added Member To Class: ClassName=LED2 Member=Component L1_LED2 (L1) OVSPWBCR44
Added Member To Class: ClassName=LED3 Member=Component L1_LED3 (L1) OVSPWBCR44
Added Member To Class: ClassName=LED4 Member=Component L1_LED4 (L1) OVSPWBCR44
Added Member To Class: ClassName=LED5 Member=Component L1_LED5 (L1) OVSPWBCR44
Added Member To Class: ClassName=LED6 Member=Component L1_LED6 (L1) OVSPWBCR44
Added Member To Class: ClassName=LED7 Member=Component L1_LED7 (L1) OVSPWBCR44
Added Member To Class: ClassName=LED8 Member=Component L1_LED8 (L1) OVSPWBCR44
Added Member To Class: ClassName=LED9 Member=Component L1_LED9 (L1) OVSPWBCR44
Added Member To Class: ClassName=LED10 Member=Component L1_LED10 (L1) OVSPWBCR44
Added Member To Class: ClassName=LED11 Member=Component L1_LED11 (L1) OVSPWBCR44
Added Member To Class: ClassName=LED12 Member=Component L1_LED12 (L1) OVSPWBCR44
Added Member To Class: ClassName=LED13 Member=Component L1_LED13 (L1) OVSPWBCR44
Added Member To Class: ClassName=LED14 Member=Component L1_LED14 (L1) OVSPWBCR44
Added Member To Class: ClassName=LED15 Member=Component L1_LED15 (L1) OVSPWBCR44
Added Member To Class: ClassName=LED16 Member=Component L1_LED16 (L1) OVSPWBCR44
Added Member To Class: ClassName=LED1 Member=Component ML1_LED1 (ML1) Si2304BDS
Added Member To Class: ClassName=LED2 Member=Component ML1_LED2 (ML1) Si2304BDS
Added Member To Class: ClassName=LED3 Member=Component ML1_LED3 (ML1) Si2304BDS
Added Member To Class: ClassName=LED4 Member=Component ML1_LED4 (ML1) Si2304BDS
Added Member To Class: ClassName=LED5 Member=Component ML1_LED5 (ML1) Si2304BDS
Added Member To Class: ClassName=LED6 Member=Component ML1_LED6 (ML1) Si2304BDS
Added Member To Class: ClassName=LED7 Member=Component ML1_LED7 (ML1) Si2304BDS
Added Member To Class: ClassName=LED8 Member=Component ML1_LED8 (ML1) Si2304BDS
Added Member To Class: ClassName=LED9 Member=Component ML1_LED9 (ML1) Si2304BDS
Added Member To Class: ClassName=LED10 Member=Component ML1_LED10 (ML1) Si2304BDS
Added Member To Class: ClassName=LED11 Member=Component ML1_LED11 (ML1) Si2304BDS
Added Member To Class: ClassName=LED12 Member=Component ML1_LED12 (ML1) Si2304BDS
Added Member To Class: ClassName=LED13 Member=Component ML1_LED13 (ML1) Si2304BDS
Added Member To Class: ClassName=LED14 Member=Component ML1_LED14 (ML1) Si2304BDS
Added Member To Class: ClassName=LED15 Member=Component ML1_LED15 (ML1) Si2304BDS
Added Member To Class: ClassName=LED16 Member=Component ML1_LED16 (ML1) Si2304BDS
Added Member To Class: ClassName=LED1 Member=Component RL1_LED1 (RL1) 2.87
Added Member To Class: ClassName=LED2 Member=Component RL1_LED2 (RL1) 2.87
Added Member To Class: ClassName=LED3 Member=Component RL1_LED3 (RL1) 2.87
Added Member To Class: ClassName=LED4 Member=Component RL1_LED4 (RL1) 2.87
Added Member To Class: ClassName=LED5 Member=Component RL1_LED5 (RL1) 2.87
Added Member To Class: ClassName=LED6 Member=Component RL1_LED6 (RL1) 2.87
Added Member To Class: ClassName=LED7 Member=Component RL1_LED7 (RL1) 2.87
Added Member To Class: ClassName=LED8 Member=Component RL1_LED8 (RL1) 2.87
Added Member To Class: ClassName=LED9 Member=Component RL1_LED9 (RL1) 2.87
Added Member To Class: ClassName=LED10 Member=Component RL1_LED10 (RL1) 2.87
Added Member To Class: ClassName=LED11 Member=Component RL1_LED11 (RL1) 2.87
Added Member To Class: ClassName=LED12 Member=Component RL1_LED12 (RL1) 2.87
Added Member To Class: ClassName=LED13 Member=Component RL1_LED13 (RL1) 2.87
Added Member To Class: ClassName=LED14 Member=Component RL1_LED14 (RL1) 2.87
Added Member To Class: ClassName=LED15 Member=Component RL1_LED15 (RL1) 2.87
Added Member To Class: ClassName=LED16 Member=Component RL1_LED16 (RL1) 2.87
Change Room Scope: Old Scope=InComponentClass('Components Class 1') New Scope=InComponentClass('LED1')
Added Room: Name=LED2
Added Room: Name=LED3
Added Room: Name=LED4
Added Room: Name=LED5
Added Room: Name=LED6
Added Room: Name=LED7
Added Room: Name=LED8
Added Room: Name=LED9
Added Room: Name=LED10
Added Room: Name=LED11
Added Room: Name=LED12
Added Room: Name=LED13
Added Room: Name=LED14
Added Room: Name=LED15
Added Room: Name=LED16
Added Room: Name=LED BRD
