Removed Pin From Net: NetName=PRESSURE 4 Pin=P1-1
Removed Pin From Net: NetName=PRESSURE 5 Pin=P1-2
Removed Pin From Net: NetName=PRESSURE 6 Pin=P1-6
Removed Pin From Net: NetName=PRESSURE 7 Pin=P1-7
Removed Pin From Net: NetName=PRESSURE 9 Pin=P1-9
Removed Pin From Net: NetName=PRESSURE 10 Pin=P1-10
Removed Pin From Net: NetName=VCC- Pin=P1-29
Removed Pin From Net: NetName=VCC+ Pin=P1-30
Added Pin To Net: NetName=PRESSURE 5 Pin=P1-1
Added Pin To Net: NetName=PRESSURE 4 Pin=P1-2
Added Pin To Net: NetName=PRESSURE 10 Pin=P1-6
Added Pin To Net: NetName=PRESSURE 9 Pin=P1-7
Added Pin To Net: NetName=PRESSURE 7 Pin=P1-9
Added Pin To Net: NetName=PRESSURE 6 Pin=P1-10
Added Pin To Net: NetName=GND Pin=P1-27
Added Pin To Net: NetName=GND Pin=P1-29
Added Pin To Net: NetName=GND Pin=P1-30
Added Pin To Net: NetName=GND Pin=P1-31
Added Pin To Net: NetName=VCC- Pin=P1-32
Added Pin To Net: NetName=VCC+ Pin=P1-34
