Removed Pin From Net: NetName=VCC+ Pin=LIR1_LED1-0
Removed Pin From Net: NetName=VCC+ Pin=LIR1_LED2-0
Removed Pin From Net: NetName=VCC+ Pin=LIR1_LED3-0
Removed Pin From Net: NetName=VCC+ Pin=LIR1_LED4-0
Removed Pin From Net: NetName=VCC+ Pin=LIR1_LED5-0
Removed Pin From Net: NetName=VCC+ Pin=LIR1_LED6-0
Removed Pin From Net: NetName=VCC+ Pin=LIR1_LED7-0
Removed Pin From Net: NetName=VCC+ Pin=LIR1_LED8-0
Removed Pin From Net: NetName=VCC+ Pin=LIR1_LED9-0
Removed Pin From Net: NetName=VCC+ Pin=LIR1_LED10-0
Removed Pin From Net: NetName=VCC+ Pin=LIR1_LED11-0
Removed Pin From Net: NetName=VCC+ Pin=LIR1_LED12-0
Removed Pin From Net: NetName=VCC+ Pin=LIR1_LED13-0
Removed Pin From Net: NetName=VCC+ Pin=LIR1_LED14-0
Removed Pin From Net: NetName=VCC+ Pin=LIR1_LED15-0
Removed Pin From Net: NetName=VCC+ Pin=LIR1_LED16-0
Removed Pin From Net: NetName=VCC+ Pin=LR1_LED1-0
Removed Pin From Net: NetName=VCC+ Pin=LR1_LED1-0
Removed Pin From Net: NetName=VCC+ Pin=LR1_LED2-0
Removed Pin From Net: NetName=VCC+ Pin=LR1_LED2-0
Removed Pin From Net: NetName=VCC+ Pin=LR1_LED3-0
Removed Pin From Net: NetName=VCC+ Pin=LR1_LED3-0
Removed Pin From Net: NetName=VCC+ Pin=LR1_LED4-0
Removed Pin From Net: NetName=VCC+ Pin=LR1_LED4-0
Removed Pin From Net: NetName=VCC+ Pin=LR1_LED5-0
Removed Pin From Net: NetName=VCC+ Pin=LR1_LED5-0
Removed Pin From Net: NetName=VCC+ Pin=LR1_LED6-0
Removed Pin From Net: NetName=VCC+ Pin=LR1_LED6-0
Removed Pin From Net: NetName=VCC+ Pin=LR1_LED7-0
Removed Pin From Net: NetName=VCC+ Pin=LR1_LED7-0
Removed Pin From Net: NetName=VCC+ Pin=LR1_LED8-0
Removed Pin From Net: NetName=VCC+ Pin=LR1_LED8-0
Removed Pin From Net: NetName=VCC+ Pin=LR1_LED9-0
Removed Pin From Net: NetName=VCC+ Pin=LR1_LED9-0
Removed Pin From Net: NetName=VCC+ Pin=LR1_LED10-0
Removed Pin From Net: NetName=VCC+ Pin=LR1_LED10-0
Removed Pin From Net: NetName=VCC+ Pin=LR1_LED11-0
Removed Pin From Net: NetName=VCC+ Pin=LR1_LED11-0
Removed Pin From Net: NetName=VCC+ Pin=LR1_LED12-0
Removed Pin From Net: NetName=VCC+ Pin=LR1_LED12-0
Removed Pin From Net: NetName=VCC+ Pin=LR1_LED13-0
Removed Pin From Net: NetName=VCC+ Pin=LR1_LED13-0
Removed Pin From Net: NetName=VCC+ Pin=LR1_LED14-0
Removed Pin From Net: NetName=VCC+ Pin=LR1_LED14-0
Removed Pin From Net: NetName=VCC+ Pin=LR1_LED15-0
Removed Pin From Net: NetName=VCC+ Pin=LR1_LED15-0
Removed Pin From Net: NetName=VCC+ Pin=LR1_LED16-0
Removed Pin From Net: NetName=VCC+ Pin=LR1_LED16-0
Removed Pin From Net: NetName=VCC+ Pin=ML-2
Change Component Designator: OldDesignator=ML NewDesignator=ML1
Added Component: Designator=ML2(Si2304BDS)
Added Pin To Net: NetName=POWER Pin=ML2-3
Change Net Name : Old Net Name=LED CONT New Net Name=CONT IR
Added Pin To Net: NetName=CONT RED Pin=HL1-3
Added Pin To Net: NetName=CONT RED Pin=ML2-1
Added Net: Name=CONT RED
Added Pin To Net: NetName=VCC IR Pin=LIR1_LED1-0
Added Pin To Net: NetName=VCC IR Pin=LIR1_LED2-0
Added Pin To Net: NetName=VCC IR Pin=LIR1_LED3-0
Added Pin To Net: NetName=VCC IR Pin=LIR1_LED4-0
Added Pin To Net: NetName=VCC IR Pin=LIR1_LED5-0
Added Pin To Net: NetName=VCC IR Pin=LIR1_LED6-0
Added Pin To Net: NetName=VCC IR Pin=LIR1_LED7-0
Added Pin To Net: NetName=VCC IR Pin=LIR1_LED8-0
Added Pin To Net: NetName=VCC IR Pin=LIR1_LED9-0
Added Pin To Net: NetName=VCC IR Pin=LIR1_LED10-0
Added Pin To Net: NetName=VCC IR Pin=LIR1_LED11-0
Added Pin To Net: NetName=VCC IR Pin=LIR1_LED12-0
Added Pin To Net: NetName=VCC IR Pin=LIR1_LED13-0
Added Pin To Net: NetName=VCC IR Pin=LIR1_LED14-0
Added Pin To Net: NetName=VCC IR Pin=LIR1_LED15-0
Added Pin To Net: NetName=VCC IR Pin=LIR1_LED16-0
Added Pin To Net: NetName=VCC IR Pin=ML1-2
Added Net: Name=VCC IR
Added Pin To Net: NetName=VCC RED Pin=LR1_LED1-0
Added Pin To Net: NetName=VCC RED Pin=LR1_LED1-0
Added Pin To Net: NetName=VCC RED Pin=LR1_LED2-0
Added Pin To Net: NetName=VCC RED Pin=LR1_LED2-0
Added Pin To Net: NetName=VCC RED Pin=LR1_LED3-0
Added Pin To Net: NetName=VCC RED Pin=LR1_LED3-0
Added Pin To Net: NetName=VCC RED Pin=LR1_LED4-0
Added Pin To Net: NetName=VCC RED Pin=LR1_LED4-0
Added Pin To Net: NetName=VCC RED Pin=LR1_LED5-0
Added Pin To Net: NetName=VCC RED Pin=LR1_LED5-0
Added Pin To Net: NetName=VCC RED Pin=LR1_LED6-0
Added Pin To Net: NetName=VCC RED Pin=LR1_LED6-0
Added Pin To Net: NetName=VCC RED Pin=LR1_LED7-0
Added Pin To Net: NetName=VCC RED Pin=LR1_LED7-0
Added Pin To Net: NetName=VCC RED Pin=LR1_LED8-0
Added Pin To Net: NetName=VCC RED Pin=LR1_LED8-0
Added Pin To Net: NetName=VCC RED Pin=LR1_LED9-0
Added Pin To Net: NetName=VCC RED Pin=LR1_LED9-0
Added Pin To Net: NetName=VCC RED Pin=LR1_LED10-0
Added Pin To Net: NetName=VCC RED Pin=LR1_LED10-0
Added Pin To Net: NetName=VCC RED Pin=LR1_LED11-0
Added Pin To Net: NetName=VCC RED Pin=LR1_LED11-0
Added Pin To Net: NetName=VCC RED Pin=LR1_LED12-0
Added Pin To Net: NetName=VCC RED Pin=LR1_LED12-0
Added Pin To Net: NetName=VCC RED Pin=LR1_LED13-0
Added Pin To Net: NetName=VCC RED Pin=LR1_LED13-0
Added Pin To Net: NetName=VCC RED Pin=LR1_LED14-0
Added Pin To Net: NetName=VCC RED Pin=LR1_LED14-0
Added Pin To Net: NetName=VCC RED Pin=LR1_LED15-0
Added Pin To Net: NetName=VCC RED Pin=LR1_LED15-0
Added Pin To Net: NetName=VCC RED Pin=LR1_LED16-0
Added Pin To Net: NetName=VCC RED Pin=LR1_LED16-0
Added Pin To Net: NetName=VCC RED Pin=ML2-2
Added Net: Name=VCC RED
Added Member To Class: ClassName=LED BRD Member=Component ML2 Si2304BDS
