Removed Pin From Net: NetName=GND Pin=C10-0
Removed Pin From Net: NetName=VCC+ Pin=C10-1
Removed Pin From Net: NetName=GND Pin=C11-0
Removed Pin From Net: NetName=PRESSURE 1 Pin=C11-1
Removed Pin From Net: NetName=GND Pin=C12-0
Removed Pin From Net: NetName=VCC- Pin=C12-1
Removed Pin From Net: NetName=GND Pin=H1-0
Removed Pin From Net: NetName=-VE BRIDGE Pin=H1-1
Removed Pin From Net: NetName=+VE BRIDGE Pin=H1-2
Removed Pin From Net: NetName=VEXCITE Pin=H1-3
Removed Pin From Net: NetName=A1 Pin=H2-2
Removed Pin From Net: NetName=A0 Pin=H2-3
Removed Pin From Net: NetName=GND Pin=PGA204-1
Removed Pin From Net: NetName=-VE BRIDGE Pin=PGA204-4
Removed Pin From Net: NetName=+VE BRIDGE Pin=PGA204-5
Removed Pin From Net: NetName=GND Pin=PGA204-6
Removed Pin From Net: NetName=GND Pin=PGA204-7
Removed Pin From Net: NetName=VCC- Pin=PGA204-8
Removed Pin From Net: NetName=GND Pin=PGA204-9
Removed Pin From Net: NetName=GND Pin=PGA204-10
Removed Pin From Net: NetName=VCC+ Pin=PGA204-13
Removed Pin From Net: NetName=GND Pin=PGA204-14
Removed Pin From Net: NetName=A0 Pin=PGA204-15
Removed Pin From Net: NetName=A1 Pin=PGA204-16
Removed Pin From Net: NetName=PRESSURE 1 Pin=R2-0
Removed Member From Class: ClassName=Stub Tester 2 Member=H2
Change Component Designator: OldDesignator=C13 NewDesignator=C13_Channel2
Added Component: Designator=C10_Channel1(C0603 1uF)
Added Component: Designator=C10_Channel2(C0603 1uF)
Added Component: Designator=C11_Channel1(C0603 1uF)
Added Component: Designator=C11_Channel2(C0603 1uF)
Added Component: Designator=C12_Channel1(C0603 1uF)
Added Component: Designator=C12_Channel2(C0603 1uF)
Added Component: Designator=C13_Channel1(C0603 1uF)
Added Component: Designator=H1_Channel1(Header1x4)
Added Component: Designator=H1_Channel2(Header1x4)
Added Component: Designator=PGA204_Channel1(PGA204)
Added Component: Designator=PGA204_Channel2(PGA204)
Added Component: Designator=R2_Channel1(RT0603 330k)
Added Component: Designator=R2_Channel2(RT0603 330k)
Added Pin To Net: NetName=GND Pin=C10_Channel1-0
Added Pin To Net: NetName=VCC+ Pin=C10_Channel1-1
Added Pin To Net: NetName=GND Pin=C10_Channel2-0
Added Pin To Net: NetName=VCC+ Pin=C10_Channel2-1
Added Pin To Net: NetName=GND Pin=C11_Channel1-0
Added Pin To Net: NetName=GND Pin=C11_Channel2-0
Added Pin To Net: NetName=PRESSURE 1 Pin=C11_Channel2-1
Added Pin To Net: NetName=GND Pin=C12_Channel1-0
Added Pin To Net: NetName=VCC- Pin=C12_Channel1-1
Added Pin To Net: NetName=GND Pin=C12_Channel2-0
Added Pin To Net: NetName=VCC- Pin=C12_Channel2-1
Added Pin To Net: NetName=-VE BRIDGE Pin=C13_Channel1-0
Added Pin To Net: NetName=+VE BRIDGE Pin=C13_Channel1-1
Added Pin To Net: NetName=GND Pin=H1_Channel1-0
Added Pin To Net: NetName=-VE BRIDGE Pin=H1_Channel1-1
Added Pin To Net: NetName=+VE BRIDGE Pin=H1_Channel1-2
Added Pin To Net: NetName=VEXCITE Pin=H1_Channel1-3
Added Pin To Net: NetName=GND Pin=H1_Channel2-0
Added Pin To Net: NetName=-VE BRIDGE Pin=H1_Channel2-1
Added Pin To Net: NetName=+VE BRIDGE Pin=H1_Channel2-2
Added Pin To Net: NetName=VEXCITE Pin=H1_Channel2-3
Added Pin To Net: NetName=GND Pin=PGA204_Channel1-1
Added Pin To Net: NetName=-VE BRIDGE Pin=PGA204_Channel1-4
Added Pin To Net: NetName=+VE BRIDGE Pin=PGA204_Channel1-5
Added Pin To Net: NetName=GND Pin=PGA204_Channel1-6
Added Pin To Net: NetName=GND Pin=PGA204_Channel1-7
Added Pin To Net: NetName=VCC- Pin=PGA204_Channel1-8
Added Pin To Net: NetName=GND Pin=PGA204_Channel1-9
Added Pin To Net: NetName=GND Pin=PGA204_Channel1-10
Added Pin To Net: NetName=VCC+ Pin=PGA204_Channel1-13
Added Pin To Net: NetName=GND Pin=PGA204_Channel1-14
Added Pin To Net: NetName=A0 Pin=PGA204_Channel1-15
Added Pin To Net: NetName=A1 Pin=PGA204_Channel1-16
Added Pin To Net: NetName=GND Pin=PGA204_Channel2-1
Added Pin To Net: NetName=-VE BRIDGE Pin=PGA204_Channel2-4
Added Pin To Net: NetName=+VE BRIDGE Pin=PGA204_Channel2-5
Added Pin To Net: NetName=GND Pin=PGA204_Channel2-6
Added Pin To Net: NetName=GND Pin=PGA204_Channel2-7
Added Pin To Net: NetName=VCC- Pin=PGA204_Channel2-8
Added Pin To Net: NetName=GND Pin=PGA204_Channel2-9
Added Pin To Net: NetName=GND Pin=PGA204_Channel2-10
Added Pin To Net: NetName=VCC+ Pin=PGA204_Channel2-13
Added Pin To Net: NetName=GND Pin=PGA204_Channel2-14
Added Pin To Net: NetName=A0 Pin=PGA204_Channel2-15
Added Pin To Net: NetName=A1 Pin=PGA204_Channel2-16
Added Pin To Net: NetName=PRESSURE 1 Pin=R2_Channel2-0
Added Pin To Net: NetName=NetPGA204_Channel1_11 Pin=PGA204_Channel1-11
Added Pin To Net: NetName=NetPGA204_Channel1_11 Pin=PGA204_Channel1-12
Added Pin To Net: NetName=NetPGA204_Channel1_11 Pin=R2_Channel1-1
Added Net: Name=NetPGA204_Channel1_11
Added Pin To Net: NetName=NetPGA204_Channel2_11 Pin=PGA204_Channel2-11
Added Pin To Net: NetName=NetPGA204_Channel2_11 Pin=PGA204_Channel2-12
Added Pin To Net: NetName=NetPGA204_Channel2_11 Pin=R2_Channel2-1
Added Net: Name=NetPGA204_Channel2_11
Added Pin To Net: NetName=PRESSURE 2 Pin=C11_Channel1-1
Added Pin To Net: NetName=PRESSURE 2 Pin=R2_Channel1-0
Added Net: Name=PRESSURE 2
Added Class: Name=Channel1
Added Class: Name=Channel2
Added Class: Name=Amplifier
Added Room: Name=Channel1
Added Room: Name=Channel2
