Removed Member From Class: ClassName=Stub Tester Member=H1
Added Component: Designator=P1(XG4C26)
Added Pin To Net: NetName=PRESSURE 1 Pin=P1-1
Added Pin To Net: NetName=PRESSURE 2 Pin=P1-2
Added Pin To Net: NetName=PRESSURE 3 Pin=P1-3
Added Pin To Net: NetName=PRESSURE 4 Pin=P1-4
Added Pin To Net: NetName=PRESSURE 7 Pin=P1-5
Added Pin To Net: NetName=PRESSURE 8 Pin=P1-6
Added Pin To Net: NetName=GND Pin=P1-7
Added Pin To Net: NetName=PRESSURE 6 Pin=P1-8
Added Pin To Net: NetName=GND Pin=P1-9
Added Pin To Net: NetName=PRESSURE 5 Pin=P1-10
Added Pin To Net: NetName=GND Pin=P1-11
Added Pin To Net: NetName=PRESSURE 12 Pin=P1-12
Added Pin To Net: NetName=VEXCITE Pin=P1-13
Added Pin To Net: NetName=PRESSURE 11 Pin=P1-14
Added Pin To Net: NetName=VCC- Pin=P1-15
Added Pin To Net: NetName=PRESSURE 10 Pin=P1-16
Added Pin To Net: NetName=VCC+ Pin=P1-17
Added Pin To Net: NetName=PRESSURE 9 Pin=P1-18
Added Pin To Net: NetName=CONT1 Pin=P1-19
Added Pin To Net: NetName=PRESSURE 16 Pin=P1-20
Added Pin To Net: NetName=A0 Pin=P1-21
Added Pin To Net: NetName=PRESSURE 15 Pin=P1-22
Added Pin To Net: NetName=A1 Pin=P1-23
Added Pin To Net: NetName=PRESSURE 14 Pin=P1-24
Added Pin To Net: NetName=CONT2 Pin=P1-25
Added Pin To Net: NetName=PRESSURE 13 Pin=P1-26
Added Member To Class: ClassName=Stub Tester Member=Component P1 XG4C26
