Added Component: Designator=H3(Header2x8)
Added Component: Designator=H4(Header2x8)
Added Component: Designator=S1(MS5611)
Added Component: Designator=S2(MS5611)
Added Component: Designator=S3(MS5611)
Added Component: Designator=S4(MS5611)
Added Component: Designator=S5(MS5611)
Added Component: Designator=S6(MS5611)
Added Component: Designator=S7(MS5611)
Added Component: Designator=S8(MS5611)
Added Component: Designator=S9(MS5611)
Added Component: Designator=S10(MS5611)
Added Component: Designator=S11(MS5803)
Added Component: Designator=S12(MS5803)
Added Component: Designator=S13(MS5803)
Added Component: Designator=S14(MS5803)
Added Component: Designator=S15(MS5803)
Added Component: Designator=S16(MS5803)
Added Component: Designator=S17(MS5803)
Added Component: Designator=S18(MS5803)
Added Component: Designator=S19(MS5803)
Added Component: Designator=S20(MS5803)
Added Pin To Net: NetName=CS1 Pin=H3-0
Added Pin To Net: NetName=CS2 Pin=H3-1
Added Pin To Net: NetName=CS3 Pin=H3-2
Added Pin To Net: NetName=CS4 Pin=H3-3
Added Pin To Net: NetName=CS5 Pin=H3-4
Added Pin To Net: NetName=CS6 Pin=H3-5
Added Pin To Net: NetName=CS7 Pin=H3-6
Added Pin To Net: NetName=CS8 Pin=H3-7
Added Pin To Net: NetName=CS9 Pin=H3-8
Added Pin To Net: NetName=CS10 Pin=H3-9
Added Pin To Net: NetName=GND Pin=H3-13
Added Pin To Net: NetName=GND Pin=H3-14
Added Pin To Net: NetName=VCC+ Pin=H3-15
Added Pin To Net: NetName=CS11 Pin=H4-0
Added Pin To Net: NetName=CS12 Pin=H4-1
Added Pin To Net: NetName=CS13 Pin=H4-2
Added Pin To Net: NetName=CS14 Pin=H4-3
Added Pin To Net: NetName=CS15 Pin=H4-4
Added Pin To Net: NetName=CS16 Pin=H4-5
Added Pin To Net: NetName=CS17 Pin=H4-6
Added Pin To Net: NetName=CS18 Pin=H4-7
Added Pin To Net: NetName=CS19 Pin=H4-8
Added Pin To Net: NetName=CS20 Pin=H4-9
Added Pin To Net: NetName=GND Pin=H4-13
Added Pin To Net: NetName=GND Pin=H4-14
Added Pin To Net: NetName=VCC+ Pin=H4-15
Added Pin To Net: NetName=VCC+ Pin=S1-1
Added Pin To Net: NetName=GND Pin=S1-2
Added Pin To Net: NetName=GND Pin=S1-3
Added Pin To Net: NetName=CS1 Pin=S1-4
Added Pin To Net: NetName=CS1 Pin=S1-5
Added Pin To Net: NetName=VCC+ Pin=S2-1
Added Pin To Net: NetName=GND Pin=S2-2
Added Pin To Net: NetName=GND Pin=S2-3
Added Pin To Net: NetName=CS2 Pin=S2-4
Added Pin To Net: NetName=CS2 Pin=S2-5
Added Pin To Net: NetName=VCC+ Pin=S3-1
Added Pin To Net: NetName=GND Pin=S3-2
Added Pin To Net: NetName=GND Pin=S3-3
Added Pin To Net: NetName=CS3 Pin=S3-4
Added Pin To Net: NetName=CS3 Pin=S3-5
Added Pin To Net: NetName=VCC+ Pin=S4-1
Added Pin To Net: NetName=GND Pin=S4-2
Added Pin To Net: NetName=GND Pin=S4-3
Added Pin To Net: NetName=CS4 Pin=S4-4
Added Pin To Net: NetName=CS4 Pin=S4-5
Added Pin To Net: NetName=VCC+ Pin=S5-1
Added Pin To Net: NetName=GND Pin=S5-2
Added Pin To Net: NetName=GND Pin=S5-3
Added Pin To Net: NetName=CS5 Pin=S5-4
Added Pin To Net: NetName=CS5 Pin=S5-5
Added Pin To Net: NetName=VCC+ Pin=S6-1
Added Pin To Net: NetName=GND Pin=S6-2
Added Pin To Net: NetName=GND Pin=S6-3
Added Pin To Net: NetName=CS6 Pin=S6-4
Added Pin To Net: NetName=CS6 Pin=S6-5
Added Pin To Net: NetName=VCC+ Pin=S7-1
Added Pin To Net: NetName=GND Pin=S7-2
Added Pin To Net: NetName=GND Pin=S7-3
Added Pin To Net: NetName=CS7 Pin=S7-4
Added Pin To Net: NetName=CS7 Pin=S7-5
Added Pin To Net: NetName=MOSI Pin=S7-6
Added Pin To Net: NetName=MISO Pin=S7-7
Added Pin To Net: NetName=SCLK Pin=S7-8
Added Pin To Net: NetName=VCC+ Pin=S8-1
Added Pin To Net: NetName=GND Pin=S8-2
Added Pin To Net: NetName=GND Pin=S8-3
Added Pin To Net: NetName=CS8 Pin=S8-4
Added Pin To Net: NetName=CS8 Pin=S8-5
Added Pin To Net: NetName=MOSI Pin=S8-6
Added Pin To Net: NetName=MISO Pin=S8-7
Added Pin To Net: NetName=SCLK Pin=S8-8
Added Pin To Net: NetName=VCC+ Pin=S9-1
Added Pin To Net: NetName=GND Pin=S9-2
Added Pin To Net: NetName=GND Pin=S9-3
Added Pin To Net: NetName=CS9 Pin=S9-4
Added Pin To Net: NetName=CS9 Pin=S9-5
Added Pin To Net: NetName=VCC+ Pin=S10-1
Added Pin To Net: NetName=GND Pin=S10-2
Added Pin To Net: NetName=GND Pin=S10-3
Added Pin To Net: NetName=CS10 Pin=S10-4
Added Pin To Net: NetName=CS10 Pin=S10-5
Added Pin To Net: NetName=GND Pin=S11-2
Added Pin To Net: NetName=CS11 Pin=S11-3
Added Pin To Net: NetName=VCC+ Pin=S11-5
Added Pin To Net: NetName=GND Pin=S11-6
Added Pin To Net: NetName=GND Pin=S12-2
Added Pin To Net: NetName=CS12 Pin=S12-3
Added Pin To Net: NetName=VCC+ Pin=S12-5
Added Pin To Net: NetName=GND Pin=S12-6
Added Pin To Net: NetName=GND Pin=S13-2
Added Pin To Net: NetName=CS13 Pin=S13-3
Added Pin To Net: NetName=VCC+ Pin=S13-5
Added Pin To Net: NetName=GND Pin=S13-6
Added Pin To Net: NetName=GND Pin=S14-2
Added Pin To Net: NetName=CS14 Pin=S14-3
Added Pin To Net: NetName=VCC+ Pin=S14-5
Added Pin To Net: NetName=GND Pin=S14-6
Added Pin To Net: NetName=GND Pin=S15-2
Added Pin To Net: NetName=CS15 Pin=S15-3
Added Pin To Net: NetName=VCC+ Pin=S15-5
Added Pin To Net: NetName=GND Pin=S15-6
Added Pin To Net: NetName=GND Pin=S16-2
Added Pin To Net: NetName=CS16 Pin=S16-3
Added Pin To Net: NetName=VCC+ Pin=S16-5
Added Pin To Net: NetName=GND Pin=S16-6
Added Pin To Net: NetName=GND Pin=S17-2
Added Pin To Net: NetName=CS17 Pin=S17-3
Added Pin To Net: NetName=VCC+ Pin=S17-5
Added Pin To Net: NetName=GND Pin=S17-6
Added Pin To Net: NetName=GND Pin=S18-2
Added Pin To Net: NetName=CS18 Pin=S18-3
Added Pin To Net: NetName=VCC+ Pin=S18-5
Added Pin To Net: NetName=GND Pin=S18-6
Added Pin To Net: NetName=GND Pin=S19-2
Added Pin To Net: NetName=CS19 Pin=S19-3
Added Pin To Net: NetName=VCC+ Pin=S19-5
Added Pin To Net: NetName=GND Pin=S19-6
Added Pin To Net: NetName=GND Pin=S20-2
Added Pin To Net: NetName=CS20 Pin=S20-3
Added Pin To Net: NetName=VCC+ Pin=S20-5
Added Pin To Net: NetName=GND Pin=S20-6
Added Pin To Net: NetName=MISO1 Pin=H3-11
Added Pin To Net: NetName=MISO1 Pin=S1-7
Added Pin To Net: NetName=MISO1 Pin=S2-7
Added Pin To Net: NetName=MISO1 Pin=S3-7
Added Pin To Net: NetName=MISO1 Pin=S4-7
Added Pin To Net: NetName=MISO1 Pin=S5-7
Added Pin To Net: NetName=MISO1 Pin=S6-7
Added Pin To Net: NetName=MISO1 Pin=S9-7
Added Pin To Net: NetName=MISO1 Pin=S10-7
Added Net: Name=MISO1
Added Pin To Net: NetName=MOSI1 Pin=H3-12
Added Pin To Net: NetName=MOSI1 Pin=S1-6
Added Pin To Net: NetName=MOSI1 Pin=S2-6
Added Pin To Net: NetName=MOSI1 Pin=S3-6
Added Pin To Net: NetName=MOSI1 Pin=S4-6
Added Pin To Net: NetName=MOSI1 Pin=S5-6
Added Pin To Net: NetName=MOSI1 Pin=S6-6
Added Pin To Net: NetName=MOSI1 Pin=S9-6
Added Pin To Net: NetName=MOSI1 Pin=S10-6
Added Net: Name=MOSI1
Added Pin To Net: NetName=SCLK1 Pin=H3-10
Added Pin To Net: NetName=SCLK1 Pin=S1-8
Added Pin To Net: NetName=SCLK1 Pin=S2-8
Added Pin To Net: NetName=SCLK1 Pin=S3-8
Added Pin To Net: NetName=SCLK1 Pin=S4-8
Added Pin To Net: NetName=SCLK1 Pin=S5-8
Added Pin To Net: NetName=SCLK1 Pin=S6-8
Added Pin To Net: NetName=SCLK1 Pin=S9-8
Added Pin To Net: NetName=SCLK1 Pin=S10-8
Added Net: Name=SCLK1
Added Member To Class: ClassName=MS5611 Member=Component H3 Header2x8
Added Member To Class: ClassName=MS5803 Member=Component H4 Header2x8
Added Member To Class: ClassName=MS5611 Member=Component S1 MS5611
Added Member To Class: ClassName=MS5611 Member=Component S2 MS5611
Added Member To Class: ClassName=MS5611 Member=Component S3 MS5611
Added Member To Class: ClassName=MS5611 Member=Component S4 MS5611
Added Member To Class: ClassName=MS5611 Member=Component S5 MS5611
Added Member To Class: ClassName=MS5611 Member=Component S6 MS5611
Added Member To Class: ClassName=MS5611 Member=Component S7 MS5611
Added Member To Class: ClassName=MS5611 Member=Component S8 MS5611
Added Member To Class: ClassName=MS5611 Member=Component S9 MS5611
Added Member To Class: ClassName=MS5611 Member=Component S10 MS5611
Added Member To Class: ClassName=MS5803 Member=Component S11 MS5803
Added Member To Class: ClassName=MS5803 Member=Component S12 MS5803
Added Member To Class: ClassName=MS5803 Member=Component S13 MS5803
Added Member To Class: ClassName=MS5803 Member=Component S14 MS5803
Added Member To Class: ClassName=MS5803 Member=Component S15 MS5803
Added Member To Class: ClassName=MS5803 Member=Component S16 MS5803
Added Member To Class: ClassName=MS5803 Member=Component S17 MS5803
Added Member To Class: ClassName=MS5803 Member=Component S18 MS5803
Added Member To Class: ClassName=MS5803 Member=Component S19 MS5803
Added Member To Class: ClassName=MS5803 Member=Component S20 MS5803
Added Room: Name=MS5611
Added Room: Name=MS5803
