Removed Pin From Net: NetName=LED CONT Pin=HL1-0
Removed Pin From Net: NetName=LED CONT Pin=ML2-1
Removed Pin From Net: NetName=VCC+ Pin=ML2-3
Removed Pin From Net: NetName=LED CONT Pin=ML3-1
Removed Pin From Net: NetName=VCC+ Pin=ML3-3
Removed Pin From Net: NetName=LED CONT Pin=ML4-1
Removed Pin From Net: NetName=VCC+ Pin=ML4-3
Removed Pin From Net: NetName=LED CONT Pin=ML5-1
Removed Pin From Net: NetName=VCC+ Pin=ML5-3
Removed Pin From Net: NetName=LED CONT Pin=ML6-1
Removed Pin From Net: NetName=VCC+ Pin=ML6-3
Removed Pin From Net: NetName=LED CONT Pin=ML7-1
Removed Pin From Net: NetName=VCC+ Pin=ML7-3
Removed Pin From Net: NetName=LED CONT Pin=ML8-1
Removed Pin From Net: NetName=VCC+ Pin=ML8-3
Removed Pin From Net: NetName=LED CONT Pin=ML9-1
Removed Pin From Net: NetName=VCC+ Pin=ML9-3
Removed Pin From Net: NetName=LED CONT Pin=ML10-1
Removed Pin From Net: NetName=VCC+ Pin=ML10-3
Removed Pin From Net: NetName=LED CONT Pin=ML11-1
Removed Pin From Net: NetName=VCC+ Pin=ML11-3
Removed Pin From Net: NetName=LED CONT Pin=ML12-1
Removed Pin From Net: NetName=VCC+ Pin=ML12-3
Removed Pin From Net: NetName=LED CONT Pin=ML13-1
Removed Pin From Net: NetName=VCC+ Pin=ML13-3
Removed Pin From Net: NetName=LED CONT Pin=ML14-1
Removed Pin From Net: NetName=VCC+ Pin=ML14-3
Removed Pin From Net: NetName=LED CONT Pin=ML15-1
Removed Pin From Net: NetName=VCC+ Pin=ML15-3
Removed Pin From Net: NetName=LED CONT Pin=ML16-1
Removed Pin From Net: NetName=VCC+ Pin=ML16-3
Removed Pin From Net: NetName=GND Pin=RL2-1
Removed Pin From Net: NetName=GND Pin=RL3-1
Removed Pin From Net: NetName=GND Pin=RL4-1
Removed Pin From Net: NetName=GND Pin=RL5-1
Removed Pin From Net: NetName=GND Pin=RL6-1
Removed Pin From Net: NetName=GND Pin=RL7-1
Removed Pin From Net: NetName=GND Pin=RL8-1
Removed Pin From Net: NetName=GND Pin=RL9-1
Removed Pin From Net: NetName=GND Pin=RL10-1
Removed Pin From Net: NetName=GND Pin=RL11-1
Removed Pin From Net: NetName=GND Pin=RL12-1
Removed Pin From Net: NetName=GND Pin=RL13-1
Removed Pin From Net: NetName=GND Pin=RL14-1
Removed Pin From Net: NetName=GND Pin=RL15-1
Removed Pin From Net: NetName=GND Pin=RL16-1
Removed Member From Class: ClassName=LED Member=HL1
Removed Member From Class: ClassName=LED Member=L2
Removed Member From Class: ClassName=LED Member=L3
Removed Member From Class: ClassName=LED Member=L4
Removed Member From Class: ClassName=LED Member=L5
Removed Member From Class: ClassName=LED Member=L6
Removed Member From Class: ClassName=LED Member=L7
Removed Member From Class: ClassName=LED Member=L8
Removed Member From Class: ClassName=LED Member=L9
Removed Member From Class: ClassName=LED Member=L10
Removed Member From Class: ClassName=LED Member=L11
Removed Member From Class: ClassName=LED Member=L12
Removed Member From Class: ClassName=LED Member=L13
Removed Member From Class: ClassName=LED Member=L14
Removed Member From Class: ClassName=LED Member=L15
Removed Member From Class: ClassName=LED Member=L16
Removed Member From Class: ClassName=LED Member=ML2
Removed Member From Class: ClassName=LED Member=ML3
Removed Member From Class: ClassName=LED Member=ML4
Removed Member From Class: ClassName=LED Member=ML5
Removed Member From Class: ClassName=LED Member=ML6
Removed Member From Class: ClassName=LED Member=ML7
Removed Member From Class: ClassName=LED Member=ML8
Removed Member From Class: ClassName=LED Member=ML9
Removed Member From Class: ClassName=LED Member=ML10
Removed Member From Class: ClassName=LED Member=ML11
Removed Member From Class: ClassName=LED Member=ML12
Removed Member From Class: ClassName=LED Member=ML13
Removed Member From Class: ClassName=LED Member=ML14
Removed Member From Class: ClassName=LED Member=ML15
Removed Member From Class: ClassName=LED Member=ML16
Removed Member From Class: ClassName=LED Member=RL2
Removed Member From Class: ClassName=LED Member=RL3
Removed Member From Class: ClassName=LED Member=RL4
Removed Member From Class: ClassName=LED Member=RL5
Removed Member From Class: ClassName=LED Member=RL6
Removed Member From Class: ClassName=LED Member=RL7
Removed Member From Class: ClassName=LED Member=RL8
Removed Member From Class: ClassName=LED Member=RL9
Removed Member From Class: ClassName=LED Member=RL10
Removed Member From Class: ClassName=LED Member=RL11
Removed Member From Class: ClassName=LED Member=RL12
Removed Member From Class: ClassName=LED Member=RL13
Removed Member From Class: ClassName=LED Member=RL14
Removed Member From Class: ClassName=LED Member=RL15
Removed Member From Class: ClassName=LED Member=RL16
Added Room: Name=Commercial
Added Room: Name=LED
Added Room: Name=Standard Bridge Board
