Removed Pin From Net: NetName=LED CONT Pin=ML1-1
Removed Pin From Net: NetName=VCC+ Pin=ML1-3
Removed Pin From Net: NetName=GND Pin=RL1-1
Removed Member From Class: ClassName=LED1 Member=L1
Removed Member From Class: ClassName=LED1 Member=ML1
Removed Member From Class: ClassName=LED1 Member=RL1
Added Component: Designator=L1_LED1(OVSPWBCR44)
Added Component: Designator=L1_LED2(OVSPWBCR44)
Added Component: Designator=L1_LED3(OVSPWBCR44)
Added Component: Designator=L1_LED4(OVSPWBCR44)
Added Component: Designator=L1_LED5(OVSPWBCR44)
Added Component: Designator=L1_LED6(OVSPWBCR44)
Added Component: Designator=L1_LED7(OVSPWBCR44)
Added Component: Designator=L1_LED8(OVSPWBCR44)
Added Component: Designator=L1_LED9(OVSPWBCR44)
Added Component: Designator=L1_LED10(OVSPWBCR44)
Added Component: Designator=L1_LED11(OVSPWBCR44)
Added Component: Designator=L1_LED12(OVSPWBCR44)
Added Component: Designator=L1_LED13(OVSPWBCR44)
Added Component: Designator=L1_LED14(OVSPWBCR44)
Added Component: Designator=L1_LED15(OVSPWBCR44)
Added Component: Designator=L1_LED16(OVSPWBCR44)
Added Component: Designator=ML1_LED1(Si2304BDS)
Added Component: Designator=ML1_LED2(Si2304BDS)
Added Component: Designator=ML1_LED3(Si2304BDS)
Added Component: Designator=ML1_LED4(Si2304BDS)
Added Component: Designator=ML1_LED5(Si2304BDS)
Added Component: Designator=ML1_LED6(Si2304BDS)
Added Component: Designator=ML1_LED7(Si2304BDS)
Added Component: Designator=ML1_LED8(Si2304BDS)
Added Component: Designator=ML1_LED9(Si2304BDS)
Added Component: Designator=ML1_LED10(Si2304BDS)
Added Component: Designator=ML1_LED11(Si2304BDS)
Added Component: Designator=ML1_LED12(Si2304BDS)
Added Component: Designator=ML1_LED13(Si2304BDS)
Added Component: Designator=ML1_LED14(Si2304BDS)
Added Component: Designator=ML1_LED15(Si2304BDS)
Added Component: Designator=ML1_LED16(Si2304BDS)
Added Component: Designator=RL1_LED1(RT0603 330k)
Added Component: Designator=RL1_LED2(RT0603 330k)
Added Component: Designator=RL1_LED3(RT0603 330k)
Added Component: Designator=RL1_LED4(RT0603 330k)
Added Component: Designator=RL1_LED5(RT0603 330k)
Added Component: Designator=RL1_LED6(RT0603 330k)
Added Component: Designator=RL1_LED7(RT0603 330k)
Added Component: Designator=RL1_LED8(RT0603 330k)
Added Component: Designator=RL1_LED9(RT0603 330k)
Added Component: Designator=RL1_LED10(RT0603 330k)
Added Component: Designator=RL1_LED11(RT0603 330k)
Added Component: Designator=RL1_LED12(RT0603 330k)
Added Component: Designator=RL1_LED13(RT0603 330k)
Added Component: Designator=RL1_LED14(RT0603 330k)
Added Component: Designator=RL1_LED15(RT0603 330k)
Added Component: Designator=RL1_LED16(RT0603 330k)
Added Pin To Net: NetName=LED CONT Pin=ML1_LED1-1
Added Pin To Net: NetName=VCC+ Pin=ML1_LED1-3
Added Pin To Net: NetName=LED CONT Pin=ML1_LED2-1
Added Pin To Net: NetName=VCC+ Pin=ML1_LED2-3
Added Pin To Net: NetName=LED CONT Pin=ML1_LED3-1
Added Pin To Net: NetName=VCC+ Pin=ML1_LED3-3
Added Pin To Net: NetName=LED CONT Pin=ML1_LED4-1
Added Pin To Net: NetName=VCC+ Pin=ML1_LED4-3
Added Pin To Net: NetName=LED CONT Pin=ML1_LED5-1
Added Pin To Net: NetName=VCC+ Pin=ML1_LED5-3
Added Pin To Net: NetName=LED CONT Pin=ML1_LED6-1
Added Pin To Net: NetName=VCC+ Pin=ML1_LED6-3
Added Pin To Net: NetName=LED CONT Pin=ML1_LED7-1
Added Pin To Net: NetName=VCC+ Pin=ML1_LED7-3
Added Pin To Net: NetName=LED CONT Pin=ML1_LED8-1
Added Pin To Net: NetName=VCC+ Pin=ML1_LED8-3
Added Pin To Net: NetName=LED CONT Pin=ML1_LED9-1
Added Pin To Net: NetName=VCC+ Pin=ML1_LED9-3
Added Pin To Net: NetName=LED CONT Pin=ML1_LED10-1
Added Pin To Net: NetName=VCC+ Pin=ML1_LED10-3
Added Pin To Net: NetName=LED CONT Pin=ML1_LED11-1
Added Pin To Net: NetName=VCC+ Pin=ML1_LED11-3
Added Pin To Net: NetName=LED CONT Pin=ML1_LED12-1
Added Pin To Net: NetName=VCC+ Pin=ML1_LED12-3
Added Pin To Net: NetName=LED CONT Pin=ML1_LED13-1
Added Pin To Net: NetName=VCC+ Pin=ML1_LED13-3
Added Pin To Net: NetName=LED CONT Pin=ML1_LED14-1
Added Pin To Net: NetName=VCC+ Pin=ML1_LED14-3
Added Pin To Net: NetName=LED CONT Pin=ML1_LED15-1
Added Pin To Net: NetName=VCC+ Pin=ML1_LED15-3
Added Pin To Net: NetName=LED CONT Pin=ML1_LED16-1
Added Pin To Net: NetName=VCC+ Pin=ML1_LED16-3
Added Pin To Net: NetName=GND Pin=RL1_LED1-1
Added Pin To Net: NetName=GND Pin=RL1_LED2-1
Added Pin To Net: NetName=GND Pin=RL1_LED3-1
Added Pin To Net: NetName=GND Pin=RL1_LED4-1
Added Pin To Net: NetName=GND Pin=RL1_LED5-1
Added Pin To Net: NetName=GND Pin=RL1_LED6-1
Added Pin To Net: NetName=GND Pin=RL1_LED7-1
Added Pin To Net: NetName=GND Pin=RL1_LED8-1
Added Pin To Net: NetName=GND Pin=RL1_LED9-1
Added Pin To Net: NetName=GND Pin=RL1_LED10-1
Added Pin To Net: NetName=GND Pin=RL1_LED11-1
Added Pin To Net: NetName=GND Pin=RL1_LED12-1
Added Pin To Net: NetName=GND Pin=RL1_LED13-1
Added Pin To Net: NetName=GND Pin=RL1_LED14-1
Added Pin To Net: NetName=GND Pin=RL1_LED15-1
Added Pin To Net: NetName=GND Pin=RL1_LED16-1
Added Pin To Net: NetName=NetL1_LED1_0 Pin=L1_LED1-0
Added Pin To Net: NetName=NetL1_LED1_0 Pin=ML1_LED1-2
Added Net: Name=NetL1_LED1_0
Added Pin To Net: NetName=NetL1_LED1_1 Pin=L1_LED1-1
Added Pin To Net: NetName=NetL1_LED1_1 Pin=RL1_LED1-0
Added Net: Name=NetL1_LED1_1
Added Pin To Net: NetName=NetL1_LED2_0 Pin=L1_LED2-0
Added Pin To Net: NetName=NetL1_LED2_0 Pin=ML1_LED2-2
Added Net: Name=NetL1_LED2_0
Added Pin To Net: NetName=NetL1_LED2_1 Pin=L1_LED2-1
Added Pin To Net: NetName=NetL1_LED2_1 Pin=RL1_LED2-0
Added Net: Name=NetL1_LED2_1
Added Pin To Net: NetName=NetL1_LED3_0 Pin=L1_LED3-0
Added Pin To Net: NetName=NetL1_LED3_0 Pin=ML1_LED3-2
Added Net: Name=NetL1_LED3_0
Added Pin To Net: NetName=NetL1_LED3_1 Pin=L1_LED3-1
Added Pin To Net: NetName=NetL1_LED3_1 Pin=RL1_LED3-0
Added Net: Name=NetL1_LED3_1
Added Pin To Net: NetName=NetL1_LED4_0 Pin=L1_LED4-0
Added Pin To Net: NetName=NetL1_LED4_0 Pin=ML1_LED4-2
Added Net: Name=NetL1_LED4_0
Added Pin To Net: NetName=NetL1_LED4_1 Pin=L1_LED4-1
Added Pin To Net: NetName=NetL1_LED4_1 Pin=RL1_LED4-0
Added Net: Name=NetL1_LED4_1
Added Pin To Net: NetName=NetL1_LED5_0 Pin=L1_LED5-0
Added Pin To Net: NetName=NetL1_LED5_0 Pin=ML1_LED5-2
Added Net: Name=NetL1_LED5_0
Added Pin To Net: NetName=NetL1_LED5_1 Pin=L1_LED5-1
Added Pin To Net: NetName=NetL1_LED5_1 Pin=RL1_LED5-0
Added Net: Name=NetL1_LED5_1
Added Pin To Net: NetName=NetL1_LED6_0 Pin=L1_LED6-0
Added Pin To Net: NetName=NetL1_LED6_0 Pin=ML1_LED6-2
Added Net: Name=NetL1_LED6_0
Added Pin To Net: NetName=NetL1_LED6_1 Pin=L1_LED6-1
Added Pin To Net: NetName=NetL1_LED6_1 Pin=RL1_LED6-0
Added Net: Name=NetL1_LED6_1
Added Pin To Net: NetName=NetL1_LED7_0 Pin=L1_LED7-0
Added Pin To Net: NetName=NetL1_LED7_0 Pin=ML1_LED7-2
Added Net: Name=NetL1_LED7_0
Added Pin To Net: NetName=NetL1_LED7_1 Pin=L1_LED7-1
Added Pin To Net: NetName=NetL1_LED7_1 Pin=RL1_LED7-0
Added Net: Name=NetL1_LED7_1
Added Pin To Net: NetName=NetL1_LED8_0 Pin=L1_LED8-0
Added Pin To Net: NetName=NetL1_LED8_0 Pin=ML1_LED8-2
Added Net: Name=NetL1_LED8_0
Added Pin To Net: NetName=NetL1_LED8_1 Pin=L1_LED8-1
Added Pin To Net: NetName=NetL1_LED8_1 Pin=RL1_LED8-0
Added Net: Name=NetL1_LED8_1
Added Pin To Net: NetName=NetL1_LED9_0 Pin=L1_LED9-0
Added Pin To Net: NetName=NetL1_LED9_0 Pin=ML1_LED9-2
Added Net: Name=NetL1_LED9_0
Added Pin To Net: NetName=NetL1_LED9_1 Pin=L1_LED9-1
Added Pin To Net: NetName=NetL1_LED9_1 Pin=RL1_LED9-0
Added Net: Name=NetL1_LED9_1
Added Pin To Net: NetName=NetL1_LED10_0 Pin=L1_LED10-0
Added Pin To Net: NetName=NetL1_LED10_0 Pin=ML1_LED10-2
Added Net: Name=NetL1_LED10_0
Added Pin To Net: NetName=NetL1_LED10_1 Pin=L1_LED10-1
Added Pin To Net: NetName=NetL1_LED10_1 Pin=RL1_LED10-0
Added Net: Name=NetL1_LED10_1
Added Pin To Net: NetName=NetL1_LED11_0 Pin=L1_LED11-0
Added Pin To Net: NetName=NetL1_LED11_0 Pin=ML1_LED11-2
Added Net: Name=NetL1_LED11_0
Added Pin To Net: NetName=NetL1_LED11_1 Pin=L1_LED11-1
Added Pin To Net: NetName=NetL1_LED11_1 Pin=RL1_LED11-0
Added Net: Name=NetL1_LED11_1
Added Pin To Net: NetName=NetL1_LED12_0 Pin=L1_LED12-0
Added Pin To Net: NetName=NetL1_LED12_0 Pin=ML1_LED12-2
Added Net: Name=NetL1_LED12_0
Added Pin To Net: NetName=NetL1_LED12_1 Pin=L1_LED12-1
Added Pin To Net: NetName=NetL1_LED12_1 Pin=RL1_LED12-0
Added Net: Name=NetL1_LED12_1
Added Pin To Net: NetName=NetL1_LED13_0 Pin=L1_LED13-0
Added Pin To Net: NetName=NetL1_LED13_0 Pin=ML1_LED13-2
Added Net: Name=NetL1_LED13_0
Added Pin To Net: NetName=NetL1_LED13_1 Pin=L1_LED13-1
Added Pin To Net: NetName=NetL1_LED13_1 Pin=RL1_LED13-0
Added Net: Name=NetL1_LED13_1
Added Pin To Net: NetName=NetL1_LED14_0 Pin=L1_LED14-0
Added Pin To Net: NetName=NetL1_LED14_0 Pin=ML1_LED14-2
Added Net: Name=NetL1_LED14_0
Added Pin To Net: NetName=NetL1_LED14_1 Pin=L1_LED14-1
Added Pin To Net: NetName=NetL1_LED14_1 Pin=RL1_LED14-0
Added Net: Name=NetL1_LED14_1
Added Pin To Net: NetName=NetL1_LED15_0 Pin=L1_LED15-0
Added Pin To Net: NetName=NetL1_LED15_0 Pin=ML1_LED15-2
Added Net: Name=NetL1_LED15_0
Added Pin To Net: NetName=NetL1_LED15_1 Pin=L1_LED15-1
Added Pin To Net: NetName=NetL1_LED15_1 Pin=RL1_LED15-0
Added Net: Name=NetL1_LED15_1
Added Pin To Net: NetName=NetL1_LED16_0 Pin=L1_LED16-0
Added Pin To Net: NetName=NetL1_LED16_0 Pin=ML1_LED16-2
Added Net: Name=NetL1_LED16_0
Added Pin To Net: NetName=NetL1_LED16_1 Pin=L1_LED16-1
Added Pin To Net: NetName=NetL1_LED16_1 Pin=RL1_LED16-0
Added Net: Name=NetL1_LED16_1
Added Class: Name=LED2
Added Class: Name=LED3
Added Class: Name=LED4
Added Class: Name=LED5
Added Class: Name=LED6
Added Class: Name=LED7
Added Class: Name=LED8
Added Class: Name=LED9
Added Class: Name=LED10
Added Class: Name=LED11
Added Class: Name=LED12
Added Class: Name=LED13
Added Class: Name=LED14
Added Class: Name=LED15
Added Class: Name=LED16
Added Class: Name=LED Board
Added Member To Class: ClassName=LED1 Member=Component L1_LED1 (L1) OVSPWBCR44
Added Member To Class: ClassName=LED1 Member=Component ML1_LED1 (ML1) Si2304BDS
Added Member To Class: ClassName=LED1 Member=Component RL1_LED1 (RL1) 2.87
Added Room: Name=LED2
Added Room: Name=LED3
Added Room: Name=LED4
Added Room: Name=LED5
Added Room: Name=LED6
Added Room: Name=LED7
Added Room: Name=LED8
Added Room: Name=LED9
Added Room: Name=LED10
Added Room: Name=LED11
Added Room: Name=LED12
Added Room: Name=LED13
Added Room: Name=LED14
Added Room: Name=LED15
Added Room: Name=LED16
