Removed Pin From Net: NetName=MISO Pin=S7-7
Removed Pin From Net: NetName=SCLK Pin=S7-8
Removed Pin From Net: NetName=MISO Pin=S8-7
Removed Pin From Net: NetName=SCLK Pin=S8-8
Added Pin To Net: NetName=SCLK Pin=H4-10
Added Pin To Net: NetName=MISO Pin=H4-11
Added Pin To Net: NetName=MISO1 Pin=S7-7
Added Pin To Net: NetName=SCLK1 Pin=S7-8
Added Pin To Net: NetName=MISO1 Pin=S8-7
Added Pin To Net: NetName=SCLK1 Pin=S8-8
Added Pin To Net: NetName=SCLK Pin=S11-1
Added Pin To Net: NetName=MISO Pin=S11-7
Added Pin To Net: NetName=SCLK Pin=S12-1
Added Pin To Net: NetName=MISO Pin=S12-7
Added Pin To Net: NetName=SCLK Pin=S13-1
Added Pin To Net: NetName=MISO Pin=S13-7
Added Pin To Net: NetName=SCLK Pin=S14-1
Added Pin To Net: NetName=MISO Pin=S14-7
Added Pin To Net: NetName=SCLK Pin=S15-1
Added Pin To Net: NetName=MISO Pin=S15-7
Added Pin To Net: NetName=SCLK Pin=S16-1
Added Pin To Net: NetName=MISO Pin=S16-7
Added Pin To Net: NetName=SCLK Pin=S17-1
Added Pin To Net: NetName=MISO Pin=S17-7
Added Pin To Net: NetName=SCLK Pin=S18-1
Added Pin To Net: NetName=MISO Pin=S18-7
Added Pin To Net: NetName=SCLK Pin=S19-1
Added Pin To Net: NetName=MISO Pin=S19-7
Added Pin To Net: NetName=SCLK Pin=S20-1
Added Pin To Net: NetName=MISO Pin=S20-7
