Added Component: Designator=C10_C2(C0603 1uF)
Added Component: Designator=C11_C2(C0603 1uF)
Added Component: Designator=C12_C2(C0603 1uF)
Added Component: Designator=H1_C2(Header1x4)
Added Component: Designator=PGA204_C2(PGA204)
Added Component: Designator=R2_C2(RT0603 330k)
Added Pin To Net: NetName=GND Pin=C10_C2-0
Added Pin To Net: NetName=VCC+ Pin=C10_C2-1
Added Pin To Net: NetName=GND Pin=C11_C2-0
Added Pin To Net: NetName=NetC11_C2_1 Pin=C11_C2-1
Added Pin To Net: NetName=GND Pin=C12_C2-0
Added Pin To Net: NetName=VCC- Pin=C12_C2-1
Added Pin To Net: NetName=GND Pin=H1_C2-0
Added Pin To Net: NetName=NetH1_C2_1 Pin=H1_C2-1
Added Pin To Net: NetName=NetH1_C2_2 Pin=H1_C2-2
Added Pin To Net: NetName=VEXCITE Pin=H1_C2-3
Added Pin To Net: NetName=GND Pin=PGA204_C2-1
Added Pin To Net: NetName=NetH1_C2_1 Pin=PGA204_C2-4
Added Pin To Net: NetName=NetH1_C2_2 Pin=PGA204_C2-5
Added Pin To Net: NetName=GND Pin=PGA204_C2-6
Added Pin To Net: NetName=GND Pin=PGA204_C2-7
Added Pin To Net: NetName=VCC- Pin=PGA204_C2-8
Added Pin To Net: NetName=GND Pin=PGA204_C2-9
Added Pin To Net: NetName=GND Pin=PGA204_C2-10
Added Pin To Net: NetName=NetPGA204_C2_11 Pin=PGA204_C2-11
Added Pin To Net: NetName=NetPGA204_C2_11 Pin=PGA204_C2-12
Added Pin To Net: NetName=VCC+ Pin=PGA204_C2-13
Added Pin To Net: NetName=GND Pin=PGA204_C2-14
Added Pin To Net: NetName=NetPGA204_C2_15 Pin=PGA204_C2-15
Added Pin To Net: NetName=NetPGA204_C2_16 Pin=PGA204_C2-16
Added Pin To Net: NetName=NetC11_C2_1 Pin=R2_C2-0
Added Pin To Net: NetName=NetPGA204_C2_11 Pin=R2_C2-1
Added Member To Class: ClassName=C1 Member=Component C10_C1 (C10) C0603 1uF
Added Member To Class: ClassName=C2 Member=Component C10_C2 (C10) C0603 1uF
Added Member To Class: ClassName=C1 Member=Component C11_C1 (C11) 1uF
Added Member To Class: ClassName=C2 Member=Component C11_C2 (C11) 1uF
Added Member To Class: ClassName=C1 Member=Component C12_C1 (C12) C0603 1uF
Added Member To Class: ClassName=C2 Member=Component C12_C2 (C12) C0603 1uF
Added Member To Class: ClassName=C1 Member=Component H1_C1 (H1) Die Stub H
Added Member To Class: ClassName=C2 Member=Component H1_C2 (H1) Die Stub H
Added Member To Class: ClassName=C1 Member=Component PGA204_C1 (PGA204) PGA204
Added Member To Class: ClassName=C2 Member=Component PGA204_C2 (PGA204) PGA204
Added Member To Class: ClassName=C1 Member=Component R2_C1 (R2) 1k
Added Member To Class: ClassName=C2 Member=Component R2_C2 (R2) 1k
Added Room: Name=C2
Added Room: Name=Stub Tester 2
