Added Component: Designator=H4(Header2x8)
Added Component: Designator=S11(MS5803)
Added Component: Designator=S12(MS5803)
Added Component: Designator=S13(MS5803)
Added Component: Designator=S14(MS5803)
Added Component: Designator=S15(MS5803)
Added Component: Designator=S16(MS5803)
Added Component: Designator=S17(MS5803)
Added Component: Designator=S18(MS5803)
Added Component: Designator=S19(MS5803)
Added Component: Designator=S20(MS5803)
Added Pin To Net: NetName=GND Pin=H4-13
Added Pin To Net: NetName=GND Pin=H4-14
Added Pin To Net: NetName=VCC+ Pin=H4-15
Added Pin To Net: NetName=GND Pin=S11-2
Added Pin To Net: NetName=VCC+ Pin=S11-5
Added Pin To Net: NetName=GND Pin=S11-6
Added Pin To Net: NetName=GND Pin=S12-2
Added Pin To Net: NetName=VCC+ Pin=S12-5
Added Pin To Net: NetName=GND Pin=S12-6
Added Pin To Net: NetName=GND Pin=S13-2
Added Pin To Net: NetName=VCC+ Pin=S13-5
Added Pin To Net: NetName=GND Pin=S13-6
Added Pin To Net: NetName=GND Pin=S14-2
Added Pin To Net: NetName=VCC+ Pin=S14-5
Added Pin To Net: NetName=GND Pin=S14-6
Added Pin To Net: NetName=GND Pin=S15-2
Added Pin To Net: NetName=VCC+ Pin=S15-5
Added Pin To Net: NetName=GND Pin=S15-6
Added Pin To Net: NetName=GND Pin=S16-2
Added Pin To Net: NetName=VCC+ Pin=S16-5
Added Pin To Net: NetName=GND Pin=S16-6
Added Pin To Net: NetName=GND Pin=S17-2
Added Pin To Net: NetName=VCC+ Pin=S17-5
Added Pin To Net: NetName=GND Pin=S17-6
Added Pin To Net: NetName=GND Pin=S18-2
Added Pin To Net: NetName=VCC+ Pin=S18-5
Added Pin To Net: NetName=GND Pin=S18-6
Added Pin To Net: NetName=GND Pin=S19-2
Added Pin To Net: NetName=VCC+ Pin=S19-5
Added Pin To Net: NetName=GND Pin=S19-6
Added Pin To Net: NetName=GND Pin=S20-2
Added Pin To Net: NetName=VCC+ Pin=S20-5
Added Pin To Net: NetName=GND Pin=S20-6
Added Pin To Net: NetName=CS11 Pin=H4-0
Added Pin To Net: NetName=CS11 Pin=S11-3
Added Net: Name=CS11
Added Pin To Net: NetName=CS12 Pin=H4-1
Added Pin To Net: NetName=CS12 Pin=S12-3
Added Net: Name=CS12
Added Pin To Net: NetName=CS13 Pin=H4-2
Added Pin To Net: NetName=CS13 Pin=S13-3
Added Net: Name=CS13
Added Pin To Net: NetName=CS14 Pin=H4-3
Added Pin To Net: NetName=CS14 Pin=S14-3
Added Net: Name=CS14
Added Pin To Net: NetName=CS15 Pin=H4-4
Added Pin To Net: NetName=CS15 Pin=S15-3
Added Net: Name=CS15
Added Pin To Net: NetName=CS16 Pin=H4-5
Added Pin To Net: NetName=CS16 Pin=S16-3
Added Net: Name=CS16
Added Pin To Net: NetName=CS17 Pin=H4-6
Added Pin To Net: NetName=CS17 Pin=S17-3
Added Net: Name=CS17
Added Pin To Net: NetName=CS18 Pin=H4-7
Added Pin To Net: NetName=CS18 Pin=S18-3
Added Net: Name=CS18
Added Pin To Net: NetName=CS19 Pin=H4-8
Added Pin To Net: NetName=CS19 Pin=S19-3
Added Net: Name=CS19
Added Pin To Net: NetName=CS20 Pin=H4-9
Added Pin To Net: NetName=CS20 Pin=S20-3
Added Net: Name=CS20
Added Class: Name=MS5803
Added Room: Name=MS5803
