Added Component: Designator=D1(SOT-23_N)
Added Component: Designator=D2(SOT-23_N)
Added Component: Designator=P1(MHDR1X4)
Added Component: Designator=R3(VR3)
Added Component: Designator=R3(VR3)
Added Component: Designator=R4(AXIAL-0.3)
Added Component: Designator=R5(AXIAL-0.3)
Added Component: Designator=R6(0603 MINI)
Added Component: Designator=S1(SW-7)
Added Pin To Net: NetName=+VE BRIDGE Pin=P1-2
Added Net: Name=+VE BRIDGE
Added Pin To Net: NetName=-VE BRIDGE Pin=P1-3
Added Net: Name=-VE BRIDGE
Added Pin To Net: NetName=GND Pin=P1-4
Added Pin To Net: NetName=GND Pin=S1-7
Added Net: Name=GND
Added Pin To Net: NetName=NetD1_1 Pin=D1-1
Added Pin To Net: NetName=NetD1_1 Pin=R4-1
Added Pin To Net: NetName=NetD1_1 Pin=S1-3
Added Net: Name=NetD1_1
Added Pin To Net: NetName=NetD1_3 Pin=D1-3
Added Pin To Net: NetName=NetD1_3 Pin=D2-3
Added Pin To Net: NetName=NetD1_3 Pin=S1-5
Added Net: Name=NetD1_3
Added Pin To Net: NetName=NetD2_1 Pin=D2-1
Added Pin To Net: NetName=NetD2_1 Pin=R5-1
Added Pin To Net: NetName=NetD2_1 Pin=S1-6
Added Net: Name=NetD2_1
Added Pin To Net: NetName=NetPGA204_6 Pin=R3-2
Added Net: Name=NetPGA204_6
Added Pin To Net: NetName=NetPGA204_7 Pin=R3-1
Added Net: Name=NetPGA204_7
Added Pin To Net: NetName=NetPGA204_10 Pin=R3-2
Added Net: Name=NetPGA204_10
Added Pin To Net: NetName=NetPGA204_11 Pin=R6-1
Added Net: Name=NetPGA204_11
Added Net: Name=PRESSURE OUT
Added Net: Name=SOURCE
Added Pin To Net: NetName=VCC+ Pin=R3-3
Added Pin To Net: NetName=VCC+ Pin=R3-3
Added Pin To Net: NetName=VCC+ Pin=R4-2
Added Pin To Net: NetName=VCC+ Pin=R5-2
Added Net: Name=VCC+
Added Pin To Net: NetName=VCC- Pin=R3-1
Added Net: Name=VCC-
Added Pin To Net: NetName=VEXCITE Pin=P1-1
Added Net: Name=VEXCITE
Added Class: Name=Stub Tester 2
Added Room: Name=Stub Tester 2
