Added Component: Designator=C10_Channel2(C0603 1uF)
Added Component: Designator=C11_Channel2(C0603 1uF)
Added Component: Designator=C12_Channel2(C0603 1uF)
Added Component: Designator=H1_Channel2(Header1x4)
Added Component: Designator=PGA204_Channel2(PGA204)
Added Component: Designator=R2_Channel2(RT0603 330k)
Added Pin To Net: NetName=GND Pin=C10_Channel2-0
Added Pin To Net: NetName=VCC+ Pin=C10_Channel2-1
Added Pin To Net: NetName=GND Pin=C11_Channel2-0
Added Pin To Net: NetName=PRESSURE 2 Pin=C11_Channel2-1
Added Pin To Net: NetName=GND Pin=C12_Channel2-0
Added Pin To Net: NetName=VCC- Pin=C12_Channel2-1
Added Pin To Net: NetName=GND Pin=H1_Channel2-0
Added Pin To Net: NetName=-VE BRIDGE Pin=H1_Channel2-1
Added Pin To Net: NetName=+VE BRIDGE Pin=H1_Channel2-2
Added Pin To Net: NetName=VEXCITE Pin=H1_Channel2-3
Added Pin To Net: NetName=GND Pin=PGA204_Channel2-1
Added Pin To Net: NetName=-VE BRIDGE Pin=PGA204_Channel2-4
Added Pin To Net: NetName=+VE BRIDGE Pin=PGA204_Channel2-5
Added Pin To Net: NetName=GND Pin=PGA204_Channel2-6
Added Pin To Net: NetName=GND Pin=PGA204_Channel2-7
Added Pin To Net: NetName=VCC- Pin=PGA204_Channel2-8
Added Pin To Net: NetName=GND Pin=PGA204_Channel2-9
Added Pin To Net: NetName=GND Pin=PGA204_Channel2-10
Added Pin To Net: NetName=NetPGA204_Channel2_11 Pin=PGA204_Channel2-11
Added Pin To Net: NetName=NetPGA204_Channel2_11 Pin=PGA204_Channel2-12
Added Pin To Net: NetName=VCC+ Pin=PGA204_Channel2-13
Added Pin To Net: NetName=GND Pin=PGA204_Channel2-14
Added Pin To Net: NetName=A0 Pin=PGA204_Channel2-15
Added Pin To Net: NetName=A1 Pin=PGA204_Channel2-16
Added Pin To Net: NetName=PRESSURE 2 Pin=R2_Channel2-0
Added Pin To Net: NetName=NetPGA204_Channel2_11 Pin=R2_Channel2-1
Added Member To Class: ClassName=Channel2 Member=Component C10_Channel2 (C10) C0603 1uF
Added Member To Class: ClassName=Channel2 Member=Component C11_Channel2 (C11) 1uF
Added Member To Class: ClassName=Channel2 Member=Component C12_Channel2 (C12) C0603 1uF
Added Member To Class: ClassName=Channel2 Member=Component H1_Channel2 (H1) Die Stub H
Added Member To Class: ClassName=Channel2 Member=Component PGA204_Channel2 (PGA204) PGA204
Added Member To Class: ClassName=Channel2 Member=Component R2_Channel2 (R2) 1k
Added Room: Name=Channel2
Added Room: Name=Channel
Added Room: Name=Stub Tester 2
